[11/8/2013 21:57:42] Chazz ortiz: ?
[13/8/2013 23:14:44] Houssam Fathi Farooq: adm ta ae ?
[13/8/2013 23:17:31] Houssam Fathi Farooq: admm
[14/8/2013 11:55:42] Merlin: Perdeu Tempo Tiow está usando modo ilegal para blokiar o caminho de fenrock
[14/8/2013 15:7:27] Guerreirao Combatente: oq é isso
[14/8/2013 15:7:31] Guerreirao Combatente: ??
[14/8/2013 21:43:19] Paliteiro do war: quem ta na guild aqui
[14/8/2013 21:44:35] Paliteiro do war: hi
[15/8/2013 19:12:11] Electro Ballard: PROCURO GUILD PONTIS---PROCURO GUILD PONTIS---PROCURO GUILD PONTIS---
[15/8/2013 22:52:34] Crawling: mano arruma essas parada do treino ae
[16/8/2013 1:55:2] Pain Retunrs: ALGUN ADM AI? gostarias de fazer algun report de bugs
[16/8/2013 15:24:25] Pepekka: algm pode me ajudar aki em relacao a confirmacao de doaç~çao ?
[16/8/2013 16:3:47] Pepekka: Algum Adm online? ta dando problema na confirmação do pagamento.
[16/8/2013 16:21:45] Pepekka: god
[16/8/2013 16:21:53] Pepekka: responde ae mano please, nao ta dando pra confirmar pagamento
[16/8/2013 17:4:20] Nighty Glows: https://www.youtube.com/watch?v=n1zuFRXRiDc >.<
[16/8/2013 19:50:43] Abala: GOD ON?
[17/8/2013 2:35:12] Xoxotinha: Olá, o tapete de edron nao esta viajando para farmine! 
[17/8/2013 8:11:59] Oldnelson Jonatasnelson: ACHEI UM BUG
[17/8/2013 10:33:13] Oldnelson Jonatasnelson: ACHEI UM BUG
[17/8/2013 18:27:46] Lolo: ajuda ae n consigo vende minha house
[18/8/2013 14:7:7] Ontentokeineumchibil: .,ç
[18/8/2013 14:7:8] Ontentokeineumchibil: k
[18/8/2013 22:25:7] Pirainha Das Club: gm ou adm on?
[19/8/2013 9:25:14] Estilo Hastafare: GOOOD PRENDE UMS FDPS QUE FICA MATANDO QUANDO VAI SAIR DO TEMPLO
[19/8/2013 17:41:5] Pain Retunrs: ALGUN ADM AI? POR FAVOR ME AJUDEM DEPOSITEI NA CONTA POUPANÇA E QUANDO FUI FAZER O REGISTRO DA COMPROVAÇÃO DO DEPOSITO COMEÇA A DAR ERRO, POR FAVOR ADM ME AJUDEM POR FAVOR, OBRIGADO! ME MANDEM MSG PRESIÇO URGENTE FALA COM VC, ABRAÇO! bUY ADDON DOLL
[19/8/2013 17:55:18] Pain Retunrs: ALGUN ADM AI? POR FAVOR ME AJUDEM DEPOSITEI NA CONTA POUPANÇA E QUANDO FUI FAZER O REGISTRO DA COMPROVAÇÃO DO DEPOSITO COMEÇA A DAR ERRO, POR FAVOR ADM ME AJUDEM POR FAVOR, OBRIGADO! ME MANDEM MSG PRESIÇO URGENTE FALA COM VC, ABRAÇO! bUY ADDON DOLL
[21/8/2013 17:7:43] Hazmer: tem teleport aqui?
[2/9/2013 16:43:33] Fabinho Zikamemo: ,[
[2/9/2013 16:43:46] Fabinho Zikamemo: fala
[2/9/2013 16:43:54] Fabinho Zikamemo: aff
[2/9/2013 16:46:11] Peregrino: ?
[2/9/2013 16:58:28] Fabinho Zikamemo: ja tem 10 so
[2/9/2013 16:58:30] Fabinho Zikamemo: fatal os cara
[2/9/2013 16:58:31] Fabinho Zikamemo: upar
[3/9/2013 16:51:41] Duduh: preciso de 2 char lvl 100 pra points
[3/9/2013 16:56:55] Duduh: preciso de 2 char lvl 100 pra points
[5/9/2013 17:7:51] Flavinho Rush: ?
[13/9/2013 4:44:54] Maumau: ei
[13/9/2013 4:45:5] Maumau: to preso na minha casa
[13/9/2013 5:6:56] Maumau: ajudaaaaa to presso na minha casa
[13/9/2013 18:28:29] Anarkin Skyalker: !leave
[13/9/2013 20:4:57] Maumau: alguem sab o nome do gm
[13/9/2013 20:5:0] Maumau: ????????????????????????????????????????????????????????????????????????????????????????
[13/9/2013 20:5:2] Maumau: ajudaaaaaaa
[13/9/2013 20:29:29] Maysa: toma no cu ot lixo da porra n tem nem um gm on 
[14/9/2013 3:13:32] Maumau: to preso na minha casa GM ajuda
[15/9/2013 16:42:15] Xerebebell Ice: adm pm ake pl
[18/9/2013 4:32:28] Razorback: ALGUM GOD OU GM OU TUTOR ON ?
[18/9/2013 4:32:39] Razorback: ALGUM GOD OU GM OU TUTOR ON ?
[21/9/2013 22:41:34] Bigode grosso: koe
[22/9/2013 19:46:29] Maysinha Love: ja dar pra pegar  os pontos ???
[23/9/2013 14:38:9] Mythoz: ADM MORRI E VIM PARAR DENTRO DO EVENTO DOTA ME TIRA DAQUI LOL
[23/9/2013 15:26:40] Mythoz: ADM ON?
[23/9/2013 15:45:6] Fath: PROCURO GUILD POINTS !
[23/9/2013 15:45:18] Mythoz: PROCURO ADM ONLINE
[23/9/2013 15:45:40] Fath: PROCURO GUILD POINTS !
[23/9/2013 15:45:42] Fath: PROCURO GUILD POINTS !
[23/9/2013 16:54:31] Mythoz: ADM ON?
[23/9/2013 21:6:41] Digo Ostenta: morri agora o char veio para na casa do caraleo
[23/9/2013 21:50:18] Pally Boladao: ei extreme
[25/9/2013 11:30:12] Elder Caps Look: agueem ae?
[26/9/2013 1:16:21] Hail Junior Sorc: EM ADM?
[26/9/2013 1:16:23] Hail Junior Sorc: que
[26/9/2013 1:16:24] Hail Junior Sorc: isso?
[26/9/2013 1:16:26] Hail Junior Sorc: tirar
[26/9/2013 1:16:27] Hail Junior Sorc: npc
