[16/5/2022 22:28:59] /t
[16/5/2022 22:29:51] /b boa noite meus amado
[16/5/2022 23:21:51] /goto thor~
[16/5/2022 23:22:53] /t
[16/5/2022 23:24:33] /goto caru~
[16/5/2022 23:25:49] /goto caru~
[16/5/2022 23:26:33] /goto caru~
[16/5/2022 23:27:16] /goto caru~
[16/5/2022 23:27:17] /goto caru~
[16/5/2022 23:27:18] /goto caru~
[17/5/2022 0:18:3] /goto caru~
[17/5/2022 0:18:5] /goto caru~
[17/5/2022 0:18:37] /goto jaja~
[17/5/2022 0:21:39] /goto gor~
[17/5/2022 0:39:7] /c twire~
[17/5/2022 0:39:19] /c twirer~
[17/5/2022 0:40:3] /c Twizervx
[17/5/2022 0:40:22] /addskill Twizervx, level 1
[17/5/2022 0:40:32] /addskill Twizervx, level 1
[17/5/2022 0:40:32] /addskill Twizervx, level 1
[17/5/2022 0:40:33] /addskill Twizervx, level 1
[17/5/2022 0:40:33] /addskill Twizervx, level 1
[17/5/2022 0:40:33] /addskill Twizervx, level 1
[17/5/2022 0:40:33] /addskill Twizervx, level 1
[17/5/2022 0:40:33] /addskill Twizervx, level 1
[17/5/2022 0:40:33] /addskill Twizervx, level 1
[17/5/2022 0:40:33] /addskill Twizervx, level 1
[17/5/2022 0:40:33] /addskill Twizervx, level 1
[17/5/2022 0:40:33] /addskill Twizervx, level 1
[17/5/2022 0:40:33] /addskill Twizervx, level 1
[17/5/2022 0:40:33] /addskill Twizervx, level 1
[17/5/2022 0:40:33] /addskill Twizervx, level 1
[17/5/2022 0:40:33] /addskill Twizervx, level 1
[17/5/2022 0:40:33] /addskill Twizervx, level 1
[17/5/2022 0:40:33] /addskill Twizervx, level 1
[17/5/2022 0:40:33] /addskill Twizervx, level 1
[17/5/2022 0:40:33] /addskill Twizervx, level 1
[17/5/2022 0:40:33] /addskill Twizervx, level 1
[17/5/2022 0:40:33] /addskill Twizervx, level 1
[17/5/2022 0:40:33] /addskill Twizervx, level 1
[17/5/2022 0:40:33] /addskill Twizervx, level 1
[17/5/2022 0:40:33] /addskill Twizervx, level 1
[17/5/2022 0:40:33] /addskill Twizervx, level 1
[17/5/2022 0:40:33] /addskill Twizervx, level 1
[17/5/2022 0:40:33] /addskill Twizervx, level 1
[17/5/2022 0:40:33] /addskill Twizervx, level 1
[17/5/2022 0:40:33] /addskill Twizervx, level 1
[17/5/2022 0:40:34] /addskill Twizervx, level 1
[17/5/2022 0:40:34] /addskill Twizervx, level 1
[17/5/2022 0:40:34] /addskill Twizervx, level 1
[17/5/2022 0:40:34] /addskill Twizervx, level 1
[17/5/2022 0:40:34] /addskill Twizervx, level 1
[17/5/2022 0:40:34] /addskill Twizervx, level 1
[17/5/2022 0:40:34] /addskill Twizervx, level 1
[17/5/2022 0:40:34] /addskill Twizervx, level 1
[17/5/2022 0:40:34] /addskill Twizervx, level 1
[17/5/2022 0:40:34] /addskill Twizervx, level 1
[17/5/2022 0:40:34] /addskill Twizervx, level 1
[17/5/2022 0:40:34] /addskill Twizervx, level 1
[17/5/2022 0:40:34] /addskill Twizervx, level 1
[17/5/2022 0:40:34] /addskill Twizervx, level 1
[17/5/2022 0:40:34] /addskill Twizervx, level 1
[17/5/2022 0:40:34] /addskill Twizervx, level 1
[17/5/2022 0:40:34] /addskill Twizervx, level 1
[17/5/2022 0:40:34] /addskill Twizervx, level 1
[17/5/2022 0:40:34] /addskill Twizervx, level 1
[17/5/2022 0:40:34] /addskill Twizervx, level 1
[17/5/2022 0:40:34] /addskill Twizervx, level 1
[17/5/2022 0:40:34] /addskill Twizervx, level 1
[17/5/2022 0:40:34] /addskill Twizervx, level 1
[17/5/2022 0:40:34] /addskill Twizervx, level 1
[17/5/2022 0:40:34] /addskill Twizervx, level 1
[17/5/2022 0:40:34] /addskill Twizervx, level 1
[17/5/2022 0:40:35] /addskill Twizervx, level 1
[17/5/2022 0:40:35] /addskill Twizervx, level 1
[17/5/2022 0:40:35] /addskill Twizervx, level 1
[17/5/2022 0:40:35] /addskill Twizervx, level 1
[17/5/2022 0:40:35] /addskill Twizervx, level 1
[17/5/2022 0:40:35] /addskill Twizervx, level 1
[17/5/2022 0:40:35] /addskill Twizervx, level 1
[17/5/2022 0:40:35] /addskill Twizervx, level 1
[17/5/2022 0:40:35] /addskill Twizervx, level 1
[17/5/2022 0:40:35] /addskill Twizervx, level 1
[17/5/2022 0:40:35] /addskill Twizervx, level 1
[17/5/2022 0:40:35] /addskill Twizervx, level 1
[17/5/2022 0:40:35] /addskill Twizervx, level 1
[17/5/2022 0:40:35] /addskill Twizervx, level 1
[17/5/2022 0:40:35] /addskill Twizervx, level 1
[17/5/2022 0:40:35] /addskill Twizervx, level 1
[17/5/2022 0:40:35] /addskill Twizervx, level 1
[17/5/2022 0:40:35] /addskill Twizervx, level 1
[17/5/2022 0:40:35] /addskill Twizervx, level 1
[17/5/2022 0:40:35] /addskill Twizervx, level 1
[17/5/2022 0:40:35] /addskill Twizervx, level 1
[17/5/2022 0:40:35] /addskill Twizervx, level 1
[17/5/2022 0:40:35] /addskill Twizervx, level 1
[17/5/2022 0:40:35] /addskill Twizervx, level 1
[17/5/2022 0:40:35] /addskill Twizervx, level 1
[17/5/2022 0:40:35] /addskill Twizervx, level 1
[17/5/2022 0:40:35] /addskill Twizervx, level 1
[17/5/2022 0:40:35] /addskill Twizervx, level 1
[17/5/2022 0:40:36] /addskill Twizervx, level 1
[17/5/2022 0:40:36] /addskill Twizervx, level 1
[17/5/2022 0:40:36] /addskill Twizervx, level 1
[17/5/2022 0:40:36] /addskill Twizervx, level 1
[17/5/2022 0:40:36] /addskill Twizervx, level 1
[17/5/2022 0:40:36] /addskill Twizervx, level 1
[17/5/2022 0:40:36] /addskill Twizervx, level 1
[17/5/2022 0:40:36] /addskill Twizervx, level 1
[17/5/2022 0:40:36] /addskill Twizervx, level 1
[17/5/2022 0:40:36] /addskill Twizervx, level 1
[17/5/2022 0:40:36] /addskill Twizervx, level 1
[17/5/2022 0:40:36] /addskill Twizervx, level 1
[17/5/2022 0:40:36] /addskill Twizervx, level 1
[17/5/2022 0:40:36] /addskill Twizervx, level 1
[17/5/2022 0:40:36] /addskill Twizervx, level 1
[17/5/2022 0:40:36] /addskill Twizervx, level 1
[17/5/2022 0:40:36] /addskill Twizervx, level 1
[17/5/2022 0:40:36] /addskill Twizervx, level 1
[17/5/2022 0:40:36] /addskill Twizervx, level 1
[17/5/2022 0:40:36] /addskill Twizervx, level 1
[17/5/2022 0:40:36] /addskill Twizervx, level 1
[17/5/2022 0:40:36] /addskill Twizervx, level 1
[17/5/2022 0:40:36] /addskill Twizervx, level 1
[17/5/2022 0:40:36] /addskill Twizervx, level 1
[17/5/2022 0:40:36] /addskill Twizervx, level 1
[17/5/2022 0:40:36] /addskill Twizervx, level 1
[17/5/2022 0:40:36] /addskill Twizervx, level 1
[17/5/2022 0:40:36] /addskill Twizervx, level 1
[17/5/2022 0:40:36] /addskill Twizervx, level 1
[17/5/2022 0:40:36] /addskill Twizervx, level 1
[17/5/2022 0:40:36] /addskill Twizervx, level 1
[17/5/2022 0:40:37] /addskill Twizervx, level 1
[17/5/2022 0:40:37] /addskill Twizervx, level 1
[17/5/2022 0:40:37] /addskill Twizervx, level 1
[17/5/2022 0:40:37] /addskill Twizervx, level 1
[17/5/2022 0:40:37] /addskill Twizervx, level 1
[17/5/2022 0:40:37] /addskill Twizervx, level 1
[17/5/2022 0:40:37] /addskill Twizervx, level 1
[17/5/2022 0:40:37] /addskill Twizervx, level 1
[17/5/2022 0:40:37] /addskill Twizervx, level 1
[17/5/2022 0:40:37] /addskill Twizervx, level 1
[17/5/2022 0:40:37] /addskill Twizervx, level 1
[17/5/2022 0:40:37] /addskill Twizervx, level 1
[17/5/2022 0:40:37] /addskill Twizervx, level 1
[17/5/2022 0:40:37] /addskill Twizervx, level 1
[17/5/2022 0:40:37] /addskill Twizervx, level 1
[17/5/2022 0:40:37] /addskill Twizervx, level 1
[17/5/2022 0:40:37] /addskill Twizervx, level 1
[17/5/2022 0:40:37] /addskill Twizervx, level 1
[17/5/2022 0:40:37] /addskill Twizervx, level 1
[17/5/2022 0:40:37] /addskill Twizervx, level 1
[17/5/2022 0:40:37] /addskill Twizervx, level 1
[17/5/2022 0:40:37] /addskill Twizervx, level 1
[17/5/2022 0:40:37] /addskill Twizervx, level 1
[17/5/2022 0:40:37] /addskill Twizervx, level 1
[17/5/2022 0:40:37] /addskill Twizervx, level 1
[17/5/2022 0:40:37] /addskill Twizervx, level 1
[17/5/2022 0:40:37] /addskill Twizervx, level 1
[17/5/2022 0:40:37] /addskill Twizervx, level 1
[17/5/2022 0:40:37] /addskill Twizervx, level 1
[17/5/2022 0:40:38] /addskill Twizervx, level 1
[17/5/2022 0:40:38] /addskill Twizervx, level 1
[17/5/2022 0:40:38] /addskill Twizervx, level 1
[17/5/2022 0:42:27] /i 6300
[17/5/2022 0:43:15] /addskill Twizervx, magic 80
[17/5/2022 0:43:24] /addskill Twizervx, magic 1
[17/5/2022 0:43:25] /addskill Twizervx, magic 1
[17/5/2022 0:43:25] /addskill Twizervx, magic 1
[17/5/2022 0:43:25] /addskill Twizervx, magic 1
[17/5/2022 0:43:26] /addskill Twizervx, magic 1
[17/5/2022 0:43:26] /addskill Twizervx, magic 1
[17/5/2022 0:43:27] /addskill Twizervx, magic 1
[17/5/2022 0:43:27] /addskill Twizervx, magic 1
[17/5/2022 0:43:27] /addskill Twizervx, magic 1
[17/5/2022 0:43:28] /addskill Twizervx, magic 1
[17/5/2022 0:43:28] /addskill Twizervx, magic 1
[17/5/2022 0:43:29] /addskill Twizervx, magic 1
[17/5/2022 0:43:29] /addskill Twizervx, magic 1
[17/5/2022 0:43:29] /addskill Twizervx, magic 1
[17/5/2022 0:43:30] /addskill Twizervx, magic 1
[17/5/2022 0:43:30] /addskill Twizervx, magic 1
[17/5/2022 0:43:31] /addskill Twizervx, magic 1
[17/5/2022 0:43:31] /addskill Twizervx, magic 1
[17/5/2022 0:43:31] /addskill Twizervx, magic 1
[17/5/2022 0:43:32] /addskill Twizervx, magic 1
[17/5/2022 0:43:32] /addskill Twizervx, magic 1
[17/5/2022 0:43:33] /addskill Twizervx, magic 1
[17/5/2022 0:43:33] /addskill Twizervx, magic 1
[17/5/2022 0:43:34] /addskill Twizervx, magic 1
[17/5/2022 0:43:34] /addskill Twizervx, magic 1
[17/5/2022 0:43:34] /addskill Twizervx, magic 1
[17/5/2022 0:43:35] /addskill Twizervx, magic 1
[17/5/2022 0:43:35] /addskill Twizervx, magic 1
[17/5/2022 0:43:36] /addskill Twizervx, magic 1
[17/5/2022 0:43:36] /addskill Twizervx, magic 1
[17/5/2022 0:43:36] /addskill Twizervx, magic 1
[17/5/2022 0:43:37] /addskill Twizervx, magic 1
[17/5/2022 0:43:37] /addskill Twizervx, magic 1
[17/5/2022 0:43:38] /addskill Twizervx, magic 1
[17/5/2022 0:43:38] /addskill Twizervx, magic 1
[17/5/2022 0:43:38] /addskill Twizervx, magic 1
[17/5/2022 0:43:39] /addskill Twizervx, magic 1
[17/5/2022 0:43:39] /addskill Twizervx, magic 1
[17/5/2022 0:43:40] /addskill Twizervx, magic 1
[17/5/2022 0:43:48] /addskill Twizervx, magic 1
[17/5/2022 0:43:48] /addskill Twizervx, magic 1
[17/5/2022 0:43:49] /addskill Twizervx, magic 1
[17/5/2022 0:43:49] /addskill Twizervx, magic 1
[17/5/2022 0:43:49] /addskill Twizervx, magic 1
[17/5/2022 0:43:50] /addskill Twizervx, magic 1
[17/5/2022 0:43:50] /addskill Twizervx, magic 1
[17/5/2022 0:43:51] /addskill Twizervx, magic 1
[17/5/2022 0:43:51] /addskill Twizervx, magic 1
[17/5/2022 0:43:52] /addskill Twizervx, magic 1
[17/5/2022 0:43:52] /addskill Twizervx, magic 1
[17/5/2022 0:43:52] /addskill Twizervx, magic 1
[17/5/2022 0:43:53] /addskill Twizervx, magic 1
[17/5/2022 0:43:53] /addskill Twizervx, magic 1
[17/5/2022 0:43:54] /addskill Twizervx, magic 1
[17/5/2022 0:43:54] /addskill Twizervx, magic 1
[17/5/2022 0:43:55] /addskill Twizervx, magic 1
[17/5/2022 0:43:55] /addskill Twizervx, magic 1
[17/5/2022 0:43:56] /addskill Twizervx, magic 1
[17/5/2022 0:43:56] /addskill Twizervx, magic 1
[17/5/2022 0:43:56] /addskill Twizervx, magic 1
[17/5/2022 0:43:57] /addskill Twizervx, magic 1
[17/5/2022 0:43:58] /addskill Twizervx, magic 1
[17/5/2022 0:43:58] /addskill Twizervx, magic 1
[17/5/2022 0:43:58] /addskill Twizervx, magic 1
[17/5/2022 0:43:59] /addskill Twizervx, magic 1
[17/5/2022 0:43:59] /addskill Twizervx, magic 1
[17/5/2022 0:44:0] /addskill Twizervx, magic 1
[17/5/2022 0:44:1] /addskill Twizervx, magic 1
[17/5/2022 0:44:1] /addskill Twizervx, magic 1
[17/5/2022 0:44:2] /addskill Twizervx, magic 1
[17/5/2022 0:44:2] /addskill Twizervx, magic 1
[17/5/2022 0:44:3] /addskill Twizervx, magic 1
[17/5/2022 0:44:3] /addskill Twizervx, magic 1
[17/5/2022 0:44:3] /addskill Twizervx, magic 1
[17/5/2022 0:44:4] /addskill Twizervx, magic 1
[17/5/2022 0:44:4] /addskill Twizervx, magic 1
[17/5/2022 0:44:5] /addskill Twizervx, magic 1
[17/5/2022 0:44:6] /addskill Twizervx, magic 1
[17/5/2022 0:45:3] /i 8890
[17/5/2022 0:45:57] /t
[17/5/2022 0:46:13] /i 12637
[17/5/2022 0:46:16] /i 12638
[17/5/2022 0:46:27] /i 12628
[17/5/2022 0:46:37] /i 12627
[17/5/2022 0:47:7] /i 12623
[17/5/2022 0:47:11] /i 12625
[17/5/2022 0:47:45] /t Twizervx
[17/5/2022 0:47:47] /t
[17/5/2022 0:49:31] /i 1988
[17/5/2022 0:49:37] /i 1988
[17/5/2022 0:49:54] /i 2160
[17/5/2022 0:49:55] /i 2160
[17/5/2022 0:49:56] /i 2160
[17/5/2022 0:50:0] /i 2160
[17/5/2022 0:56:17] /goto Kina Bloka Tudo
[17/5/2022 0:56:40] /c kina~
[17/5/2022 0:57:15] /t
[17/5/2022 2:37:0] /i 2160
[17/5/2022 2:37:1] /i 2160
[17/5/2022 2:37:3] /i 2160
[17/5/2022 2:37:4] /i 2160
[17/5/2022 2:37:4] /i 2160
[17/5/2022 4:44:37] /t
[17/5/2022 4:50:46] /goto staff~
[17/5/2022 4:51:25] /c staff~
[17/5/2022 4:52:21] /t
[17/5/2022 6:6:59] /goto caru~
[17/5/2022 6:7:2] /goto caru~
[17/5/2022 6:7:3] /goto caru~
[17/5/2022 6:7:6] /goto caru~
[17/5/2022 6:14:21] /t
[17/5/2022 6:17:23] /goto god~
[17/5/2022 6:17:27] /goto god~
[17/5/2022 6:17:57] /c
[17/5/2022 6:18:1] /c god
[17/5/2022 6:18:4] /c god~
[17/5/2022 6:18:7] /c god~
[17/5/2022 6:18:9] /c god~
[17/5/2022 6:18:9] /c god~
[17/5/2022 6:18:10] /c god~
[17/5/2022 6:18:11] /c god~
[17/5/2022 6:18:14] /c god~
[17/5/2022 6:27:57] /goto caru~
[17/5/2022 6:29:39] /i 12634
[17/5/2022 6:29:43] /i 12635
[17/5/2022 6:30:59] /goto rai~
[17/5/2022 6:33:18] /goto thor~
[17/5/2022 6:34:59] /t
[17/5/2022 17:7:47] /goto urtred~
[17/5/2022 17:8:43] /goto uhtred~
[17/5/2022 17:8:53] /ghost
[17/5/2022 17:11:28] /i 2160
[17/5/2022 17:11:52] /i 12651
[17/5/2022 17:33:41] /ghost
[17/5/2022 17:46:26] /goto ultred
[17/5/2022 17:46:31] /goto ultred ~
[17/5/2022 17:46:33] /goto ultred~
[17/5/2022 17:46:46] /goto uhtred~
[17/5/2022 17:47:15] /i magma legs
[17/5/2022 17:47:25] /i magma klegs
[17/5/2022 17:47:33] /i magma legs
[17/5/2022 17:50:8] /goto uhtred~
[17/5/2022 17:50:28] /i 238
[17/5/2022 17:50:43] /goto uhtred~
[17/5/2022 17:50:44] /goto uhtred~
[17/5/2022 17:51:43] /i 1988
[17/5/2022 17:51:44] /i 1988
[17/5/2022 17:52:1] /i 7590
[17/5/2022 17:52:3] /i 7590
[17/5/2022 17:52:4] /i 7590
[17/5/2022 17:52:6] /i 7590
[17/5/2022 17:52:7] /i 7590
[17/5/2022 17:52:8] /i 7590
[17/5/2022 17:52:9] /i 7590
[17/5/2022 17:52:10] /i 7590
[17/5/2022 17:52:10] /i 7590
[17/5/2022 17:52:11] /i 7590
[17/5/2022 17:52:11] /i 7590
[17/5/2022 17:52:12] /i 7590
[17/5/2022 17:52:12] /i 7590
[17/5/2022 17:52:13] /i 7590
[17/5/2022 17:52:13] /i 7590
[17/5/2022 17:52:14] /i 7590
[17/5/2022 17:52:14] /i 7590
[17/5/2022 17:52:15] /i 7590
[17/5/2022 17:52:15] /i 7590
[17/5/2022 17:52:16] /i 7590
[17/5/2022 17:52:16] /i 7590
[17/5/2022 17:52:17] /i 7590
[17/5/2022 17:52:17] /i 7590
[17/5/2022 17:52:18] /i 7590
[17/5/2022 17:52:18] /i 7590
[17/5/2022 17:52:19] /i 7590
[17/5/2022 17:52:19] /i 7590
[17/5/2022 17:52:22] /i 7590
[17/5/2022 17:52:25] /i 7590
[17/5/2022 17:52:25] /i 7590
[17/5/2022 17:52:26] /i 7590
[17/5/2022 17:52:26] /i 7590
[17/5/2022 17:52:27] /i 7590
[17/5/2022 17:52:27] /i 7590
[17/5/2022 17:52:27] /i 7590
[17/5/2022 17:52:28] /i 7590
[17/5/2022 17:52:28] /i 7590
[17/5/2022 17:52:29] /i 7590
[17/5/2022 17:52:29] /i 7590
[17/5/2022 17:52:30] /i 7590
[17/5/2022 17:52:30] /i 7590
[17/5/2022 17:52:31] /i 7590
[17/5/2022 17:52:31] /i 7590
[17/5/2022 17:52:32] /i 7590
[17/5/2022 17:52:32] /i 7590
[17/5/2022 17:52:32] /i 7590
[17/5/2022 17:52:33] /i 7590
[17/5/2022 20:3:55] /i 2268
[17/5/2022 20:3:56] /i 2268
[17/5/2022 20:3:57] /i 2268
[17/5/2022 20:3:57] /i 2268
[17/5/2022 20:3:58] /i 2268
[17/5/2022 20:3:58] /i 2268
[17/5/2022 20:4:3] /i 7590
[17/5/2022 20:4:4] /i 7590
[17/5/2022 20:4:4] /i 7590
[17/5/2022 20:4:5] /i 7590
[17/5/2022 20:4:7] /i 2268
[17/5/2022 20:4:7] /i 2268
[17/5/2022 20:4:8] /i 2268
[17/5/2022 20:4:8] /i 2268
[17/5/2022 20:4:20] /i 2268
[17/5/2022 20:4:20] /i 2268
[17/5/2022 20:4:21] /i 2268
[17/5/2022 20:4:22] /i 2268
[17/5/2022 20:4:23] /i 2268
[17/5/2022 20:4:23] /i 2268
[17/5/2022 20:4:24] /i 2268
[17/5/2022 20:4:24] /i 2268
[17/5/2022 20:4:25] /i 2268
[17/5/2022 20:4:25] /i 2268
[17/5/2022 20:4:56] /t
[17/5/2022 20:9:4] /ghost
[17/5/2022 20:9:5] /ghost
[17/5/2022 20:9:31] /ghost
[17/5/2022 20:9:31] /ghost
[17/5/2022 20:9:37] /ghost
[17/5/2022 20:9:37] /ghost
[17/5/2022 20:9:46] /ghost
[17/5/2022 20:9:46] /ghost
[17/5/2022 20:9:57] /ghost
[17/5/2022 20:9:58] /ghost
[18/5/2022 5:23:59] /goto hele~
[18/5/2022 5:24:4] /goto hela~
[18/5/2022 5:25:58] /goto hela~
[18/5/2022 5:25:59] /goto hela~
[18/5/2022 5:26:1] /goto hela~
[18/5/2022 5:26:13] /goto hela~
[18/5/2022 5:26:45] /goto hela~
[18/5/2022 5:26:58] /r
[18/5/2022 5:27:0] /r
[18/5/2022 5:27:15] /r
[18/5/2022 5:27:21] /r
[18/5/2022 5:27:34] /t
[18/5/2022 5:29:10] /goto hela~
[18/5/2022 5:29:14] /goto hela~
[18/5/2022 5:29:16] /goto hela~
[18/5/2022 5:29:18] /goto hela~
[18/5/2022 5:29:20] /goto hela~
[18/5/2022 5:29:22] /goto hela~
[18/5/2022 5:29:23] /goto hela~
[18/5/2022 5:29:25] /goto hela~
[18/5/2022 5:29:26] /goto hela~
[18/5/2022 5:30:31] /goto thor~
[18/5/2022 5:30:48] /goto hela~
[18/5/2022 5:31:52] /goto hela~
[18/5/2022 5:34:13] /goto hela~
[18/5/2022 5:34:15] /goto hela~
[18/5/2022 5:34:17] /goto hela~
[18/5/2022 5:34:18] /goto hela~
[18/5/2022 5:34:19] /goto hela~
[18/5/2022 5:34:19] /goto hela~
[18/5/2022 5:34:20] /goto hela~
[18/5/2022 5:34:27] /goto hela~
[18/5/2022 21:58:28] /goto god~
[18/5/2022 21:58:31] /goto god~
[18/5/2022 21:58:52] /goto pelado~
[18/5/2022 21:59:26] /m souleater
[18/5/2022 22:4:54] /goto pela~
[18/5/2022 22:4:58] /goto pelado ms
[18/5/2022 22:5:8] /goto pelado ms
[18/5/2022 22:5:9] /goto pelado ms
[18/5/2022 22:5:14] /goto peladoms
[18/5/2022 22:5:30] /m moulder
[18/5/2022 22:5:31] /m moulder
[18/5/2022 22:5:33] /m moulder
[18/5/2022 22:5:34] /m moulder
[18/5/2022 22:5:36] /m moulder
[18/5/2022 22:5:42] /m moulder
[18/5/2022 22:5:46] /m molder
[18/5/2022 22:5:47] /m molder
[18/5/2022 22:7:0] /m molder
[18/5/2022 22:9:6] /m phantasm
[18/5/2022 22:9:28] /m Rift Phantom
[18/5/2022 22:9:29] /m Rift Phantom
[18/5/2022 22:12:20] /m ghost
[19/5/2022 2:34:20] /t
[20/5/2022 22:4:53] /up
[20/5/2022 22:5:56] /clean
[20/5/2022 22:10:45] /t
[20/5/2022 22:13:3] /a '3
[20/5/2022 22:13:7] /a 20
[20/5/2022 22:13:8] /a 20
[20/5/2022 22:13:10] /a 20
[20/5/2022 22:13:13] /a 20
[20/5/2022 22:13:16] /a 20
[20/5/2022 22:13:20] /a 20
[20/5/2022 22:13:23] /a 20
[20/5/2022 22:13:25] /a 20
[20/5/2022 22:13:28] /a 20
[20/5/2022 22:13:29] /a 20
[20/5/2022 22:13:31] /a 20
[20/5/2022 22:13:34] /a 20
[20/5/2022 22:14:33] /a 20
[20/5/2022 22:14:34] /a 20
[20/5/2022 22:14:56] /a 15
[20/5/2022 22:15:12] /up
[20/5/2022 22:15:22] /a
[20/5/2022 22:15:25] /a
[20/5/2022 22:15:26] /a
[20/5/2022 22:15:28] /a
[20/5/2022 22:15:29] /a
[20/5/2022 22:18:15] /attr ActionID 2135
[20/5/2022 22:18:46] /goto god~
[20/5/2022 22:18:48] /goto god~
[20/5/2022 22:19:19] /goto god~
[20/5/2022 22:25:2] /goto god~
[20/5/2022 22:25:50] /a 15
[20/5/2022 22:25:58] /c god
[20/5/2022 22:26:1] /c god~
[20/5/2022 22:26:19] /up
[20/5/2022 22:26:54] /goto god~
[20/5/2022 22:27:6] /up
[20/5/2022 22:27:18] /c god~
[20/5/2022 22:27:25] /c mapper
[20/5/2022 22:27:58] /c god~
[20/5/2022 22:36:33] /c god
[20/5/2022 22:36:35] /c god~
[20/5/2022 22:37:3] /t
[20/5/2022 22:40:24] /r
[20/5/2022 22:40:28] /r
[20/5/2022 22:40:37] /r 100
[20/5/2022 22:40:43] /r 100
[20/5/2022 22:40:49] /r 100
[20/5/2022 22:40:52] /c loki
[20/5/2022 22:40:54] /c loki~
[20/5/2022 22:41:8] /i 965
[20/5/2022 22:41:10] /c loki~
[20/5/2022 22:41:21] /r
[20/5/2022 22:41:26] /r
[20/5/2022 22:41:29] /r
[20/5/2022 22:41:36] /r
[20/5/2022 22:42:54] /t loki~
[20/5/2022 22:42:59] /r 100
[20/5/2022 22:43:0] /r 100
[20/5/2022 22:43:0] /r 100
[20/5/2022 22:43:0] /r 100
[20/5/2022 22:43:1] /r 100
[20/5/2022 22:43:1] /r 100
[20/5/2022 22:43:2] /r 100
[20/5/2022 22:43:2] /r 100
[20/5/2022 22:43:2] /r 100
[20/5/2022 22:43:3] /r 100
[20/5/2022 22:43:3] /r 100
[20/5/2022 22:43:4] /r 100
[20/5/2022 22:43:4] /r 100
[20/5/2022 22:43:4] /r 100
[20/5/2022 22:43:5] /r 100
[20/5/2022 22:43:5] /r 100
[20/5/2022 22:43:6] /r 100
[20/5/2022 22:43:6] /r 100
[20/5/2022 22:43:6] /r 100
[20/5/2022 22:43:7] /r 100
[20/5/2022 22:43:7] /r 100
[20/5/2022 22:43:8] /r 100
[20/5/2022 22:43:8] /r 100
[20/5/2022 22:43:8] /r 100
[20/5/2022 22:43:9] /r 100
[20/5/2022 22:43:9] /r 100
[20/5/2022 22:43:9] /r 100
[20/5/2022 22:43:10] /r 100
[20/5/2022 22:43:10] /r 100
[20/5/2022 22:43:19] /r 100
[20/5/2022 22:43:19] /r 100
[20/5/2022 22:43:19] /r 100
[20/5/2022 22:43:19] /r 100
[20/5/2022 22:43:19] /r 100
[20/5/2022 22:43:19] /r 100
[20/5/2022 22:43:20] /r 100
[20/5/2022 22:43:20] /r 100
[20/5/2022 22:43:20] /r 100
[20/5/2022 22:43:20] /r 100
[20/5/2022 22:43:20] /r 100
[20/5/2022 22:43:20] /r 100
[20/5/2022 22:43:20] /r 100
[20/5/2022 22:43:20] /r 100
[20/5/2022 22:43:20] /r 100
[20/5/2022 22:43:20] /r 100
[20/5/2022 22:43:20] /r 100
[20/5/2022 22:43:20] /r 100
[20/5/2022 22:43:20] /r 100
[20/5/2022 22:43:20] /r 100
[20/5/2022 22:43:20] /r 100
[20/5/2022 22:43:20] /r 100
[20/5/2022 22:43:20] /r 100
[20/5/2022 22:43:20] /r 100
[20/5/2022 22:43:20] /r 100
[20/5/2022 22:43:20] /r 100
[20/5/2022 22:43:20] /r 100
[20/5/2022 22:43:20] /r 100
[20/5/2022 22:43:21] /r 100
[20/5/2022 22:43:21] /r 100
[20/5/2022 22:43:21] /r 100
[20/5/2022 22:43:21] /r 100
[20/5/2022 22:43:21] /r 100
[20/5/2022 22:43:21] /r 100
[20/5/2022 22:43:21] /r 100
[20/5/2022 22:43:21] /r 100
[20/5/2022 22:43:21] /r 100
[20/5/2022 22:43:21] /r 100
[20/5/2022 22:43:21] /r 100
[20/5/2022 22:43:21] /r 100
[20/5/2022 22:43:21] /r 100
[20/5/2022 22:43:21] /r 100
[20/5/2022 22:43:21] /r 100
[20/5/2022 22:43:21] /r 100
[20/5/2022 22:43:21] /r 100
[20/5/2022 22:43:21] /r 100
[20/5/2022 22:43:21] /r 100
[20/5/2022 22:43:21] /r 100
[20/5/2022 22:43:21] /r 100
[20/5/2022 22:43:21] /r 100
[20/5/2022 22:43:21] /r 100
[20/5/2022 22:43:22] /r 100
[20/5/2022 22:43:22] /r 100
[20/5/2022 22:43:22] /r 100
[20/5/2022 22:43:22] /r 100
[20/5/2022 22:43:22] /r 100
[20/5/2022 22:43:22] /r 100
[20/5/2022 22:43:22] /r 100
[20/5/2022 22:43:22] /r 100
[20/5/2022 22:43:22] /r 100
[20/5/2022 22:43:22] /r 100
[20/5/2022 22:43:22] /r 100
[20/5/2022 22:43:22] /r 100
[20/5/2022 22:43:22] /r 100
[20/5/2022 22:43:22] /r 100
[20/5/2022 22:43:22] /r 100
[20/5/2022 22:43:22] /r 100
[20/5/2022 22:43:22] /r 100
[20/5/2022 22:43:22] /r 100
[20/5/2022 22:43:22] /r 100
[20/5/2022 22:43:22] /r 100
[20/5/2022 22:43:22] /r 100
[20/5/2022 22:43:22] /r 100
[20/5/2022 22:43:22] /r 100
[20/5/2022 22:43:22] /r 100
[20/5/2022 22:43:23] /r 100
[20/5/2022 22:43:23] /r 100
[20/5/2022 22:43:23] /r 100
[20/5/2022 22:43:23] /r 100
[20/5/2022 22:43:23] /r 100
[20/5/2022 22:43:23] /r 100
[20/5/2022 22:43:23] /r 100
[20/5/2022 22:43:23] /r 100
[20/5/2022 22:43:23] /r 100
[20/5/2022 22:43:23] /r 100
[20/5/2022 22:43:23] /r 100
[20/5/2022 22:43:23] /r 100
[20/5/2022 22:43:23] /r 100
[20/5/2022 22:43:23] /r 100
[20/5/2022 22:43:23] /r 100
[20/5/2022 22:43:24] /r 100
[20/5/2022 22:43:24] /r 100
[20/5/2022 22:43:24] /r 100
[20/5/2022 22:43:24] /r 100
[20/5/2022 22:43:24] /r 100
[20/5/2022 22:43:25] /r 100
[20/5/2022 22:43:25] /r 100
[20/5/2022 22:43:26] /r 100
[20/5/2022 22:43:26] /r 100
[20/5/2022 22:43:27] /r 100
[20/5/2022 22:43:27] /r 100
[20/5/2022 22:43:27] /r 100
[20/5/2022 22:43:27] /r 100
[20/5/2022 22:43:27] /r 100
[20/5/2022 22:43:27] /r 100
[20/5/2022 22:43:27] /r 100
[20/5/2022 22:43:27] /r 100
[20/5/2022 22:43:27] /r 100
[20/5/2022 22:43:27] /r 100
[20/5/2022 22:43:27] /r 100
[20/5/2022 22:43:27] /r 100
[20/5/2022 22:43:27] /r 100
[20/5/2022 22:43:27] /r 100
[20/5/2022 22:43:27] /r 100
[20/5/2022 22:43:27] /r 100
[20/5/2022 22:43:27] /r 100
[20/5/2022 22:43:28] /r 100
[20/5/2022 22:43:28] /r 100
[20/5/2022 22:43:28] /r 100
[20/5/2022 22:43:28] /r 100
[20/5/2022 22:43:28] /r 100
[20/5/2022 22:43:28] /r 100
[20/5/2022 22:43:29] /r 100
[20/5/2022 22:43:29] /r 100
[20/5/2022 22:43:29] /r 100
[20/5/2022 22:43:29] /r 100
[20/5/2022 22:43:29] /r 100
[20/5/2022 22:43:29] /r 100
[20/5/2022 22:43:29] /r 100
[20/5/2022 22:43:29] /r 100
[20/5/2022 22:43:29] /r 100
[20/5/2022 22:43:29] /r 100
[20/5/2022 22:43:29] /r 100
[20/5/2022 22:43:29] /r 100
[20/5/2022 22:43:29] /r 100
[20/5/2022 22:43:29] /r 100
[20/5/2022 22:43:29] /r 100
[20/5/2022 22:43:29] /r 100
[20/5/2022 22:43:29] /r 100
[20/5/2022 22:43:29] /r 100
[20/5/2022 22:43:29] /r 100
[20/5/2022 22:43:30] /r 100
[20/5/2022 22:43:30] /r 100
[20/5/2022 22:43:30] /r 100
[20/5/2022 22:43:30] /r 100
[20/5/2022 22:43:30] /r 100
[20/5/2022 22:43:30] /r 100
[20/5/2022 22:43:30] /r 100
[20/5/2022 22:43:30] /r 100
[20/5/2022 22:43:30] /r 100
[20/5/2022 22:43:30] /r 100
[20/5/2022 22:43:30] /r 100
[20/5/2022 22:43:30] /r 100
[20/5/2022 22:43:31] /r 100
[20/5/2022 22:43:31] /r 100
[20/5/2022 22:43:31] /r 100
[20/5/2022 22:43:31] /r 100
[20/5/2022 22:43:34] /r 100
[20/5/2022 22:43:34] /r 100
[20/5/2022 22:43:35] /r 100
[20/5/2022 22:43:35] /r 100
[20/5/2022 22:43:35] /r 100
[20/5/2022 22:43:35] /r 100
[20/5/2022 22:43:35] /r 100
[20/5/2022 22:43:35] /r 100
[20/5/2022 22:43:35] /r 100
[20/5/2022 22:43:35] /r 100
[20/5/2022 22:43:35] /r 100
[20/5/2022 22:43:35] /r 100
[20/5/2022 22:43:35] /r 100
[20/5/2022 22:43:35] /r 100
[20/5/2022 22:43:35] /r 100
[20/5/2022 22:43:35] /r 100
[20/5/2022 22:43:35] /r 100
[20/5/2022 22:43:35] /r 100
[20/5/2022 22:43:36] /r 100
[20/5/2022 22:43:36] /r 100
[20/5/2022 22:43:36] /r 100
[20/5/2022 22:43:36] /r 100
[20/5/2022 22:43:36] /r 100
[20/5/2022 22:43:36] /r 100
[20/5/2022 22:43:37] /r 100
[20/5/2022 22:43:37] /r 100
[20/5/2022 22:43:37] /r 100
[20/5/2022 22:43:37] /r 100
[20/5/2022 22:43:37] /r 100
[20/5/2022 22:43:37] /r 100
[20/5/2022 22:43:37] /r 100
[20/5/2022 22:43:37] /r 100
[20/5/2022 22:43:37] /r 100
[20/5/2022 22:43:37] /r 100
[20/5/2022 22:43:37] /r 100
[20/5/2022 22:43:37] /r 100
[20/5/2022 22:43:37] /r 100
[20/5/2022 22:43:37] /r 100
[20/5/2022 22:43:39] /r 100
[20/5/2022 22:43:39] /r 100
[20/5/2022 22:43:39] /r 100
[20/5/2022 22:43:39] /r 100
[20/5/2022 22:43:40] /r 100
[20/5/2022 22:43:40] /r 100
[20/5/2022 22:43:40] /r 100
[20/5/2022 22:43:41] /r 100
[20/5/2022 22:43:41] /r 100
[20/5/2022 22:43:41] /r 100
[20/5/2022 22:43:41] /r 100
[20/5/2022 22:43:41] /r 100
[20/5/2022 22:43:41] /r 100
[20/5/2022 22:43:41] /r 100
[20/5/2022 22:43:41] /r 100
[20/5/2022 22:43:41] /r 100
[20/5/2022 22:43:41] /r 100
[20/5/2022 22:43:41] /r 100
[20/5/2022 22:43:41] /r 100
[20/5/2022 22:43:41] /r 100
[20/5/2022 22:43:41] /r 100
[20/5/2022 22:43:41] /r 100
[20/5/2022 22:43:41] /r 100
[20/5/2022 22:43:41] /r 100
[20/5/2022 22:43:41] /r 100
[20/5/2022 22:43:42] /r 100
[20/5/2022 22:43:43] /r 100
[20/5/2022 22:43:43] /r 100
[20/5/2022 22:43:43] /r 100
[20/5/2022 22:43:43] /r 100
[20/5/2022 22:43:43] /r 100
[20/5/2022 22:43:44] /r 100
[20/5/2022 22:43:44] /r 100
[20/5/2022 22:43:44] /r 100
[20/5/2022 22:43:44] /r 100
[20/5/2022 22:43:44] /r 100
[20/5/2022 22:43:44] /r 100
[20/5/2022 22:43:44] /r 100
[20/5/2022 22:43:44] /r 100
[20/5/2022 22:43:44] /r 100
[20/5/2022 22:43:44] /r 100
[20/5/2022 22:43:44] /r 100
[20/5/2022 22:43:44] /r 100
[20/5/2022 22:43:44] /r 100
[20/5/2022 22:43:44] /r 100
[20/5/2022 22:43:44] /r 100
[20/5/2022 22:43:44] /r 100
[20/5/2022 22:43:44] /r 100
[20/5/2022 22:43:44] /r 100
[20/5/2022 22:43:45] /r 100
[20/5/2022 22:43:45] /r 100
[20/5/2022 22:43:45] /r 100
[20/5/2022 22:43:45] /r 100
[20/5/2022 22:43:45] /r 100
[20/5/2022 22:43:45] /r 100
[20/5/2022 22:43:45] /r 100
[20/5/2022 22:43:45] /r 100
[20/5/2022 22:43:45] /r 100
[20/5/2022 22:43:45] /r 100
[20/5/2022 22:43:45] /r 100
[20/5/2022 22:43:45] /r 100
[20/5/2022 22:43:45] /r 100
[20/5/2022 22:43:45] /r 100
[20/5/2022 22:43:45] /r 100
[20/5/2022 22:43:45] /r 100
[20/5/2022 22:43:45] /r 100
[20/5/2022 22:43:45] /r 100
[20/5/2022 22:43:45] /r 100
[20/5/2022 22:43:45] /r 100
[20/5/2022 22:43:45] /r 100
[20/5/2022 22:43:45] /r 100
[20/5/2022 22:43:46] /r 100
[20/5/2022 22:43:46] /r 100
[20/5/2022 22:43:46] /r 100
[20/5/2022 22:43:46] /r 100
[20/5/2022 22:43:46] /r 100
[20/5/2022 22:43:46] /r 100
[20/5/2022 22:43:46] /r 100
[20/5/2022 22:43:46] /r 100
[20/5/2022 22:43:46] /r 100
[20/5/2022 22:43:46] /r 100
[20/5/2022 22:43:46] /r 100
[20/5/2022 22:43:46] /r 100
[20/5/2022 22:43:47] /r 100
[20/5/2022 22:43:47] /r 100
[20/5/2022 22:43:47] /r 100
[20/5/2022 22:43:47] /r 100
[20/5/2022 22:43:47] /r 100
[20/5/2022 22:43:47] /r 100
[20/5/2022 22:43:47] /r 100
[20/5/2022 22:43:47] /r 100
[20/5/2022 22:43:47] /r 100
[20/5/2022 22:43:47] /r 100
[20/5/2022 22:43:47] /r 100
[20/5/2022 22:43:47] /r 100
[20/5/2022 22:43:47] /r 100
[20/5/2022 22:43:47] /r 100
[20/5/2022 22:43:47] /r 100
[20/5/2022 22:43:47] /r 100
[20/5/2022 22:43:48] /r 100
[20/5/2022 22:43:48] /r 100
[20/5/2022 22:43:48] /r 100
[20/5/2022 22:43:48] /r 100
[20/5/2022 22:43:48] /r 100
[20/5/2022 22:43:48] /r 100
[20/5/2022 22:43:48] /r 100
[20/5/2022 22:43:48] /r 100
[20/5/2022 22:43:48] /r 100
[20/5/2022 22:43:48] /r 100
[20/5/2022 22:43:48] /r 100
[20/5/2022 22:43:48] /r 100
[20/5/2022 22:43:48] /r 100
[20/5/2022 22:43:48] /r 100
[20/5/2022 22:43:48] /r 100
[20/5/2022 22:43:48] /r 100
[20/5/2022 22:43:48] /r 100
[20/5/2022 22:43:48] /r 100
[20/5/2022 22:43:48] /r 100
[20/5/2022 22:43:48] /r 100
[20/5/2022 22:43:48] /r 100
[20/5/2022 22:43:48] /r 100
[20/5/2022 22:43:48] /r 100
[20/5/2022 22:43:49] /r 100
[20/5/2022 22:43:49] /r 100
[20/5/2022 22:43:49] /r 100
[20/5/2022 22:43:49] /r 100
[20/5/2022 22:43:49] /r 100
[20/5/2022 22:43:49] /r 100
[20/5/2022 22:43:49] /r 100
[20/5/2022 22:43:49] /r 100
[20/5/2022 22:43:49] /r 100
[20/5/2022 22:43:49] /r 100
[20/5/2022 22:43:49] /r 100
[20/5/2022 22:43:49] /r 100
[20/5/2022 22:43:49] /r 100
[20/5/2022 22:43:49] /r 100
[20/5/2022 22:43:49] /r 100
[20/5/2022 22:43:49] /r 100
[20/5/2022 22:43:49] /r 100
[20/5/2022 22:43:49] /r 100
[20/5/2022 22:43:49] /r 100
[20/5/2022 22:43:49] /r 100
[20/5/2022 22:43:49] /r 100
[20/5/2022 22:43:49] /r 100
[20/5/2022 22:43:50] /r 100
[20/5/2022 22:43:50] /r 100
[20/5/2022 22:43:50] /r 100
[20/5/2022 22:43:50] /r 100
[20/5/2022 22:43:50] /r 100
[20/5/2022 22:43:50] /r 100
[20/5/2022 22:43:51] /r 100
[20/5/2022 22:43:52] /r 100
[20/5/2022 22:43:52] /r 100
[20/5/2022 22:43:52] /r 100
[20/5/2022 22:43:52] /r 100
[20/5/2022 22:43:52] /r 100
[20/5/2022 22:43:52] /r 100
[20/5/2022 22:43:52] /r 100
[20/5/2022 22:43:52] /r 100
[20/5/2022 22:43:52] /r 100
[20/5/2022 22:43:52] /r 100
[20/5/2022 22:43:52] /r 100
[20/5/2022 22:43:52] /r 100
[20/5/2022 22:43:52] /r 100
[20/5/2022 22:43:52] /r 100
[20/5/2022 22:43:52] /r 100
[20/5/2022 22:43:52] /r 100
[20/5/2022 22:43:53] /r 100
[20/5/2022 22:43:53] /r 100
[20/5/2022 22:43:53] /r 100
[20/5/2022 22:43:53] /r 100
[20/5/2022 22:43:53] /r 100
[20/5/2022 22:43:53] /r 100
[20/5/2022 22:43:53] /r 100
[20/5/2022 22:43:53] /r 100
[20/5/2022 22:43:53] /r 100
[20/5/2022 22:43:53] /r 100
[20/5/2022 22:43:53] /r 100
[20/5/2022 22:43:53] /r 100
[20/5/2022 22:43:53] /r 100
[20/5/2022 22:43:53] /r 100
[20/5/2022 22:43:53] /r 100
[20/5/2022 22:43:53] /r 100
[20/5/2022 22:43:53] /r 100
[20/5/2022 22:43:53] /r 100
[20/5/2022 22:43:53] /r 100
[20/5/2022 22:43:53] /r 100
[20/5/2022 22:43:53] /r 100
[20/5/2022 22:43:53] /r 100
[20/5/2022 22:43:54] /r 100
[20/5/2022 22:43:54] /r 100
[20/5/2022 22:43:54] /r 100
[20/5/2022 22:43:54] /r 100
[20/5/2022 22:43:54] /r 100
[20/5/2022 22:43:54] /r 100
[20/5/2022 22:43:54] /r 100
[20/5/2022 22:43:54] /r 100
[20/5/2022 22:43:54] /r 100
[20/5/2022 22:43:54] /r 100
[20/5/2022 22:43:54] /r 100
[20/5/2022 22:43:54] /r 100
[20/5/2022 22:43:54] /r 100
[20/5/2022 22:43:54] /r 100
[20/5/2022 22:43:54] /r 100
[20/5/2022 22:43:54] /r 100
[20/5/2022 22:43:54] /r 100
[20/5/2022 22:43:54] /r 100
[20/5/2022 22:43:54] /r 100
[20/5/2022 22:43:54] /r 100
[20/5/2022 22:43:54] /r 100
[20/5/2022 22:43:54] /r 100
[20/5/2022 22:43:54] /r 100
[20/5/2022 22:43:54] /r 100
[20/5/2022 22:43:55] /r 100
[20/5/2022 22:43:55] /r 100
[20/5/2022 22:43:55] /r 100
[20/5/2022 22:43:55] /r 100
[20/5/2022 22:43:55] /r 100
[20/5/2022 22:43:55] /r 100
[20/5/2022 22:43:55] /r 100
[20/5/2022 22:43:55] /r 100
[20/5/2022 22:43:55] /r 100
[20/5/2022 22:43:55] /r 100
[20/5/2022 22:43:55] /r 100
[20/5/2022 22:43:55] /r 100
[20/5/2022 22:43:55] /r 100
[20/5/2022 22:43:55] /r 100
[20/5/2022 22:43:55] /r 100
[20/5/2022 22:43:55] /r 100
[20/5/2022 22:43:55] /r 100
[20/5/2022 22:43:55] /r 100
[20/5/2022 22:43:57] /r 100
[20/5/2022 22:43:57] /r 100
[20/5/2022 22:43:57] /r 100
[20/5/2022 22:43:57] /r 100
[20/5/2022 22:43:57] /r 100
[20/5/2022 22:43:57] /r 100
[20/5/2022 22:43:57] /r 100
[20/5/2022 22:43:57] /r 100
[20/5/2022 22:43:57] /r 100
[20/5/2022 22:43:57] /r 100
[20/5/2022 22:43:57] /r 100
[20/5/2022 22:43:57] /r 100
[20/5/2022 22:43:57] /r 100
[20/5/2022 22:43:57] /r 100
[20/5/2022 22:43:57] /r 100
[20/5/2022 22:43:57] /r 100
[20/5/2022 22:43:58] /r 100
[20/5/2022 22:43:58] /r 100
[20/5/2022 22:43:58] /r 100
[20/5/2022 22:43:58] /r 100
[20/5/2022 22:43:58] /r 100
[20/5/2022 22:43:58] /r 100
[20/5/2022 22:43:58] /r 100
[20/5/2022 22:43:58] /r 100
[20/5/2022 22:43:58] /r 100
[20/5/2022 22:43:58] /r 100
[20/5/2022 22:43:58] /r 100
[20/5/2022 22:43:58] /r 100
[20/5/2022 22:43:58] /r 100
[20/5/2022 22:43:58] /r 100
[20/5/2022 22:43:58] /r 100
[20/5/2022 22:43:58] /r 100
[20/5/2022 22:43:58] /r 100
[20/5/2022 22:43:58] /r 100
[20/5/2022 22:43:58] /r 100
[20/5/2022 22:43:58] /r 100
[20/5/2022 22:43:58] /r 100
[20/5/2022 22:43:58] /r 100
[20/5/2022 22:43:59] /r 100
[20/5/2022 22:43:59] /r 100
[20/5/2022 22:43:59] /r 100
[20/5/2022 22:43:59] /r 100
[20/5/2022 22:43:59] /r 100
[20/5/2022 22:43:59] /r 100
[20/5/2022 22:43:59] /r 100
[20/5/2022 22:43:59] /r 100
[20/5/2022 22:43:59] /r 100
[20/5/2022 22:43:59] /r 100
[20/5/2022 22:43:59] /r 100
[20/5/2022 22:43:59] /r 100
[20/5/2022 22:43:59] /r 100
[20/5/2022 22:43:59] /r 100
[20/5/2022 22:43:59] /r 100
[20/5/2022 22:43:59] /r 100
[20/5/2022 22:43:59] /r 100
[20/5/2022 22:43:59] /r 100
[20/5/2022 22:43:59] /r 100
[20/5/2022 22:43:59] /r 100
[20/5/2022 22:43:59] /r 100
[20/5/2022 22:44:0] /r 100
[20/5/2022 22:44:1] /r 100
[20/5/2022 22:44:1] /r 100
[20/5/2022 22:44:1] /r 100
[20/5/2022 22:44:1] /r 100
[20/5/2022 22:44:1] /r 100
[20/5/2022 22:44:1] /r 100
[20/5/2022 22:44:1] /r 100
[20/5/2022 22:44:1] /r 100
[20/5/2022 22:44:1] /r 100
[20/5/2022 22:44:1] /r 100
[20/5/2022 22:44:1] /r 100
[20/5/2022 22:44:1] /r 100
[20/5/2022 22:44:1] /r 100
[20/5/2022 22:44:1] /r 100
[20/5/2022 22:44:1] /r 100
[20/5/2022 22:44:1] /r 100
[20/5/2022 22:44:1] /r 100
[20/5/2022 22:44:1] /r 100
[20/5/2022 22:44:2] /r 100
[20/5/2022 22:44:2] /r 100
[20/5/2022 22:44:2] /r 100
[20/5/2022 22:44:2] /r 100
[20/5/2022 22:44:2] /r 100
[20/5/2022 22:44:2] /r 100
[20/5/2022 22:44:2] /r 100
[20/5/2022 22:44:2] /r 100
[20/5/2022 22:44:2] /r 100
[20/5/2022 22:44:2] /r 100
[20/5/2022 22:44:2] /r 100
[20/5/2022 22:44:2] /r 100
[20/5/2022 22:44:2] /r 100
[20/5/2022 22:44:2] /r 100
[20/5/2022 22:44:2] /r 100
[20/5/2022 22:44:2] /r 100
[20/5/2022 22:44:2] /r 100
[20/5/2022 22:44:2] /r 100
[20/5/2022 22:44:2] /r 100
[20/5/2022 22:44:2] /r 100
[20/5/2022 22:44:4] /r 100
[20/5/2022 22:44:4] /r 100
[20/5/2022 22:44:5] /r 100
[20/5/2022 22:44:5] /r 100
[20/5/2022 22:44:5] /r 100
[20/5/2022 22:44:5] /r 100
[20/5/2022 22:44:5] /r 100
[20/5/2022 22:44:5] /r 100
[20/5/2022 22:44:5] /r 100
[20/5/2022 22:44:5] /r 100
[20/5/2022 22:44:5] /r 100
[20/5/2022 22:44:5] /r 100
[20/5/2022 22:44:5] /r 100
[20/5/2022 22:44:5] /r 100
[20/5/2022 22:44:5] /r 100
[20/5/2022 22:44:5] /r 100
[20/5/2022 22:44:6] /r 100
[20/5/2022 22:44:6] /r 100
[20/5/2022 22:44:7] /r 100
[20/5/2022 22:44:7] /r 100
[20/5/2022 22:44:7] /r 100
[20/5/2022 22:44:7] /r 100
[20/5/2022 22:44:7] /r 100
[20/5/2022 22:44:7] /r 100
[20/5/2022 22:44:7] /r 100
[20/5/2022 22:44:7] /r 100
[20/5/2022 22:44:7] /r 100
[20/5/2022 22:44:7] /r 100
[20/5/2022 22:44:7] /r 100
[20/5/2022 22:44:7] /r 100
[20/5/2022 22:44:7] /r 100
[20/5/2022 22:44:7] /r 100
[20/5/2022 22:44:7] /r 100
[20/5/2022 22:44:7] /r 100
[20/5/2022 22:44:7] /r 100
[20/5/2022 22:44:7] /r 100
[20/5/2022 22:44:7] /r 100
[20/5/2022 22:44:7] /r 100
[20/5/2022 22:44:7] /r 100
[20/5/2022 22:44:7] /r 100
[20/5/2022 22:44:7] /r 100
[20/5/2022 22:44:8] /r 100
[20/5/2022 22:44:8] /r 100
[20/5/2022 22:44:8] /r 100
[20/5/2022 22:44:8] /r 100
[20/5/2022 22:44:8] /r 100
[20/5/2022 22:44:8] /r 100
[20/5/2022 22:44:8] /r 100
[20/5/2022 22:44:8] /r 100
[20/5/2022 22:44:8] /r 100
[20/5/2022 22:44:8] /r 100
[20/5/2022 22:44:8] /r 100
[20/5/2022 22:44:8] /r 100
[20/5/2022 22:44:8] /r 100
[20/5/2022 22:44:8] /r 100
[20/5/2022 22:44:8] /r 100
[20/5/2022 22:44:8] /r 100
[20/5/2022 22:44:8] /r 100
[20/5/2022 22:44:8] /r 100
[20/5/2022 22:44:8] /r 100
[20/5/2022 22:44:8] /r 100
[20/5/2022 22:44:8] /r 100
[20/5/2022 22:44:8] /r 100
[20/5/2022 22:44:9] /r 100
[20/5/2022 22:44:9] /r 100
[20/5/2022 22:44:9] /r 100
[20/5/2022 22:44:9] /r 100
[20/5/2022 22:44:9] /r 100
[20/5/2022 22:44:9] /r 100
[20/5/2022 22:44:9] /r 100
[20/5/2022 22:44:9] /r 100
[20/5/2022 22:44:9] /r 100
[20/5/2022 22:44:9] /r 100
[20/5/2022 22:44:9] /r 100
[20/5/2022 22:44:9] /r 100
[20/5/2022 22:44:10] /r 100
[20/5/2022 22:44:10] /r 100
[20/5/2022 22:44:10] /r 100
[20/5/2022 22:44:10] /r 100
[20/5/2022 22:44:10] /r 100
[20/5/2022 22:44:10] /r 100
[20/5/2022 22:44:10] /r 100
[20/5/2022 22:44:10] /r 100
[20/5/2022 22:44:10] /r 100
[20/5/2022 22:44:11] /r 100
[20/5/2022 22:44:11] /r 100
[20/5/2022 22:44:11] /r 100
[20/5/2022 22:44:11] /r 100
[20/5/2022 22:44:11] /r 100
[20/5/2022 22:44:11] /r 100
[20/5/2022 22:44:11] /r 100
[20/5/2022 22:44:11] /r 100
[20/5/2022 22:44:11] /r 100
[20/5/2022 22:44:11] /r 100
[20/5/2022 22:44:11] /r 100
[20/5/2022 22:44:11] /r 100
[20/5/2022 22:44:11] /r 100
[20/5/2022 22:44:11] /r 100
[20/5/2022 22:44:11] /r 100
[20/5/2022 22:44:11] /r 100
[20/5/2022 22:44:11] /r 100
[20/5/2022 22:44:11] /r 100
[20/5/2022 22:44:11] /r 100
[20/5/2022 22:44:11] /r 100
[20/5/2022 22:44:11] /r 100
[20/5/2022 22:44:11] /r 100
[20/5/2022 22:44:12] /r 100
[20/5/2022 22:44:12] /r 100
[20/5/2022 22:44:12] /r 100
[20/5/2022 22:44:12] /r 100
[20/5/2022 22:44:12] /r 100
[20/5/2022 22:44:12] /r 100
[20/5/2022 22:44:12] /r 100
[20/5/2022 22:44:12] /r 100
[20/5/2022 22:44:12] /r 100
[20/5/2022 22:44:12] /r 100
[20/5/2022 22:44:12] /r 100
[20/5/2022 22:44:12] /r 100
[20/5/2022 22:44:12] /r 100
[20/5/2022 22:44:12] /r 100
[20/5/2022 22:44:12] /r 100
[20/5/2022 22:44:12] /r 100
[20/5/2022 22:44:12] /r 100
[20/5/2022 22:44:12] /r 100
[20/5/2022 22:44:12] /r 100
[20/5/2022 22:44:12] /r 100
[20/5/2022 22:44:12] /r 100
[20/5/2022 22:44:12] /r 100
[20/5/2022 22:44:13] /r 100
[20/5/2022 22:44:13] /r 100
[20/5/2022 22:44:14] /r 100
[20/5/2022 22:44:14] /r 100
[20/5/2022 22:44:14] /r 100
[20/5/2022 22:44:14] /r 100
[20/5/2022 22:44:14] /r 100
[20/5/2022 22:44:14] /r 100
[20/5/2022 22:44:14] /r 100
[20/5/2022 22:44:14] /r 100
[20/5/2022 22:44:14] /r 100
[20/5/2022 22:44:14] /r 100
[20/5/2022 22:44:14] /r 100
[20/5/2022 22:44:14] /r 100
[20/5/2022 22:44:14] /r 100
[20/5/2022 22:44:14] /r 100
[20/5/2022 22:44:14] /r 100
[20/5/2022 22:44:14] /r 100
[20/5/2022 22:44:14] /r 100
[20/5/2022 22:44:14] /r 100
[20/5/2022 22:44:14] /r 100
[20/5/2022 22:44:14] /r 100
[20/5/2022 22:44:14] /r 100
[20/5/2022 22:44:15] /r 100
[20/5/2022 22:44:15] /r 100
[20/5/2022 22:44:15] /r 100
[20/5/2022 22:44:17] /r 100
[20/5/2022 22:44:17] /r 100
[20/5/2022 22:44:17] /r 100
[20/5/2022 22:44:18] /r 100
[20/5/2022 22:44:18] /r 100
[20/5/2022 22:44:18] /r 100
[20/5/2022 22:44:18] /r 100
[20/5/2022 22:44:18] /r 100
[20/5/2022 22:44:18] /r 100
[20/5/2022 22:44:18] /r 100
[20/5/2022 22:44:18] /r 100
[20/5/2022 22:44:18] /r 100
[20/5/2022 22:44:18] /r 100
[20/5/2022 22:44:18] /r 100
[20/5/2022 22:44:18] /r 100
[20/5/2022 22:44:18] /r 100
[20/5/2022 22:44:18] /r 100
[20/5/2022 22:44:18] /r 100
[20/5/2022 22:44:18] /r 100
[20/5/2022 22:44:18] /r 100
[20/5/2022 22:44:18] /r 100
[20/5/2022 22:44:19] /r 100
[20/5/2022 22:44:19] /r 100
[20/5/2022 22:44:20] /r 100
[20/5/2022 22:44:20] /r 100
[20/5/2022 22:44:20] /r 100
[20/5/2022 22:44:20] /r 100
[20/5/2022 22:44:20] /r 100
[20/5/2022 22:44:20] /r 100
[20/5/2022 22:44:20] /r 100
[20/5/2022 22:44:20] /r 100
[20/5/2022 22:44:20] /r 100
[20/5/2022 22:44:20] /r 100
[20/5/2022 22:44:20] /r 100
[20/5/2022 22:44:20] /r 100
[20/5/2022 22:44:20] /r 100
[20/5/2022 22:44:20] /r 100
[20/5/2022 22:44:20] /r 100
[20/5/2022 22:44:20] /r 100
[20/5/2022 22:44:20] /r 100
[20/5/2022 22:44:20] /r 100
[20/5/2022 22:44:20] /r 100
[20/5/2022 22:44:20] /r 100
[20/5/2022 22:44:20] /r 100
[20/5/2022 22:44:20] /r 100
[20/5/2022 22:44:20] /r 100
[20/5/2022 22:44:20] /r 100
[20/5/2022 22:44:20] /r 100
[20/5/2022 22:44:21] /r 100
[20/5/2022 22:44:21] /r 100
[20/5/2022 22:44:21] /r 100
[20/5/2022 22:44:21] /r 100
[20/5/2022 22:44:21] /r 100
[20/5/2022 22:44:21] /r 100
[20/5/2022 22:44:21] /r 100
[20/5/2022 22:44:21] /r 100
[20/5/2022 22:44:21] /r 100
[20/5/2022 22:44:21] /r 100
[20/5/2022 22:44:21] /r 100
[20/5/2022 22:44:21] /r 100
[20/5/2022 22:44:21] /r 100
[20/5/2022 22:44:21] /r 100
[20/5/2022 22:44:21] /r 100
[20/5/2022 22:44:21] /r 100
[20/5/2022 22:44:21] /r 100
[20/5/2022 22:44:21] /r 100
[20/5/2022 22:44:21] /r 100
[20/5/2022 22:44:21] /r 100
[20/5/2022 22:44:22] /r 100
[20/5/2022 22:44:22] /r 100
[20/5/2022 22:44:22] /r 100
[20/5/2022 22:44:22] /r 100
[20/5/2022 22:44:22] /r 100
[20/5/2022 22:44:22] /r 100
[20/5/2022 22:44:22] /r 100
[20/5/2022 22:44:22] /r 100
[20/5/2022 22:44:22] /r 100
[20/5/2022 22:44:22] /r 100
[20/5/2022 22:44:22] /r 100
[20/5/2022 22:44:22] /r 100
[20/5/2022 22:44:22] /r 100
[20/5/2022 22:44:22] /r 100
[20/5/2022 22:44:22] /r 100
[20/5/2022 22:44:22] /r 100
[20/5/2022 22:44:22] /r 100
[20/5/2022 22:44:22] /r 100
[20/5/2022 22:44:22] /r 100
[20/5/2022 22:44:22] /r 100
[20/5/2022 22:44:22] /r 100
[20/5/2022 22:44:22] /r 100
[20/5/2022 22:44:23] /r 100
[20/5/2022 22:44:23] /r 100
[20/5/2022 22:44:23] /r 100
[20/5/2022 22:44:23] /r 100
[20/5/2022 22:44:23] /r 100
[20/5/2022 22:44:23] /r 100
[20/5/2022 22:44:23] /r 100
[20/5/2022 22:44:23] /r 100
[20/5/2022 22:44:23] /r 100
[20/5/2022 22:44:23] /r 100
[20/5/2022 22:44:23] /r 100
[20/5/2022 22:44:23] /r 100
[20/5/2022 22:44:23] /r 100
[20/5/2022 22:44:23] /r 100
[20/5/2022 22:44:23] /r 100
[20/5/2022 22:44:23] /r 100
[20/5/2022 22:44:23] /r 100
[20/5/2022 22:44:23] /r 100
[20/5/2022 22:44:23] /r 100
[20/5/2022 22:44:23] /r 100
[20/5/2022 22:44:23] /r 100
[20/5/2022 22:44:23] /r 100
[20/5/2022 22:44:24] /r 100
[20/5/2022 22:44:24] /r 100
[20/5/2022 22:44:24] /r 100
[20/5/2022 22:44:24] /r 100
[20/5/2022 22:44:24] /r 100
[20/5/2022 22:44:24] /r 100
[20/5/2022 22:44:24] /r 100
[20/5/2022 22:44:24] /r 100
[20/5/2022 22:44:24] /r 100
[20/5/2022 22:44:24] /r 100
[20/5/2022 22:44:24] /r 100
[20/5/2022 22:44:24] /r 100
[20/5/2022 22:44:24] /r 100
[20/5/2022 22:44:24] /r 100
[20/5/2022 22:44:24] /r 100
[20/5/2022 22:44:24] /r 100
[20/5/2022 22:44:24] /r 100
[20/5/2022 22:44:24] /r 100
[20/5/2022 22:44:24] /r 100
[20/5/2022 22:44:24] /r 100
[20/5/2022 22:44:25] /r 100
[20/5/2022 22:44:25] /r 100
[20/5/2022 22:44:25] /r 100
[20/5/2022 22:44:25] /r 100
[20/5/2022 22:44:25] /r 100
[20/5/2022 22:44:25] /r 100
[20/5/2022 22:44:25] /r 100
[20/5/2022 22:44:27] /r 100
[20/5/2022 22:44:27] /r 100
[20/5/2022 22:44:27] /r 100
[20/5/2022 22:44:27] /r 100
[20/5/2022 22:44:27] /r 100
[20/5/2022 22:44:27] /r 100
[20/5/2022 22:44:27] /r 100
[20/5/2022 22:44:27] /r 100
[20/5/2022 22:44:27] /r 100
[20/5/2022 22:44:27] /r 100
[20/5/2022 22:44:27] /r 100
[20/5/2022 22:44:27] /r 100
[20/5/2022 22:44:27] /r 100
[20/5/2022 22:44:27] /r 100
[20/5/2022 22:44:27] /r 100
[20/5/2022 22:44:27] /r 100
[20/5/2022 22:44:28] /r 100
[20/5/2022 22:44:28] /r 100
[20/5/2022 22:44:28] /r 100
[20/5/2022 22:44:28] /r 100
[20/5/2022 22:44:28] /r 100
[20/5/2022 22:44:28] /r 100
[20/5/2022 22:44:28] /r 100
[20/5/2022 22:44:28] /r 100
[20/5/2022 22:44:28] /r 100
[20/5/2022 22:44:28] /r 100
[20/5/2022 22:44:28] /r 100
[20/5/2022 22:44:28] /r 100
[20/5/2022 22:44:28] /r 100
[20/5/2022 22:44:28] /r 100
[20/5/2022 22:44:28] /r 100
[20/5/2022 22:44:28] /r 100
[20/5/2022 22:44:28] /r 100
[20/5/2022 22:44:28] /r 100
[20/5/2022 22:44:28] /r 100
[20/5/2022 22:44:28] /r 100
[20/5/2022 22:44:28] /r 100
[20/5/2022 22:44:28] /r 100
[20/5/2022 22:44:29] /r 100
[20/5/2022 22:44:29] /r 100
[20/5/2022 22:44:29] /r 100
[20/5/2022 22:44:29] /r 100
[20/5/2022 22:44:29] /r 100
[20/5/2022 22:44:29] /r 100
[20/5/2022 22:44:29] /r 100
[20/5/2022 22:44:29] /r 100
[20/5/2022 22:44:29] /r 100
[20/5/2022 22:44:29] /r 100
[20/5/2022 22:44:29] /r 100
[20/5/2022 22:44:29] /r 100
[20/5/2022 22:44:29] /r 100
[20/5/2022 22:44:29] /r 100
[20/5/2022 22:44:29] /r 100
[20/5/2022 22:44:29] /r 100
[20/5/2022 22:44:29] /r 100
[20/5/2022 22:44:29] /r 100
[20/5/2022 22:44:29] /r 100
[20/5/2022 22:44:29] /r 100
[20/5/2022 22:44:29] /r 100
[20/5/2022 22:44:29] /r 100
[20/5/2022 22:44:30] /r 100
[20/5/2022 22:44:30] /r 100
[20/5/2022 22:44:30] /r 100
[20/5/2022 22:44:30] /r 100
[20/5/2022 22:44:30] /r 100
[20/5/2022 22:44:30] /r 100
[20/5/2022 22:44:30] /r 100
[20/5/2022 22:44:30] /r 100
[20/5/2022 22:44:30] /r 100
[20/5/2022 22:44:30] /r 100
[20/5/2022 22:44:30] /r 100
[20/5/2022 22:44:30] /r 100
[20/5/2022 22:44:30] /r 100
[20/5/2022 22:44:30] /r 100
[20/5/2022 22:44:30] /r 100
[20/5/2022 22:44:30] /r 100
[20/5/2022 22:44:30] /r 100
[20/5/2022 22:44:30] /r 100
[20/5/2022 22:44:30] /r 100
[20/5/2022 22:44:30] /r 100
[20/5/2022 22:44:31] /r 100
[20/5/2022 22:44:31] /r 100
[20/5/2022 22:44:31] /r 100
[20/5/2022 22:44:31] /r 100
[20/5/2022 22:44:31] /r 100
[20/5/2022 22:44:31] /r 100
[20/5/2022 22:44:31] /r 100
[20/5/2022 22:44:31] /r 100
[20/5/2022 22:44:31] /r 100
[20/5/2022 22:44:31] /r 100
[20/5/2022 22:44:31] /r 100
[20/5/2022 22:44:31] /r 100
[20/5/2022 22:44:31] /r 100
[20/5/2022 22:44:31] /r 100
[20/5/2022 22:44:34] /r 100
[20/5/2022 22:44:34] /r 100
[20/5/2022 22:44:34] /r 100
[20/5/2022 22:44:34] /r 100
[20/5/2022 22:44:34] /r 100
[20/5/2022 22:44:34] /r 100
[20/5/2022 22:44:34] /r 100
[20/5/2022 22:44:34] /r 100
[20/5/2022 22:44:34] /r 100
[20/5/2022 22:44:35] /r 100
[20/5/2022 22:44:35] /r 100
[20/5/2022 22:44:35] /r 100
[20/5/2022 22:44:35] /r 100
[20/5/2022 22:44:35] /r 100
[20/5/2022 22:44:35] /r 100
[20/5/2022 22:44:35] /r 100
[20/5/2022 22:44:35] /r 100
[20/5/2022 22:44:35] /r 100
[20/5/2022 22:44:35] /r 100
[20/5/2022 22:44:35] /r 100
[20/5/2022 22:44:35] /r 100
[20/5/2022 22:44:35] /r 100
[20/5/2022 22:44:35] /r 100
[20/5/2022 22:44:35] /r 100
[20/5/2022 22:44:35] /r 100
[20/5/2022 22:44:35] /r 100
[20/5/2022 22:44:35] /r 100
[20/5/2022 22:44:35] /r 100
[20/5/2022 22:44:35] /r 100
[20/5/2022 22:44:35] /r 100
[20/5/2022 22:44:35] /r 100
[20/5/2022 22:44:36] /r 100
[20/5/2022 22:44:37] /r 100
[20/5/2022 22:44:37] /r 100
[20/5/2022 22:44:37] /r 100
[20/5/2022 22:44:37] /r 100
[20/5/2022 22:44:37] /r 100
[20/5/2022 22:44:37] /r 100
[20/5/2022 22:44:37] /r 100
[20/5/2022 22:44:37] /r 100
[20/5/2022 22:44:37] /r 100
[20/5/2022 22:44:37] /r 100
[20/5/2022 22:44:37] /r 100
[20/5/2022 22:44:37] /r 100
[20/5/2022 22:44:37] /r 100
[20/5/2022 22:44:37] /r 100
[20/5/2022 22:44:37] /r 100
[20/5/2022 22:44:37] /r 100
[20/5/2022 22:44:37] /r 100
[20/5/2022 22:44:37] /r 100
[20/5/2022 22:44:38] /r 100
[20/5/2022 22:44:38] /r 100
[20/5/2022 22:44:38] /r 100
[20/5/2022 22:44:38] /r 100
[20/5/2022 22:44:38] /r 100
[20/5/2022 22:44:38] /r 100
[20/5/2022 22:44:38] /r 100
[20/5/2022 22:44:38] /r 100
[20/5/2022 22:44:38] /r 100
[20/5/2022 22:44:47] /i 4611
[20/5/2022 22:45:53] /goto loki~
[20/5/2022 22:46:47] /ghost
[20/5/2022 22:47:24] /c loki~
[20/5/2022 22:47:26] /c loki~
[20/5/2022 22:48:21] /r
[20/5/2022 22:48:38] /ghost
[20/5/2022 22:51:27] /c loki~
[20/5/2022 22:51:46] /c loki~
[20/5/2022 22:52:15] /goto loki~
[20/5/2022 22:52:53] /c loki~
[20/5/2022 22:53:25] /goto loki~
[20/5/2022 22:54:12] /down
[20/5/2022 22:54:14] /r
[20/5/2022 22:54:26] /goto loki~
[20/5/2022 22:54:27] /goto loki~
[20/5/2022 22:54:28] /goto loki~
[20/5/2022 22:54:29] /goto loki~
[20/5/2022 22:54:30] /goto loki~
[20/5/2022 22:54:31] /goto loki~
[20/5/2022 22:58:6] /goto loki~
[20/5/2022 23:2:48] /c god~
[20/5/2022 23:4:0] /r
[20/5/2022 23:4:3] /r
[20/5/2022 23:8:41] /a 50
[20/5/2022 23:9:16] /c god~
[20/5/2022 23:9:59] /goto Megalopole
[20/5/2022 23:10:4] /goto Megalopol
[20/5/2022 23:25:34] /c god~
[20/5/2022 23:25:40] /up
[20/5/2022 23:27:5] /c god
[20/5/2022 23:27:9] /c god~
[20/5/2022 23:29:13] /up
[20/5/2022 23:30:57] /down
[20/5/2022 23:31:46] /c god~
[20/5/2022 23:37:49] /t
[20/5/2022 23:41:53] /goto pizz~
[20/5/2022 23:42:1] /goto loki~
[20/5/2022 23:42:6] /goto loki~
[20/5/2022 23:42:7] /goto loki~
[20/5/2022 23:42:8] /goto loki~
[20/5/2022 23:42:21] /goto loki~
[20/5/2022 23:42:23] /goto loki~
[20/5/2022 23:42:25] /goto loki~
[20/5/2022 23:42:26] /goto loki~
[20/5/2022 23:42:28] /goto loki~
[20/5/2022 23:42:29] /goto loki~
[20/5/2022 23:42:31] /goto loki~
[20/5/2022 23:42:32] /goto loki~
[20/5/2022 23:42:35] /goto loki~
[20/5/2022 23:42:40] /goto loki~
[20/5/2022 23:42:41] /goto loki~
[20/5/2022 23:42:42] /goto loki~
[20/5/2022 23:42:44] /t
[20/5/2022 23:43:13] /goto hela~
[20/5/2022 23:43:20] /goto hela~
[20/5/2022 23:43:22] /goto hela~
[20/5/2022 23:43:23] /goto hela~
[20/5/2022 23:43:24] /goto hela~
[20/5/2022 23:43:25] /goto hela~
[20/5/2022 23:43:29] /goto hela~
[20/5/2022 23:43:31] /goto hela~
[20/5/2022 23:47:3] /t
[21/5/2022 3:24:26] /addskill Twizervx, magic
[21/5/2022 3:24:27] /addskill Twizervx, magic
[21/5/2022 3:24:27] /addskill Twizervx, magic
[21/5/2022 3:24:28] /addskill Twizervx, magic
[21/5/2022 3:24:28] /addskill Twizervx, magic
[21/5/2022 3:24:28] /addskill Twizervx, magic
[21/5/2022 3:24:29] /addskill Twizervx, magic
[21/5/2022 3:24:29] /addskill Twizervx, magic
[21/5/2022 3:24:30] /addskill Twizervx, magic
[21/5/2022 3:24:30] /addskill Twizervx, magic
[21/5/2022 3:24:30] /addskill Twizervx, magic
[21/5/2022 3:24:42] /addskill Twizervx, magic
[21/5/2022 3:24:43] /addskill Twizervx, magic
[21/5/2022 3:24:43] /addskill Twizervx, magic
[21/5/2022 3:24:43] /addskill Twizervx, magic
[21/5/2022 3:24:44] /addskill Twizervx, magic
[21/5/2022 3:24:44] /addskill Twizervx, magic
[21/5/2022 3:24:45] /addskill Twizervx, magic
[21/5/2022 3:24:45] /addskill Twizervx, magic
[21/5/2022 3:24:46] /addskill Twizervx, magic
[21/5/2022 3:24:46] /addskill Twizervx, magic
[21/5/2022 3:24:46] /addskill Twizervx, magic
[21/5/2022 3:25:9] /addskill Twizervx, magic
[21/5/2022 3:25:10] /addskill Twizervx, magic
[21/5/2022 22:3:33] /goto staff~
[21/5/2022 22:10:20] /ghost
[21/5/2022 22:12:18] /goto staff~
[21/5/2022 22:13:33] /goto staff~
[21/5/2022 22:13:35] /goto staff~
[21/5/2022 22:13:37] /goto staff~
[21/5/2022 22:13:38] /goto staff~
[21/5/2022 22:13:39] /goto staff~
[21/5/2022 22:13:40] /goto staff~
[21/5/2022 22:13:40] /goto staff~
[21/5/2022 22:13:41] /goto staff~
[21/5/2022 22:13:42] /goto staff~
[21/5/2022 22:13:43] /goto staff~
[21/5/2022 22:13:44] /goto staff~
[21/5/2022 22:13:49] /goto staff~
[21/5/2022 22:13:51] /goto staff~
[21/5/2022 22:13:52] /goto staff~
[21/5/2022 22:13:53] /goto staff~
[21/5/2022 22:13:55] /goto staff~
[21/5/2022 22:13:56] /goto staff~
[21/5/2022 22:13:57] /goto staff~
[21/5/2022 22:13:58] /goto staff~
[21/5/2022 22:13:59] /goto staff~
[21/5/2022 22:14:0] /goto staff~
[21/5/2022 22:14:1] /goto staff~
[21/5/2022 22:14:3] /goto staff~
[21/5/2022 22:14:6] /goto staff~
[21/5/2022 22:14:7] /goto staff~
[21/5/2022 22:14:8] /goto staff~
[21/5/2022 22:14:10] /goto staff~
[21/5/2022 22:14:11] /goto staff~
[21/5/2022 22:14:12] /goto staff~
[21/5/2022 22:14:13] /goto staff~
[21/5/2022 22:14:14] /goto staff~
[21/5/2022 22:14:15] /goto staff~
[21/5/2022 22:14:16] /goto staff~
[21/5/2022 22:14:39] /goto staff~
[21/5/2022 22:14:41] /goto staff~
[21/5/2022 22:14:46] /ghost
[21/5/2022 22:28:20] /goto lucas~
[21/5/2022 22:28:31] /goto lucas l~
[21/5/2022 22:28:40] /goto lingu~
[21/5/2022 22:31:39] /ghost
[21/5/2022 22:35:44] /ghost
[21/5/2022 22:37:24] /t
[21/5/2022 22:37:39] /goto staff~
[21/5/2022 22:50:30] /addskill laysla, level 1
[21/5/2022 22:50:51] /addskill laysla, level 1
[22/5/2022 0:9:5] /addskill laysla, level 1
[22/5/2022 0:9:13] /goto staff~
[22/5/2022 0:10:34] /c lin~
[22/5/2022 0:14:8] /ghost
[22/5/2022 0:15:15] /ghost
[22/5/2022 0:15:57] /ghost
[22/5/2022 0:15:59] /ghost
[22/5/2022 0:16:12] /goto thor~
[22/5/2022 0:16:40] /t
[22/5/2022 0:25:39] /goto hela~
[22/5/2022 0:25:42] /goto hela~
[22/5/2022 0:25:43] /goto hela~
[22/5/2022 0:25:46] /goto hela~
[22/5/2022 0:25:48] /goto hela~
[22/5/2022 0:25:49] /goto hela~
[22/5/2022 0:25:50] /goto hela~
[22/5/2022 0:27:57] /goto hela~
[22/5/2022 0:27:58] /goto hela~
[22/5/2022 0:27:59] /goto hela~
[22/5/2022 0:28:0] /goto hela~
[22/5/2022 0:28:1] /goto hela~
[22/5/2022 0:28:2] /goto hela~
[22/5/2022 0:28:3] /goto hela~
[22/5/2022 0:28:12] /goto hela~
[22/5/2022 0:28:29] /goto lin~
[22/5/2022 0:28:31] /goto lin~
[22/5/2022 0:28:33] /goto lin~
[22/5/2022 0:28:34] /goto lin~
[22/5/2022 0:28:35] /goto lin~
[22/5/2022 0:28:36] /goto hela~
[22/5/2022 0:28:40] /goto hela~
[22/5/2022 0:28:41] /goto hela~
[22/5/2022 0:28:42] /goto hela~
[22/5/2022 0:28:42] /goto hela~
[22/5/2022 0:28:45] /goto hela~
[22/5/2022 0:28:49] /goto hela~
[22/5/2022 0:28:52] /goto hela~
[22/5/2022 0:28:54] /goto hela~
[22/5/2022 0:28:55] /goto hela~
[22/5/2022 0:28:58] /goto hela~
[22/5/2022 0:28:59] /goto hela~
[22/5/2022 0:29:1] /goto hela~
[22/5/2022 0:29:2] /goto hela~
[22/5/2022 0:29:2] /goto hela~
[22/5/2022 0:29:3] /goto hela~
[22/5/2022 0:29:6] /goto hela~
[22/5/2022 0:29:6] /goto hela~
[22/5/2022 0:29:7] /goto hela~
[22/5/2022 0:29:8] /goto hela~
[22/5/2022 0:29:8] /goto hela~
[22/5/2022 0:29:9] /goto hela~
[22/5/2022 0:29:10] /goto hela~
[22/5/2022 0:29:10] /goto hela~
[22/5/2022 0:29:11] /goto hela~
[22/5/2022 0:29:12] /goto hela~
[22/5/2022 0:29:13] /goto hela~
[22/5/2022 0:29:14] /goto hela~
[22/5/2022 0:29:16] /goto hela~
[22/5/2022 0:29:18] /goto hela~
[22/5/2022 0:29:19] /goto hela~
[22/5/2022 0:29:21] /goto hela~
[22/5/2022 0:29:22] /goto hela~
[22/5/2022 0:29:23] /goto hela~
[22/5/2022 0:29:25] /goto hela~
[22/5/2022 0:29:26] /goto hela~
[22/5/2022 0:29:27] /goto hela~
[22/5/2022 0:29:29] /goto hela~
[22/5/2022 0:29:30] /goto hela~
[22/5/2022 0:29:31] /goto hela~
[22/5/2022 0:29:33] /goto hela~
[22/5/2022 0:29:34] /goto hela~
[22/5/2022 0:29:35] /goto hela~
[22/5/2022 0:29:36] /goto hela~
[22/5/2022 0:29:37] /goto hela~
[22/5/2022 0:29:39] /goto hela~
[22/5/2022 0:29:40] /goto hela~
[22/5/2022 0:29:44] /goto hela~
[22/5/2022 0:29:50] /goto hela~
[22/5/2022 0:29:54] /goto hela~
[22/5/2022 0:29:55] /goto hela~
[22/5/2022 0:29:56] /goto hela~
[22/5/2022 0:29:57] /goto hela~
[22/5/2022 0:29:57] /goto hela~
[22/5/2022 0:30:7] /goto hela~
[22/5/2022 0:30:8] /goto hela~
[22/5/2022 0:30:12] /goto hela~
[22/5/2022 0:30:15] /goto hela~
[22/5/2022 0:30:17] /goto hela~
[22/5/2022 0:30:20] /goto hela~
[22/5/2022 0:30:21] /goto hela~
[22/5/2022 0:30:22] /goto hela~
[22/5/2022 0:30:23] /goto hela~
[22/5/2022 0:30:24] /goto hela~
[22/5/2022 0:30:25] /goto hela~
[22/5/2022 0:30:26] /goto hela~
[22/5/2022 0:30:27] /goto hela~
[22/5/2022 0:30:28] /goto hela~
[22/5/2022 0:30:29] /goto hela~
[22/5/2022 0:30:30] /goto hela~
[22/5/2022 0:30:30] /goto hela~
[22/5/2022 0:30:31] /goto hela~
[22/5/2022 0:30:32] /goto hela~
[22/5/2022 0:30:33] /goto hela~
[22/5/2022 0:30:35] /goto hela~
[22/5/2022 0:30:36] /goto hela~
[22/5/2022 0:30:37] /goto hela~
[22/5/2022 0:30:38] /goto hela~
[22/5/2022 0:30:39] /goto hela~
[22/5/2022 0:30:40] /goto hela~
[22/5/2022 0:30:41] /goto hela~
[22/5/2022 0:30:42] /goto hela~
[22/5/2022 0:30:44] /goto hela~
[22/5/2022 0:30:45] /goto hela~
[22/5/2022 0:30:47] /goto hela~
[22/5/2022 0:30:48] /goto hela~
[22/5/2022 0:30:49] /goto hela~
[22/5/2022 0:30:50] /goto hela~
[22/5/2022 0:30:51] /goto hela~
[22/5/2022 0:30:51] /goto hela~
[22/5/2022 0:30:52] /goto hela~
[22/5/2022 0:30:53] /goto hela~
[22/5/2022 0:30:53] /goto hela~
[22/5/2022 0:30:55] /goto hela~
[22/5/2022 0:30:56] /goto hela~
[22/5/2022 0:30:57] /goto hela~
[22/5/2022 0:30:58] /goto hela~
[22/5/2022 0:30:58] /goto hela~
[22/5/2022 0:30:59] /goto hela~
[22/5/2022 0:31:0] /goto hela~
[22/5/2022 0:31:0] /goto hela~
[22/5/2022 0:31:1] /goto hela~
[22/5/2022 0:31:2] /goto hela~
[22/5/2022 0:31:2] /goto hela~
[22/5/2022 0:31:5] /goto hela~
[22/5/2022 0:31:6] /goto hela~
[22/5/2022 0:31:7] /goto hela~
[22/5/2022 0:31:9] /goto hela~
[22/5/2022 0:31:11] /goto hela~
[22/5/2022 0:31:12] /goto hela~
[22/5/2022 0:31:14] /goto hela~
[22/5/2022 0:31:16] /goto hela~
[22/5/2022 0:31:17] /goto hela~
[22/5/2022 0:31:18] /goto hela~
[22/5/2022 0:31:19] /goto hela~
[22/5/2022 0:31:20] /goto hela~
[22/5/2022 0:31:22] /goto hela~
[22/5/2022 0:31:22] /goto hela~
[22/5/2022 0:31:24] /goto hela~
[22/5/2022 0:31:28] /goto hela~
[22/5/2022 0:31:29] /goto hela~
[22/5/2022 0:31:30] /goto hela~
[22/5/2022 0:31:31] /goto hela~
[22/5/2022 0:31:31] /goto hela~
[22/5/2022 0:31:32] /goto hela~
[22/5/2022 0:31:34] /goto hela~
[22/5/2022 0:31:35] /goto hela~
[22/5/2022 0:31:37] /goto hela~
[22/5/2022 0:31:38] /goto hela~
[22/5/2022 0:31:39] /goto hela~
[22/5/2022 0:31:40] /goto hela~
[22/5/2022 0:31:41] /goto hela~
[22/5/2022 0:31:42] /goto hela~
[22/5/2022 0:31:43] /goto hela~
[22/5/2022 0:31:44] /goto hela~
[22/5/2022 0:31:45] /goto hela~
[22/5/2022 0:31:46] /goto hela~
[22/5/2022 0:31:47] /goto hela~
[22/5/2022 0:31:48] /goto hela~
[22/5/2022 0:31:49] /goto hela~
[22/5/2022 0:31:50] /goto hela~
[22/5/2022 0:31:52] /goto hela~
[22/5/2022 0:31:53] /goto hela~
[22/5/2022 0:31:55] /goto hela~
[22/5/2022 0:31:56] /goto hela~
[22/5/2022 0:31:56] /goto hela~
[22/5/2022 0:31:57] /goto hela~
[22/5/2022 0:31:58] /goto hela~
[22/5/2022 0:31:59] /goto hela~
[22/5/2022 0:32:0] /goto hela~
[22/5/2022 0:32:0] /goto hela~
[22/5/2022 0:32:2] /goto hela~
[22/5/2022 0:32:3] /goto hela~
[22/5/2022 0:32:4] /goto hela~
[22/5/2022 0:32:8] /goto hela~
[22/5/2022 0:32:19] /goto hela~
[22/5/2022 0:32:24] /goto hela~
[22/5/2022 0:32:37] /goto hela~
[22/5/2022 0:32:38] /goto hela~
[22/5/2022 0:32:39] /goto hela~
[22/5/2022 0:32:40] /goto hela~
[22/5/2022 0:32:41] /goto hela~
[22/5/2022 0:32:42] /goto hela~
[22/5/2022 0:32:43] /goto hela~
[22/5/2022 0:32:44] /goto hela~
[22/5/2022 0:32:45] /goto hela~
[22/5/2022 0:32:45] /goto hela~
[22/5/2022 0:32:46] /goto hela~
[22/5/2022 0:32:47] /goto hela~
[22/5/2022 0:32:47] /goto hela~
[22/5/2022 0:32:48] /goto hela~
[22/5/2022 0:32:48] /goto hela~
[22/5/2022 0:32:49] /goto hela~
[22/5/2022 0:32:50] /goto hela~
[22/5/2022 0:32:50] /goto hela~
[22/5/2022 0:32:51] /goto hela~
[22/5/2022 0:32:51] /goto hela~
[22/5/2022 0:32:52] /goto hela~
[22/5/2022 0:32:53] /goto hela~
[22/5/2022 0:32:53] /goto hela~
[22/5/2022 0:32:55] /goto hela~
[22/5/2022 0:32:55] /goto hela~
[22/5/2022 0:32:56] /goto hela~
[22/5/2022 0:32:57] /goto hela~
[22/5/2022 0:32:58] /goto hela~
[22/5/2022 0:32:59] /goto hela~
[22/5/2022 0:33:2] /goto hela~
[22/5/2022 0:33:2] /goto hela~
[22/5/2022 0:33:4] /goto hela~
[22/5/2022 0:33:5] /goto hela~
[22/5/2022 0:33:5] /goto hela~
[22/5/2022 0:33:6] /goto hela~
[22/5/2022 0:33:7] /goto hela~
[22/5/2022 0:33:8] /goto hela~
[22/5/2022 0:33:9] /goto hela~
[22/5/2022 0:33:10] /goto hela~
[22/5/2022 0:33:11] /goto hela~
[22/5/2022 0:33:12] /goto hela~
[22/5/2022 0:33:13] /goto hela~
[22/5/2022 0:33:14] /goto hela~
[22/5/2022 0:33:14] /goto hela~
[22/5/2022 0:33:15] /goto hela~
[22/5/2022 0:33:16] /goto hela~
[22/5/2022 0:33:17] /goto hela~
[22/5/2022 0:33:17] /goto hela~
[22/5/2022 0:33:18] /goto hela~
[22/5/2022 0:33:19] /goto hela~
[22/5/2022 0:33:20] /goto hela~
[22/5/2022 0:33:21] /goto hela~
[22/5/2022 0:33:22] /goto hela~
[22/5/2022 0:33:23] /goto hela~
[22/5/2022 0:33:23] /goto hela~
[22/5/2022 0:33:24] /goto hela~
[22/5/2022 0:33:27] /goto hela~
[22/5/2022 0:33:28] /goto hela~
[22/5/2022 0:33:29] /goto hela~
[22/5/2022 0:33:30] /goto hela~
[22/5/2022 0:33:32] /goto hela~
[22/5/2022 0:33:33] /goto hela~
[22/5/2022 0:33:34] /goto hela~
[22/5/2022 0:33:35] /goto hela~
[22/5/2022 0:33:37] /goto hela~
[22/5/2022 0:33:38] /goto hela~
[22/5/2022 0:33:39] /goto hela~
[22/5/2022 0:33:40] /goto hela~
[22/5/2022 0:33:41] /goto hela~
[22/5/2022 0:33:42] /goto hela~
[22/5/2022 0:33:43] /goto hela~
[22/5/2022 0:33:44] /goto hela~
[22/5/2022 0:33:45] /goto hela~
[22/5/2022 0:33:45] /goto hela~
[22/5/2022 0:33:46] /goto hela~
[22/5/2022 0:33:47] /goto hela~
[22/5/2022 0:33:48] /goto hela~
[22/5/2022 0:33:49] /goto hela~
[22/5/2022 0:33:50] /goto hela~
[22/5/2022 0:33:53] /t
[22/5/2022 0:34:45] /goto hela~
[22/5/2022 0:34:47] /goto hela~
[22/5/2022 0:34:48] /goto hela~
[22/5/2022 0:34:49] /goto hela~
[22/5/2022 0:34:51] /goto hela~
[22/5/2022 0:34:52] /goto hela~
[22/5/2022 0:34:53] /goto hela~
[22/5/2022 0:34:54] /goto hela~
[22/5/2022 0:34:55] /goto hela~
[22/5/2022 0:34:57] /goto hela~
[22/5/2022 0:34:58] /goto hela~
[22/5/2022 0:34:59] /goto hela~
[22/5/2022 0:35:0] /goto hela~
[22/5/2022 0:35:1] /goto hela~
[22/5/2022 0:35:2] /goto hela~
[22/5/2022 0:35:3] /goto hela~
[22/5/2022 0:35:4] /goto hela~
[22/5/2022 0:35:5] /goto hela~
[22/5/2022 0:35:11] /goto hela~
[22/5/2022 0:35:15] /goto hela~
[22/5/2022 0:35:17] /goto hela~
[22/5/2022 0:35:19] /goto hela~
[22/5/2022 0:35:21] /goto hela~
[22/5/2022 0:35:22] /goto hela~
[22/5/2022 0:35:23] /goto hela~
[22/5/2022 0:35:24] /goto hela~
[22/5/2022 0:35:25] /goto hela~
[22/5/2022 0:35:26] /goto hela~
[22/5/2022 0:35:27] /goto hela~
[22/5/2022 0:35:29] /goto hela~
[22/5/2022 0:35:30] /goto hela~
[22/5/2022 0:35:31] /goto hela~
[22/5/2022 0:35:32] /goto hela~
[22/5/2022 0:35:33] /goto hela~
[22/5/2022 0:35:34] /goto hela~
[22/5/2022 0:35:34] /goto hela~
[22/5/2022 0:35:35] /goto hela~
[22/5/2022 0:35:37] /goto hela~
[22/5/2022 0:35:38] /goto hela~
[22/5/2022 0:35:39] /goto hela~
[22/5/2022 0:35:40] /goto hela~
[22/5/2022 0:35:41] /goto hela~
[22/5/2022 0:35:42] /goto hela~
[22/5/2022 0:35:42] /goto hela~
[22/5/2022 0:35:43] /goto hela~
[22/5/2022 0:35:44] /goto hela~
[22/5/2022 0:35:44] /goto hela~
[22/5/2022 0:35:45] /goto hela~
[22/5/2022 0:36:11] /t
[22/5/2022 0:39:2] /goto staff~
[22/5/2022 3:26:12] /goto lin~
[22/5/2022 3:26:40] /goto lin~
[22/5/2022 3:26:44] /goto lin~
[22/5/2022 3:26:47] /goto lin~
[22/5/2022 3:26:49] /goto lin~
[22/5/2022 3:26:51] /goto lin~
[22/5/2022 3:26:52] /goto lin~
[22/5/2022 3:26:53] /goto lin~
[22/5/2022 3:26:57] /goto lin~
[22/5/2022 3:26:58] /goto lin~
[22/5/2022 3:26:59] /goto lin~
[22/5/2022 3:27:0] /goto lin~
[22/5/2022 3:27:1] /goto lin~
[22/5/2022 3:27:2] /goto lin~
[22/5/2022 3:27:4] /goto lin~
[22/5/2022 3:27:6] /goto lin~
[22/5/2022 3:27:8] /goto lin~
[22/5/2022 3:27:11] /goto lin~
[22/5/2022 3:29:48] /goto lin~
[22/5/2022 5:33:0] /t
[22/5/2022 5:33:8] /goto 31919 29503 11
[22/5/2022 5:33:42] /goto x31919 y29503 z11
[22/5/2022 5:33:52] /goto x31919 y29503 z11
[22/5/2022 5:37:4] /i 12652
[22/5/2022 5:49:59] /b boa noite
[22/5/2022 5:50:55] /c hela~
[22/5/2022 5:51:18] /m demon
[22/5/2022 5:51:20] /m demon
[22/5/2022 5:51:38] /r
[22/5/2022 5:51:39] /r
[22/5/2022 5:52:23] /addskill Hela Odinsdottir, 1
[22/5/2022 5:52:47] /addskill
[22/5/2022 5:52:59] /addskill Hela Odinsdottir, level 1
[22/5/2022 5:55:8] /ghost
[22/5/2022 6:2:35] /ghost
[22/5/2022 6:2:41] /goto god~
[22/5/2022 6:3:26] /goto ika~
[22/5/2022 6:3:29] /goto ika~
[22/5/2022 6:3:30] /goto ika~
[22/5/2022 6:3:32] /goto ika~
[22/5/2022 6:3:33] /goto ika~
[22/5/2022 6:3:34] /goto ika~
[22/5/2022 6:3:36] /goto ika~
[22/5/2022 6:3:37] /goto ika~
[22/5/2022 6:3:39] /goto ika~
[22/5/2022 6:3:41] /goto ika~
[22/5/2022 6:3:42] /goto ika~
[22/5/2022 6:4:3] /goto ika~
[22/5/2022 6:4:4] /goto ika~
[22/5/2022 6:4:6] /goto ika~
[22/5/2022 6:4:7] /goto ika~
[22/5/2022 6:4:9] /goto ika~
[22/5/2022 6:4:10] /goto ika~
[22/5/2022 6:4:46] /goto ika~
[22/5/2022 6:4:48] /goto ika~
[22/5/2022 6:4:50] /goto ika~
[22/5/2022 6:4:55] /goto ika~
[22/5/2022 6:4:57] /goto ika~
[22/5/2022 6:4:59] /goto ika~
[22/5/2022 6:5:0] /goto ika~
[22/5/2022 6:5:2] /goto ika~
[22/5/2022 6:5:4] /goto ika~
[22/5/2022 6:5:5] /goto ika~
[22/5/2022 6:5:7] /goto ika~
[22/5/2022 6:5:8] /goto ika~
[22/5/2022 6:5:11] /goto ika~
[22/5/2022 6:5:12] /goto ika~
[22/5/2022 6:5:14] /goto ika~
[22/5/2022 6:5:15] /goto ika~
[22/5/2022 6:5:17] /goto ika~
[22/5/2022 6:5:19] /goto ika~
[22/5/2022 6:5:20] /goto ika~
[22/5/2022 6:6:31] /goto ika~
[22/5/2022 6:6:34] /goto ika~
[22/5/2022 6:6:35] /goto ika~
[22/5/2022 6:6:36] /goto ika~
[22/5/2022 6:6:37] /goto ika~
[22/5/2022 6:6:38] /goto ika~
[22/5/2022 6:6:39] /goto ika~
[22/5/2022 6:6:40] /goto ika~
[22/5/2022 6:6:41] /goto ika~
[22/5/2022 6:6:42] /goto ika~
[22/5/2022 6:6:43] /goto ika~
[22/5/2022 6:6:44] /goto ika~
[22/5/2022 6:6:45] /goto ika~
[22/5/2022 6:6:46] /goto ika~
[22/5/2022 6:6:47] /goto ika~
[22/5/2022 6:6:48] /goto ika~
[22/5/2022 6:6:50] /goto ika~
[22/5/2022 6:7:0] /goto ika~
[22/5/2022 6:7:1] /goto ika~
[22/5/2022 6:7:3] /goto ika~
[22/5/2022 6:7:10] /goto ika~
[22/5/2022 6:7:14] /t
[22/5/2022 6:27:10] /goto Volta Pramin
[22/5/2022 6:27:15] /goto Volta Pramin
[22/5/2022 23:30:41] /goto ocri~
[22/5/2022 23:31:0] /i 12644
[22/5/2022 23:33:43] /r
[22/5/2022 23:36:49] /down
[22/5/2022 23:37:11] /t
[22/5/2022 23:37:37] /down
[22/5/2022 23:38:44] /i 1214
[22/5/2022 23:38:47] /r
[22/5/2022 23:39:5] /i 7441
[22/5/2022 23:39:10] /i 7441
[22/5/2022 23:39:11] /i 7441
[22/5/2022 23:39:12] /i 7441
[22/5/2022 23:39:13] /i 7441
[22/5/2022 23:39:14] /i 7441
[22/5/2022 23:39:14] /i 7441
[22/5/2022 23:39:15] /i 7441
[22/5/2022 23:39:16] /i 7441
[22/5/2022 23:39:17] /i 7441
[22/5/2022 23:39:18] /i 7441
[22/5/2022 23:39:18] /i 7441
[22/5/2022 23:39:19] /i 7441
[22/5/2022 23:39:20] /i 7441
[22/5/2022 23:39:21] /i 7441
[22/5/2022 23:39:21] /i 7441
[22/5/2022 23:39:22] /i 7441
[22/5/2022 23:39:23] /i 7441
[22/5/2022 23:39:24] /i 7441
[22/5/2022 23:39:25] /i 7441
[22/5/2022 23:39:25] /i 7441
[22/5/2022 23:39:26] /i 7441
[22/5/2022 23:39:27] /i 7441
[22/5/2022 23:39:28] /i 7441
[22/5/2022 23:39:28] /i 7441
[22/5/2022 23:39:29] /i 7441
[22/5/2022 23:39:30] /i 7441
[22/5/2022 23:39:31] /i 7441
[22/5/2022 23:39:32] /i 7441
[22/5/2022 23:39:32] /i 7441
[22/5/2022 23:39:33] /i 7441
[22/5/2022 23:39:34] /i 7441
[22/5/2022 23:39:35] /i 7441
[22/5/2022 23:39:35] /i 7441
[22/5/2022 23:39:36] /i 7441
[22/5/2022 23:39:37] /i 7441
[22/5/2022 23:41:13] /goto ocri~
[22/5/2022 23:41:26] /t ocri~
[22/5/2022 23:41:28] /t
[22/5/2022 23:41:57] /owner ocri~
[22/5/2022 23:42:14] /goto ocri~
[22/5/2022 23:43:9] /owner Ocrime Eh Sujo
[22/5/2022 23:43:57] /i 7461
[22/5/2022 23:44:1] /i 7462
[22/5/2022 23:44:6] /i 7463
[22/5/2022 23:44:15] /i 7464
[22/5/2022 23:44:36] /i 7460
[22/5/2022 23:44:49] /i 7464
[22/5/2022 23:44:54] /i 7465
[22/5/2022 23:44:56] /r
[22/5/2022 23:45:5] /i 7459
[22/5/2022 23:45:21] /i 7458
[22/5/2022 23:45:24] /i 7457
[22/5/2022 23:46:6] /r
[22/5/2022 23:46:13] /goto nada
[22/5/2022 23:46:31] /i 2160
[22/5/2022 23:46:32] /i 2160
[22/5/2022 23:48:20] /t
[22/5/2022 23:49:8] /i 7895
[22/5/2022 23:49:16] /i 7896
[22/5/2022 23:49:22] /i 7897
[22/5/2022 23:49:40] /i 7898
[22/5/2022 23:49:47] /i 7899
[22/5/2022 23:50:5] /i 7894
[22/5/2022 23:50:7] /i 7893
[22/5/2022 23:50:16] /i 7892
[22/5/2022 23:50:22] /i 7891
[22/5/2022 23:50:42] /i 7890
[22/5/2022 23:51:3] /i 7889
[22/5/2022 23:51:7] /i 7888
[22/5/2022 23:51:9] /i 7887
[22/5/2022 23:51:12] /i 7886
[22/5/2022 23:51:24] /i 7885
[22/5/2022 23:51:28] /i 7884
[22/5/2022 23:51:34] /i 7883
[22/5/2022 23:51:40] /r
[22/5/2022 23:51:52] /r
[22/5/2022 23:51:53] /r
[22/5/2022 23:51:54] /r
[22/5/2022 23:51:55] /r
[22/5/2022 23:52:6] /i 7882
[22/5/2022 23:52:8] /i 7881
[22/5/2022 23:52:10] /r
[22/5/2022 23:52:11] /r
[22/5/2022 23:52:16] /i 7899
[22/5/2022 23:52:23] /i 7900
[22/5/2022 23:52:34] /r
[22/5/2022 23:52:38] /i 7901
[22/5/2022 23:52:57] /i 7902
[22/5/2022 23:53:2] /i 7903
[22/5/2022 23:53:11] /i 7904
[22/5/2022 23:53:21] /r
[22/5/2022 23:53:26] /r
[22/5/2022 23:53:28] /r
[22/5/2022 23:54:25] /i 8892
[22/5/2022 23:54:37] /r
[22/5/2022 23:54:40] /i 8893
[22/5/2022 23:54:48] /i 8893
[22/5/2022 23:54:50] /i 8893
[22/5/2022 23:54:54] /i 8893
[22/5/2022 23:54:58] /i 8894
[22/5/2022 23:55:0] /r
[22/5/2022 23:55:5] /i 8891
[22/5/2022 23:55:8] /i 8890
[22/5/2022 23:55:17] /r
[22/5/2022 23:55:18] /r
[22/5/2022 23:55:28] /i gold legs
[22/5/2022 23:55:38] /i golden legs
[22/5/2022 23:55:53] /r
[22/5/2022 23:58:30] /i 5891
[23/5/2022 0:2:39] /goto god~
[23/5/2022 0:8:22] /goto ob~
[23/5/2022 0:8:37] /goto Meteficha~
[23/5/2022 0:12:1] /goto ob~
[23/5/2022 0:12:17] /t
[23/5/2022 0:26:24] /goto god~
[23/5/2022 0:26:38] /goto god~
[23/5/2022 0:43:58] /t
[24/5/2022 16:28:45] /t
[24/5/2022 16:29:36] /goto god~
[24/5/2022 16:31:30] /goto ehcrime 
[24/5/2022 16:32:27] /r 100
[24/5/2022 16:32:29] /r 100
[24/5/2022 16:32:29] /r 100
[24/5/2022 16:32:30] /r 100
[24/5/2022 16:32:30] /r 100
[24/5/2022 16:32:31] /r 100
[24/5/2022 16:32:31] /r 100
[24/5/2022 16:32:31] /r 100
[24/5/2022 16:32:32] /r 100
[24/5/2022 16:32:32] /r 100
[24/5/2022 16:32:33] /r 100
[24/5/2022 16:32:33] /r 100
[24/5/2022 16:32:34] /r 100
[24/5/2022 16:32:34] /r 100
[24/5/2022 16:32:35] /r 100
[24/5/2022 16:32:43] /i 1036
[24/5/2022 18:18:46] /i 7735
