[28/2/2025 1:41:9] /r
[28/2/2025 1:41:12] /r
[28/2/2025 1:41:14] /r
[28/2/2025 1:41:16] /r
[28/2/2025 1:41:17] /r
[28/2/2025 1:41:19] /r
[28/2/2025 1:41:23] /r
[28/2/2025 1:41:27] /r
[28/2/2025 1:41:27] /r
[28/2/2025 1:41:29] /r
[28/2/2025 1:41:39] /i 5637
[28/2/2025 1:41:49] /i 5637
[28/2/2025 1:41:51] /i 5637
[28/2/2025 1:41:56] /i 5637
[28/2/2025 1:41:59] /i 5637
[28/2/2025 1:42:0] /i 5637
[28/2/2025 1:42:7] /i 5637
[28/2/2025 1:42:11] /i 5637
[28/2/2025 1:42:14] /i 5637
[28/2/2025 1:42:16] /i 5637
[28/2/2025 1:48:28] /r
[28/2/2025 1:48:31] /r
[28/2/2025 1:48:34] /r
[28/2/2025 1:50:48] /r
[28/2/2025 1:51:4] /t
[28/2/2025 1:53:22] /r
[28/2/2025 1:54:42] /t
[28/2/2025 1:54:50] /town thais
[28/2/2025 1:57:2] /i crystal coin
[28/2/2025 1:57:5] /i crystal coin
[28/2/2025 1:57:5] /i crystal coin
[28/2/2025 1:57:6] /i crystal coin
[28/2/2025 1:57:6] /i crystal coin
[28/2/2025 1:57:6] /i crystal coin
[28/2/2025 1:57:6] /i crystal coin
[28/2/2025 1:57:6] /i crystal coin
[28/2/2025 1:59:40] /addskill Pililiu, level 100
[28/2/2025 1:59:52] /addskill Pililiu, level 100
[28/2/2025 2:0:17] /addskill Pililiu, level, 60
[28/2/2025 2:0:24] /addskill Pililiu, level, 15
[28/2/2025 2:1:0] /addskill Pililiu, magic, 65
[28/2/2025 2:2:47] /r Renrenx
[28/2/2025 2:2:54] /c Renrenx
[28/2/2025 2:2:56] /c Renren
[28/2/2025 2:3:13] /c Renx
[28/2/2025 2:3:19] /c Renx
[28/2/2025 2:4:47] /addskill Renx, level,80
[28/2/2025 2:4:57] /addskill Renx, level,24
[28/2/2025 2:7:26] /addskill Nusyck, level,92
[28/2/2025 2:7:40] /addskill Nusyck, magic,92
[28/2/2025 2:8:3] /addskill Renx, magic,70
[28/2/2025 2:8:53] /c Guizin
[28/2/2025 2:8:55] /c Guizin
[28/2/2025 2:8:57] /c Guizin
[28/2/2025 2:8:58] /c Guizin
[28/2/2025 2:9:20] /addskill Guizin, level,92
[28/2/2025 2:9:24] /addskill Guizin, magic,70
[28/2/2025 2:11:17] /addskill Nusyc, level,92
[28/2/2025 2:11:22] /addskill Nusyc, magic,70
[28/2/2025 2:12:33] /i crystal coin
[28/2/2025 2:12:34] /i crystal coin
[28/2/2025 2:12:36] /i crystal coin
[28/2/2025 2:12:37] /i crystal coin
[3/3/2025 22:46:51] /goto Testandox
[3/3/2025 22:46:55] /r
[3/3/2025 22:46:58] /r
[3/3/2025 22:47:0] /r
[3/3/2025 22:47:3] /r
[3/3/2025 22:47:6] /r
[3/3/2025 22:47:9] /r
[3/3/2025 22:47:11] /r
[3/3/2025 22:47:41] /r
[3/3/2025 22:47:43] /r
[3/3/2025 22:47:45] /r
[3/3/2025 22:47:46] /t
[3/3/2025 22:47:49] /town thaus
[3/3/2025 22:47:52] /town thais
[3/3/2025 22:48:1] /c Testandox
[3/3/2025 22:48:28] /addskill Testandox, level, 300
[3/3/2025 22:51:50] /addskill Onic, magic level, 100
[3/3/2025 22:51:57] /addskill Onic, magic level, 100
[3/3/2025 23:12:52] /save
[3/3/2025 23:13:44] /save
[4/3/2025 0:10:33] /i fire bomb rune
[4/3/2025 0:10:36] /i fire bomb 
[4/3/2025 0:10:40] /i fire bombe
[4/3/2025 1:3:4] /town thais
[4/3/2025 1:10:23] /town thais
[4/3/2025 16:0:55] /i 2562
[4/3/2025 16:0:56] /i 2562
[4/3/2025 16:0:56] /i 2562
[4/3/2025 16:0:57] /i 2562
[4/3/2025 16:0:57] /i 2562
[4/3/2025 16:0:58] /i 2562
[4/3/2025 16:0:58] /i 2562
[4/3/2025 19:4:9] /i 2562
[4/3/2025 19:4:10] /i 2562
[4/3/2025 19:4:10] /i 2562
[4/3/2025 19:4:11] /i 2562
[4/3/2025 19:4:11] /i 2562
[4/3/2025 19:4:12] /i 2562
[4/3/2025 19:4:14] /save
[4/3/2025 19:4:54] /save
[4/3/2025 19:29:3] /save
[4/3/2025 19:29:21] /save
[4/3/2025 21:36:10] /town thais
[4/3/2025 21:36:19] /save
[4/3/2025 21:36:22] /save
[4/3/2025 21:36:24] /t
[4/3/2025 21:36:26] /t
[4/3/2025 21:36:34] /t
[4/3/2025 22:8:30] /b olaa
[10/3/2025 17:9:19] /i Robe of the Underworld
[10/3/2025 17:29:2] /i 12658
[10/3/2025 17:32:25] /i 12653
[10/3/2025 17:38:1] /i 7735
[10/3/2025 17:49:40] /i   <wand id="12635" range="10" lvl="8" mana="20" enabled="1" exhaustion="0" script="donatestaff.lua"> <!-- VIP WAND --> 
[10/3/2025 17:49:47] /i 12635
[10/3/2025 18:17:55] /i 12631
[11/3/2025 19:28:0] /i 12654
[11/3/2025 19:28:10] /i 12655
[11/3/2025 19:28:12] /i 12656
[11/3/2025 19:28:14] /i 12657
[11/3/2025 19:28:16] /i 12658
[11/3/2025 19:28:19] /i 12659
[11/3/2025 19:28:25] /i 12660
[11/3/2025 19:28:27] /i 12661
[11/3/2025 19:28:28] /i 12662
[11/3/2025 19:28:31] /i 12663
[11/3/2025 19:28:33] /i 12664
[11/3/2025 19:28:35] /i 12665
[11/3/2025 19:28:37] /i 12666
[11/3/2025 19:28:39] /i 12667
[11/3/2025 19:28:52] /i 12668
[11/3/2025 19:28:54] /i 12669
[11/3/2025 19:28:58] /i 12670
[11/3/2025 19:29:0] /i 12671
[11/3/2025 19:29:2] /i 12672
[11/3/2025 19:29:4] /i 12673
[11/3/2025 19:29:20] /i 12674
[11/3/2025 19:29:22] /i 12675
[11/3/2025 19:29:39] /i 12676
[11/3/2025 19:29:41] /i 12677
[11/3/2025 19:29:44] /i 12678
[11/3/2025 19:29:45] /i 12679
[11/3/2025 19:29:48] /i 12690
[11/3/2025 19:29:52] /i 12680
[11/3/2025 20:24:47] /save
[11/3/2025 20:25:22] /i 12654
[11/3/2025 20:25:24] /i 12655
[11/3/2025 20:25:26] /i 12656
[11/3/2025 20:27:20] /reload items
[11/3/2025 20:27:27] /save
[11/3/2025 21:43:41] /reload items
[11/3/2025 23:58:33] /shutdown
[12/3/2025 18:29:29] /i antiguera backpack
[12/3/2025 18:29:49] /i 12652
[12/3/2025 18:50:27] /i 12659
[12/3/2025 19:27:17] /i 12666
[12/3/2025 20:23:54] /i VIP Paladin boots
[12/3/2025 23:22:21] /ghost
[12/3/2025 23:23:32] /t vovo ruim
[12/3/2025 23:23:43] /c vovorin
[12/3/2025 23:29:13] /ghost
[12/3/2025 23:29:18] /i 3031
[12/3/2025 23:29:31] /i crystal coin
[12/3/2025 23:29:36] /i crystal coin
[12/3/2025 23:29:37] /i crystal coin
[12/3/2025 23:29:38] /i crystal coin
[12/3/2025 23:29:39] /i crystal coin
[12/3/2025 23:29:41] /i crystal coin
[12/3/2025 23:29:43] /i crystal coin
[12/3/2025 23:32:26] /addskill ,level 5
[12/3/2025 23:32:48] /addskill Vovorin, level 5
[12/3/2025 23:32:56] /addskill Vovorin, level, 5
[12/3/2025 23:33:2] /addskill Vovorin, level, 5
[12/3/2025 23:33:3] /addskill Vovorin, level, 5
[12/3/2025 23:33:4] /addskill Vovorin, level, 5
[12/3/2025 23:33:5] /addskill Vovorin, level, 5
[12/3/2025 23:33:6] /addskill Vovorin, level, 5
[12/3/2025 23:33:6] /addskill Vovorin, level, 5
[12/3/2025 23:33:9] /addskill Vovorin, level, 5
[12/3/2025 23:33:11] /addskill Vovorin, level, 5
[12/3/2025 23:33:12] /addskill Vovorin, level, 5
[12/3/2025 23:33:13] /addskill Vovorin, level, 5
[12/3/2025 23:33:16] /addskill Vovorin, level, 5
[12/3/2025 23:33:18] /addskill Vovorin, level, 5
[12/3/2025 23:33:20] /addskill Vovorin, level, 5
[12/3/2025 23:33:23] /addskill Vovorin, level, 5
[12/3/2025 23:33:33] /addskill Vovorin, level, 11
[12/3/2025 23:33:46] /addskill Vovorin, magic, 70
[12/3/2025 23:36:7] /goto Kazoordoon
[12/3/2025 23:36:11] /town Kazoordoon
[12/3/2025 23:36:24] /town Kazordoon
[12/3/2025 23:37:7] /up
[12/3/2025 23:37:9] /up
[12/3/2025 23:37:11] /up
[12/3/2025 23:37:14] /a 3
[12/3/2025 23:37:41] /a 3
[12/3/2025 23:37:57] /a 1
[12/3/2025 23:37:57] /a 1
[12/3/2025 23:37:57] /a 1
[12/3/2025 23:37:57] /a 1
[12/3/2025 23:37:57] /a 1
[12/3/2025 23:37:57] /a 1
[12/3/2025 23:37:57] /a 1
[12/3/2025 23:37:57] /a 1
[12/3/2025 23:37:57] /a 1
[12/3/2025 23:37:57] /a 1
[12/3/2025 23:37:57] /a 1
[12/3/2025 23:37:57] /a 1
[12/3/2025 23:37:57] /a 1
[12/3/2025 23:37:58] /a 1
[12/3/2025 23:37:58] /a 1
[12/3/2025 23:37:58] /a 1
[12/3/2025 23:37:58] /a 1
[12/3/2025 23:37:59] /a 1
[12/3/2025 23:37:59] /a 1
[12/3/2025 23:37:59] /a 1
[12/3/2025 23:37:59] /a 1
[12/3/2025 23:38:2] /a 1
[12/3/2025 23:38:2] /a 1
[12/3/2025 23:38:2] /a 1
[12/3/2025 23:38:2] /a 1
[12/3/2025 23:38:3] /a 1
[12/3/2025 23:38:3] /a 1
[12/3/2025 23:38:3] /a 1
[12/3/2025 23:38:3] /a 1
[12/3/2025 23:38:3] /a 1
[12/3/2025 23:38:3] /a 1
[12/3/2025 23:38:3] /a 1
[12/3/2025 23:38:3] /a 1
[12/3/2025 23:38:3] /a 1
[12/3/2025 23:38:6] /a 1
[12/3/2025 23:38:6] /a 1
[12/3/2025 23:38:6] /a 1
[12/3/2025 23:38:6] /a 1
[12/3/2025 23:38:6] /a 1
[12/3/2025 23:38:6] /a 1
[12/3/2025 23:38:6] /a 1
[12/3/2025 23:38:6] /a 1
[12/3/2025 23:38:6] /a 1
[12/3/2025 23:38:6] /a 1
[12/3/2025 23:38:7] /a 1
[12/3/2025 23:38:7] /a 1
[12/3/2025 23:38:7] /a 1
[12/3/2025 23:38:7] /a 1
[12/3/2025 23:38:7] /a 1
[12/3/2025 23:38:7] /a 1
[12/3/2025 23:38:7] /a 1
[12/3/2025 23:38:7] /a 1
[12/3/2025 23:38:7] /a 1
[12/3/2025 23:38:7] /a 1
[12/3/2025 23:38:7] /a 1
[12/3/2025 23:38:17] /town thais
[12/3/2025 23:38:21] /c Guizin
[12/3/2025 23:43:27] /reload spells
[12/3/2025 23:50:22] /reload actions
[12/3/2025 23:51:0] /save
[12/3/2025 23:55:5] /reload actions
[12/3/2025 23:55:22] /reload spells
[13/3/2025 0:41:23] /save
[13/3/2025 0:41:57] /shutdown 0
[13/3/2025 0:46:55] /i brown mushroom
[13/3/2025 0:46:58] /i brown mushroom
[13/3/2025 0:46:59] /i brown mushroom
[13/3/2025 0:47:1] /i brown mushroom
[13/3/2025 0:57:2] /addskill Vovorin, level, 5
[13/3/2025 0:57:6] /addskill Vovorin, level, 5
[13/3/2025 0:57:9] /addskill Vovorin, level, 5
[13/3/2025 0:57:11] /addskill Vovorin, level, 5
[13/3/2025 0:58:20] /r
[13/3/2025 0:58:44] /c Tester
[13/3/2025 0:59:28] /addskill Tester, level, 35
[13/3/2025 0:59:34] /addskill Tester, level, 3
[13/3/2025 0:59:43] /addskill Tester, magic, 70
[13/3/2025 1:2:55] /reload spells
[13/3/2025 1:3:16] /reload actions
[13/3/2025 1:3:27] /reload scripts
[13/3/2025 1:5:35] /save
[13/3/2025 1:5:41] /shutdown
[13/3/2025 1:7:36] /save
[13/3/2025 1:7:43] /shutdown 0
[13/3/2025 1:10:23] /save
[13/3/2025 1:10:26] /shutdown 0
[13/3/2025 1:11:53] /r
[13/3/2025 2:12:12] /save
[13/3/2025 2:44:33] /addskill Renx, level, 10
[13/3/2025 2:44:39] /addskill Renx, level, 3
[13/3/2025 2:45:27] /addskill Renx, level, 50
[13/3/2025 2:45:48] /addskill Renx, magic, 5
[13/3/2025 2:46:20] /addskill Renx, magic, 5
[13/3/2025 2:46:48] /addskill Renx, magic, 10
[13/3/2025 2:47:24] /addskill Renx, magic, 10
[13/3/2025 2:51:39] /addskill Renx, magic, 60
[13/3/2025 2:53:39] /r
[13/3/2025 2:59:37] /i Master Sorcerer
[13/3/2025 2:59:38] /i Master Druid Helmet
[13/3/2025 2:59:45] /i Master Druid Legs
[13/3/2025 2:59:51] /i Master Druid Ring
[13/3/2025 2:59:59] /i Master Druid Robe
[13/3/2025 3:0:14] /i Master Druid Shields
[13/3/2025 3:0:32] /i VIP Druid Boots
[13/3/2025 3:0:38] /i VIP Druid Rod
[13/3/2025 3:1:10] /i Master Sorcerer Helmet
[13/3/2025 3:1:14] /i Master Sorcerer Helmet
[13/3/2025 3:1:20] /i Master Sorcerer Legs
[13/3/2025 3:1:32] /i Master Sorcerer Ring
[13/3/2025 3:1:43] /i Master Sorcerer Robe
[19/3/2025 0:21:15] /i 12654
[19/3/2025 0:21:27] /i 12655
[19/3/2025 0:21:35] /i 12655
[19/3/2025 0:21:40] /i 12656
[19/3/2025 0:22:12] /i 12654 
[19/3/2025 0:22:17] /i 12655 
[19/3/2025 0:22:35] /i 12656, 2
[19/3/2025 0:22:42] /i 12657 
[19/3/2025 0:22:46] /i 12658 
[19/3/2025 0:22:49] /i 12659 
[19/3/2025 0:22:52] /i 12660 
[19/3/2025 0:22:58] /i 12661 
[19/3/2025 0:23:1] /i 12662 
[19/3/2025 0:23:4] /i 12663 
[19/3/2025 0:23:8] /i 12664 
[19/3/2025 0:23:11] /i 12673 
[19/3/2025 0:23:14] /i 12666 
[19/3/2025 0:23:17] /i 12667 
[19/3/2025 0:23:21] /i 12668 
[19/3/2025 0:23:25] /i 12669 
[19/3/2025 0:23:28] /i 12670 
[19/3/2025 0:23:32] /i 12671 
[19/3/2025 0:23:35] /i 12672 
[19/3/2025 0:23:39] /i 12665 
[19/3/2025 0:23:42] /i 12674 
[19/3/2025 0:23:46] /i 12675 
[19/3/2025 0:23:50] /i 12676 
[19/3/2025 0:23:53] /i 12678 
[19/3/2025 0:23:56] /i 12677 
[19/3/2025 0:23:59] /i 12679 
[19/3/2025 0:24:2] /i 12680 
[19/3/2025 0:24:5] /i 12683 
[19/3/2025 0:24:7] /i 12684 
[19/3/2025 0:24:11] /i 12691 
[19/3/2025 0:24:14] /i 12692 
[19/3/2025 0:24:17] /i 12693 
[19/3/2025 0:24:20] /i 12695 
[19/3/2025 0:24:23] /i 12696 
[19/3/2025 0:24:39] /i backpack
[19/3/2025 0:47:20] /i Master Sorcerer Robe
[19/3/2025 0:47:24] /i VIP Sorcerer Boots
[19/3/2025 0:47:31] /i VIP Sorcerer Wand
[19/3/2025 0:47:40] /i Master Sorcerer Ring
[19/3/2025 0:48:29] /i VIP Sorc Wand
[19/3/2025 0:50:45] /i Antiguera Sorc Book
[19/3/2025 0:51:12] /i VIP Wand
[19/3/2025 0:54:51] /r
[19/3/2025 1:46:20] /c Nusyc Pally
[19/3/2025 1:51:17] /addskill Gui, level, 18
[19/3/2025 1:51:42] /c Guizin
[19/3/2025 1:51:44] /c Gui
[19/3/2025 1:52:11] /c Gui
[19/3/2025 1:57:15] /c Vovorin
[19/3/2025 1:59:51] /c sorcer
[19/3/2025 2:5:7] /i crystal coin
[19/3/2025 2:5:8] /i crystal coin
[19/3/2025 2:5:8] /i crystal coin
[19/3/2025 2:5:9] /i crystal coin
[19/3/2025 2:5:10] /i crystal coin
[19/3/2025 2:5:10] /i crystal coin
[19/3/2025 2:5:11] /i crystal coin
[19/3/2025 2:5:11] /i crystal coin
[19/3/2025 2:5:12] /i crystal coin
[19/3/2025 2:5:12] /i crystal coin
[19/3/2025 2:5:13] /i crystal coin
[19/3/2025 2:5:13] /i crystal coin
[19/3/2025 2:5:14] /i crystal coin
[19/3/2025 2:5:14] /i crystal coin
[19/3/2025 2:5:15] /i crystal coin
[19/3/2025 2:5:15] /i crystal coin
[19/3/2025 2:5:16] /i crystal coin
[19/3/2025 2:5:23] /i backpack
[19/3/2025 2:12:19] /c Sorcc
[19/3/2025 2:14:20] /r
[19/3/2025 2:14:21] /r
[19/3/2025 2:14:32] /save
[19/3/2025 2:14:37] /save
[19/3/2025 2:22:17] /i vip sorc wand
[19/3/2025 2:26:8] /addskill Gui, level 20
[19/3/2025 2:28:35] /up
[19/3/2025 2:28:43] /c rpgui
[19/3/2025 2:28:45] /c rp gui
[19/3/2025 2:28:50] /m rotworm
[19/3/2025 2:28:52] /m rotworm
[19/3/2025 2:29:27] /addskill Nusyc Pally, level 30
[19/3/2025 2:29:38] /addskill Nusyc Pally, level, 30
[19/3/2025 2:32:44] /c Nusyc Kina
[19/3/2025 2:32:47] /c Nusyc Knight
[19/3/2025 2:41:5] /up
[19/3/2025 2:41:11] /down
[19/3/2025 2:46:47] /i 126777
[19/3/2025 2:46:52] /i 12677
[19/3/2025 2:52:5] /save
[19/3/2025 2:53:54] /c Pally Testt
[19/3/2025 2:54:26] /c Pally
[19/3/2025 2:55:49] /save
[19/3/2025 2:58:36] /save
[19/3/2025 2:59:12] /i guild boots
[19/3/2025 2:59:15] /i guild boots
[19/3/2025 2:59:16] /i guild boots
[19/3/2025 2:59:18] /i guild boots
[19/3/2025 3:3:35] /i guild boots
[19/3/2025 3:3:37] /i guild boots
[19/3/2025 3:3:38] /i guild boots
[19/3/2025 3:3:38] /i guild boots
[19/3/2025 3:4:57] /i guild boots
[19/3/2025 3:4:58] /i guild boots
[19/3/2025 3:4:59] /i guild boots
[19/3/2025 21:16:24] /i cristal coin
[19/3/2025 21:16:44] /i crystalcoin
[19/3/2025 21:16:51] /i bootsofhaste
[19/3/2025 21:16:58] /i boots of haste
[19/3/2025 21:17:8] /i gold coin
[19/3/2025 21:17:16] /i 100 cristal coin
[19/3/2025 21:17:22] /i 100 gold coin
[19/3/2025 21:17:28] /i gold coin
[19/3/2025 21:18:2] /i 62 crystal coins
[19/3/2025 21:18:7] /i crystal coins
[19/3/2025 21:18:14] /i crystal coin
[19/3/2025 21:18:20] /i crystal coin
[19/3/2025 21:18:23] /i crystal coin
[24/3/2025 20:36:6] /i crystal coin
[24/3/2025 20:36:8] /i crystal coin
[24/3/2025 20:36:17] /i reduction backubackp
[24/3/2025 20:37:8] /i VIP Reduction Backpack Nivel 2
[24/3/2025 20:43:52] /i pot, 5
[24/3/2025 20:43:55] /i pot, 5
[24/3/2025 20:43:56] /i pot, 5
[24/3/2025 20:43:57] /i pot, 5
[24/3/2025 20:49:1] /i master druid ring
[24/3/2025 20:50:27] /i fire bomb rune
[24/3/2025 20:50:31] /i destroy field
[24/3/2025 20:50:47] /i crystal coin
[24/3/2025 20:50:58] /c nusyc
[24/3/2025 20:57:26] /i VIP Druid Rod
[24/3/2025 20:59:24] /i Antiguera War Brooch
[24/3/2025 21:0:25] /i 12264
[24/3/2025 21:1:14] /i VIP Boots
[24/3/2025 21:2:12] /save
[24/3/2025 21:2:50] /shutdown 0
[24/3/2025 21:6:58] /i 12696
[24/3/2025 21:29:26] /save
[24/3/2025 21:29:30] /shutdown 0
[24/3/2025 21:33:38] /up
[24/3/2025 21:33:41] /down
[24/3/2025 21:37:2] /i VIP Reduction Backpack Nivel 2
[24/3/2025 21:38:55] /i letter
[24/3/2025 21:39:42] /i VIP reduction backpack nivel 2
[24/3/2025 21:39:43] /i VIP reduction backpack nivel 2
[24/3/2025 21:39:46] /i VIP reduction backpack nivel 1
[24/3/2025 21:40:23] /i 12654 
[24/3/2025 21:40:26] /i 12655
[24/3/2025 21:40:28] /i 12656 
[24/3/2025 21:40:32] /i 12657 
[24/3/2025 21:40:35] /i 12659 
[24/3/2025 21:40:38] /i 12659 
[24/3/2025 21:40:41] /i 12660 
[24/3/2025 21:40:44] /i 12661 
[24/3/2025 21:40:47] /i 12662 
[24/3/2025 21:40:49] /i 12663 
[24/3/2025 21:40:52] /i 12664 
[24/3/2025 21:40:55] /i 12673 
[24/3/2025 21:40:58] /i 12666 
[24/3/2025 21:41:1] /i 12667 
[24/3/2025 21:41:4] /i 12668 
[24/3/2025 21:41:7] /i 12669 
[24/3/2025 21:41:9] /i 12670 
[24/3/2025 21:41:12] /i 12671 
[24/3/2025 21:41:15] /i 12672 
[24/3/2025 21:41:17] /i 12665 
[24/3/2025 21:41:20] /i 12674 
[24/3/2025 21:41:22] /i 12675 
[24/3/2025 21:41:25] /i 12676 
[24/3/2025 21:41:27] /i 12678 
[24/3/2025 21:41:30] /i 12677 
[24/3/2025 21:41:32] /i 12679 
[24/3/2025 21:41:35] /i 12680 
[24/3/2025 21:41:37] /i 12683 
[24/3/2025 21:41:40] /i 12684 
[24/3/2025 21:41:42] /i 12691 
[24/3/2025 21:41:45] /i 12692 
[24/3/2025 21:41:47] /i 12693 
[24/3/2025 21:41:49] /i 12695 
[24/3/2025 21:41:52] /i 12696
[24/3/2025 21:46:37] /save
[24/3/2025 21:54:48] /c Renx
[24/3/2025 21:54:51] /c Renx
[24/3/2025 21:54:55] /c Renx
[24/3/2025 21:58:42] /i 12653
[24/3/2025 22:0:17] /save
[24/3/2025 22:0:22] /shutdown 0
[24/3/2025 22:1:22] /i 12653
[24/3/2025 22:1:32] /i crystal coin
[24/3/2025 22:1:38] /i backpack
[24/3/2025 22:1:44] /m demon
[24/3/2025 22:1:56] /r
[24/3/2025 22:12:41] /i vip sorcerer wand
[24/3/2025 22:18:28] /r
[24/3/2025 22:18:34] /r
[24/3/2025 22:24:29] /i destroy field
[24/3/2025 22:24:31] /i destroy field rune
[24/3/2025 22:25:7] /save
[24/3/2025 22:25:16] /shutdown 0
[24/3/2025 22:27:9] /i 12654
[24/3/2025 22:27:13] /i 12654
[24/3/2025 22:27:19] /i 12680
[24/3/2025 22:27:29] /i 12670
[24/3/2025 22:27:33] /i 12670
[24/3/2025 22:28:7] /addskill Sarabatana, magic, 70
[24/3/2025 22:28:14] /addskill Sarabatana, level, 100
[24/3/2025 22:32:37] /i 12680
[24/3/2025 22:32:41] /i 12680
[24/3/2025 22:33:8] /i 12661
[24/3/2025 22:33:8] /i 12661
[24/3/2025 22:33:12] /i 12661
[24/3/2025 22:33:20] /i 12670
[24/3/2025 22:33:28] /i 12676
[24/3/2025 22:33:30] /i 12676
[24/3/2025 22:34:5] /i 12672
[24/3/2025 22:34:6] /i 12672
[24/3/2025 22:34:7] /i 12672
[24/3/2025 22:34:59] /i master druid shield
[24/3/2025 22:35:0] /i master druid shield
[24/3/2025 22:35:1] /i master druid shield
[24/3/2025 22:36:6] /i 12670
[24/3/2025 22:36:8] /i 12670
[24/3/2025 22:36:17] /i 12680
[24/3/2025 22:36:24] /i 12676
[24/3/2025 22:36:34] /i 12654
[24/3/2025 22:36:35] /i 12654
[24/3/2025 22:36:44] /i 12671
[24/3/2025 22:36:46] /i 12671
[24/3/2025 22:36:47] /i 12671
[24/3/2025 22:42:34] /save
[24/3/2025 22:43:10] /save
[24/3/2025 22:43:16] /shutdown 0
[24/3/2025 22:47:12] /i assassin star
[24/3/2025 23:26:39] /save
[24/3/2025 23:26:42] /shutdown 0
[26/3/2025 2:4:56] /c Druid Um
[26/3/2025 2:5:4] /addskill Druid Um, magic, 70
[26/3/2025 2:5:12] /addskill Druid Um, level, 92
[26/3/2025 2:5:49] /i crystal coin, 100
[26/3/2025 2:14:20] /addskill Chico besta noob, magic, 70
[26/3/2025 2:14:29] /addskill Chico besta noob, level, 92
[26/3/2025 2:24:16] /i avalanch rune
[26/3/2025 2:25:53] /save
[26/3/2025 2:25:56] /shutdown 0
[27/3/2025 1:3:30] /save
[27/3/2025 1:3:32] /shutdown 0
[28/3/2025 22:53:2] /r
[28/3/2025 22:53:13] /r
[28/3/2025 22:54:22] /i sudden death rune
[28/3/2025 22:54:24] /i sudden death rune
[28/3/2025 22:54:26] /i sudden death rune
[28/3/2025 22:54:28] /i sudden death rune
[28/3/2025 22:54:29] /i sudden death rune
[28/3/2025 22:54:31] /i sudden death rune
[28/3/2025 22:56:22] /i wand of inferno
[28/3/2025 22:57:37] /c Druid Um
[28/3/2025 22:59:42] /c Druid Um
[28/3/2025 23:0:21] /i great mana potion
[28/3/2025 23:0:22] /i great mana potion
[28/3/2025 23:0:23] /i great mana potion
[28/3/2025 23:0:55] /i great mana potion
[28/3/2025 23:0:58] /c Druid Um
[28/3/2025 23:14:37] /i VIP Reduction Backpack Nivel 2
[28/3/2025 23:14:39] /i VIP Reduction Backpack Nivel 2
[28/3/2025 23:14:40] /i VIP Reduction Backpack Nivel 2
[28/3/2025 23:14:41] /i VIP Reduction Backpack Nivel 2
[28/3/2025 23:37:44] /save
[28/3/2025 23:38:4] /shutdown 0
[29/3/2025 0:27:6] /i great mana potion
[29/3/2025 0:27:8] /i great mana potion
[29/3/2025 0:27:8] /i great mana potion
[29/3/2025 0:27:9] /i great mana potion
[29/3/2025 0:27:10] /i great mana potion
[29/3/2025 0:27:10] /i great mana potion
[29/3/2025 0:27:11] /i great mana potion
[29/3/2025 0:27:12] /i great mana potion
[29/3/2025 0:27:12] /i great mana potion
[29/3/2025 0:33:30] /save
[29/3/2025 0:33:33] /shutdown 0
[29/3/2025 0:38:55] /r
[29/3/2025 0:39:5] /c Sorcerer Um
[29/3/2025 0:39:16] /addskill Sorcerer Um, 92, level
[29/3/2025 0:39:23] /addskill Sorcerer Um, 92, level
[29/3/2025 0:39:38] /addskill Sorcerer Um, level, 92
[29/3/2025 0:39:44] /addskill Sorcerer Um, magic, 70
[29/3/2025 0:39:51] /addskill Sorcerer Um, magic, 10
[29/3/2025 0:40:24] /i great mana potion
[29/3/2025 0:40:25] /i great mana potion
[29/3/2025 0:40:25] /i great mana potion
[29/3/2025 0:40:26] /i great mana potion
[29/3/2025 0:46:47] /i great mana potion
[29/3/2025 0:46:48] /i great mana potion
[29/3/2025 0:46:49] /i great mana potion
[29/3/2025 0:46:50] /i great mana potion
[29/3/2025 0:52:54] /i great mana potion
[29/3/2025 0:52:55] /i great mana potion
[29/3/2025 0:52:56] /i great mana potion
[29/3/2025 0:52:57] /i great mana potion
[29/3/2025 0:52:58] /i great mana potion
[29/3/2025 0:53:13] /save
[29/3/2025 1:1:2] /r
[29/3/2025 1:1:20] /addskill Sorcer, level, 92
[29/3/2025 1:1:23] /addskill Sorcer, level, 20
[29/3/2025 1:1:32] /addskill Sorcer, magic, 80
[29/3/2025 1:1:41] /i 12677
[29/3/2025 1:1:47] /i great mana potion
[29/3/2025 1:1:48] /i great mana potion
[29/3/2025 1:1:49] /i great mana potion
[29/3/2025 1:1:50] /i great mana potion
[29/3/2025 1:1:50] /i great mana potion
[29/3/2025 1:1:51] /i great mana potion
[29/3/2025 1:1:51] /i great mana potion
[29/3/2025 1:1:52] /i great mana potion
[29/3/2025 1:1:52] /i great mana potion
[29/3/2025 1:2:3] /i brown mushroom
[29/3/2025 1:2:4] /i brown mushroom
[29/3/2025 1:2:5] /i brown mushroom
[29/3/2025 1:2:23] /c Sorcc
[29/3/2025 1:2:33] /addskill Sorcc, level, 92
[29/3/2025 1:2:35] /addskill Sorcc, level, 20
[29/3/2025 1:2:41] /addskill Sorcc, magic, 70
[29/3/2025 1:6:21] /addskill Sorcc, level, 30
[29/3/2025 1:7:31] /addskill Sorcc, magic, 9
[29/3/2025 1:8:2] /i sudden death rune
[29/3/2025 1:8:3] /i sudden death rune
[29/3/2025 1:8:4] /i sudden death rune
[29/3/2025 1:8:8] /i sudden death rune
[29/3/2025 1:8:10] /i sudden death rune
[29/3/2025 1:14:36] /r
[29/3/2025 1:19:20] /save
[29/3/2025 1:21:10] /r
[29/3/2025 1:21:29] /r
[29/3/2025 1:21:41] /r
[29/3/2025 1:23:50] /save
[29/3/2025 1:41:14] /c Pally Um
[29/3/2025 1:41:22] /addskill Pally Um, level, 92
[29/3/2025 1:41:32] /addskill Pally Um, distance, 80
[29/3/2025 1:41:52] /i vip star
[29/3/2025 1:43:4] /addskill Pally Um, magic, 15
[29/3/2025 1:47:38] /i sprit great potion
[29/3/2025 1:47:56] /i great spirit potion
[29/3/2025 1:47:57] /i great spirit potion
[29/3/2025 1:47:59] /i great spirit potion
[29/3/2025 1:49:14] /i great spirit potion
[29/3/2025 1:49:15] /i great spirit potion
[29/3/2025 1:49:19] /i great spirit potion
[29/3/2025 1:50:26] /r
[29/3/2025 1:54:55] /r
[29/3/2025 1:55:5] /r
[29/3/2025 1:55:17] /r
[29/3/2025 1:55:29] /r
[29/3/2025 1:56:35] /r
[29/3/2025 1:56:41] /r
[29/3/2025 1:57:8] /addskill Nusyc Pally, level, 50
[29/3/2025 1:57:11] /addskill Nusyc Pally, level, 12
[29/3/2025 1:57:17] /addskill Nusyc Pally, magic, 15
[29/3/2025 1:57:25] /addskill Nusyc Pally, distance, 80
[29/3/2025 1:59:7] /r
[29/3/2025 2:5:2] /r
[29/3/2025 2:5:20] /addskill Nusyc Knight, level, 92
[29/3/2025 2:5:32] /addskill Nusyc Knight, level, 1
[29/3/2025 2:6:4] /addskill Nusyc Knight, magic, 9
[29/3/2025 2:6:16] /addskill Nusyc Knight, axe, 70
[29/3/2025 2:14:58] /i great mana potion
[29/3/2025 2:14:59] /i great mana potion
[29/3/2025 2:15:0] /i great mana potion
[29/3/2025 2:15:5] /i great mana potion
[29/3/2025 2:16:13] /i mana potion
[29/3/2025 2:16:14] /i mana potion
[29/3/2025 2:16:15] /i mana potion
[29/3/2025 2:23:33] /save
[29/3/2025 2:30:24] /save
[29/3/2025 2:32:27] /i mana potion
[29/3/2025 2:32:28] /i mana potion
[29/3/2025 2:32:29] /i mana potion
[29/3/2025 2:32:34] /i mana potion
[29/3/2025 2:37:47] /save
[29/3/2025 2:39:49] /save
[29/3/2025 2:41:1] /i great mana potion
[29/3/2025 2:41:2] /i great mana potion
[29/3/2025 2:41:4] /i great mana potion
[29/3/2025 2:41:5] /i great mana potion
[29/3/2025 2:48:50] /i magic wall rune
[29/3/2025 2:49:3] /i magic wall rune
[29/3/2025 2:53:57] /save
[29/3/2025 3:2:32] /c Sorcerer Um
[29/3/2025 3:2:53] /i Robe of the Underworld
[29/3/2025 3:3:18] /r
[29/3/2025 3:8:8] /i soft boots
[29/3/2025 3:8:15] /town venore
[31/3/2025 23:5:15] /i firebomb rune
[31/3/2025 23:9:4] /c Pally Dois
[31/3/2025 23:9:13] /r
[31/3/2025 23:11:33] /c Druid Dois
[31/3/2025 23:12:38] /c Sorc Dois
[31/3/2025 23:14:3] /addskill Sorc Dois, level, 20
[31/3/2025 23:14:12] /addskill Pally Dois, level, 20
[31/3/2025 23:14:19] /addskill Pally Dois, level, 20
[31/3/2025 23:14:33] /addskill Druid Dois, level, 20
[31/3/2025 23:14:46] /addskill Kina Dois, level, 20
[31/3/2025 23:15:6] /c Pally Dois
[31/3/2025 23:16:18] /c Druid Dois
[31/3/2025 23:19:20] /c Sorc Dois
[31/3/2025 23:20:39] /c Kina Dois
[31/3/2025 23:25:40] /save
[31/3/2025 23:26:26] /i brown mushroom
[31/3/2025 23:26:27] /i brown mushroom
[31/3/2025 23:26:29] /i brown mushroom
[31/3/2025 23:33:4] /c Kina Dois
[31/3/2025 23:34:16] /c Kinazin
[5/4/2025 21:32:43] /i 12656
[5/4/2025 21:40:44] /i guild boots
