[19/4/2022 19:31:40] /i crystal coin
[19/4/2022 19:33:11] /i vip helmet
[19/4/2022 19:34:18] /i [VIP] staff
[19/4/2022 19:34:37] /i [VIP] boots
[19/4/2022 19:34:56] /i [VIP] helmet
[19/4/2022 19:35:15] /i demon legs
[19/4/2022 19:35:21] /r
[19/4/2022 19:35:27] /i demon legs
[19/4/2022 19:35:34] /r
[19/4/2022 19:36:58] /a 3
[19/4/2022 19:37:8] /r
[19/4/2022 19:37:21] /r
[19/4/2022 19:37:27] /r
[19/4/2022 19:37:33] /r
[19/4/2022 19:37:38] /r
[19/4/2022 19:37:41] /r
[19/4/2022 19:37:44] /r
[19/4/2022 19:37:47] /r
[19/4/2022 19:37:50] /r
[19/4/2022 19:37:53] /r
[19/4/2022 19:37:57] /r
[19/4/2022 19:38:7] /r
[19/4/2022 19:38:8] /r
[19/4/2022 19:38:12] /a 4
[19/4/2022 19:38:20] /a 3
[19/4/2022 19:38:25] /m addoner
[19/4/2022 19:40:7] /a 4
[19/4/2022 19:40:11] /ghost
[19/4/2022 19:40:36] /i royal scale robe
[19/4/2022 19:40:43] /i dragon scale legs
[19/4/2022 19:40:57] /i spellbook of dark mysteries
[19/4/2022 19:41:15] /i ring of the sky
[19/4/2022 19:41:59] /i Beetle Necklace
[19/4/2022 19:42:37] /m ferumbras
[19/4/2022 19:44:59] /goto god antiguera
[19/4/2022 19:45:14] /goto GOD ANTIGUERA
[19/4/2022 19:45:36] /goto DEMON
[19/4/2022 19:46:18] /goto savix edition
