[10/5/2022 6:19:0] /shutdown
[10/5/2022 6:21:30] /m demon
[10/5/2022 6:21:31] /m demon
[10/5/2022 6:23:1] /storage
[10/5/2022 6:23:14] /storage asdzz, 35024
[10/5/2022 6:27:52] /i vip wand
[10/5/2022 7:2:47] /shutdown
[10/5/2022 7:4:19] /closeserver
[10/5/2022 7:5:19] /i ticket faster stamina
[10/5/2022 7:9:15] /i backpack
[10/5/2022 7:9:27] /i 12636
[10/5/2022 7:9:29] /i 12637
[10/5/2022 7:9:30] /i 12638
[10/5/2022 7:9:33] /i 12639
[10/5/2022 7:9:34] /i 12640
[10/5/2022 7:9:35] /i 12641
[10/5/2022 7:9:36] /i 12642
[10/5/2022 7:9:36] /i 12643
[10/5/2022 7:9:37] /i 12644
[10/5/2022 7:9:38] /i 12645
[10/5/2022 7:9:39] /i 12646
[10/5/2022 7:9:39] /i 12647
[10/5/2022 7:9:40] /i 12648
[10/5/2022 7:9:41] /i 12649
[10/5/2022 7:9:42] /i 12650
