[10/5/2022 2:25:37] !citywar
[10/5/2022 2:25:38] !citywar go
[10/5/2022 2:25:40] !citywar go
[10/5/2022 2:25:41] !citywar go
[10/5/2022 2:25:43] !citywar go
[10/5/2022 22:45:26] /ghost
[10/5/2022 22:49:35] /a
[10/5/2022 22:49:36] /a
[10/5/2022 22:49:39] /ghost
[10/5/2022 22:49:39] /a
[10/5/2022 22:49:40] /ghost
[10/5/2022 22:49:42] /a
[10/5/2022 22:50:47] /b O SERVIDOR VOLTA EM 1 MINUTO.
[10/5/2022 22:50:52] /save
[10/5/2022 22:50:54] /save
[10/5/2022 22:50:56] /shutdown
[10/5/2022 22:51:58] /a
[10/5/2022 22:52:31] /ghost
[10/5/2022 22:52:32] /ghost
[10/5/2022 23:0:29] /addskill Azsds, level, 30
[10/5/2022 23:35:9] /goto training monk
[10/5/2022 23:35:13] /a 5
[10/5/2022 23:35:14] /a 5
[10/5/2022 23:35:16] /a 5
[10/5/2022 23:35:18] /down
[10/5/2022 23:35:47] /goto 31623, 32256, 7
[10/5/2022 23:37:31] /a 13
[10/5/2022 23:37:31] /a 13
[10/5/2022 23:37:32] /a 13
[10/5/2022 23:37:33] /a 13
[10/5/2022 23:37:34] /a 13
[10/5/2022 23:37:34] /a 13
[10/5/2022 23:37:34] /a 13
[10/5/2022 23:37:35] /a 13
[10/5/2022 23:37:35] /a 13
[10/5/2022 23:37:36] /a 13
[10/5/2022 23:37:36] /a 13
[10/5/2022 23:37:37] /a 13
[10/5/2022 23:37:37] /a 13
[10/5/2022 23:37:37] /a 13
[10/5/2022 23:37:38] /a 13
[10/5/2022 23:37:38] /a 13
[10/5/2022 23:37:39] /a 13
[10/5/2022 23:37:39] /a 13
[10/5/2022 23:37:39] /a 13
[10/5/2022 23:37:40] /a 13
[10/5/2022 23:37:48] /save
[10/5/2022 23:37:50] /reload movements
[10/5/2022 23:56:42] /save
[10/5/2022 23:56:48] /b Voltamos em 30segundos..
[10/5/2022 23:56:54] /shutdown
[13/5/2022 6:58:55] /b O SERVIDOR SERÁ REINICIADO E VOLTARÁ EM 30SEGUNDOS!! Várias novidades foram adicionadas!
[13/5/2022 6:58:58] /b O SERVIDOR SERÁ REINICIADO E VOLTARÁ EM 30SEGUNDOS!! Várias novidades foram adicionadas!
[13/5/2022 6:59:0] /b O SERVIDOR SERÁ REINICIADO E VOLTARÁ EM 30SEGUNDOS!! Várias novidades foram adicionadas!
[13/5/2022 6:59:11] /save
[13/5/2022 6:59:17] /shutdown
[13/5/2022 7:0:17] /i 12651
[13/5/2022 7:4:7] /i 2591
[13/5/2022 7:4:9] /r
[13/5/2022 7:4:12] /r
[13/5/2022 7:4:12] /r
[13/5/2022 7:4:13] /r
[13/5/2022 7:4:26] /i 1777
[13/5/2022 7:4:27] /i 1777
[13/5/2022 7:4:27] /i 1777
[13/5/2022 7:4:28] /i 1777
[13/5/2022 7:4:28] /i 1777
[13/5/2022 7:4:29] /i 1777
[13/5/2022 7:4:29] /i 1777
[13/5/2022 7:4:29] /i 1777
[13/5/2022 7:4:30] /i 1777
[13/5/2022 7:4:31] /r
[13/5/2022 7:4:31] /r
[13/5/2022 7:4:32] /r
[13/5/2022 7:4:32] /r
[13/5/2022 7:4:33] /r
[13/5/2022 7:4:33] /r
[13/5/2022 7:4:33] /r
[13/5/2022 7:4:34] /r
[13/5/2022 7:4:34] /r
[13/5/2022 7:4:34] /r
[13/5/2022 7:4:35] /r
[13/5/2022 7:4:35] /r
[13/5/2022 7:4:36] /r
[13/5/2022 7:4:36] /r
[13/5/2022 7:4:38] /r
[13/5/2022 7:4:38] /r
[13/5/2022 7:4:38] /r
[13/5/2022 7:4:39] /r
[13/5/2022 7:4:39] /r
[13/5/2022 7:4:40] /r
[13/5/2022 7:4:40] /r
[13/5/2022 7:4:40] /r
[13/5/2022 7:4:41] /r
[13/5/2022 7:4:42] /r
[13/5/2022 7:4:42] /r
[13/5/2022 7:4:42] /r
[13/5/2022 7:4:43] /r
[13/5/2022 7:4:43] /r
[13/5/2022 7:4:43] /r
[13/5/2022 7:4:43] /r
[13/5/2022 7:4:44] /r
[13/5/2022 7:4:44] /r
[13/5/2022 7:4:44] /r
[13/5/2022 7:4:44] /r
[13/5/2022 7:4:46] /r all
[13/5/2022 7:4:55] /i 9476
[13/5/2022 7:4:56] /i 9476
[13/5/2022 7:4:56] /i 9476
[13/5/2022 7:4:56] /i 9476
[13/5/2022 7:4:57] /i 9476
[13/5/2022 7:4:57] /i 9476
[13/5/2022 7:4:58] /i 9476
[13/5/2022 7:4:58] /i 9476
[13/5/2022 7:4:58] /i 9476
[13/5/2022 7:5:2] /r
[13/5/2022 7:5:5] /i 10250
[13/5/2022 7:8:34] /addskill Abobado, level, 50
[13/5/2022 7:9:17] /ghost
[13/5/2022 7:10:3] /ghost
[13/5/2022 7:11:14] /goto asima
[13/5/2022 7:11:35] /i 7620
[13/5/2022 7:12:6] /t
[13/5/2022 7:16:32] /ghost
[13/5/2022 7:19:53] /ghost
[13/5/2022 7:20:51] /b Tradeoff adicionado  |  Cast System adicionado  |  Special Coin ( moeda de 1KK ) adicionada  |  E mais algumas atualizações foram feitas. Tudo será postado no site em breve. Bom jogo a todos!
[13/5/2022 14:31:32] /reload npcs
[13/5/2022 14:35:11] /n Captain Bluebear
[13/5/2022 14:35:14] /r
[13/5/2022 14:35:18] /r
[13/5/2022 14:35:20] /n Captain Bluebear
[13/5/2022 14:35:41] /r
[13/5/2022 14:35:45] /i 1386
[13/5/2022 14:39:46] /goto 32946, 30375, 13
[13/5/2022 14:39:48] /goto 32946, 30375, 13
[14/5/2022 21:3:6] /i antiguera broch
[14/5/2022 21:3:7] /i antiguera brooch
[14/5/2022 21:3:54] /i Antiguera War Brooch
[14/5/2022 21:7:20] /i Antiguera Sorc Book
[14/5/2022 21:7:38] /i Antiguera Druid Book
[14/5/2022 21:17:10] /i 2277
[14/5/2022 21:17:13] /i energy field rune
[14/5/2022 21:17:34] /i fire field rune
[14/5/2022 21:17:38] /i energy bomb rune
[14/5/2022 21:18:43] /i 2301
[14/5/2022 21:19:11] /reload npcs
[14/5/2022 21:19:21] /n Xodet
[14/5/2022 21:19:42] /r
[14/5/2022 21:21:12] /i 2301
[14/5/2022 21:21:26] /reload npcs
[14/5/2022 21:21:42] /n Xodet
[14/5/2022 21:21:56] /r
[14/5/2022 21:21:57] /n xodet
[14/5/2022 21:22:33] /r
[14/5/2022 21:22:42] /up
[14/5/2022 21:27:16] /r
[17/5/2022 22:43:57] /ghost
[17/5/2022 22:44:0] /ghost
[17/5/2022 22:45:36] /ban Uhtred Ragnarson
[17/5/2022 22:45:44] /ban Uhtred Ragnarson, 10
[17/5/2022 22:45:54] /ban Uhtred Ragnarson
[17/5/2022 22:46:19] /ban Uhtred Ragnarson
[17/5/2022 22:46:22] /ban Uhtred Ragnarson
[17/5/2022 22:46:39] /ban Uhtred Ragnarson, player, 1
[17/5/2022 22:46:52] /ban Uhtred Ragnarson
[19/5/2022 19:19:58] !citywar go
[19/5/2022 19:19:59] !citywar go
[19/5/2022 19:20:0] !citywar go
[19/5/2022 19:21:51] /info
[19/5/2022 19:21:53] /info mapper
[19/5/2022 19:22:30] !pos
[19/5/2022 19:36:9] !citywar go
[19/5/2022 19:36:9] !citywar go
[19/5/2022 20:19:21] /b O servidor será reiniciado em 2 minutos para realizarmos algumas Correções/Atualizações!!! Dentre elas a diminuição do Exhaust para usar a Stamina.
[19/5/2022 20:19:29] /b O servidor será reiniciado em 2 minutos para realizarmos algumas Correções/Atualizações!!! Dentre elas a diminuição do Exhaust para usar a Stamina.
[19/5/2022 20:19:45] /i stamina doll
[19/5/2022 20:19:47] /i stamina doll
[19/5/2022 20:19:53] /i stamina doll
[19/5/2022 20:19:54] /b O servidor será reiniciado em 2 minutos para realizarmos algumas Correções/Atualizações!!! Dentre elas a diminuição do Exhaust para usar a Stamina.
[19/5/2022 20:20:42] /b O servidor será reiniciado em 2 minutos para realizarmos algumas Correções/Atualizações!!! Dentre elas a diminuição do Exhaust para usar a Stamina.
[19/5/2022 20:20:59] /b O servidor será reiniciado em 1 minutos para realizarmos algumas Correções/Atualizações!!! Dentre elas a diminuição do Exhaust para usar a Stamina.
[19/5/2022 20:21:16] /b O servidor será reiniciado em 1 minuto para realizarmos algumas Correções/Atualizações!!! Dentre elas a diminuição do Exhaust para usar a Stamina.
[19/5/2022 20:22:47] /b Saving...
[19/5/2022 20:22:48] /save
[19/5/2022 20:22:56] /b O servidor voltará em alguns segundos!!!
[19/5/2022 20:22:57] /b O servidor voltará em alguns segundos!!!
[19/5/2022 20:22:57] /b O servidor voltará em alguns segundos!!!
[19/5/2022 20:23:1] /shutdown
[19/5/2022 20:25:35] /storage azxzzsd, 66677
[19/5/2022 20:25:41] /storage azxzzsd, 66677, 1
[19/5/2022 20:26:51] /storage GoDAntigo, 66677, 1
[19/5/2022 20:27:9] /goto Lord Kycas
[19/5/2022 20:27:14] /storage Lord Kycas, 66677, 1
[19/5/2022 20:27:50] /goto Thor De Asgard
[19/5/2022 20:28:13] /save
[19/5/2022 20:28:39] /storage azxzzsd, 66677
[19/5/2022 20:28:41] /storage azxzzsd, 66677, 1
[19/5/2022 20:29:14] /goto Pizzaiolo Mage
[19/5/2022 20:29:20] /storage Pizzaiolo Mage, 66677, 1
[19/5/2022 20:29:30] /goto Baguinha Kush
[19/5/2022 20:29:37] /storage Baguinha Kush, 66677, 1
[19/5/2022 20:30:12] /goto Ogum
[19/5/2022 20:30:19] /storage Ogum, 66677, 1
[19/5/2022 20:30:33] /goto Uusushushuavergs
[19/5/2022 20:30:37] /storage Uusushushuavergs, 66677, 1
[19/5/2022 20:30:45] /goto Dom Hejre
[19/5/2022 20:30:50] /storage Dom Hejre, 66677, 1
[19/5/2022 20:33:17] /save
[19/5/2022 20:35:38] /t
[19/5/2022 20:36:4] /goto 31959, 29468, 11
[19/5/2022 20:36:49] /t
[19/5/2022 20:38:49] /goto 31959, 29468, 11
[19/5/2022 20:39:27] /t
[19/5/2022 23:56:36] /goto Macaco
[20/5/2022 1:5:2] /t
[20/5/2022 1:5:23] /goto naosei denada
[20/5/2022 1:13:56] /goto Receba Amem
[20/5/2022 1:13:59] /t
[20/5/2022 1:17:36] /mc 
[20/5/2022 1:17:39] /mc macaco
[20/5/2022 1:17:49] /goto Matteus
[20/5/2022 1:18:6] /t
[22/5/2022 14:33:14] /i 12692
[22/5/2022 14:33:17] /i 12652
[22/5/2022 14:35:27] /addskill Test All, level, 92
[22/5/2022 14:38:29] /i 10519
