[16/5/2022 14:35:55] /ghost
[16/5/2022 14:44:49] /t Eddin Scripts
[16/5/2022 15:20:43] /goto xoded
[16/5/2022 15:20:44] /goto xodet
[16/5/2022 15:20:52] /goto fabbio menezes
[16/5/2022 15:29:15] /goto fabbio menezes
[16/5/2022 15:29:17] /t
[16/5/2022 15:57:18] /goto xodet
[16/5/2022 15:57:19] /a 5
[16/5/2022 15:57:21] /town gengia
[16/5/2022 15:57:23] /a 5
[16/5/2022 15:57:26] /down
[16/5/2022 15:57:27] /a 5
[16/5/2022 15:57:27] /a 5
[16/5/2022 15:57:28] /a 5
[16/5/2022 18:35:6] /town carlin
[16/5/2022 18:42:4] /town farmine
[16/5/2022 18:42:13] /a 5
[16/5/2022 18:42:14] /a 5
[16/5/2022 18:42:19] /a 2
[16/5/2022 18:42:23] /a 2
[16/5/2022 18:44:23] /t
