[15/5/2022 23:46:15] !citywar go
[19/5/2022 0:54:1] !citywar go
[19/5/2022 1:28:0] !citywar goo
[19/5/2022 1:28:2] !citywar go
[19/5/2022 1:28:8] !citywar go
[21/5/2022 0:21:46] !citywar go
[21/5/2022 1:11:7] !citywar go
[21/5/2022 1:12:46] !citywar go
[21/5/2022 1:24:45] !citywar ggfo
[21/5/2022 1:24:49] !citywar go
[21/5/2022 1:24:53] !citywar go
[23/5/2022 0:47:24] /citywar invite, Liberty bay, 150, disabled, disabled, disabled, 12, enabled, Dunhill Carlton
[23/5/2022 0:55:23] !citywar go
[23/5/2022 0:58:41] !citywar go
[23/5/2022 1:43:42] !citywar end
[23/5/2022 1:43:49] !citywar end
[23/5/2022 1:43:58] !citywar stop
[23/5/2022 1:44:2] !citywar cancel
[23/5/2022 1:44:22] !citywar cancel
[23/5/2022 1:51:13] /citywar invite, darashia, 100, disabled, disabled, disabled, 12, enabled, Dunhill Carlton
[23/5/2022 1:51:34] /citywar go
[23/5/2022 2:0:9] !citywar go
[23/5/2022 2:1:6] !citywar go
[23/5/2022 2:39:57] !citywar go
[23/5/2022 2:58:29] !citywar go
[23/5/2022 3:3:35] !citywar go
[23/5/2022 17:24:13] !citywar go
