[18/4/2022 21:37:0] /goto nandinho rp
[18/4/2022 21:37:11] /i 8985
[18/4/2022 21:37:35] /i 8985
[18/4/2022 21:37:55] /i 2469
[18/4/2022 21:38:34] /goto lord kycas
[18/4/2022 21:38:56] /t
[18/4/2022 21:39:21] /goto Zellians
[18/4/2022 21:40:0] /goto Ocrime Eh Gostoso
[18/4/2022 21:40:14] /i 2160
[18/4/2022 21:43:30] /i 3423
[18/4/2022 21:43:36] /r
[18/4/2022 21:43:40] /r
[18/4/2022 21:46:0] /c dan valioso
[18/4/2022 21:46:50] /c nandinho rp
[18/4/2022 21:47:13] /c 8888
[18/4/2022 21:47:21] /i 8888
[18/4/2022 21:47:53] /i 2523
[18/4/2022 21:47:56] /i 2523
[18/4/2022 21:53:1] /i 2565
[18/4/2022 21:53:10] /i 2365
[18/4/2022 21:53:34] /i 2365
[18/4/2022 21:55:18] /i 2523
[18/4/2022 21:56:19] /i 8890
[18/4/2022 21:56:48] /i 2495
[18/4/2022 21:57:0] /i 2495
[18/4/2022 21:57:2] /i 8890
[18/4/2022 21:57:5] /i 2523
[18/4/2022 22:2:55] /i 8890
[18/4/2022 22:2:58] /i 2523
[18/4/2022 22:3:5] /i 2495
[18/4/2022 22:3:10] /i 8890
[18/4/2022 22:3:20] /i 2365
[18/4/2022 22:3:37] /goto oldskull
[18/4/2022 22:24:6] /goto antiguera scripts
[18/4/2022 22:24:7] /goto antiguera scripts
[18/4/2022 22:24:9] /goto antiguera script
[18/4/2022 22:24:27] /goto Antigueira Scripts
[18/4/2022 22:24:46] /r
[18/4/2022 22:24:52] /r
[18/4/2022 22:25:8] /t
[18/4/2022 22:36:55] /i 8985
[18/4/2022 22:37:32] /i 7735
[19/4/2022 10:31:42] /addskill Satisfaction, level
[19/4/2022 10:32:1] /addskill Satisfaction, magic level
[19/4/2022 10:32:1] /addskill Satisfaction, magic level
[19/4/2022 10:32:2] /addskill Satisfaction, magic level
[19/4/2022 10:32:2] /addskill Satisfaction, magic level
[19/4/2022 10:32:2] /addskill Satisfaction, magic level
[19/4/2022 10:32:6] /addskill Satisfaction, magic level
[19/4/2022 10:32:6] /addskill Satisfaction, magic level
[19/4/2022 10:32:6] /addskill Satisfaction, magic level
[19/4/2022 10:32:6] /addskill Satisfaction, magic level
[19/4/2022 10:32:7] /addskill Satisfaction, magic level
[19/4/2022 10:32:7] /addskill Satisfaction, magic level
[19/4/2022 10:32:7] /addskill Satisfaction, magic level
[19/4/2022 10:32:7] /addskill Satisfaction, magic level
[19/4/2022 10:32:8] /addskill Satisfaction, magic level
[19/4/2022 10:32:8] /addskill Satisfaction, magic level
[19/4/2022 10:32:11] /addskill Satisfaction, magic level
[19/4/2022 10:32:12] /addskill Satisfaction, magic level
[19/4/2022 10:32:20] /addskill Satisfaction, level
[19/4/2022 10:32:22] /addskill Satisfaction, level
[19/4/2022 10:32:22] /addskill Satisfaction, level
[19/4/2022 10:32:22] /addskill Satisfaction, level
[19/4/2022 10:32:22] /addskill Satisfaction, level
[19/4/2022 10:32:23] /addskill Satisfaction, level
[19/4/2022 10:32:23] /addskill Satisfaction, level
[19/4/2022 10:32:23] /addskill Satisfaction, level
[19/4/2022 10:32:23] /addskill Satisfaction, level
[19/4/2022 10:32:23] /addskill Satisfaction, level
[19/4/2022 10:32:23] /addskill Satisfaction, level
[19/4/2022 10:32:24] /addskill Satisfaction, level
[19/4/2022 10:32:24] /addskill Satisfaction, level
[19/4/2022 10:32:24] /addskill Satisfaction, level
[19/4/2022 10:32:24] /addskill Satisfaction, level
[19/4/2022 10:32:24] /addskill Satisfaction, level
[19/4/2022 10:32:24] /addskill Satisfaction, level
[19/4/2022 10:32:24] /addskill Satisfaction, level
[19/4/2022 10:32:24] /addskill Satisfaction, level
[19/4/2022 10:32:25] /addskill Satisfaction, level
[19/4/2022 10:32:25] /addskill Satisfaction, level
[19/4/2022 10:32:25] /addskill Satisfaction, level
[19/4/2022 10:32:25] /addskill Satisfaction, level
[19/4/2022 10:32:25] /addskill Satisfaction, level
[19/4/2022 10:32:25] /addskill Satisfaction, level
[19/4/2022 10:32:25] /addskill Satisfaction, level
[19/4/2022 10:32:29] /addskill Satisfaction, level
[19/4/2022 10:32:29] /addskill Satisfaction, level
[19/4/2022 10:32:29] /addskill Satisfaction, level
[19/4/2022 10:32:29] /addskill Satisfaction, level
[19/4/2022 10:32:29] /addskill Satisfaction, level
[19/4/2022 10:32:29] /addskill Satisfaction, level
[19/4/2022 10:32:29] /addskill Satisfaction, level
[19/4/2022 10:32:29] /addskill Satisfaction, level
[19/4/2022 10:32:29] /addskill Satisfaction, level
[19/4/2022 10:32:30] /addskill Satisfaction, level
[19/4/2022 10:32:30] /addskill Satisfaction, level
[19/4/2022 10:32:30] /addskill Satisfaction, level
[19/4/2022 10:32:30] /addskill Satisfaction, level
[19/4/2022 10:32:30] /addskill Satisfaction, level
[19/4/2022 10:32:30] /addskill Satisfaction, level
[19/4/2022 10:32:30] /addskill Satisfaction, level
[19/4/2022 10:32:30] /addskill Satisfaction, level
[19/4/2022 10:32:30] /addskill Satisfaction, level
[19/4/2022 10:32:30] /addskill Satisfaction, level
[19/4/2022 10:32:30] /addskill Satisfaction, level
[19/4/2022 10:32:30] /addskill Satisfaction, level
[19/4/2022 10:32:30] /addskill Satisfaction, level
[19/4/2022 10:32:30] /addskill Satisfaction, level
[19/4/2022 10:32:30] /addskill Satisfaction, level
[19/4/2022 10:32:33] /addskill Satisfaction, level
[19/4/2022 10:32:34] /addskill Satisfaction, level
[19/4/2022 10:32:34] /addskill Satisfaction, level
[19/4/2022 10:32:34] /addskill Satisfaction, level
[19/4/2022 10:32:34] /addskill Satisfaction, level
[19/4/2022 10:32:34] /addskill Satisfaction, level
[19/4/2022 10:32:34] /addskill Satisfaction, level
[19/4/2022 10:32:34] /addskill Satisfaction, level
[19/4/2022 10:32:34] /addskill Satisfaction, level
[19/4/2022 10:32:34] /addskill Satisfaction, level
[19/4/2022 10:32:34] /addskill Satisfaction, level
[19/4/2022 10:32:34] /addskill Satisfaction, level
[19/4/2022 10:32:34] /addskill Satisfaction, level
[19/4/2022 10:32:34] /addskill Satisfaction, level
[19/4/2022 10:32:34] /addskill Satisfaction, level
[19/4/2022 10:32:34] /addskill Satisfaction, level
[19/4/2022 10:32:34] /addskill Satisfaction, level
[19/4/2022 10:32:34] /addskill Satisfaction, level
[19/4/2022 10:32:34] /addskill Satisfaction, level
[19/4/2022 10:32:34] /addskill Satisfaction, level
[19/4/2022 10:32:34] /addskill Satisfaction, level
[19/4/2022 10:32:34] /addskill Satisfaction, level
[19/4/2022 10:32:34] /addskill Satisfaction, level
[19/4/2022 10:32:34] /addskill Satisfaction, level
[19/4/2022 10:32:35] /addskill Satisfaction, level
[19/4/2022 10:32:35] /addskill Satisfaction, level
[19/4/2022 10:32:35] /addskill Satisfaction, level
[19/4/2022 10:32:35] /addskill Satisfaction, level
[19/4/2022 10:32:35] /addskill Satisfaction, level
[19/4/2022 10:32:35] /addskill Satisfaction, level
[19/4/2022 10:32:35] /addskill Satisfaction, level
[19/4/2022 10:32:35] /addskill Satisfaction, level
[19/4/2022 10:32:35] /addskill Satisfaction, level
[19/4/2022 10:32:35] /addskill Satisfaction, level
[19/4/2022 10:32:35] /addskill Satisfaction, level
[19/4/2022 10:32:35] /addskill Satisfaction, level
[19/4/2022 10:32:35] /addskill Satisfaction, level
[19/4/2022 10:32:35] /addskill Satisfaction, level
[19/4/2022 10:32:35] /addskill Satisfaction, level
[19/4/2022 10:32:35] /addskill Satisfaction, level
[19/4/2022 10:32:35] /addskill Satisfaction, level
[19/4/2022 10:32:35] /addskill Satisfaction, level
[19/4/2022 10:32:35] /addskill Satisfaction, level
[19/4/2022 10:32:38] /addskill Satisfaction, level
[19/4/2022 10:32:38] /addskill Satisfaction, level
[19/4/2022 10:32:39] /addskill Satisfaction, level
[19/4/2022 10:32:39] /addskill Satisfaction, level
[19/4/2022 10:32:39] /addskill Satisfaction, level
[19/4/2022 10:32:39] /addskill Satisfaction, level
[19/4/2022 10:32:39] /addskill Satisfaction, level
[19/4/2022 10:32:39] /addskill Satisfaction, level
[19/4/2022 10:32:39] /addskill Satisfaction, level
[19/4/2022 10:32:39] /addskill Satisfaction, level
[19/4/2022 10:32:39] /addskill Satisfaction, level
[19/4/2022 10:32:39] /addskill Satisfaction, level
[19/4/2022 10:32:39] /addskill Satisfaction, level
[19/4/2022 10:32:39] /addskill Satisfaction, level
[19/4/2022 10:32:39] /addskill Satisfaction, level
[19/4/2022 10:32:39] /addskill Satisfaction, level
[19/4/2022 10:32:39] /addskill Satisfaction, level
[19/4/2022 10:32:39] /addskill Satisfaction, level
[19/4/2022 10:32:39] /addskill Satisfaction, level
[19/4/2022 10:32:39] /addskill Satisfaction, level
[19/4/2022 10:32:39] /addskill Satisfaction, level
[19/4/2022 10:32:39] /addskill Satisfaction, level
[19/4/2022 10:32:39] /addskill Satisfaction, level
[19/4/2022 10:32:39] /addskill Satisfaction, level
[19/4/2022 10:32:39] /addskill Satisfaction, level
[19/4/2022 10:32:39] /addskill Satisfaction, level
[19/4/2022 10:32:39] /addskill Satisfaction, level
[19/4/2022 10:32:40] /addskill Satisfaction, level
[19/4/2022 10:32:40] /addskill Satisfaction, level
[19/4/2022 10:32:40] /addskill Satisfaction, level
[19/4/2022 10:32:40] /addskill Satisfaction, level
[19/4/2022 10:32:40] /addskill Satisfaction, level
[19/4/2022 10:32:40] /addskill Satisfaction, level
[19/4/2022 10:32:40] /addskill Satisfaction, level
[19/4/2022 10:32:40] /addskill Satisfaction, level
[19/4/2022 10:32:40] /addskill Satisfaction, level
[19/4/2022 10:32:40] /addskill Satisfaction, level
[19/4/2022 10:32:40] /addskill Satisfaction, level
[19/4/2022 10:32:40] /addskill Satisfaction, level
[19/4/2022 10:32:40] /addskill Satisfaction, level
[19/4/2022 10:32:40] /addskill Satisfaction, level
[19/4/2022 10:32:40] /addskill Satisfaction, level
[19/4/2022 10:32:40] /addskill Satisfaction, level
[19/4/2022 10:32:40] /addskill Satisfaction, level
[19/4/2022 10:32:40] /addskill Satisfaction, level
[19/4/2022 10:32:40] /addskill Satisfaction, level
[19/4/2022 10:32:40] /addskill Satisfaction, level
[19/4/2022 10:32:40] /addskill Satisfaction, level
[19/4/2022 10:32:40] /addskill Satisfaction, level
[19/4/2022 10:32:40] /addskill Satisfaction, level
[19/4/2022 10:32:40] /addskill Satisfaction, level
[19/4/2022 10:32:40] /addskill Satisfaction, level
[19/4/2022 10:32:40] /addskill Satisfaction, level
[19/4/2022 10:32:40] /addskill Satisfaction, level
[19/4/2022 10:32:40] /addskill Satisfaction, level
[19/4/2022 10:32:41] /addskill Satisfaction, level
[19/4/2022 10:32:41] /addskill Satisfaction, level
[19/4/2022 10:32:41] /addskill Satisfaction, level
[19/4/2022 10:32:41] /addskill Satisfaction, level
[19/4/2022 10:32:41] /addskill Satisfaction, level
[19/4/2022 10:32:41] /addskill Satisfaction, level
[19/4/2022 10:32:43] /addskill Satisfaction, level
[19/4/2022 10:32:43] /addskill Satisfaction, level
[19/4/2022 10:32:43] /addskill Satisfaction, level
[19/4/2022 10:32:43] /addskill Satisfaction, level
[19/4/2022 10:32:43] /addskill Satisfaction, level
[19/4/2022 10:32:44] /addskill Satisfaction, level
[19/4/2022 10:32:44] /addskill Satisfaction, level
[19/4/2022 10:32:44] /addskill Satisfaction, level
[19/4/2022 10:32:44] /addskill Satisfaction, level
[19/4/2022 10:32:44] /addskill Satisfaction, level
[19/4/2022 10:32:44] /addskill Satisfaction, level
[19/4/2022 10:32:44] /addskill Satisfaction, level
[19/4/2022 10:32:44] /addskill Satisfaction, level
[19/4/2022 10:32:44] /addskill Satisfaction, level
[19/4/2022 10:32:45] /addskill Satisfaction, level
[19/4/2022 10:32:45] /addskill Satisfaction, level
[19/4/2022 10:32:45] /addskill Satisfaction, level
[19/4/2022 10:32:45] /addskill Satisfaction, level
[19/4/2022 10:32:45] /addskill Satisfaction, level
[19/4/2022 10:32:45] /addskill Satisfaction, level
[19/4/2022 10:32:45] /addskill Satisfaction, level
[19/4/2022 10:32:46] /addskill Satisfaction, level
[19/4/2022 10:32:46] /addskill Satisfaction, level
[19/4/2022 10:32:46] /addskill Satisfaction, level
[19/4/2022 10:32:46] /addskill Satisfaction, level
[19/4/2022 10:32:46] /addskill Satisfaction, level
[19/4/2022 10:32:46] /addskill Satisfaction, level
[19/4/2022 10:32:46] /addskill Satisfaction, level
[19/4/2022 10:32:52] /addskill Satisfaction, level
[19/4/2022 10:32:52] /addskill Satisfaction, level
[19/4/2022 10:32:52] /addskill Satisfaction, level
[19/4/2022 10:32:52] /addskill Satisfaction, level
[19/4/2022 10:32:52] /addskill Satisfaction, level
[19/4/2022 10:32:53] /addskill Satisfaction, level
[19/4/2022 10:32:53] /addskill Satisfaction, level
[19/4/2022 10:32:53] /addskill Satisfaction, level
[19/4/2022 10:32:53] /addskill Satisfaction, level
[19/4/2022 10:32:53] /addskill Satisfaction, level
[19/4/2022 10:32:53] /addskill Satisfaction, level
[19/4/2022 10:32:55] /addskill Satisfaction, level
[19/4/2022 10:32:56] /addskill Satisfaction, level
[19/4/2022 10:32:56] /addskill Satisfaction, level
[19/4/2022 10:32:56] /addskill Satisfaction, level
[19/4/2022 10:32:56] /addskill Satisfaction, level
[19/4/2022 10:32:56] /addskill Satisfaction, level
[19/4/2022 10:32:56] /addskill Satisfaction, level
[19/4/2022 10:32:56] /addskill Satisfaction, level
[19/4/2022 10:32:56] /addskill Satisfaction, level
[19/4/2022 10:32:56] /addskill Satisfaction, level
[19/4/2022 10:32:56] /addskill Satisfaction, level
[19/4/2022 10:32:56] /addskill Satisfaction, level
[19/4/2022 10:32:56] /addskill Satisfaction, level
[19/4/2022 10:32:56] /addskill Satisfaction, level
[19/4/2022 10:32:57] /addskill Satisfaction, level
[19/4/2022 10:32:57] /addskill Satisfaction, level
[19/4/2022 10:32:57] /addskill Satisfaction, level
[19/4/2022 10:32:57] /addskill Satisfaction, level
[19/4/2022 10:32:57] /addskill Satisfaction, level
[19/4/2022 10:32:57] /addskill Satisfaction, level
[19/4/2022 10:32:57] /addskill Satisfaction, level
[19/4/2022 10:33:27] /ghost
[19/4/2022 10:33:30] /ghost
[19/4/2022 10:33:37] /goto lord kycas
[19/4/2022 10:34:36] /t
[19/4/2022 10:34:46] /a 10
[19/4/2022 11:29:27] /i stamina refil
[19/4/2022 11:29:33] /i stamina
[19/4/2022 11:29:40] /i stamina full
[19/4/2022 11:30:13] /i dragon scale legs
[19/4/2022 11:30:32] /i dragon scale helmet
[19/4/2022 11:30:45] /i great shield
[19/4/2022 11:31:4] /i dragon scale armor
[19/4/2022 11:31:16] /i dragon scale mail
[19/4/2022 11:31:41] /i backpack of holding
[19/4/2022 11:32:9] /i stamina doll
[19/4/2022 11:32:30] /goto xivas
[19/4/2022 11:33:5] /goto xivas
[19/4/2022 11:33:15] /i sudden death rune
[19/4/2022 11:33:40] /goto lord kycas
[19/4/2022 11:34:3] /m dragon lord
[19/4/2022 11:34:4] /m dragon lord
[19/4/2022 11:34:4] /m dragon lord
[19/4/2022 11:34:5] /m dragon lord
[19/4/2022 11:34:6] /m dragon lord
[19/4/2022 11:34:6] /m dragon lord
[19/4/2022 11:34:7] /m dragon lord
[19/4/2022 11:34:7] /m dragon lord
[19/4/2022 11:34:8] /m dragon lord
[19/4/2022 11:34:9] /m dragon lord
[19/4/2022 11:34:13] /a 3
[19/4/2022 11:34:25] /m dragon lord
[19/4/2022 11:34:25] /m dragon lord
[19/4/2022 11:34:26] /m dragon lord
[19/4/2022 11:34:38] /m dragon lord
[19/4/2022 11:34:38] /m dragon lord
[19/4/2022 11:34:38] /m dragon lord
[19/4/2022 11:34:42] /m dragon lord
[19/4/2022 11:34:43] /m dragon lord
[19/4/2022 11:34:43] /m dragon lord
[19/4/2022 11:34:50] /m dragon lord
[19/4/2022 11:34:50] /m dragon lord
[19/4/2022 11:34:50] /m dragon lord
[19/4/2022 11:35:30] /t
[19/4/2022 11:35:46] /t
[19/4/2022 17:53:42] /i 8906
[19/4/2022 17:53:59] /i 8907
[19/4/2022 17:54:8] /i 8908
[19/4/2022 17:54:14] /i 8909
[19/4/2022 17:55:53] /i 2184
[19/4/2022 17:57:14] /i 7720
[19/4/2022 17:57:42] /i 5958
[19/4/2022 17:59:19] /i 2036
[19/4/2022 17:59:26] /i 2036
[19/4/2022 18:30:56] /i 8909
[19/4/2022 18:31:3] /i 8907
[19/4/2022 18:31:18] /i 8906
[19/4/2022 18:31:21] /i 8905
[19/4/2022 18:31:26] /i 8904
[19/4/2022 18:31:42] /i 8908
[19/4/2022 19:3:5] /i 2501
[19/4/2022 19:4:4] /i 8866
[19/4/2022 19:4:7] /i 8867
[19/4/2022 19:5:15] /i 2465
[19/4/2022 19:5:29] /i 2495
[19/4/2022 19:23:23] /i 8866
[19/4/2022 19:42:7] /goto Lord Kycas
[19/4/2022 19:42:29] /goto xivas
[19/4/2022 19:43:27] /t
[19/4/2022 19:45:10] /a
[19/4/2022 19:45:11] /a
[19/4/2022 19:45:11] /a
[19/4/2022 19:45:11] /a
[19/4/2022 19:45:11] /a
[19/4/2022 19:45:11] /a
[19/4/2022 19:45:11] /a
[19/4/2022 19:45:11] /a
[19/4/2022 19:45:11] /a
[19/4/2022 19:45:11] /a
[19/4/2022 19:45:11] /a
[19/4/2022 19:45:11] /a
[19/4/2022 19:45:11] /a
[19/4/2022 19:45:11] /a
[19/4/2022 19:45:11] /a
[19/4/2022 19:45:11] /a
[19/4/2022 19:45:11] /a
[19/4/2022 19:45:11] /a
[19/4/2022 19:45:11] /a
[19/4/2022 19:45:11] /a
[19/4/2022 19:45:12] /a
[19/4/2022 19:45:12] /a
[19/4/2022 19:45:12] /a
[19/4/2022 19:45:12] /a
[19/4/2022 19:45:12] /a
[19/4/2022 19:45:12] /a
[19/4/2022 19:45:12] /a
[19/4/2022 19:45:12] /a
[19/4/2022 19:45:12] /a
[19/4/2022 19:45:12] /a
[19/4/2022 19:45:12] /a
[19/4/2022 19:45:12] /a
[19/4/2022 19:45:12] /a
[19/4/2022 19:45:12] /a
[19/4/2022 19:45:12] /a
[19/4/2022 19:45:12] /a
[19/4/2022 19:45:12] /a
[19/4/2022 19:45:12] /a
[19/4/2022 19:45:13] /a
[19/4/2022 19:45:20] /a
[19/4/2022 19:45:20] /a
[19/4/2022 19:45:20] /a
[19/4/2022 19:45:26] /a
[19/4/2022 19:45:26] /a
[19/4/2022 19:45:32] /a
[19/4/2022 19:45:32] /a
[19/4/2022 19:45:32] /a
[19/4/2022 19:45:32] /a
[19/4/2022 19:45:33] /a
[19/4/2022 19:45:33] /a
[19/4/2022 19:45:33] /a
[19/4/2022 19:45:33] /a
[19/4/2022 19:45:33] /a
[19/4/2022 19:45:34] /a
[19/4/2022 19:45:34] /a
[19/4/2022 19:45:35] /a
[19/4/2022 19:45:35] /a
[19/4/2022 19:45:38] /a
[19/4/2022 19:45:38] /a
[19/4/2022 19:46:4] /goto xivas
[19/4/2022 19:46:12] /goto savix edition
[19/4/2022 19:46:33] /ghost
[19/4/2022 19:46:39] /ghost
