[14/10/2020 10:3:46] /up
[15/4/2022 9:40:44] /t
[15/4/2022 10:37:32] /reload globalevents
[15/4/2022 10:40:28] /reload globalevents
[15/4/2022 11:41:42] /i 7366
[15/4/2022 11:49:54] /i 2453
[15/4/2022 11:52:35] /i 3961
[15/4/2022 11:53:49] /i 8925
[15/4/2022 12:1:54] /i 2141
[15/4/2022 12:2:28] /i 8985
[15/4/2022 12:2:47] /i 8985
[15/4/2022 12:2:52] /i 2141
[15/4/2022 12:6:46] /c Scripts
[15/4/2022 12:11:59] /goto Scripts
[15/4/2022 12:14:31] /t
[15/4/2022 18:50:30] /reload config
[15/4/2022 18:50:39] /reload config
[15/4/2022 18:56:54] /i infernal bolt
[15/4/2022 18:57:3] /i vip slingshot
[15/4/2022 18:57:6] /i slingshot
[15/4/2022 18:57:26] /i [VIP] Slingshot
[15/4/2022 18:57:30] /m trainer
[15/4/2022 18:57:31] /m treiner
[15/4/2022 18:58:8] /addskill GOD, distance, 100
[15/4/2022 18:58:40] /i royal crossbow
[15/4/2022 19:2:33] /i infernal bolt
[15/4/2022 19:2:58] /i royal crossbow
[15/4/2022 19:3:13] /i spear
[15/4/2022 19:4:17] /i holy falcon
[15/4/2022 19:50:30] /i 2160
[15/4/2022 19:50:32] /i 2160
[15/4/2022 20:6:27] /i 5907
[15/4/2022 20:6:57] /i 2160
[15/4/2022 20:9:17] /goto Gordexz Dubom
[15/4/2022 20:11:33] /t
[15/4/2022 20:13:27] /goto Lord Kycas
[15/4/2022 20:14:10] /t
[15/4/2022 20:14:59] /goto Black Storm
[15/4/2022 20:16:6] /t
[15/4/2022 20:24:25] /goto Black Storm
[15/4/2022 20:24:47] /goto raio
[15/4/2022 20:24:56] /i 2160
[15/4/2022 20:26:3] /goto Ocrime e gostoso
[15/4/2022 20:26:19] /goto Ocrime Eh Gostoso
[15/4/2022 20:26:26] /i 2160
[15/4/2022 20:26:32] /i 2160
[15/4/2022 20:36:31] /i 2160
[15/4/2022 20:36:35] /i 2160
[15/4/2022 20:57:27] /i 2160
[15/4/2022 21:8:27] /i 7441
[15/4/2022 21:8:37] /goto Black Storm
[15/4/2022 21:8:42] /i 7441
[15/4/2022 21:8:46] /i 7441
[15/4/2022 21:8:57] /goto ENERGY
[15/4/2022 21:12:34] /addskill Oldskull,experience 50
[15/4/2022 21:14:42] /goto Ocrime Eh Gostoso
[15/4/2022 21:15:29] /goto Raio
[15/4/2022 21:16:43] /goto Lord Kycas
[15/4/2022 21:16:47] /goto Lord Kycas
[15/4/2022 21:17:17] /goto Fnr Porra
[15/4/2022 21:17:37] /goto peixinha na brasa
[15/4/2022 21:17:43] /goto peixinho na brasa
[15/4/2022 21:17:57] /goto Fnr Porra
[15/4/2022 21:18:5] /goto Raio
[15/4/2022 21:18:16] /goto peixinho na brasa
[15/4/2022 21:19:45] /goto peixinho na brasa
[15/4/2022 21:34:20] /goto peixinho na brasa
[15/4/2022 21:35:10] /t
[15/4/2022 23:36:30] /goto peixinho na brasa
[15/4/2022 23:36:36] /a
[15/4/2022 23:36:38] /a
[15/4/2022 23:49:34] /a
[15/4/2022 23:49:35] /a
[15/4/2022 23:49:40] /a
[15/4/2022 23:49:42] /a
[15/4/2022 23:49:43] /a
[15/4/2022 23:49:43] /a
[15/4/2022 23:49:44] /a
[15/4/2022 23:49:44] /a
[15/4/2022 23:49:45] /a
[15/4/2022 23:49:45] /a
[15/4/2022 23:49:46] /a
[15/4/2022 23:49:46] /a
[15/4/2022 23:49:47] /a
[15/4/2022 23:49:47] /a
[15/4/2022 23:49:48] /a
[15/4/2022 23:49:48] /a
[15/4/2022 23:55:45] /m ferumbas
[15/4/2022 23:55:47] /m ferumbas
[15/4/2022 23:56:6] /m demon
[15/4/2022 23:56:7] /m demon
[15/4/2022 23:56:9] /m demon
[15/4/2022 23:56:11] /m demon
[15/4/2022 23:56:12] /m demon
[15/4/2022 23:56:13] /m demon
[15/4/2022 23:56:15] /m demon
[15/4/2022 23:56:16] /m demon
[15/4/2022 23:56:30] /m demon
[15/4/2022 23:56:31] /m demon
[15/4/2022 23:56:33] /m demon
[15/4/2022 23:56:34] /m demon
[15/4/2022 23:56:35] /m demon
[15/4/2022 23:56:37] /m demon
[15/4/2022 23:56:38] /m demon
[15/4/2022 23:56:39] /m demon
[15/4/2022 23:56:40] /m demon
[15/4/2022 23:56:41] /m demon
[15/4/2022 23:56:42] /m demon
[15/4/2022 23:56:43] /m demon
[15/4/2022 23:56:44] /m demon
[15/4/2022 23:56:44] /m demon
[15/4/2022 23:56:45] /m demon
[15/4/2022 23:56:45] /m demon
[15/4/2022 23:56:46] /m demon
[15/4/2022 23:56:46] /m demon
[15/4/2022 23:56:47] /m demon
[15/4/2022 23:56:48] /m demon
[15/4/2022 23:56:48] /m demon
[15/4/2022 23:56:49] /m demon
[15/4/2022 23:56:49] /m demon
[15/4/2022 23:56:50] /m demon
[15/4/2022 23:56:50] /m demon
[15/4/2022 23:56:51] /m demon
[15/4/2022 23:56:51] /m demon
[15/4/2022 23:56:52] /m demon
[15/4/2022 23:56:52] /m demon
[15/4/2022 23:56:53] /m demon
[15/4/2022 23:56:53] /m demon
[15/4/2022 23:56:54] /m demon
[15/4/2022 23:56:54] /m demon
[15/4/2022 23:56:55] /m demon
[15/4/2022 23:56:56] /m demon
[15/4/2022 23:56:56] /m demon
[15/4/2022 23:57:18] /m Ferumbras
[15/4/2022 23:57:20] /m Ferumbras
[15/4/2022 23:57:54] /i 237
[15/4/2022 23:58:8] /i 2/a
[15/4/2022 23:58:10] /a
[15/4/2022 23:58:12] /a
[15/4/2022 23:58:13] /i 2/a
[15/4/2022 23:58:13] /i 2/a
[15/4/2022 23:58:14] /i 2/a
[15/4/2022 23:58:15] /a
[15/4/2022 23:58:16] /a
[15/4/2022 23:58:16] /a
[15/4/2022 23:58:17] /a
[15/4/2022 23:58:17] /a
[15/4/2022 23:58:18] /a
[15/4/2022 23:58:19] /a
[15/4/2022 23:58:58] /i 7590
[15/4/2022 23:59:24] /t
[15/4/2022 23:59:48] /a
[15/4/2022 23:59:49] /a
[15/4/2022 23:59:54] /a
[15/4/2022 23:59:58] /a
[15/4/2022 23:59:59] /a
[16/4/2022 0:5:12] /addskill Peixinho Na Brasa,Magic
[16/4/2022 0:5:14] /addskill Peixinho Na Brasa,Magic
[16/4/2022 0:5:20] /addskill Peixinho Na Brasa, Magic
[16/4/2022 0:15:32] /m rat
[16/4/2022 9:17:38] /addskill (nome do char),Magic
[16/4/2022 9:17:47] /addskill (GOD),Magic
[16/4/2022 9:17:54] /addskill (GOD),Magic 100
[16/4/2022 9:17:59] /addskill (GOD), Magic 100
[16/4/2022 9:21:10] /addskill GOD,skill 1
[16/4/2022 10:58:54] /i 2160
[16/4/2022 10:58:58] /i 2160
[16/4/2022 10:59:4] /i 2160
[16/4/2022 11:7:43] /i 2160
[16/4/2022 11:7:46] /i 2160
[16/4/2022 11:9:13] /goto Saitsfaction
[16/4/2022 11:15:53] /goto Saitsfaction
[16/4/2022 11:16:30] /a
[16/4/2022 11:17:7] /c Saitsfaction
[16/4/2022 11:18:42] /goto xivas antiguera
[16/4/2022 11:21:24] /goto Saitsfaction
[16/4/2022 11:24:25] /t
[16/4/2022 11:40:55] /goto alesar
[16/4/2022 11:42:29] /t
[16/4/2022 11:48:3] /i sudden death rune
[16/4/2022 12:7:56] /t
[16/4/2022 12:19:46] /a
[16/4/2022 12:19:47] /a
[16/4/2022 12:19:47] /a
[16/4/2022 12:19:48] /a
[16/4/2022 12:19:48] /a
[16/4/2022 12:20:2] /a
[16/4/2022 12:20:2] /a
[16/4/2022 12:20:3] /a
[16/4/2022 12:20:3] /a
[16/4/2022 12:20:3] /a
[16/4/2022 12:20:3] /a
[16/4/2022 12:20:3] /a
[16/4/2022 12:20:3] /a
[16/4/2022 12:20:3] /a
[16/4/2022 12:20:3] /a
[16/4/2022 12:20:3] /a
[16/4/2022 12:20:3] /a
[16/4/2022 12:20:3] /a
[16/4/2022 12:20:3] /a
[16/4/2022 12:20:3] /a
[16/4/2022 12:20:3] /a
[16/4/2022 12:20:3] /a
[16/4/2022 12:20:4] /a
[16/4/2022 12:20:4] /a
[16/4/2022 12:20:4] /a
[16/4/2022 12:20:4] /a
[16/4/2022 12:20:4] /a
[16/4/2022 12:20:4] /a
[16/4/2022 12:20:4] /a
[16/4/2022 12:20:4] /a
[16/4/2022 12:20:4] /a
[16/4/2022 12:20:4] /a
[16/4/2022 12:20:4] /a
[16/4/2022 12:20:4] /a
[16/4/2022 12:20:4] /a
[16/4/2022 12:20:4] /a
[16/4/2022 12:20:4] /a
[16/4/2022 12:20:4] /a
[16/4/2022 12:20:4] /a
[16/4/2022 12:20:4] /a
[16/4/2022 12:20:4] /a
[16/4/2022 12:20:4] /a
[16/4/2022 12:20:4] /a
[16/4/2022 12:20:4] /a
[16/4/2022 12:20:4] /a
[16/4/2022 12:20:4] /a
[16/4/2022 12:20:4] /a
[16/4/2022 12:20:4] /a
[16/4/2022 12:20:4] /a
[16/4/2022 12:20:4] /a
[16/4/2022 12:20:4] /a
[16/4/2022 12:20:4] /a
[16/4/2022 12:20:4] /a
[16/4/2022 12:20:4] /a
[16/4/2022 12:20:5] /a
[16/4/2022 12:20:5] /a
[16/4/2022 12:20:5] /a
[16/4/2022 12:20:5] /a
[16/4/2022 12:20:5] /a
[16/4/2022 12:20:5] /a
[16/4/2022 12:20:5] /a
[16/4/2022 12:20:5] /a
[16/4/2022 12:20:5] /a
[16/4/2022 12:20:5] /a
[16/4/2022 12:20:5] /a
[16/4/2022 12:20:5] /a
[16/4/2022 12:20:5] /a
[16/4/2022 12:20:5] /a
[16/4/2022 12:20:5] /a
[16/4/2022 12:20:5] /a
[16/4/2022 12:20:5] /a
[16/4/2022 12:20:5] /a
[16/4/2022 12:20:5] /a
[16/4/2022 12:20:5] /a
[16/4/2022 12:20:5] /a
[16/4/2022 12:20:5] /a
[16/4/2022 12:20:5] /a
[16/4/2022 12:20:5] /a
[16/4/2022 12:20:5] /a
[16/4/2022 12:20:5] /a
[16/4/2022 12:20:5] /a
[16/4/2022 12:20:5] /a
[16/4/2022 12:20:6] /a
[16/4/2022 12:20:6] /a
[16/4/2022 12:20:6] /a
[16/4/2022 12:20:6] /a
[16/4/2022 12:20:6] /a
[16/4/2022 12:20:6] /a
[16/4/2022 12:20:6] /a
[16/4/2022 12:20:6] /a
[16/4/2022 12:20:6] /a
[16/4/2022 12:20:6] /a
[16/4/2022 12:20:6] /a
[16/4/2022 12:20:6] /a
[16/4/2022 12:20:6] /a
[16/4/2022 12:20:6] /a
[16/4/2022 12:20:6] /a
[16/4/2022 12:20:6] /a
[16/4/2022 12:20:6] /a
[16/4/2022 12:20:6] /a
[16/4/2022 12:20:6] /a
[16/4/2022 12:20:6] /a
[16/4/2022 12:20:6] /a
[16/4/2022 12:20:6] /a
[16/4/2022 12:20:6] /a
[16/4/2022 12:20:6] /a
[16/4/2022 12:20:6] /a
[16/4/2022 12:20:6] /a
[16/4/2022 12:20:6] /a
[16/4/2022 12:20:6] /a
[16/4/2022 12:20:6] /a
[16/4/2022 12:20:7] /a
[16/4/2022 12:20:7] /a
[16/4/2022 12:20:7] /a
[16/4/2022 12:20:7] /a
[16/4/2022 12:20:7] /a
[16/4/2022 12:20:7] /a
[16/4/2022 12:20:7] /a
[16/4/2022 12:20:7] /a
[16/4/2022 12:20:7] /a
[16/4/2022 12:20:7] /a
[16/4/2022 12:20:7] /a
[16/4/2022 12:20:7] /a
[16/4/2022 12:20:7] /a
[16/4/2022 12:20:7] /a
[16/4/2022 12:20:7] /a
[16/4/2022 12:20:7] /a
[16/4/2022 12:20:7] /a
[16/4/2022 12:20:7] /a
[16/4/2022 12:20:7] /a
[16/4/2022 12:20:7] /a
[16/4/2022 12:20:7] /a
[16/4/2022 12:20:7] /a
[16/4/2022 12:20:7] /a
[16/4/2022 12:20:7] /a
[16/4/2022 12:20:7] /a
[16/4/2022 12:20:7] /a
[16/4/2022 12:20:7] /a
[16/4/2022 12:20:7] /a
[16/4/2022 12:20:7] /a
[16/4/2022 12:20:7] /a
[16/4/2022 12:20:7] /a
[16/4/2022 12:20:8] /a
[16/4/2022 12:20:8] /a
[16/4/2022 12:20:8] /a
[16/4/2022 12:20:8] /a
[16/4/2022 12:20:8] /a
[16/4/2022 12:20:8] /a
[16/4/2022 12:20:8] /a
[16/4/2022 12:20:8] /a
[16/4/2022 12:20:8] /a
[16/4/2022 12:20:8] /a
[16/4/2022 12:20:8] /a
[16/4/2022 12:20:8] /a
[16/4/2022 12:20:8] /a
[16/4/2022 12:20:8] /a
[16/4/2022 12:20:8] /a
[16/4/2022 12:20:8] /a
[16/4/2022 12:20:8] /a
[16/4/2022 12:20:8] /a
[16/4/2022 12:20:8] /a
[16/4/2022 12:20:8] /a
[16/4/2022 12:20:8] /a
[16/4/2022 12:20:8] /a
[16/4/2022 12:20:8] /a
[16/4/2022 12:20:8] /a
[16/4/2022 12:20:8] /a
[16/4/2022 12:20:8] /a
[16/4/2022 12:20:8] /a
[16/4/2022 12:20:8] /a
[16/4/2022 12:20:8] /a
[16/4/2022 12:20:8] /a
[16/4/2022 12:20:8] /a
[16/4/2022 12:20:9] /a
[16/4/2022 12:20:9] /a
[16/4/2022 12:20:9] /a
[16/4/2022 12:20:9] /a
[16/4/2022 12:20:9] /a
[16/4/2022 12:20:9] /a
[16/4/2022 12:20:9] /a
[16/4/2022 12:20:9] /a
[16/4/2022 12:20:9] /a
[16/4/2022 12:20:9] /a
[16/4/2022 12:20:9] /a
[16/4/2022 12:20:9] /a
[16/4/2022 12:20:9] /a
[16/4/2022 12:20:9] /a
[16/4/2022 12:20:9] /a
[16/4/2022 12:20:9] /a
[16/4/2022 12:20:9] /a
[16/4/2022 12:20:14] /a
[16/4/2022 12:20:14] /a
[16/4/2022 12:20:14] /a
[16/4/2022 12:20:14] /a
[16/4/2022 12:20:14] /a
[16/4/2022 12:20:14] /a
[16/4/2022 12:20:14] /a
[16/4/2022 12:20:14] /a
[16/4/2022 12:20:14] /a
[16/4/2022 12:20:15] /a
[16/4/2022 12:20:15] /a
[16/4/2022 12:20:15] /a
[16/4/2022 12:20:15] /a
[16/4/2022 12:20:15] /a
[16/4/2022 12:20:15] /a
[16/4/2022 12:20:15] /a
[16/4/2022 12:20:15] /a
[16/4/2022 12:20:15] /a
[16/4/2022 12:20:15] /a
[16/4/2022 12:20:15] /a
[16/4/2022 12:20:15] /a
[16/4/2022 12:20:15] /a
[16/4/2022 12:20:15] /a
[16/4/2022 12:20:15] /a
[16/4/2022 12:20:15] /a
[16/4/2022 12:20:15] /a
[16/4/2022 12:20:15] /a
[16/4/2022 12:20:15] /a
[16/4/2022 12:20:15] /a
[16/4/2022 12:20:15] /a
[16/4/2022 12:20:15] /a
[16/4/2022 12:20:15] /a
[16/4/2022 12:20:15] /a
[16/4/2022 12:20:15] /a
[16/4/2022 12:20:15] /a
[16/4/2022 12:20:15] /a
[16/4/2022 12:20:15] /a
[16/4/2022 12:20:15] /a
[16/4/2022 12:20:15] /a
[16/4/2022 12:20:15] /a
[16/4/2022 12:20:15] /a
[16/4/2022 12:20:16] /a
[16/4/2022 12:20:16] /a
[16/4/2022 12:20:16] /a
[16/4/2022 12:20:16] /a
[16/4/2022 12:20:16] /a
[16/4/2022 12:20:16] /a
[16/4/2022 12:20:16] /a
[16/4/2022 12:20:16] /a
[16/4/2022 12:20:16] /a
[16/4/2022 12:20:16] /a
[16/4/2022 12:20:16] /a
[16/4/2022 12:20:16] /a
[16/4/2022 12:20:16] /a
[16/4/2022 12:20:16] /a
[16/4/2022 12:20:16] /a
[16/4/2022 12:20:16] /a
[16/4/2022 12:20:16] /a
[16/4/2022 12:20:16] /a
[16/4/2022 12:20:16] /a
[16/4/2022 12:20:16] /a
[16/4/2022 12:20:16] /a
[16/4/2022 12:20:16] /a
[16/4/2022 12:20:16] /a
[16/4/2022 12:20:16] /a
[16/4/2022 12:20:16] /a
[16/4/2022 12:20:16] /a
[16/4/2022 12:20:16] /a
[16/4/2022 12:20:16] /a
[16/4/2022 12:20:17] /a
[16/4/2022 12:20:17] /a
[16/4/2022 12:20:17] /a
[16/4/2022 12:20:17] /a
[16/4/2022 12:20:17] /a
[16/4/2022 12:20:17] /a
[16/4/2022 12:20:17] /a
[16/4/2022 12:20:17] /a
[16/4/2022 12:20:17] /a
[16/4/2022 12:20:17] /a
[16/4/2022 12:20:17] /a
[16/4/2022 12:20:17] /a
[16/4/2022 12:20:17] /a
[16/4/2022 12:20:17] /a
[16/4/2022 12:20:17] /a
[16/4/2022 12:20:17] /a
[16/4/2022 12:20:17] /a
[16/4/2022 12:20:17] /a
[16/4/2022 12:20:17] /a
[16/4/2022 12:20:17] /a
[16/4/2022 12:20:17] /a
[16/4/2022 12:20:17] /a
[16/4/2022 12:20:17] /a
[16/4/2022 12:20:17] /a
[16/4/2022 12:20:17] /a
[16/4/2022 12:20:17] /a
[16/4/2022 12:20:17] /a
[16/4/2022 12:20:17] /a
[16/4/2022 12:20:17] /a
[16/4/2022 12:20:17] /a
[16/4/2022 12:20:17] /a
[16/4/2022 12:20:18] /a
[16/4/2022 12:20:18] /a
[16/4/2022 12:20:18] /a
[16/4/2022 12:20:18] /a
[16/4/2022 12:20:18] /a
[16/4/2022 12:20:18] /a
[16/4/2022 12:20:18] /a
[16/4/2022 12:20:18] /a
[16/4/2022 12:20:18] /a
[16/4/2022 12:20:18] /a
[16/4/2022 12:20:18] /a
[16/4/2022 12:20:18] /a
[16/4/2022 12:20:18] /a
[16/4/2022 12:20:18] /a
[16/4/2022 12:20:18] /a
[16/4/2022 12:20:18] /a
[16/4/2022 12:20:18] /a
[16/4/2022 12:20:18] /a
[16/4/2022 12:20:18] /a
[16/4/2022 12:20:18] /a
[16/4/2022 12:20:18] /a
[16/4/2022 12:20:18] /a
[16/4/2022 12:20:18] /a
[16/4/2022 12:20:18] /a
[16/4/2022 12:20:18] /a
[16/4/2022 12:20:18] /a
[16/4/2022 12:20:18] /a
[16/4/2022 12:20:18] /a
[16/4/2022 12:20:18] /a
[16/4/2022 12:20:18] /a
[16/4/2022 12:20:19] /a
[16/4/2022 12:20:19] /a
[16/4/2022 12:20:19] /a
[16/4/2022 12:20:19] /a
[16/4/2022 12:20:19] /a
[16/4/2022 12:20:19] /a
[16/4/2022 12:20:19] /a
[16/4/2022 12:20:19] /a
[16/4/2022 12:20:19] /a
[16/4/2022 12:20:19] /a
[16/4/2022 12:20:19] /a
[16/4/2022 12:20:19] /a
[16/4/2022 12:20:19] /a
[16/4/2022 12:20:19] /a
[16/4/2022 12:20:19] /a
[16/4/2022 12:20:19] /a
[16/4/2022 12:20:19] /a
[16/4/2022 12:20:19] /a
[16/4/2022 12:20:19] /a
[16/4/2022 12:20:19] /a
[16/4/2022 12:20:19] /a
[16/4/2022 12:20:19] /a
[16/4/2022 12:20:19] /a
[16/4/2022 12:20:19] /a
[16/4/2022 12:20:19] /a
[16/4/2022 12:20:19] /a
[16/4/2022 12:20:19] /a
[16/4/2022 12:20:19] /a
[16/4/2022 12:20:19] /a
[16/4/2022 12:20:19] /a
[16/4/2022 12:20:20] /a
[16/4/2022 12:20:20] /a
[16/4/2022 12:20:20] /a
[16/4/2022 12:20:20] /a
[16/4/2022 12:20:20] /a
[16/4/2022 12:20:20] /a
[16/4/2022 12:20:20] /a
[16/4/2022 12:20:20] /a
[16/4/2022 12:20:20] /a
[16/4/2022 12:20:20] /a
[16/4/2022 12:20:20] /a
[16/4/2022 12:20:20] /a
[16/4/2022 12:20:20] /a
[16/4/2022 12:20:20] /a
[16/4/2022 12:20:20] /a
[16/4/2022 12:20:20] /a
[16/4/2022 12:20:20] /a
[16/4/2022 12:20:20] /a
[16/4/2022 12:20:20] /a
[16/4/2022 12:20:20] /a
[16/4/2022 12:20:20] /a
[16/4/2022 12:20:20] /a
[16/4/2022 12:20:20] /a
[16/4/2022 12:20:20] /a
[16/4/2022 12:20:20] /a
[16/4/2022 12:20:20] /a
[16/4/2022 12:20:20] /a
[16/4/2022 12:20:20] /a
[16/4/2022 12:20:21] /a
[16/4/2022 12:20:21] /a
[16/4/2022 12:20:21] /a
[16/4/2022 12:20:21] /a
[16/4/2022 12:20:21] /a
[16/4/2022 12:20:21] /a
[16/4/2022 12:20:21] /a
[16/4/2022 12:20:21] /a
[16/4/2022 12:20:21] /a
[16/4/2022 12:20:21] /a
[16/4/2022 12:20:21] /a
[16/4/2022 12:20:21] /a
[16/4/2022 12:20:21] /a
[16/4/2022 12:20:21] /a
[16/4/2022 12:20:21] /a
[16/4/2022 12:20:21] /a
[16/4/2022 12:20:21] /a
[16/4/2022 12:20:21] /a
[16/4/2022 12:20:21] /a
[16/4/2022 12:20:21] /a
[16/4/2022 12:20:21] /a
[16/4/2022 12:20:21] /a
[16/4/2022 12:20:21] /a
[16/4/2022 12:20:21] /a
[16/4/2022 12:20:21] /a
[16/4/2022 12:20:21] /a
[16/4/2022 12:20:21] /a
[16/4/2022 12:20:21] /a
[16/4/2022 12:20:21] /a
[16/4/2022 12:20:21] /a
[16/4/2022 12:20:21] /a
[16/4/2022 12:20:21] /a
[16/4/2022 12:20:23] /a
[16/4/2022 12:20:23] /a
[16/4/2022 12:20:24] /a
[16/4/2022 12:20:24] /a
[16/4/2022 12:20:24] /a
[16/4/2022 12:20:24] /a
[16/4/2022 12:20:24] /a
[16/4/2022 12:20:24] /a
[16/4/2022 12:20:24] /a
[16/4/2022 12:20:24] /a
[16/4/2022 12:20:24] /a
[16/4/2022 12:20:24] /a
[16/4/2022 12:20:24] /a
[16/4/2022 12:20:24] /a
[16/4/2022 12:20:24] /a
[16/4/2022 12:20:24] /a
[16/4/2022 12:20:24] /a
[16/4/2022 12:20:24] /a
[16/4/2022 12:20:24] /a
[16/4/2022 12:20:24] /a
[16/4/2022 12:20:24] /a
[16/4/2022 12:20:24] /a
[16/4/2022 12:20:24] /a
[16/4/2022 12:20:24] /a
[16/4/2022 12:20:24] /a
[16/4/2022 12:20:24] /a
[16/4/2022 12:20:24] /a
[16/4/2022 12:20:24] /a
[16/4/2022 12:20:24] /a
[16/4/2022 12:20:24] /a
[16/4/2022 12:20:24] /a
[16/4/2022 12:20:24] /a
[16/4/2022 12:20:25] /a
[16/4/2022 12:20:25] /a
[16/4/2022 12:20:25] /a
[16/4/2022 12:20:25] /a
[16/4/2022 12:20:25] /a
[16/4/2022 12:20:25] /a
[16/4/2022 12:20:25] /a
[16/4/2022 12:20:25] /a
[16/4/2022 12:20:25] /a
[16/4/2022 12:20:25] /a
[16/4/2022 12:20:25] /a
[16/4/2022 12:20:25] /a
[16/4/2022 12:20:25] /a
[16/4/2022 12:20:25] /a
[16/4/2022 12:20:25] /a
[16/4/2022 12:20:25] /a
[16/4/2022 12:20:25] /a
[16/4/2022 12:20:25] /a
[16/4/2022 12:20:25] /a
[16/4/2022 12:20:25] /a
[16/4/2022 12:20:25] /a
[16/4/2022 12:20:25] /a
[16/4/2022 12:20:25] /a
[16/4/2022 12:20:25] /a
[16/4/2022 12:20:25] /a
[16/4/2022 12:20:25] /a
[16/4/2022 12:20:25] /a
[16/4/2022 12:20:25] /a
[16/4/2022 12:20:25] /a
[16/4/2022 12:20:25] /a
[16/4/2022 12:20:25] /a
[16/4/2022 12:20:27] /a
[16/4/2022 12:20:28] /a
[16/4/2022 12:20:29] /a
[16/4/2022 12:20:29] /a
[16/4/2022 12:20:30] /a
[16/4/2022 12:20:30] /a
[16/4/2022 12:20:30] /a
[16/4/2022 12:20:30] /a
[16/4/2022 12:20:30] /a
[16/4/2022 12:20:30] /a
[16/4/2022 12:20:30] /a
[16/4/2022 12:20:30] /a
[16/4/2022 12:20:30] /a
[16/4/2022 12:20:31] /a
[16/4/2022 12:20:31] /a
[16/4/2022 12:20:31] /a
[16/4/2022 12:20:31] /a
[16/4/2022 12:20:31] /a
[16/4/2022 12:20:31] /a
[16/4/2022 12:20:31] /a
[16/4/2022 12:21:32] /c Huahsuhauhsuahsuh
[16/4/2022 12:22:24] /t
[16/4/2022 12:22:28] /c Huahsuhauhsuahsuh
[16/4/2022 12:22:57] /goto Marubts
[16/4/2022 12:37:57] /t
[16/4/2022 12:38:4] /i 2160
[16/4/2022 12:38:9] /i 2160
[16/4/2022 12:38:28] /c Ohcrime e gostoso
[16/4/2022 12:38:31] /a
[16/4/2022 12:38:31] /a
[16/4/2022 12:38:32] /a
[16/4/2022 12:38:32] /a
[16/4/2022 12:38:32] /a
[16/4/2022 12:38:32] /a
[16/4/2022 12:38:32] /a
[16/4/2022 12:38:32] /a
[16/4/2022 12:38:32] /a
[16/4/2022 12:38:32] /a
[16/4/2022 12:38:32] /a
[16/4/2022 12:38:32] /a
[16/4/2022 12:38:33] /a
[16/4/2022 12:39:6] /a
[16/4/2022 12:39:7] /a
[16/4/2022 12:39:7] /a
[16/4/2022 12:39:7] /a
[16/4/2022 12:39:7] /a
[16/4/2022 12:39:7] /a
[16/4/2022 12:39:7] /a
[16/4/2022 12:39:7] /a
[16/4/2022 12:39:7] /a
[16/4/2022 12:39:7] /a
[16/4/2022 12:39:7] /a
[16/4/2022 12:39:7] /a
[16/4/2022 12:39:7] /a
[16/4/2022 12:39:7] /a
[16/4/2022 12:39:7] /a
[16/4/2022 12:39:7] /a
[16/4/2022 12:39:7] /a
[16/4/2022 12:39:7] /a
[16/4/2022 12:39:7] /a
[16/4/2022 12:39:7] /a
[16/4/2022 12:39:7] /a
[16/4/2022 12:39:7] /a
[16/4/2022 12:39:7] /a
[16/4/2022 12:39:8] /a
[16/4/2022 12:39:8] /a
[16/4/2022 12:39:8] /a
[16/4/2022 12:39:8] /a
[16/4/2022 12:39:8] /a
[16/4/2022 12:39:8] /a
[16/4/2022 12:39:8] /a
[16/4/2022 12:39:8] /a
[16/4/2022 12:39:8] /a
[16/4/2022 12:39:8] /a
[16/4/2022 12:39:8] /a
[16/4/2022 12:39:8] /a
[16/4/2022 12:39:8] /a
[16/4/2022 12:39:8] /a
[16/4/2022 12:39:8] /a
[16/4/2022 12:39:8] /a
[16/4/2022 12:39:8] /a
[16/4/2022 12:39:8] /a
[16/4/2022 12:39:8] /a
[16/4/2022 12:39:8] /a
[16/4/2022 12:39:8] /a
[16/4/2022 12:39:8] /a
[16/4/2022 12:39:8] /a
[16/4/2022 12:39:8] /a
[16/4/2022 12:39:8] /a
[16/4/2022 12:39:8] /a
[16/4/2022 12:39:8] /a
[16/4/2022 12:39:10] /a
[16/4/2022 12:39:11] /a
[16/4/2022 12:39:11] /a
[16/4/2022 12:39:11] /a
[16/4/2022 12:39:11] /a
[16/4/2022 12:39:11] /a
[16/4/2022 12:39:11] /a
[16/4/2022 12:39:11] /a
[16/4/2022 12:39:11] /a
[16/4/2022 12:39:11] /a
[16/4/2022 12:39:11] /a
[16/4/2022 12:39:11] /a
[16/4/2022 12:39:11] /a
[16/4/2022 12:39:11] /a
[16/4/2022 12:39:11] /a
[16/4/2022 12:39:11] /a
[16/4/2022 12:39:11] /a
[16/4/2022 12:39:11] /a
[16/4/2022 12:39:11] /a
[16/4/2022 12:39:11] /a
[16/4/2022 12:39:11] /a
[16/4/2022 12:39:11] /a
[16/4/2022 12:39:11] /a
[16/4/2022 12:39:12] /a
[16/4/2022 12:39:12] /a
[16/4/2022 12:39:12] /a
[16/4/2022 12:39:12] /a
[16/4/2022 12:39:12] /a
[16/4/2022 12:39:12] /a
[16/4/2022 12:39:13] /a
[16/4/2022 12:39:14] /a
[16/4/2022 12:39:14] /a
[16/4/2022 12:39:14] /a
[16/4/2022 12:39:14] /a
[16/4/2022 12:39:14] /a
[16/4/2022 12:39:14] /a
[16/4/2022 12:39:14] /a
[16/4/2022 12:39:14] /a
[16/4/2022 12:39:14] /a
[16/4/2022 12:39:14] /a
[16/4/2022 12:39:14] /a
[16/4/2022 12:39:14] /a
[16/4/2022 12:39:14] /a
[16/4/2022 12:39:14] /a
[16/4/2022 12:39:15] /a
[16/4/2022 12:39:15] /a
[16/4/2022 12:39:47] /c Energy Loko
[16/4/2022 12:39:52] /c Energy Loko
[16/4/2022 12:39:56] /c Energy Loko
[16/4/2022 13:32:23] /goto Energy
[16/4/2022 13:40:4] /goto vista
[16/4/2022 13:50:46] /goto Zellians
[16/4/2022 13:57:27] /c xivas antiguera
[16/4/2022 13:57:53] /c Energy Loko
[16/4/2022 14:9:27] /c xivas antiguera
[16/4/2022 14:12:35] /m margarote
[16/4/2022 14:12:44] /m ferunbras
[16/4/2022 14:12:52] /m demon
[16/4/2022 14:12:53] /m demon
[16/4/2022 14:12:54] /m demon
[16/4/2022 14:12:55] /m demon
[16/4/2022 14:12:56] /m demon
[16/4/2022 14:12:58] /m demon
[16/4/2022 14:12:59] /m demon
[16/4/2022 14:13:1] /m demon
[16/4/2022 14:13:2] /m demon
[16/4/2022 14:17:52] /m demon
[16/4/2022 14:20:10] /goto xivas antiguera
[16/4/2022 14:20:44] /m dragon lord
[16/4/2022 14:20:46] /m dragon lord
[16/4/2022 14:20:48] /m dragon lord
[16/4/2022 14:20:50] /m dragon lord
[16/4/2022 14:20:54] /m dragon lord
[16/4/2022 14:20:57] /m dragon lord
[16/4/2022 14:21:3] /m dragon lord
[16/4/2022 14:21:4] /m dragon lord
[16/4/2022 14:21:5] /m dragon lord
[16/4/2022 14:21:16] /goto xivas antiguera
[16/4/2022 14:21:18] /m dragon lord
[16/4/2022 14:21:27] /m dragon lord
[16/4/2022 14:21:28] /m dragon lord
[16/4/2022 14:21:30] /m dragon lord
[16/4/2022 14:21:31] /m dragon lord
[16/4/2022 14:21:32] /m dragon lord
[16/4/2022 14:21:44] /m dragon lord
[16/4/2022 14:21:45] /m dragon lord
[16/4/2022 14:21:46] /m dragon lord
[16/4/2022 14:21:47] /m dragon lord
[16/4/2022 14:21:48] /m dragon lord
[16/4/2022 14:21:49] /m dragon lord
[16/4/2022 14:21:50] /m dragon lord
[16/4/2022 14:21:51] /m dragon lord
[16/4/2022 14:21:59] /m dragon lord
[16/4/2022 14:22:0] /m dragon lord
[16/4/2022 14:22:1] /m dragon lord
[16/4/2022 14:22:28] /m dragon lord
[16/4/2022 14:22:31] /m dragon lord
[16/4/2022 14:22:33] /m dragon lord
[16/4/2022 14:22:35] /m dragon lord
[16/4/2022 14:22:37] /m dragon lord
[16/4/2022 14:22:38] /m dragon lord
[16/4/2022 14:22:41] /m dragon lord
[16/4/2022 14:22:43] /m dragon lord
[16/4/2022 14:22:46] /m dragon lord
[16/4/2022 14:22:49] /m dragon lord
[16/4/2022 14:22:54] /m dragon lord
[16/4/2022 14:22:56] /m dragon lord
[16/4/2022 14:22:57] /m dragon lord
[16/4/2022 14:22:59] /m dragon lord
[16/4/2022 14:23:1] /m dragon lord
[16/4/2022 14:23:4] /m dragon lord
[16/4/2022 14:23:6] /m dragon lord
[16/4/2022 14:23:6] /m dragon lord
[16/4/2022 14:23:8] /m dragon lord
[16/4/2022 14:23:9] /m dragon lord
[16/4/2022 14:23:22] /goto energy
[16/4/2022 14:24:2] /i 2660
[16/4/2022 14:24:13] /i 2160
[16/4/2022 14:24:18] /i 2160
[16/4/2022 14:24:39] /m demon
[16/4/2022 14:24:42] /m demon
[16/4/2022 14:24:43] /m demon
[16/4/2022 14:24:44] /m demon
[16/4/2022 14:24:46] /m demon
[16/4/2022 14:24:59] /m demon
[16/4/2022 14:25:0] /m demon
[16/4/2022 14:25:3] /m demon
[16/4/2022 14:26:46] /goto xivas antiguera
[16/4/2022 14:26:52] /m fury
[16/4/2022 14:29:0] /m fury
[16/4/2022 14:29:1] /m fury
[16/4/2022 14:29:2] /m fury
[16/4/2022 14:29:3] /m fury
[16/4/2022 14:30:51] /c xivas antiguera
[16/4/2022 14:32:9] /c vista
[16/4/2022 14:32:17] /c energy
[16/4/2022 14:33:2] /goto energy loko
[16/4/2022 14:33:8] /c energy
[16/4/2022 14:33:26] /m fury
[16/4/2022 14:35:32] /goto Huahsuhauhsuahsuh
[16/4/2022 14:37:49] /goto energy loko
[16/4/2022 14:38:1] /goto caruso
[16/4/2022 14:38:5] /goto caruso  rush
[16/4/2022 14:38:23] /goto Caruso Returns
[16/4/2022 15:31:42] /i 3155
[16/4/2022 17:28:11] /goto Boris Brejcha
[16/4/2022 17:28:29] /t
[16/4/2022 17:46:42] /a 5
[16/4/2022 17:47:4] /i crystal coin
[16/4/2022 17:47:18] /i rainbow shield
[16/4/2022 17:47:37] /r
[16/4/2022 17:48:15] /goto Satisfaction
[16/4/2022 17:48:39] /ghost
[16/4/2022 17:49:31] /i royal scale robe
[16/4/2022 17:50:4] /i Spellbook of Dark Mysteries
[16/4/2022 17:50:22] /i crysal coin
[16/4/2022 17:50:26] /i crysal coin
[16/4/2022 17:51:4] /i crystal coin
[16/4/2022 17:51:6] /i crystal coin
[16/4/2022 17:51:7] /i crystal coin
[16/4/2022 17:51:36] /i backpack
[16/4/2022 17:53:33] /addskill Satisfaction, magic level
[16/4/2022 17:53:54] /addskill Saitsfaction, magic level
[16/4/2022 17:54:8] /addskill Saitsfaction, magic level
[16/4/2022 17:54:9] /addskill Saitsfaction, magic level
[16/4/2022 17:54:9] /addskill Saitsfaction, magic level
[16/4/2022 17:54:10] /addskill Saitsfaction, magic level
[16/4/2022 17:54:10] /addskill Saitsfaction, magic level
[16/4/2022 17:54:11] /addskill Saitsfaction, magic level
[16/4/2022 17:54:12] /addskill Saitsfaction, magic level
[16/4/2022 17:54:18] /addskill Saitsfaction, magic level
[16/4/2022 17:54:18] /addskill Saitsfaction, magic level
[16/4/2022 17:54:19] /addskill Saitsfaction, magic level
[16/4/2022 17:54:19] /addskill Saitsfaction, magic level
[16/4/2022 17:54:20] /addskill Saitsfaction, magic level
[16/4/2022 17:54:49] /a 2
[16/4/2022 17:54:50] /a 2
[16/4/2022 17:54:50] /a 2
[16/4/2022 17:54:50] /a 2
[16/4/2022 17:54:50] /a 2
[16/4/2022 17:54:50] /a 2
[16/4/2022 17:54:50] /a 2
[16/4/2022 17:54:50] /a 2
[16/4/2022 17:54:50] /a 2
[16/4/2022 17:54:50] /a 2
[16/4/2022 17:54:50] /a 2
[16/4/2022 17:54:50] /a 2
[16/4/2022 17:54:50] /a 2
[16/4/2022 17:54:50] /a 2
[16/4/2022 17:54:50] /a 2
[16/4/2022 17:54:50] /a 2
[16/4/2022 17:54:50] /a 2
[16/4/2022 17:54:50] /a 2
[16/4/2022 17:54:50] /a 2
[16/4/2022 17:54:50] /a 2
[16/4/2022 17:54:50] /a 2
[16/4/2022 17:54:50] /a 2
[16/4/2022 17:54:50] /a 2
[16/4/2022 17:54:50] /a 2
[16/4/2022 17:54:50] /a 2
[16/4/2022 17:54:50] /a 2
[16/4/2022 17:54:51] /a 2
[16/4/2022 17:54:51] /a 2
[16/4/2022 17:54:51] /a 2
[16/4/2022 17:54:51] /a 2
[16/4/2022 17:54:51] /a 2
[16/4/2022 17:54:51] /a 2
[16/4/2022 17:54:51] /a 2
[16/4/2022 17:54:51] /a 2
[16/4/2022 17:54:51] /a 2
[16/4/2022 17:54:51] /a 2
[16/4/2022 17:54:51] /a 2
[16/4/2022 17:54:51] /a 2
[16/4/2022 17:54:51] /a 2
[16/4/2022 17:54:51] /a 2
[16/4/2022 17:54:51] /a 2
[16/4/2022 17:54:51] /a 2
[16/4/2022 17:54:51] /a 2
[16/4/2022 17:54:51] /a 2
[16/4/2022 17:54:51] /a 2
[16/4/2022 17:54:51] /a 2
[16/4/2022 17:54:51] /a 2
[16/4/2022 17:54:51] /a 2
[16/4/2022 17:54:51] /a 2
[16/4/2022 17:54:51] /a 2
[16/4/2022 17:54:51] /a 2
[16/4/2022 17:54:51] /a 2
[16/4/2022 17:54:51] /a 2
[16/4/2022 17:54:51] /a 2
[16/4/2022 17:54:51] /a 2
[16/4/2022 17:54:51] /a 2
[16/4/2022 17:54:52] /a 2
[16/4/2022 17:54:52] /a 2
[16/4/2022 17:54:52] /a 2
[16/4/2022 17:54:52] /a 2
[16/4/2022 17:54:52] /a 2
[16/4/2022 17:54:52] /a 2
[16/4/2022 17:54:52] /a 2
[16/4/2022 17:54:52] /a 2
[16/4/2022 17:54:52] /a 2
[16/4/2022 17:54:52] /a 2
[16/4/2022 17:54:52] /a 2
[16/4/2022 17:54:52] /a 2
[16/4/2022 17:54:52] /a 2
[16/4/2022 17:54:52] /a 2
[16/4/2022 17:54:52] /a 2
[16/4/2022 17:54:52] /a 2
[16/4/2022 17:54:52] /a 2
[16/4/2022 17:54:52] /a 2
[16/4/2022 17:54:52] /a 2
[16/4/2022 17:54:52] /a 2
[16/4/2022 17:54:52] /a 2
[16/4/2022 17:54:52] /a 2
[16/4/2022 17:54:52] /a 2
[16/4/2022 17:54:52] /a 2
[16/4/2022 17:54:52] /a 2
[16/4/2022 17:54:52] /a 2
[16/4/2022 17:54:52] /a 2
[16/4/2022 17:54:52] /a 2
[16/4/2022 17:54:52] /a 2
[16/4/2022 17:54:52] /a 2
[16/4/2022 17:54:52] /a 2
[16/4/2022 17:54:52] /a 2
[16/4/2022 17:54:52] /a 2
[16/4/2022 17:54:52] /a 2
[16/4/2022 17:54:52] /a 2
[16/4/2022 17:54:53] /a 2
[16/4/2022 17:54:53] /a 2
[16/4/2022 17:54:53] /a 2
[16/4/2022 17:54:53] /a 2
[16/4/2022 17:54:53] /a 2
[16/4/2022 17:54:53] /a 2
[16/4/2022 17:54:53] /a 2
[16/4/2022 17:54:53] /a 2
[16/4/2022 17:54:53] /a 2
[16/4/2022 17:54:53] /a 2
[16/4/2022 17:54:53] /a 2
[16/4/2022 17:54:53] /a 2
[16/4/2022 17:54:53] /a 2
[16/4/2022 17:54:53] /a 2
[16/4/2022 17:54:53] /a 2
[16/4/2022 17:54:53] /a 2
[16/4/2022 17:54:53] /a 2
[16/4/2022 17:54:53] /a 2
[16/4/2022 17:54:53] /a 2
[16/4/2022 17:54:53] /a 2
[16/4/2022 17:54:53] /a 2
[16/4/2022 17:54:53] /a 2
[16/4/2022 17:54:53] /a 2
[16/4/2022 17:55:34] /t
[16/4/2022 17:56:13] /goto saitsfaction
[16/4/2022 17:56:38] /c saitsfaction
[16/4/2022 17:56:52] /goto demon
[16/4/2022 17:57:9] /i sudden death rune
[16/4/2022 17:59:17] /i snake god's wristguard
[16/4/2022 17:59:25] /goto saitsfaction
[16/4/2022 17:59:36] /r
[16/4/2022 17:59:40] /t
[16/4/2022 18:0:4] /goto dragon lord
[16/4/2022 18:1:12] /goto ferumbra's
[16/4/2022 18:1:38] /goto capitain bluebeav
[16/4/2022 18:3:34] /goto downfire
[16/4/2022 18:3:39] /goto downfire asura
[16/4/2022 18:3:58] /goto rashid
[16/4/2022 18:4:3] /down
[16/4/2022 18:5:19] /goto esrik
[16/4/2022 18:6:0] /a 20
[16/4/2022 18:6:4] /a 30
[16/4/2022 18:6:19] /a 2
[16/4/2022 18:7:9] /m ferumbra's
[16/4/2022 18:7:25] /t
[16/4/2022 18:7:46] /goto ferumbra's
[16/4/2022 18:8:3] /goto ferumbras
[16/4/2022 18:8:17] /goto hydra
[16/4/2022 18:8:43] /m ferumbras
[16/4/2022 18:11:8] /i jewlled backapck
[16/4/2022 18:11:20] /i backpack of holding
[16/4/2022 18:12:5] /r
[16/4/2022 18:12:9] /r
[16/4/2022 18:12:14] /r
[16/4/2022 18:12:18] /r
[16/4/2022 18:12:48] /a 30
[16/4/2022 18:12:55] /a 20
[16/4/2022 18:13:14] /a 30
[16/4/2022 18:13:20] /a 20
[16/4/2022 18:14:22] /t
[16/4/2022 18:16:57] /up
[16/4/2022 18:17:19] /a 50
[16/4/2022 18:17:33] /a 30
[16/4/2022 18:18:42] /a 15
[16/4/2022 18:18:49] /a 10
[16/4/2022 18:19:59] /up
[16/4/2022 18:20:5] /a 5
[16/4/2022 18:20:10] /a 10
[16/4/2022 18:25:50] /up
[16/4/2022 18:25:54] /a 50
[16/4/2022 18:26:2] /up
[16/4/2022 18:26:10] /a 18
[16/4/2022 18:26:15] /a 10
[16/4/2022 18:28:45] /a 1
[16/4/2022 18:29:6] /a 1
[16/4/2022 18:29:24] /goto draken warmaster
[16/4/2022 18:30:20] /i ultimate healing rune
[16/4/2022 18:32:1] /c satisfaction
[16/4/2022 18:37:57] /m dragon lord
[16/4/2022 18:38:20] /m dragon lord
[16/4/2022 18:38:20] /m dragon lord
[16/4/2022 18:38:20] /m dragon lord
[16/4/2022 18:38:21] /m dragon lord
[16/4/2022 18:38:21] /m dragon lord
[16/4/2022 18:38:22] /m dragon lord
[16/4/2022 18:38:22] /m dragon lord
[16/4/2022 18:38:22] /m dragon lord
[16/4/2022 18:38:22] /m dragon lord
[16/4/2022 18:38:23] /m dragon lord
[16/4/2022 18:38:23] /m dragon lord
[16/4/2022 18:38:23] /m dragon lord
[16/4/2022 18:38:24] /m dragon lord
[16/4/2022 18:38:24] /m dragon lord
[16/4/2022 18:38:25] /m dragon lord
[16/4/2022 18:38:25] /m dragon lord
[16/4/2022 18:38:26] /m dragon lord
[16/4/2022 18:38:27] /m dragon lord
[16/4/2022 18:38:28] /m dragon lord
[16/4/2022 18:38:28] /m dragon lord
[16/4/2022 18:38:28] /m dragon lord
[16/4/2022 18:38:29] /m dragon lord
[16/4/2022 18:38:29] /m dragon lord
[16/4/2022 18:38:29] /m dragon lord
[16/4/2022 18:38:29] /m dragon lord
[16/4/2022 18:38:30] /m dragon lord
[16/4/2022 18:38:30] /m dragon lord
[16/4/2022 18:38:30] /m dragon lord
[16/4/2022 18:38:30] /m dragon lord
[16/4/2022 18:38:30] /m dragon lord
[16/4/2022 18:38:31] /m dragon lord
[16/4/2022 18:38:31] /m dragon lord
[16/4/2022 18:38:31] /m dragon lord
[16/4/2022 18:38:32] /m dragon lord
[16/4/2022 18:38:32] /m dragon lord
[16/4/2022 18:38:32] /m dragon lord
[16/4/2022 18:38:32] /m dragon lord
[16/4/2022 18:38:32] /m dragon lord
[16/4/2022 18:38:33] /m dragon lord
[16/4/2022 18:38:33] /m dragon lord
[16/4/2022 18:38:33] /m dragon lord
[16/4/2022 18:38:33] /m dragon lord
[16/4/2022 18:38:34] /m dragon lord
[16/4/2022 18:38:34] /m dragon lord
[16/4/2022 18:38:34] /m dragon lord
[16/4/2022 18:38:34] /m dragon lord
[16/4/2022 18:38:35] /m dragon lord
[16/4/2022 18:38:35] /m dragon lord
[16/4/2022 18:38:35] /m dragon lord
[16/4/2022 18:38:35] /m dragon lord
[16/4/2022 18:38:36] /m dragon lord
[16/4/2022 18:38:36] /m dragon lord
[16/4/2022 18:38:36] /m dragon lord
[16/4/2022 18:38:36] /m dragon lord
[16/4/2022 18:38:36] /m dragon lord
[16/4/2022 18:38:37] /m dragon lord
[16/4/2022 18:38:37] /m dragon lord
[16/4/2022 18:38:37] /m dragon lord
[16/4/2022 18:38:37] /m dragon lord
[16/4/2022 18:38:37] /m dragon lord
[16/4/2022 18:38:38] /m dragon lord
[16/4/2022 18:38:38] /m dragon lord
[16/4/2022 18:38:38] /m dragon lord
[16/4/2022 18:38:39] /m dragon lord
[16/4/2022 18:38:39] /m dragon lord
[16/4/2022 18:38:39] /m dragon lord
[16/4/2022 18:38:39] /m dragon lord
[16/4/2022 18:38:40] /m dragon lord
[16/4/2022 18:38:40] /m dragon lord
[16/4/2022 18:38:40] /m dragon lord
[16/4/2022 18:38:41] /m dragon lord
[16/4/2022 18:38:41] /m dragon lord
[16/4/2022 18:38:42] /m dragon lord
[16/4/2022 18:38:42] /m dragon lord
[16/4/2022 18:38:42] /m dragon lord
[16/4/2022 18:38:42] /m dragon lord
[16/4/2022 18:38:42] /m dragon lord
[16/4/2022 18:38:43] /m dragon lord
[16/4/2022 18:38:43] /m dragon lord
[16/4/2022 18:38:43] /m dragon lord
[16/4/2022 18:38:44] /m dragon lord
[16/4/2022 18:38:44] /m dragon lord
[16/4/2022 18:38:45] /m dragon lord
[16/4/2022 18:38:45] /m dragon lord
[16/4/2022 18:38:45] /m dragon lord
[16/4/2022 18:38:45] /m dragon lord
[16/4/2022 18:38:45] /m dragon lord
[16/4/2022 18:38:46] /m dragon lord
[16/4/2022 18:38:46] /m dragon lord
[16/4/2022 18:38:46] /m dragon lord
[16/4/2022 18:38:46] /m dragon lord
[16/4/2022 18:38:46] /m dragon lord
[16/4/2022 18:38:47] /m dragon lord
[16/4/2022 18:40:51] /clean
[16/4/2022 18:41:50] /i great mana potion
[16/4/2022 18:41:56] /i great mana potion
[16/4/2022 18:41:57] /i great mana potion
[16/4/2022 18:41:59] /i great mana potion
[16/4/2022 18:41:59] /i great mana potion
[16/4/2022 18:46:41] /t
[16/4/2022 18:54:12] /c satisfaction
[16/4/2022 18:54:37] /i ferumbra's hat
[16/4/2022 18:55:1] /i ferumbras' hat
[16/4/2022 18:58:4] /addskill Satisfaction, level
[16/4/2022 18:59:11] /i tempest shield
[16/4/2022 19:0:59] /m dark rodo
[16/4/2022 19:1:45] /m tandros
[16/4/2022 19:2:6] /t
[16/4/2022 19:2:30] /a 5
[16/4/2022 19:2:43] /i crystal coin
[16/4/2022 19:2:44] /i crystal coin
[16/4/2022 19:2:45] /i crystal coin
[16/4/2022 19:4:5] /a 4
[16/4/2022 19:4:47] /a 40
[16/4/2022 19:5:6] /a 10
[16/4/2022 19:5:8] /a 10
[16/4/2022 19:5:9] /a 10
[16/4/2022 19:5:10] /a 10
[16/4/2022 19:5:16] /a 10
[16/4/2022 19:5:24] /a 10
[16/4/2022 19:5:25] /a 10
[16/4/2022 19:5:37] /a 10
[16/4/2022 19:5:40] /a 10
[16/4/2022 19:5:41] /a 10
[16/4/2022 19:5:42] /a 10
[16/4/2022 19:5:44] /a 10
[16/4/2022 19:5:45] /a 10
[16/4/2022 19:7:2] /a 2
[16/4/2022 19:7:12] /a 2
[16/4/2022 19:12:11] /a 10
[16/4/2022 19:12:13] /a 10
[16/4/2022 19:12:15] /a 10
[16/4/2022 19:12:17] /a 10
[16/4/2022 19:12:18] /a 10
[16/4/2022 19:12:20] /a 10
[16/4/2022 19:12:22] /a 10
[16/4/2022 19:12:23] /a 10
[16/4/2022 19:12:53] /goto thor de asgard
[16/4/2022 19:12:59] /t
[16/4/2022 19:13:30] /i crystal coin
[16/4/2022 19:13:43] /i crystal coin
[16/4/2022 19:13:44] /i crystal coin
[16/4/2022 19:13:54] /i crystal coin
[16/4/2022 19:25:22] /i crystal coin
[16/4/2022 22:17:24] /t
[16/4/2022 22:19:11] /i 11190
[16/4/2022 22:45:24] /t
[16/4/2022 22:45:31] /c oldskull
[16/4/2022 22:51:20] /a
[16/4/2022 22:51:21] /a
[16/4/2022 22:51:21] /a
[16/4/2022 22:51:21] /a
[16/4/2022 22:51:21] /a
[16/4/2022 22:51:22] /a
[16/4/2022 22:51:22] /a
[16/4/2022 22:51:22] /a
[16/4/2022 22:51:22] /a
[16/4/2022 22:51:22] /a
[16/4/2022 22:51:22] /a
[16/4/2022 22:51:22] /a
[16/4/2022 22:51:22] /a
[16/4/2022 22:51:22] /a
[16/4/2022 22:51:22] /a
[16/4/2022 22:51:22] /a
[16/4/2022 22:51:22] /a
[16/4/2022 22:51:22] /a
[16/4/2022 22:51:22] /a
[16/4/2022 22:51:22] /a
[16/4/2022 22:51:38] /i 2160
[16/4/2022 22:51:42] /t
[16/4/2022 23:0:53] /goto Anjos Da Noite
[16/4/2022 23:1:14] /c Anjos Da Noite
[16/4/2022 23:1:46] /t
[16/4/2022 23:5:41] /goto Druidox
[16/4/2022 23:5:47] /t
[16/4/2022 23:5:49] /a
[16/4/2022 23:5:50] /a
[16/4/2022 23:5:50] /a
[16/4/2022 23:5:50] /a
[16/4/2022 23:5:50] /a
[16/4/2022 23:5:50] /a
[16/4/2022 23:5:50] /a
[16/4/2022 23:5:50] /a
[16/4/2022 23:5:50] /a
[16/4/2022 23:5:50] /a
[16/4/2022 23:5:50] /a
[16/4/2022 23:5:50] /a
[16/4/2022 23:5:50] /a
[16/4/2022 23:5:50] /a
[16/4/2022 23:5:50] /a
[16/4/2022 23:5:50] /a
[16/4/2022 23:5:50] /a
[16/4/2022 23:5:50] /a
[16/4/2022 23:5:50] /a
[16/4/2022 23:5:50] /a
[16/4/2022 23:5:50] /a
[16/4/2022 23:5:50] /a
[16/4/2022 23:5:50] /a
[16/4/2022 23:5:50] /a
[16/4/2022 23:5:50] /a
[16/4/2022 23:5:51] /a
[16/4/2022 23:5:51] /a
[16/4/2022 23:5:51] /a
[16/4/2022 23:5:51] /a
[16/4/2022 23:5:51] /a
[16/4/2022 23:5:51] /a
[16/4/2022 23:5:51] /a
[16/4/2022 23:5:51] /a
[16/4/2022 23:5:51] /a
[16/4/2022 23:5:51] /a
[16/4/2022 23:5:51] /a
[16/4/2022 23:5:51] /a
[16/4/2022 23:5:51] /a
[16/4/2022 23:5:51] /a
[16/4/2022 23:5:51] /a
[16/4/2022 23:5:51] /a
[16/4/2022 23:5:51] /a
[16/4/2022 23:5:51] /a
[16/4/2022 23:5:51] /a
[16/4/2022 23:5:51] /a
[16/4/2022 23:5:51] /a
[16/4/2022 23:5:51] /a
[16/4/2022 23:5:51] /a
[16/4/2022 23:5:51] /a
[16/4/2022 23:5:51] /a
[16/4/2022 23:5:51] /a
[16/4/2022 23:5:52] /a
[16/4/2022 23:5:52] /a
[16/4/2022 23:5:52] /a
[16/4/2022 23:5:52] /a
[16/4/2022 23:5:52] /a
[16/4/2022 23:5:52] /a
[16/4/2022 23:5:52] /a
[16/4/2022 23:5:52] /a
[16/4/2022 23:5:52] /a
[16/4/2022 23:5:52] /a
[16/4/2022 23:5:52] /a
[16/4/2022 23:5:52] /a
[16/4/2022 23:5:52] /a
[16/4/2022 23:5:52] /a
[16/4/2022 23:5:52] /a
[16/4/2022 23:5:52] /a
[16/4/2022 23:5:52] /a
[16/4/2022 23:5:52] /a
[16/4/2022 23:5:52] /a
[16/4/2022 23:5:52] /a
[16/4/2022 23:5:52] /a
[16/4/2022 23:5:52] /a
[16/4/2022 23:5:52] /a
[16/4/2022 23:5:52] /a
[16/4/2022 23:5:52] /a
[16/4/2022 23:5:52] /a
[16/4/2022 23:5:52] /a
[16/4/2022 23:5:52] /a
[16/4/2022 23:5:52] /a
[16/4/2022 23:5:52] /a
[16/4/2022 23:5:52] /a
[16/4/2022 23:5:52] /a
[16/4/2022 23:5:53] /a
[16/4/2022 23:5:53] /a
[16/4/2022 23:5:53] /a
[16/4/2022 23:5:53] /a
[16/4/2022 23:5:53] /a
[16/4/2022 23:5:53] /a
[16/4/2022 23:5:53] /a
[16/4/2022 23:5:53] /a
[16/4/2022 23:5:53] /a
[16/4/2022 23:5:53] /a
[16/4/2022 23:5:53] /a
[16/4/2022 23:5:53] /a
[16/4/2022 23:5:53] /a
[16/4/2022 23:5:53] /a
[16/4/2022 23:5:56] /a
[16/4/2022 23:5:57] /a
[16/4/2022 23:5:57] /a
[16/4/2022 23:5:57] /a
[16/4/2022 23:5:57] /a
[16/4/2022 23:5:57] /a
[16/4/2022 23:5:57] /a
[16/4/2022 23:5:57] /a
[16/4/2022 23:5:57] /a
[16/4/2022 23:5:57] /a
[16/4/2022 23:5:57] /a
[16/4/2022 23:5:57] /a
[16/4/2022 23:5:57] /a
[16/4/2022 23:5:57] /a
[16/4/2022 23:5:57] /a
[16/4/2022 23:5:57] /a
[16/4/2022 23:5:57] /a
[16/4/2022 23:5:57] /a
[16/4/2022 23:5:57] /a
[16/4/2022 23:5:57] /a
[16/4/2022 23:5:57] /a
[16/4/2022 23:5:57] /a
[16/4/2022 23:5:57] /a
[16/4/2022 23:5:57] /a
[16/4/2022 23:5:57] /a
[16/4/2022 23:5:57] /a
[16/4/2022 23:5:57] /a
[16/4/2022 23:5:57] /a
[16/4/2022 23:5:57] /a
[16/4/2022 23:5:57] /a
[16/4/2022 23:5:58] /a
[16/4/2022 23:5:58] /a
[16/4/2022 23:5:58] /a
[16/4/2022 23:5:58] /a
[16/4/2022 23:5:58] /a
[16/4/2022 23:5:58] /a
[16/4/2022 23:5:58] /a
[16/4/2022 23:5:58] /a
[16/4/2022 23:5:58] /a
[16/4/2022 23:5:58] /a
[16/4/2022 23:5:58] /a
[16/4/2022 23:5:58] /a
[16/4/2022 23:5:58] /a
[16/4/2022 23:5:58] /a
[16/4/2022 23:5:58] /a
[16/4/2022 23:5:58] /a
[16/4/2022 23:5:58] /a
[16/4/2022 23:5:58] /a
[16/4/2022 23:5:58] /a
[16/4/2022 23:5:58] /a
[16/4/2022 23:5:58] /a
[16/4/2022 23:5:58] /a
[16/4/2022 23:5:58] /a
[16/4/2022 23:5:58] /a
[16/4/2022 23:5:58] /a
[16/4/2022 23:5:58] /a
[16/4/2022 23:5:58] /a
[16/4/2022 23:5:58] /a
[16/4/2022 23:5:58] /a
[16/4/2022 23:5:58] /a
[16/4/2022 23:5:59] /a
[16/4/2022 23:5:59] /a
[16/4/2022 23:5:59] /a
[16/4/2022 23:5:59] /a
[16/4/2022 23:5:59] /a
[16/4/2022 23:5:59] /a
[16/4/2022 23:5:59] /a
[16/4/2022 23:5:59] /a
[16/4/2022 23:5:59] /a
[16/4/2022 23:5:59] /a
[16/4/2022 23:5:59] /a
[16/4/2022 23:5:59] /a
[16/4/2022 23:5:59] /a
[16/4/2022 23:5:59] /a
[16/4/2022 23:5:59] /a
[16/4/2022 23:5:59] /a
[16/4/2022 23:5:59] /a
[16/4/2022 23:5:59] /a
[16/4/2022 23:5:59] /a
[16/4/2022 23:5:59] /a
[16/4/2022 23:5:59] /a
[16/4/2022 23:5:59] /a
[16/4/2022 23:5:59] /a
[16/4/2022 23:5:59] /a
[16/4/2022 23:9:16] /c anjo da noite
[16/4/2022 23:9:50] /c Anjos Da Noite
[16/4/2022 23:9:56] /i 2160
[16/4/2022 23:10:7] /t
[17/4/2022 8:26:59] /t
[17/4/2022 11:42:46] /ghost
[17/4/2022 11:42:58] /ghost
[17/4/2022 12:7:36] /a 10
[17/4/2022 12:7:55] /a 15
[17/4/2022 12:7:59] /a 10
[17/4/2022 12:9:41] /a 10
[17/4/2022 12:12:7] /a 15
[17/4/2022 12:19:28] /t
[17/4/2022 12:42:44] /t
[17/4/2022 13:4:20] /t
[17/4/2022 13:15:21] /m dragon lord
[17/4/2022 13:15:22] /m dragon lord
[17/4/2022 13:15:23] /m dragon lord
[17/4/2022 13:15:23] /m dragon lord
[17/4/2022 13:15:24] /m dragon lord
[17/4/2022 13:15:25] /m dragon lord
[17/4/2022 13:15:25] /m dragon lord
[17/4/2022 13:15:26] /m dragon lord
[17/4/2022 13:15:26] /m dragon lord
[17/4/2022 13:15:27] /m dragon lord
[17/4/2022 13:15:28] /m dragon lord
[17/4/2022 13:15:28] /m dragon lord
[17/4/2022 13:15:29] /m dragon lord
[17/4/2022 13:15:29] /m dragon lord
[17/4/2022 13:15:30] /m dragon lord
[17/4/2022 13:15:30] /m dragon lord
[17/4/2022 13:15:31] /m dragon lord
[17/4/2022 13:15:32] /m dragon lord
[17/4/2022 13:15:32] /m dragon lord
[17/4/2022 13:15:35] /m dragon lord
[17/4/2022 13:15:35] /m dragon lord
[17/4/2022 13:15:36] /m dragon lord
[17/4/2022 13:15:36] /m dragon lord
[17/4/2022 13:15:37] /m dragon lord
[17/4/2022 13:15:37] /m dragon lord
[17/4/2022 13:15:39] /m dragon lord
[17/4/2022 13:15:39] /m dragon lord
[17/4/2022 13:15:40] /m dragon lord
[17/4/2022 13:15:40] /m dragon lord
[17/4/2022 13:15:41] /m dragon lord
[17/4/2022 13:15:41] /m dragon lord
[17/4/2022 13:15:42] /m dragon lord
[17/4/2022 13:15:42] /m dragon lord
[17/4/2022 13:15:42] /m dragon lord
[17/4/2022 13:15:44] /m dragon lord
[17/4/2022 13:15:45] /m dragon lord
[17/4/2022 13:15:45] /m dragon lord
[17/4/2022 13:15:46] /m dragon lord
[17/4/2022 13:15:51] /t
[17/4/2022 13:44:3] /goto satisfaction
[17/4/2022 13:44:5] /m dragon lord
[17/4/2022 13:44:5] /m dragon lord
[17/4/2022 13:44:6] /m dragon lord
[17/4/2022 13:44:6] /m dragon lord
[17/4/2022 13:44:6] /m dragon lord
[17/4/2022 13:44:6] /m dragon lord
[17/4/2022 13:44:6] /m dragon lord
[17/4/2022 13:44:7] /m dragon lord
[17/4/2022 13:44:7] /m dragon lord
[17/4/2022 13:44:7] /m dragon lord
[17/4/2022 13:44:7] /m dragon lord
[17/4/2022 13:44:7] /m dragon lord
[17/4/2022 13:44:8] /m dragon lord
[17/4/2022 13:44:8] /m dragon lord
[17/4/2022 13:44:9] /m dragon lord
[17/4/2022 13:44:9] /m dragon lord
[17/4/2022 13:44:9] /m dragon lord
[17/4/2022 13:44:23] /m dragon lord
[17/4/2022 13:44:24] /m dragon lord
[17/4/2022 13:44:24] /m dragon lord
[17/4/2022 13:44:25] /m dragon lord
[17/4/2022 13:44:25] /m dragon lord
[17/4/2022 13:44:25] /m dragon lord
[17/4/2022 13:44:26] /m dragon lord
[17/4/2022 13:44:26] /m dragon lord
[17/4/2022 13:44:26] /m dragon lord
[17/4/2022 13:44:26] /m dragon lord
[17/4/2022 13:44:27] /m dragon lord
[17/4/2022 13:44:27] /m dragon lord
[17/4/2022 13:44:28] /m dragon lord
[17/4/2022 13:44:28] /m dragon lord
[17/4/2022 13:44:29] /m dragon lord
[17/4/2022 13:44:29] /m dragon lord
[17/4/2022 13:44:29] /m dragon lord
[17/4/2022 13:44:29] /m dragon lord
[17/4/2022 13:44:30] /m dragon lord
[17/4/2022 13:44:31] /m dragon lord
[17/4/2022 13:44:32] /m dragon lord
[17/4/2022 13:44:32] /m dragon lord
[17/4/2022 13:44:32] /m dragon lord
[17/4/2022 13:44:33] /m dragon lord
[17/4/2022 13:44:33] /m dragon lord
[17/4/2022 13:44:33] /m dragon lord
[17/4/2022 13:44:33] /m dragon lord
[17/4/2022 13:44:33] /m dragon lord
[17/4/2022 13:44:34] /m dragon lord
[17/4/2022 13:44:34] /m dragon lord
[17/4/2022 13:44:35] /m dragon lord
[17/4/2022 13:44:36] /m dragon lord
[17/4/2022 13:44:37] /m dragon lord
[17/4/2022 13:44:37] /m dragon lord
[17/4/2022 13:44:37] /m dragon lord
[17/4/2022 13:44:38] /m dragon lord
[17/4/2022 13:44:38] /m dragon lord
[17/4/2022 13:44:39] /m dragon lord
[17/4/2022 13:44:39] /m dragon lord
[17/4/2022 13:44:39] /m dragon lord
[17/4/2022 13:44:39] /m dragon lord
[17/4/2022 13:44:40] /m dragon lord
[17/4/2022 13:44:40] /m dragon lord
[17/4/2022 13:44:40] /m dragon lord
[17/4/2022 13:44:41] /m dragon lord
[17/4/2022 13:44:41] /m dragon lord
[17/4/2022 13:44:41] /m dragon lord
[17/4/2022 13:44:41] /m dragon lord
[17/4/2022 13:44:42] /m dragon lord
[17/4/2022 13:44:42] /m dragon lord
[17/4/2022 13:44:43] /m dragon lord
[17/4/2022 13:44:44] /m dragon lord
[17/4/2022 13:44:44] /m dragon lord
[17/4/2022 13:44:45] /m dragon lord
[17/4/2022 13:44:45] /m dragon lord
[17/4/2022 13:44:45] /m dragon lord
[17/4/2022 13:44:46] /m dragon lord
[17/4/2022 13:44:46] /m dragon lord
[17/4/2022 13:44:46] /m dragon lord
[17/4/2022 13:44:46] /m dragon lord
[17/4/2022 13:44:46] /m dragon lord
[17/4/2022 13:44:47] /m dragon lord
[17/4/2022 13:44:47] /m dragon lord
[17/4/2022 13:44:47] /m dragon lord
[17/4/2022 13:44:47] /m dragon lord
[17/4/2022 13:44:48] /m dragon lord
[17/4/2022 13:44:48] /m dragon lord
[17/4/2022 13:44:53] /a 4
[17/4/2022 13:44:54] /m dragon lord
[17/4/2022 13:44:54] /m dragon lord
[17/4/2022 13:44:54] /m dragon lord
[17/4/2022 13:44:56] /m dragon lord
[17/4/2022 13:44:56] /m dragon lord
[17/4/2022 13:44:57] /m dragon lord
[17/4/2022 13:44:57] /m dragon lord
[17/4/2022 13:44:57] /m dragon lord
[17/4/2022 13:44:57] /m dragon lord
[17/4/2022 13:45:0] /m dragon lord
[17/4/2022 13:45:1] /m dragon lord
[17/4/2022 13:45:2] /m dragon lord
[17/4/2022 13:45:2] /m dragon lord
[17/4/2022 13:45:4] /m dragon lord
[17/4/2022 13:45:4] /m dragon lord
[17/4/2022 13:45:7] /a 5
[17/4/2022 13:45:8] /m dragon lord
[17/4/2022 13:45:9] /m dragon lord
[17/4/2022 13:45:10] /m dragon lord
[17/4/2022 13:45:15] /a 2
[17/4/2022 13:45:20] /m dragon lord
[17/4/2022 13:45:20] /m dragon lord
[17/4/2022 13:45:21] /m dragon lord
[17/4/2022 13:45:23] /m dragon lord
[17/4/2022 13:45:23] /m dragon lord
[17/4/2022 13:45:24] /m dragon lord
[17/4/2022 13:45:24] /m dragon lord
[17/4/2022 13:45:24] /m dragon lord
[17/4/2022 13:45:25] /m dragon lord
[17/4/2022 13:45:25] /m dragon lord
[17/4/2022 13:45:25] /m dragon lord
[17/4/2022 13:45:25] /m dragon lord
[17/4/2022 13:45:25] /m dragon lord
[17/4/2022 13:45:26] /m dragon lord
[17/4/2022 13:45:26] /m dragon lord
[17/4/2022 13:45:26] /m dragon lord
[17/4/2022 13:45:27] /m dragon lord
[17/4/2022 13:45:28] /m dragon lord
[17/4/2022 13:45:28] /m dragon lord
[17/4/2022 13:45:29] /m dragon lord
[17/4/2022 13:45:29] /m dragon lord
[17/4/2022 13:45:29] /m dragon lord
[17/4/2022 13:45:30] /m dragon lord
[17/4/2022 13:45:30] /m dragon lord
[17/4/2022 13:45:31] /m dragon lord
[17/4/2022 13:45:31] /m dragon lord
[17/4/2022 13:45:31] /m dragon lord
[17/4/2022 13:45:32] /m dragon lord
[17/4/2022 13:45:33] /m dragon lord
[17/4/2022 13:45:33] /m dragon lord
[17/4/2022 13:45:33] /m dragon lord
[17/4/2022 13:45:34] /m dragon lord
[17/4/2022 13:45:34] /m dragon lord
[17/4/2022 13:45:34] /m dragon lord
[17/4/2022 13:45:35] /m dragon lord
[17/4/2022 13:45:35] /m dragon lord
[17/4/2022 13:45:35] /m dragon lord
[17/4/2022 13:45:35] /m dragon lord
[17/4/2022 13:45:35] /m dragon lord
[17/4/2022 13:45:36] /m dragon lord
[17/4/2022 13:45:37] /m dragon lord
[17/4/2022 13:45:37] /m dragon lord
[17/4/2022 13:45:38] /m dragon lord
[17/4/2022 13:45:38] /m dragon lord
[17/4/2022 13:45:39] /m dragon lord
[17/4/2022 13:45:39] /m dragon lord
[17/4/2022 13:45:40] /m dragon lord
[17/4/2022 13:45:40] /m dragon lord
[17/4/2022 13:45:44] /a 10
[17/4/2022 13:45:58] /a 5
[17/4/2022 13:45:59] /m dragon lord
[17/4/2022 13:46:0] /m dragon lord
[17/4/2022 13:46:0] /m dragon lord
[17/4/2022 13:46:0] /m dragon lord
[17/4/2022 13:46:1] /m dragon lord
[17/4/2022 13:46:1] /m dragon lord
[17/4/2022 13:46:1] /m dragon lord
[17/4/2022 13:46:1] /m dragon lord
[17/4/2022 13:46:2] /m dragon lord
[17/4/2022 13:46:2] /m dragon lord
[17/4/2022 13:46:2] /m dragon lord
[17/4/2022 13:46:2] /m dragon lord
[17/4/2022 13:46:3] /m dragon lord
[17/4/2022 13:46:4] /m dragon lord
[17/4/2022 13:46:5] /m dragon lord
[17/4/2022 13:46:7] /a 5
[17/4/2022 13:46:8] /m dragon lord
[17/4/2022 13:46:8] /m dragon lord
[17/4/2022 13:46:9] /m dragon lord
[17/4/2022 13:46:9] /m dragon lord
[17/4/2022 13:46:10] /m dragon lord
[17/4/2022 13:46:12] /m dragon lord
[17/4/2022 13:46:13] /m dragon lord
[17/4/2022 13:46:13] /m dragon lord
[17/4/2022 13:46:13] /m dragon lord
[17/4/2022 13:46:13] /m dragon lord
[17/4/2022 13:46:13] /m dragon lord
[17/4/2022 13:46:14] /m dragon lord
[17/4/2022 13:46:14] /m dragon lord
[17/4/2022 13:46:16] /m dragon lord
[17/4/2022 13:46:16] /m dragon lord
[17/4/2022 13:46:16] /m dragon lord
[17/4/2022 13:46:16] /m dragon lord
[17/4/2022 13:46:17] /m dragon lord
[17/4/2022 13:46:18] /m dragon lord
[17/4/2022 13:46:18] /m dragon lord
[17/4/2022 13:46:19] /m dragon lord
[17/4/2022 13:46:19] /m dragon lord
[17/4/2022 13:46:19] /m dragon lord
[17/4/2022 13:46:19] /m dragon lord
[17/4/2022 13:46:20] /m dragon lord
[17/4/2022 13:46:20] /m dragon lord
[17/4/2022 13:46:20] /m dragon lord
[17/4/2022 13:46:20] /m dragon lord
[17/4/2022 13:46:20] /m dragon lord
[17/4/2022 13:46:21] /m dragon lord
[17/4/2022 13:46:21] /m dragon lord
[17/4/2022 13:46:22] /m dragon lord
[17/4/2022 13:46:22] /m dragon lord
[17/4/2022 13:46:22] /m dragon lord
[17/4/2022 13:46:22] /m dragon lord
[17/4/2022 13:46:22] /m dragon lord
[17/4/2022 13:46:23] /m dragon lord
[17/4/2022 13:46:23] /m dragon lord
[17/4/2022 13:46:23] /m dragon lord
[17/4/2022 13:46:23] /m dragon lord
[17/4/2022 13:46:23] /m dragon lord
[17/4/2022 13:46:24] /m dragon lord
[17/4/2022 13:46:24] /m dragon lord
[17/4/2022 13:46:24] /m dragon lord
[17/4/2022 13:46:25] /m dragon lord
[17/4/2022 13:46:25] /m dragon lord
[17/4/2022 13:46:25] /m dragon lord
[17/4/2022 13:46:25] /m dragon lord
[17/4/2022 13:46:30] /t
[17/4/2022 13:48:15] /i great mana potion
[17/4/2022 13:48:16] /i great mana potion
[17/4/2022 13:48:28] /r
[17/4/2022 13:48:31] /i great mana potion
[17/4/2022 13:48:33] /i great mana potion
[17/4/2022 13:48:38] /goto satisfaction
[17/4/2022 13:48:47] /t
[17/4/2022 13:55:53] /clean
[17/4/2022 17:42:45] /a
[17/4/2022 17:42:46] /a
[17/4/2022 17:42:46] /a
[17/4/2022 17:42:46] /a
[17/4/2022 17:42:46] /a
[17/4/2022 17:42:46] /a
[17/4/2022 17:42:46] /a
[17/4/2022 17:42:46] /a
[17/4/2022 17:42:46] /a
[17/4/2022 17:42:46] /a
[17/4/2022 17:42:46] /a
[17/4/2022 17:42:46] /a
[17/4/2022 17:42:46] /a
[17/4/2022 17:42:46] /a
[17/4/2022 17:42:46] /a
[17/4/2022 17:42:46] /a
[17/4/2022 17:42:46] /a
[17/4/2022 17:42:46] /a
[17/4/2022 17:42:46] /a
[17/4/2022 17:42:47] /a
[17/4/2022 17:42:47] /a
[17/4/2022 17:42:47] /a
[17/4/2022 17:42:47] /a
[17/4/2022 17:42:47] /a
[17/4/2022 17:42:47] /a
[17/4/2022 17:42:47] /a
[17/4/2022 17:42:47] /a
[17/4/2022 17:42:47] /a
[17/4/2022 17:42:47] /a
[17/4/2022 17:42:47] /a
[17/4/2022 17:42:47] /a
[17/4/2022 17:42:47] /a
[17/4/2022 17:42:47] /a
[17/4/2022 17:42:47] /a
[17/4/2022 17:42:47] /a
[17/4/2022 17:42:47] /a
[17/4/2022 17:42:47] /a
[17/4/2022 17:42:47] /a
[17/4/2022 17:42:47] /a
[17/4/2022 17:42:47] /a
[17/4/2022 17:42:47] /a
[17/4/2022 17:42:47] /a
[17/4/2022 17:42:47] /a
[17/4/2022 17:42:47] /a
[17/4/2022 17:42:47] /a
[17/4/2022 17:42:47] /a
[17/4/2022 17:42:47] /a
[17/4/2022 17:42:47] /a
[17/4/2022 17:42:47] /a
[17/4/2022 17:42:47] /a
[17/4/2022 17:42:47] /a
[17/4/2022 17:42:47] /a
[17/4/2022 17:42:48] /a
[17/4/2022 17:42:48] /a
[17/4/2022 17:42:48] /a
[17/4/2022 17:42:48] /a
[17/4/2022 17:42:48] /a
[17/4/2022 17:42:48] /a
[17/4/2022 17:42:48] /a
[17/4/2022 17:42:48] /a
[17/4/2022 17:42:48] /a
[17/4/2022 17:42:48] /a
[17/4/2022 17:42:48] /a
[17/4/2022 17:42:48] /a
[17/4/2022 17:42:48] /a
[17/4/2022 17:42:48] /a
[17/4/2022 17:42:48] /a
[17/4/2022 17:42:48] /a
[17/4/2022 17:42:48] /a
[17/4/2022 17:42:48] /a
[17/4/2022 17:42:48] /a
[17/4/2022 17:42:48] /a
[17/4/2022 17:42:48] /a
[17/4/2022 17:42:48] /a
[17/4/2022 17:42:50] /a
[17/4/2022 17:42:50] /a
[17/4/2022 17:42:50] /a
[17/4/2022 17:42:50] /a
[17/4/2022 17:42:50] /a
[17/4/2022 17:42:50] /a
[17/4/2022 17:42:50] /a
[17/4/2022 17:42:50] /a
[17/4/2022 17:42:50] /a
[17/4/2022 17:42:50] /a
[17/4/2022 17:42:51] /a
[17/4/2022 17:42:51] /a
[17/4/2022 17:42:51] /a
[17/4/2022 17:42:51] /a
[17/4/2022 17:42:51] /a
[17/4/2022 17:42:51] /a
[17/4/2022 17:42:51] /a
[17/4/2022 17:42:51] /a
[17/4/2022 17:42:51] /a
[17/4/2022 17:42:51] /a
[17/4/2022 17:42:51] /a
[17/4/2022 17:42:51] /a
[17/4/2022 17:42:51] /a
[17/4/2022 17:42:51] /a
[17/4/2022 17:42:51] /a
[17/4/2022 17:42:51] /a
[17/4/2022 17:42:51] /a
[17/4/2022 17:42:51] /a
[17/4/2022 17:42:51] /a
[17/4/2022 17:42:51] /a
[17/4/2022 17:42:54] /a
[17/4/2022 17:42:54] /a
[17/4/2022 17:42:54] /a
[17/4/2022 17:42:54] /a
[17/4/2022 17:42:54] /a
[17/4/2022 17:42:54] /a
[17/4/2022 17:42:54] /a
[17/4/2022 17:42:54] /a
[17/4/2022 17:42:54] /a
[17/4/2022 17:42:54] /a
[17/4/2022 17:42:54] /a
[17/4/2022 17:42:54] /a
[17/4/2022 17:42:54] /a
[17/4/2022 17:42:54] /a
[17/4/2022 17:42:54] /a
[17/4/2022 17:42:54] /a
[17/4/2022 17:42:55] /a
[17/4/2022 17:42:55] /a
[17/4/2022 17:42:55] /a
[17/4/2022 17:42:55] /a
[17/4/2022 17:42:55] /a
[17/4/2022 17:42:55] /a
[17/4/2022 17:42:55] /a
[17/4/2022 17:42:55] /a
[17/4/2022 17:42:55] /a
[17/4/2022 17:42:55] /a
[17/4/2022 17:42:55] /a
[17/4/2022 17:42:55] /a
[17/4/2022 17:42:55] /a
[17/4/2022 17:42:55] /a
[17/4/2022 17:42:55] /a
[17/4/2022 17:42:55] /a
[17/4/2022 17:42:55] /a
[17/4/2022 17:42:55] /a
[17/4/2022 17:42:55] /a
[17/4/2022 17:42:55] /a
[17/4/2022 17:42:55] /a
[17/4/2022 17:42:55] /a
[17/4/2022 17:42:55] /a
[17/4/2022 17:42:55] /a
[17/4/2022 17:42:55] /a
[17/4/2022 17:42:55] /a
[17/4/2022 17:42:55] /a
[17/4/2022 17:42:55] /a
[17/4/2022 17:42:55] /a
[17/4/2022 17:42:55] /a
[17/4/2022 17:42:56] /a
[17/4/2022 17:42:56] /a
[17/4/2022 17:42:56] /a
[17/4/2022 17:42:56] /a
[17/4/2022 17:42:56] /a
[17/4/2022 17:42:56] /a
[17/4/2022 17:42:56] /a
[17/4/2022 17:42:56] /a
[17/4/2022 17:42:56] /a
[17/4/2022 17:42:56] /a
[17/4/2022 17:42:56] /a
[17/4/2022 17:42:56] /a
[17/4/2022 17:42:56] /a
[17/4/2022 17:42:56] /a
[17/4/2022 17:42:56] /a
[17/4/2022 17:42:56] /a
[17/4/2022 17:42:56] /a
[17/4/2022 17:42:56] /a
[17/4/2022 17:42:56] /a
[17/4/2022 17:42:56] /a
[17/4/2022 17:42:56] /a
[17/4/2022 17:42:56] /a
[17/4/2022 17:42:56] /a
[17/4/2022 17:42:56] /a
[17/4/2022 17:42:56] /a
[17/4/2022 17:42:56] /a
[17/4/2022 17:42:56] /a
[17/4/2022 17:42:56] /a
[17/4/2022 17:42:56] /a
[17/4/2022 17:42:56] /a
[17/4/2022 17:42:56] /a
[17/4/2022 17:42:57] /a
[17/4/2022 17:42:57] /a
[17/4/2022 17:42:57] /a
[17/4/2022 17:42:57] /a
[17/4/2022 17:42:57] /a
[17/4/2022 17:42:57] /a
[17/4/2022 17:42:57] /a
[17/4/2022 17:42:57] /a
[17/4/2022 17:42:57] /a
[17/4/2022 17:42:57] /a
[17/4/2022 17:42:57] /a
[17/4/2022 17:42:57] /a
[17/4/2022 17:42:57] /a
[17/4/2022 17:42:57] /a
[17/4/2022 17:42:57] /a
[17/4/2022 17:42:57] /a
[17/4/2022 17:42:57] /a
[17/4/2022 17:42:57] /a
[17/4/2022 17:42:57] /a
[17/4/2022 17:42:57] /a
[17/4/2022 17:42:57] /a
[17/4/2022 17:42:57] /a
[17/4/2022 17:42:57] /a
[17/4/2022 17:42:57] /a
[17/4/2022 17:42:57] /a
[17/4/2022 17:42:57] /a
[17/4/2022 17:42:57] /a
[17/4/2022 17:42:57] /a
[17/4/2022 17:42:57] /a
[17/4/2022 17:42:57] /a
[17/4/2022 17:42:58] /a
[17/4/2022 17:42:58] /a
[17/4/2022 17:42:58] /a
[17/4/2022 17:42:58] /a
[17/4/2022 17:42:58] /a
[17/4/2022 17:42:58] /a
[17/4/2022 17:42:58] /a
[17/4/2022 17:42:58] /a
[17/4/2022 17:42:58] /a
[17/4/2022 17:42:58] /a
[17/4/2022 17:42:58] /a
[17/4/2022 17:42:58] /a
[17/4/2022 17:42:58] /a
[17/4/2022 17:42:58] /a
[17/4/2022 17:42:58] /a
[17/4/2022 17:42:58] /a
[17/4/2022 17:42:58] /a
[17/4/2022 17:42:58] /a
[17/4/2022 17:42:58] /a
[17/4/2022 17:42:58] /a
[17/4/2022 17:42:58] /a
[17/4/2022 17:42:58] /a
[17/4/2022 17:42:58] /a
[17/4/2022 17:42:58] /a
[17/4/2022 17:42:58] /a
[17/4/2022 17:42:58] /a
[17/4/2022 17:42:58] /a
[17/4/2022 17:42:58] /a
[17/4/2022 17:42:58] /a
[17/4/2022 17:42:58] /a
[17/4/2022 17:42:58] /a
[17/4/2022 17:42:59] /a
[17/4/2022 17:42:59] /a
[17/4/2022 17:42:59] /a
[17/4/2022 17:42:59] /a
[17/4/2022 17:42:59] /a
[17/4/2022 17:42:59] /a
[17/4/2022 17:42:59] /a
[17/4/2022 17:42:59] /a
[17/4/2022 17:42:59] /a
[17/4/2022 17:42:59] /a
[17/4/2022 17:42:59] /a
[17/4/2022 17:42:59] /a
[17/4/2022 17:42:59] /a
[17/4/2022 17:42:59] /a
[17/4/2022 17:42:59] /a
[17/4/2022 17:42:59] /a
[17/4/2022 17:42:59] /a
[17/4/2022 17:42:59] /a
[17/4/2022 17:42:59] /a
[17/4/2022 17:42:59] /a
[17/4/2022 17:42:59] /a
[17/4/2022 17:42:59] /a
[17/4/2022 17:42:59] /a
[17/4/2022 17:42:59] /a
[17/4/2022 17:42:59] /a
[17/4/2022 17:42:59] /a
[17/4/2022 17:42:59] /a
[17/4/2022 17:42:59] /a
[17/4/2022 17:42:59] /a
[17/4/2022 17:42:59] /a
[17/4/2022 17:43:0] /a
[17/4/2022 17:43:0] /a
[17/4/2022 17:43:0] /a
[17/4/2022 17:43:0] /a
[17/4/2022 17:43:0] /a
[17/4/2022 17:43:0] /a
[17/4/2022 17:43:0] /a
[17/4/2022 17:43:0] /a
[17/4/2022 17:43:0] /a
[17/4/2022 17:43:0] /a
[17/4/2022 17:43:0] /a
[17/4/2022 17:43:0] /a
[17/4/2022 17:43:0] /a
[17/4/2022 17:43:0] /a
[17/4/2022 17:43:0] /a
[17/4/2022 17:43:0] /a
[17/4/2022 17:43:0] /a
[17/4/2022 17:43:0] /a
[17/4/2022 17:43:0] /a
[17/4/2022 17:43:0] /a
[17/4/2022 17:43:0] /a
[17/4/2022 17:43:0] /a
[17/4/2022 17:43:0] /a
[17/4/2022 17:43:0] /a
[17/4/2022 17:43:0] /a
[17/4/2022 17:43:0] /a
[17/4/2022 17:43:0] /a
[17/4/2022 17:43:0] /a
[17/4/2022 17:43:0] /a
[17/4/2022 17:43:0] /a
[17/4/2022 17:43:1] /a
[17/4/2022 17:43:1] /a
[17/4/2022 17:43:1] /a
[17/4/2022 17:43:1] /a
[17/4/2022 17:43:1] /a
[17/4/2022 17:43:1] /a
[17/4/2022 17:43:1] /a
[17/4/2022 17:43:1] /a
[17/4/2022 17:43:1] /a
[17/4/2022 17:43:1] /a
[17/4/2022 17:43:1] /a
[17/4/2022 17:43:1] /a
[17/4/2022 17:43:1] /a
[17/4/2022 17:43:1] /a
[17/4/2022 17:43:1] /a
[17/4/2022 17:43:1] /a
[17/4/2022 17:43:1] /a
[17/4/2022 17:43:1] /a
[17/4/2022 17:43:1] /a
[17/4/2022 17:43:1] /a
[17/4/2022 17:43:1] /a
[17/4/2022 17:43:1] /a
[17/4/2022 17:43:1] /a
[17/4/2022 17:43:1] /a
[17/4/2022 17:43:1] /a
[17/4/2022 17:43:1] /a
[17/4/2022 17:43:1] /a
[17/4/2022 17:43:1] /a
[17/4/2022 17:43:1] /a
[17/4/2022 17:43:2] /a
[17/4/2022 17:43:2] /a
[17/4/2022 17:43:2] /a
[17/4/2022 17:43:2] /a
[17/4/2022 17:43:2] /a
[17/4/2022 17:43:2] /a
[17/4/2022 17:43:2] /a
[17/4/2022 17:43:2] /a
[17/4/2022 17:43:2] /a
[17/4/2022 17:43:2] /a
[17/4/2022 17:43:2] /a
[17/4/2022 17:43:2] /a
[17/4/2022 17:43:2] /a
[17/4/2022 17:43:2] /a
[17/4/2022 17:43:2] /a
[17/4/2022 17:43:2] /a
[17/4/2022 17:43:2] /a
[17/4/2022 17:43:2] /a
[17/4/2022 17:43:2] /a
[17/4/2022 17:43:2] /a
[17/4/2022 17:43:2] /a
[17/4/2022 17:43:2] /a
[17/4/2022 17:43:2] /a
[17/4/2022 17:43:2] /a
[17/4/2022 17:43:2] /a
[17/4/2022 17:43:2] /a
[17/4/2022 17:43:2] /a
[17/4/2022 17:43:2] /a
[17/4/2022 17:43:2] /a
[17/4/2022 17:43:2] /a
[17/4/2022 17:43:2] /a
[17/4/2022 17:43:3] /a
[17/4/2022 17:43:3] /a
[17/4/2022 17:43:3] /a
[17/4/2022 17:43:3] /a
[17/4/2022 17:43:3] /a
[17/4/2022 17:43:3] /a
[17/4/2022 17:43:3] /a
[17/4/2022 17:43:3] /a
[17/4/2022 17:43:3] /a
[17/4/2022 17:43:3] /a
[17/4/2022 17:43:3] /a
[17/4/2022 17:43:3] /a
[17/4/2022 17:43:3] /a
[17/4/2022 17:43:3] /a
[17/4/2022 17:43:3] /a
[17/4/2022 17:43:3] /a
[17/4/2022 17:43:3] /a
[17/4/2022 17:43:3] /a
[17/4/2022 17:43:3] /a
[17/4/2022 17:43:3] /a
[17/4/2022 17:43:3] /a
[17/4/2022 17:43:3] /a
[17/4/2022 17:43:3] /a
[17/4/2022 17:43:3] /a
[17/4/2022 17:43:3] /a
[17/4/2022 17:43:3] /a
[17/4/2022 17:43:3] /a
[17/4/2022 17:43:3] /a
[17/4/2022 17:43:3] /a
[17/4/2022 17:43:3] /a
[17/4/2022 17:43:4] /a
[17/4/2022 17:43:4] /a
[17/4/2022 17:43:4] /a
[17/4/2022 17:43:4] /a
[17/4/2022 17:43:4] /a
[17/4/2022 17:43:4] /a
[17/4/2022 17:43:4] /a
[17/4/2022 17:43:4] /a
[17/4/2022 17:43:4] /a
[17/4/2022 17:43:4] /a
[17/4/2022 17:43:4] /a
[17/4/2022 17:43:4] /a
[17/4/2022 17:43:4] /a
[17/4/2022 17:43:4] /a
[17/4/2022 17:43:4] /a
[17/4/2022 17:43:4] /a
[17/4/2022 17:43:4] /a
[17/4/2022 17:43:4] /a
[17/4/2022 17:43:4] /a
[17/4/2022 17:43:4] /a
[17/4/2022 17:43:4] /a
[17/4/2022 17:43:4] /a
[17/4/2022 17:43:4] /a
[17/4/2022 17:43:4] /a
[17/4/2022 17:43:4] /a
[17/4/2022 17:43:4] /a
[17/4/2022 17:43:4] /a
[17/4/2022 17:43:4] /a
[17/4/2022 17:43:4] /a
[17/4/2022 17:43:4] /a
[17/4/2022 17:43:4] /a
[17/4/2022 17:43:5] /a
[17/4/2022 17:43:5] /a
[17/4/2022 17:43:5] /a
[17/4/2022 17:43:5] /a
[17/4/2022 17:43:5] /a
[17/4/2022 17:43:5] /a
[17/4/2022 17:43:5] /a
[17/4/2022 17:43:5] /a
[17/4/2022 17:43:5] /a
[17/4/2022 17:43:5] /a
[17/4/2022 17:43:5] /a
[17/4/2022 17:43:5] /a
[17/4/2022 17:43:5] /a
[17/4/2022 17:43:5] /a
[17/4/2022 17:43:5] /a
[17/4/2022 17:43:5] /a
[17/4/2022 17:43:5] /a
[17/4/2022 17:43:5] /a
[17/4/2022 17:43:5] /a
[17/4/2022 17:43:5] /a
[17/4/2022 17:43:5] /a
[17/4/2022 17:43:5] /a
[17/4/2022 17:43:5] /a
[17/4/2022 17:43:5] /a
[17/4/2022 17:43:5] /a
[17/4/2022 17:43:5] /a
[17/4/2022 17:43:5] /a
[17/4/2022 17:43:5] /a
[17/4/2022 17:43:5] /a
[17/4/2022 17:43:5] /a
[17/4/2022 17:43:6] /a
[17/4/2022 17:43:6] /a
[17/4/2022 17:43:6] /a
[17/4/2022 17:43:6] /a
[17/4/2022 17:43:6] /a
[17/4/2022 17:43:6] /a
[17/4/2022 17:43:6] /a
[17/4/2022 17:43:6] /a
[17/4/2022 17:43:6] /a
[17/4/2022 17:43:6] /a
[17/4/2022 17:43:6] /a
[17/4/2022 17:43:6] /a
[17/4/2022 17:43:6] /a
[17/4/2022 17:43:6] /a
[17/4/2022 17:43:6] /a
[17/4/2022 17:43:6] /a
[17/4/2022 17:43:6] /a
[17/4/2022 17:43:6] /a
[17/4/2022 17:43:6] /a
[17/4/2022 17:43:6] /a
[17/4/2022 17:43:6] /a
[17/4/2022 17:43:6] /a
[17/4/2022 17:43:6] /a
[17/4/2022 17:43:6] /a
[17/4/2022 17:43:6] /a
[17/4/2022 17:43:6] /a
[17/4/2022 17:43:6] /a
[17/4/2022 17:43:6] /a
[17/4/2022 17:43:6] /a
[17/4/2022 17:43:6] /a
[17/4/2022 17:43:6] /a
[17/4/2022 17:43:7] /a
[17/4/2022 17:43:7] /a
[17/4/2022 17:43:7] /a
[17/4/2022 17:43:7] /a
[17/4/2022 17:43:7] /a
[17/4/2022 17:43:7] /a
[17/4/2022 17:43:7] /a
[17/4/2022 17:43:7] /a
[17/4/2022 17:43:7] /a
[17/4/2022 17:43:7] /a
[17/4/2022 17:43:7] /a
[17/4/2022 17:43:7] /a
[17/4/2022 17:43:7] /a
[17/4/2022 17:43:7] /a
[17/4/2022 17:43:7] /a
[17/4/2022 17:43:7] /a
[17/4/2022 17:43:7] /a
[17/4/2022 17:43:7] /a
[17/4/2022 17:43:7] /a
[17/4/2022 17:43:7] /a
[17/4/2022 17:43:7] /a
[17/4/2022 17:43:7] /a
[17/4/2022 17:43:7] /a
[17/4/2022 17:43:7] /a
[17/4/2022 17:43:7] /a
[17/4/2022 17:43:7] /a
[17/4/2022 17:43:7] /a
[17/4/2022 17:43:7] /a
[17/4/2022 17:43:7] /a
[17/4/2022 17:43:7] /a
[17/4/2022 17:43:8] /a
[17/4/2022 17:43:8] /a
[17/4/2022 17:43:8] /a
[17/4/2022 17:43:8] /a
[17/4/2022 17:43:8] /a
[17/4/2022 17:43:8] /a
[17/4/2022 17:43:8] /a
[17/4/2022 17:43:8] /a
[17/4/2022 17:43:8] /a
[17/4/2022 17:43:8] /a
[17/4/2022 17:43:8] /a
[17/4/2022 17:43:8] /a
[17/4/2022 17:43:8] /a
[17/4/2022 17:43:8] /a
[17/4/2022 17:43:8] /a
[17/4/2022 17:43:8] /a
[17/4/2022 17:43:8] /a
[17/4/2022 17:43:8] /a
[17/4/2022 17:43:8] /a
[17/4/2022 17:43:8] /a
[17/4/2022 17:43:37] /a
[17/4/2022 17:43:37] /a
[17/4/2022 17:43:38] /a
[17/4/2022 17:43:38] /a
[17/4/2022 17:43:38] /a
[17/4/2022 17:43:38] /a
[17/4/2022 17:43:38] /a
[17/4/2022 17:43:38] /a
[17/4/2022 17:43:38] /a
[17/4/2022 17:43:38] /a
[17/4/2022 17:43:38] /a
[17/4/2022 17:43:38] /a
[17/4/2022 17:43:38] /a
[17/4/2022 17:43:38] /a
[17/4/2022 17:43:38] /a
[17/4/2022 17:43:38] /a
[17/4/2022 17:43:38] /a
[17/4/2022 17:43:38] /a
[17/4/2022 17:43:38] /a
[17/4/2022 17:43:38] /a
[17/4/2022 17:43:38] /a
[17/4/2022 17:43:38] /a
[17/4/2022 17:43:38] /a
[17/4/2022 17:43:38] /a
[17/4/2022 17:43:38] /a
[17/4/2022 17:43:38] /a
[17/4/2022 17:43:38] /a
[17/4/2022 18:11:57] /c xivas
[17/4/2022 18:12:6] /i 2160
[17/4/2022 18:12:12] /i 2160
[17/4/2022 18:12:34] /t
[17/4/2022 18:12:57] /i 1988
[17/4/2022 18:13:29] /goto xivas
[17/4/2022 18:14:40] /c xivas
[17/4/2022 18:15:31] /c xivas
[17/4/2022 18:15:48] /c xivas
[17/4/2022 18:16:52] /c xivas
[17/4/2022 18:17:12] /t
[17/4/2022 18:18:12] /i 8985
[17/4/2022 18:18:15] /i 8986
[17/4/2022 18:18:24] /r
[17/4/2022 18:37:0] /a
[17/4/2022 18:37:0] /a
[17/4/2022 18:37:0] /a
[17/4/2022 18:37:0] /a
[17/4/2022 18:37:0] /a
[17/4/2022 18:37:0] /a
[17/4/2022 18:37:1] /a
[17/4/2022 18:37:1] /a
[17/4/2022 18:37:1] /a
[17/4/2022 18:37:1] /a
[17/4/2022 18:37:1] /a
[17/4/2022 18:37:1] /a
[17/4/2022 18:37:1] /a
[17/4/2022 18:37:1] /a
[17/4/2022 18:37:1] /a
[17/4/2022 18:37:1] /a
[17/4/2022 18:37:1] /a
[17/4/2022 18:37:1] /a
[17/4/2022 18:37:1] /a
[17/4/2022 18:37:1] /a
[17/4/2022 18:37:1] /a
[17/4/2022 18:37:1] /a
[17/4/2022 18:37:1] /a
[17/4/2022 18:37:1] /a
[17/4/2022 18:37:1] /a
[17/4/2022 18:37:1] /a
[17/4/2022 18:37:1] /a
[17/4/2022 18:37:1] /a
[17/4/2022 18:37:1] /a
[17/4/2022 18:37:1] /a
[17/4/2022 18:37:1] /a
[17/4/2022 18:37:1] /a
[17/4/2022 18:37:1] /a
[17/4/2022 18:37:1] /a
[17/4/2022 18:37:1] /a
[17/4/2022 18:37:1] /a
[17/4/2022 18:37:1] /a
[17/4/2022 18:37:2] /a
[17/4/2022 18:37:2] /a
[17/4/2022 18:37:2] /a
[17/4/2022 18:37:2] /a
[17/4/2022 18:37:2] /a
[17/4/2022 18:37:2] /a
[17/4/2022 18:37:2] /a
[17/4/2022 18:37:2] /a
[17/4/2022 18:37:2] /a
[17/4/2022 18:37:2] /a
[17/4/2022 18:37:2] /a
[17/4/2022 18:37:2] /a
[17/4/2022 18:37:2] /a
[17/4/2022 18:37:2] /a
[17/4/2022 18:37:2] /a
[17/4/2022 18:37:2] /a
[17/4/2022 18:37:2] /a
[17/4/2022 18:37:2] /a
[17/4/2022 18:37:2] /a
[17/4/2022 18:37:3] /a
[17/4/2022 18:37:7] /a
[17/4/2022 18:37:7] /a
[17/4/2022 18:37:7] /a
[17/4/2022 18:37:7] /a
[17/4/2022 18:37:7] /a
[17/4/2022 18:37:7] /a
[17/4/2022 18:37:7] /a
[17/4/2022 18:37:9] /a
[17/4/2022 18:37:10] /a
[17/4/2022 18:37:10] /a
[17/4/2022 18:37:10] /a
[17/4/2022 18:37:11] /a
[17/4/2022 18:37:11] /a
[17/4/2022 18:37:11] /a
[17/4/2022 18:37:11] /a
[17/4/2022 18:37:11] /a
[17/4/2022 18:37:11] /a
[17/4/2022 18:37:11] /a
[17/4/2022 18:37:11] /a
[17/4/2022 18:37:12] /a
[17/4/2022 18:37:13] /a
[17/4/2022 18:37:13] /a
[17/4/2022 18:37:13] /a
[17/4/2022 18:37:13] /a
[17/4/2022 18:37:13] /a
[17/4/2022 18:37:13] /a
[17/4/2022 18:37:13] /a
[17/4/2022 18:37:13] /a
[17/4/2022 18:37:14] /a
[17/4/2022 18:37:14] /a
[17/4/2022 18:37:26] /a
[17/4/2022 18:37:26] /a
[17/4/2022 18:37:26] /a
[17/4/2022 18:37:26] /a
[17/4/2022 18:37:26] /a
[17/4/2022 18:37:26] /a
[17/4/2022 18:37:27] /a
[17/4/2022 18:37:27] /a
[17/4/2022 18:37:27] /a
[17/4/2022 18:37:27] /a
[17/4/2022 18:37:27] /a
[17/4/2022 18:37:27] /a
[17/4/2022 18:37:27] /a
[17/4/2022 18:37:27] /a
[17/4/2022 18:37:27] /a
[17/4/2022 18:37:27] /a
[17/4/2022 18:37:27] /a
[17/4/2022 18:37:27] /a
[17/4/2022 18:37:27] /a
[17/4/2022 18:37:27] /a
[17/4/2022 18:37:27] /a
[17/4/2022 18:37:27] /a
[17/4/2022 18:37:27] /a
[17/4/2022 18:37:27] /a
[17/4/2022 18:37:27] /a
[17/4/2022 18:37:27] /a
[17/4/2022 18:37:27] /a
[17/4/2022 18:37:27] /a
[17/4/2022 18:37:27] /a
[17/4/2022 18:37:27] /a
[17/4/2022 18:37:27] /a
[17/4/2022 18:37:27] /a
[17/4/2022 18:37:27] /a
[17/4/2022 18:37:27] /a
[17/4/2022 18:37:27] /a
[17/4/2022 18:37:27] /a
[17/4/2022 18:37:27] /a
[17/4/2022 18:37:28] /a
[17/4/2022 18:37:28] /a
[17/4/2022 18:37:28] /a
[17/4/2022 18:37:28] /a
[17/4/2022 18:37:28] /a
[17/4/2022 18:37:28] /a
[17/4/2022 18:37:28] /a
[17/4/2022 18:37:28] /a
[17/4/2022 18:37:28] /a
[17/4/2022 18:37:28] /a
[17/4/2022 18:37:28] /a
[17/4/2022 18:37:28] /a
[17/4/2022 18:37:28] /a
[17/4/2022 18:37:28] /a
[17/4/2022 18:37:28] /a
[17/4/2022 18:37:28] /a
[17/4/2022 18:37:28] /a
[17/4/2022 18:37:28] /a
[17/4/2022 18:37:28] /a
[17/4/2022 18:37:28] /a
[17/4/2022 18:37:28] /a
[17/4/2022 18:37:28] /a
[17/4/2022 18:37:28] /a
[17/4/2022 18:37:28] /a
[17/4/2022 18:37:28] /a
[17/4/2022 18:37:28] /a
[17/4/2022 18:37:28] /a
[17/4/2022 18:37:28] /a
[17/4/2022 18:37:28] /a
[17/4/2022 18:37:28] /a
[17/4/2022 18:37:28] /a
[17/4/2022 18:37:28] /a
[17/4/2022 18:37:29] /a
[17/4/2022 18:37:29] /a
[17/4/2022 18:37:29] /a
[17/4/2022 18:37:29] /a
[17/4/2022 18:37:29] /a
[17/4/2022 18:37:29] /a
[17/4/2022 18:37:29] /a
[17/4/2022 18:37:29] /a
[17/4/2022 18:37:29] /a
[17/4/2022 18:37:29] /a
[17/4/2022 18:37:29] /a
[17/4/2022 18:37:29] /a
[17/4/2022 18:37:29] /a
[17/4/2022 18:37:29] /a
[17/4/2022 18:37:29] /a
[17/4/2022 18:37:29] /a
[17/4/2022 18:37:29] /a
[17/4/2022 18:37:29] /a
[17/4/2022 18:37:29] /a
[17/4/2022 18:37:29] /a
[17/4/2022 18:37:29] /a
[17/4/2022 18:37:29] /a
[17/4/2022 18:37:29] /a
[17/4/2022 18:37:29] /a
[17/4/2022 18:37:29] /a
[17/4/2022 18:37:29] /a
[17/4/2022 18:37:29] /a
[17/4/2022 18:37:29] /a
[17/4/2022 18:37:29] /a
[17/4/2022 18:37:29] /a
[17/4/2022 18:37:30] /a
[17/4/2022 18:37:30] /a
[17/4/2022 18:37:30] /a
[17/4/2022 18:37:30] /a
[17/4/2022 18:37:30] /a
[17/4/2022 18:37:30] /a
[17/4/2022 18:37:30] /a
[17/4/2022 18:37:30] /a
[17/4/2022 18:37:30] /a
[17/4/2022 18:37:30] /a
[17/4/2022 18:37:30] /a
[17/4/2022 18:37:30] /a
[17/4/2022 18:37:30] /a
[17/4/2022 18:37:30] /a
[17/4/2022 18:37:30] /a
[17/4/2022 18:37:30] /a
[17/4/2022 18:37:30] /a
[17/4/2022 18:37:30] /a
[17/4/2022 18:37:30] /a
[17/4/2022 18:37:30] /a
[17/4/2022 18:37:30] /a
[17/4/2022 18:37:30] /a
[17/4/2022 18:37:30] /a
[17/4/2022 18:37:30] /a
[17/4/2022 18:37:30] /a
[17/4/2022 18:37:30] /a
[17/4/2022 18:37:30] /a
[17/4/2022 18:37:30] /a
[17/4/2022 18:37:30] /a
[17/4/2022 18:37:30] /a
[17/4/2022 18:37:30] /a
[17/4/2022 18:37:31] /a
[17/4/2022 18:37:31] /a
[17/4/2022 18:37:31] /a
[17/4/2022 18:37:31] /a
[17/4/2022 18:37:31] /a
[17/4/2022 18:37:31] /a
[17/4/2022 18:37:31] /a
[17/4/2022 18:37:31] /a
[17/4/2022 18:37:31] /a
[17/4/2022 18:37:31] /a
[17/4/2022 18:37:31] /a
[17/4/2022 18:37:31] /a
[17/4/2022 18:37:31] /a
[17/4/2022 18:37:31] /a
[17/4/2022 18:37:31] /a
[17/4/2022 18:37:31] /a
[17/4/2022 18:37:31] /a
[17/4/2022 18:37:31] /a
[17/4/2022 18:37:31] /a
[17/4/2022 18:37:31] /a
[17/4/2022 18:37:31] /a
[17/4/2022 18:37:31] /a
[17/4/2022 18:37:31] /a
[17/4/2022 18:37:31] /a
[17/4/2022 18:37:31] /a
[17/4/2022 18:37:31] /a
[17/4/2022 18:37:31] /a
[17/4/2022 18:37:31] /a
[17/4/2022 18:37:31] /a
[17/4/2022 18:37:31] /a
[17/4/2022 18:37:31] /a
[17/4/2022 18:37:32] /a
[17/4/2022 18:37:32] /a
[17/4/2022 18:37:32] /a
[17/4/2022 18:37:32] /a
[17/4/2022 18:37:32] /a
[17/4/2022 18:37:32] /a
[17/4/2022 18:37:32] /a
[17/4/2022 18:37:32] /a
[17/4/2022 18:37:32] /a
[17/4/2022 18:37:32] /a
[17/4/2022 18:37:32] /a
[17/4/2022 18:37:32] /a
[17/4/2022 18:37:32] /a
[17/4/2022 18:37:32] /a
[17/4/2022 18:37:32] /a
[17/4/2022 18:37:32] /a
[17/4/2022 18:37:32] /a
[17/4/2022 18:37:32] /a
[17/4/2022 18:37:32] /a
[17/4/2022 18:37:32] /a
[17/4/2022 18:37:32] /a
[17/4/2022 18:37:32] /a
[17/4/2022 18:37:32] /a
[17/4/2022 18:37:32] /a
[17/4/2022 18:37:32] /a
[17/4/2022 18:37:32] /a
[17/4/2022 18:37:32] /a
[17/4/2022 18:37:32] /a
[17/4/2022 18:37:32] /a
[17/4/2022 18:37:32] /a
[17/4/2022 18:37:33] /a
[17/4/2022 18:37:33] /a
[17/4/2022 18:37:33] /a
[17/4/2022 18:37:33] /a
[17/4/2022 18:37:33] /a
[17/4/2022 18:37:33] /a
[17/4/2022 18:37:33] /a
[17/4/2022 18:37:33] /a
[17/4/2022 18:37:33] /a
[17/4/2022 18:37:33] /a
[17/4/2022 18:37:33] /a
[17/4/2022 18:37:33] /a
[17/4/2022 18:37:33] /a
[17/4/2022 18:37:33] /a
[17/4/2022 18:37:33] /a
[17/4/2022 18:37:33] /a
[17/4/2022 18:37:33] /a
[17/4/2022 18:37:33] /a
[17/4/2022 18:37:33] /a
[17/4/2022 18:37:33] /a
[17/4/2022 18:37:33] /a
[17/4/2022 18:37:33] /a
[17/4/2022 18:37:33] /a
[17/4/2022 18:37:33] /a
[17/4/2022 18:37:33] /a
[17/4/2022 18:37:33] /a
[17/4/2022 18:37:33] /a
[17/4/2022 18:37:33] /a
[17/4/2022 18:37:33] /a
[17/4/2022 18:37:33] /a
[17/4/2022 18:37:34] /a
[17/4/2022 18:37:34] /a
[17/4/2022 18:37:34] /a
[17/4/2022 18:37:34] /a
[17/4/2022 18:37:34] /a
[17/4/2022 18:37:34] /a
[17/4/2022 18:37:34] /a
[17/4/2022 18:37:34] /a
[17/4/2022 18:37:34] /a
[17/4/2022 18:37:34] /a
[17/4/2022 18:37:34] /a
[17/4/2022 18:37:34] /a
[17/4/2022 18:37:34] /a
[17/4/2022 18:37:34] /a
[17/4/2022 18:37:34] /a
[17/4/2022 18:37:34] /a
[17/4/2022 18:37:34] /a
[17/4/2022 18:37:34] /a
[17/4/2022 18:37:34] /a
[17/4/2022 18:37:34] /a
[17/4/2022 18:37:34] /a
[17/4/2022 18:37:34] /a
[17/4/2022 18:37:34] /a
[17/4/2022 18:37:34] /a
[17/4/2022 18:37:34] /a
[17/4/2022 18:37:34] /a
[17/4/2022 18:37:34] /a
[17/4/2022 18:37:34] /a
[17/4/2022 18:37:34] /a
[17/4/2022 18:37:34] /a
[17/4/2022 18:37:34] /a
[17/4/2022 18:37:35] /a
[17/4/2022 18:37:35] /a
[17/4/2022 18:37:35] /a
[17/4/2022 18:37:35] /a
[17/4/2022 18:37:35] /a
[17/4/2022 18:37:35] /a
[17/4/2022 18:37:35] /a
[17/4/2022 18:37:35] /a
[17/4/2022 18:37:35] /a
[17/4/2022 18:37:35] /a
[17/4/2022 18:37:35] /a
[17/4/2022 18:37:35] /a
[17/4/2022 18:37:35] /a
[17/4/2022 18:37:35] /a
[17/4/2022 18:37:35] /a
[17/4/2022 18:37:35] /a
[17/4/2022 18:37:35] /a
[17/4/2022 18:37:35] /a
[17/4/2022 18:37:35] /a
[17/4/2022 18:37:35] /a
[17/4/2022 18:37:35] /a
[17/4/2022 18:37:35] /a
[17/4/2022 18:37:35] /a
[17/4/2022 18:37:35] /a
[17/4/2022 18:37:35] /a
[17/4/2022 18:37:35] /a
[17/4/2022 18:37:35] /a
[17/4/2022 18:37:35] /a
[17/4/2022 18:37:35] /a
[17/4/2022 18:37:36] /a
[17/4/2022 18:37:36] /a
[17/4/2022 18:37:36] /a
[17/4/2022 18:37:36] /a
[17/4/2022 18:37:36] /a
[17/4/2022 18:37:36] /a
[17/4/2022 18:37:36] /a
[17/4/2022 18:37:36] /a
[17/4/2022 18:37:36] /a
[17/4/2022 18:37:36] /a
[17/4/2022 18:37:36] /a
[17/4/2022 18:37:36] /a
[17/4/2022 18:37:36] /a
[17/4/2022 18:37:36] /a
[17/4/2022 18:37:36] /a
[17/4/2022 18:37:36] /a
[17/4/2022 18:37:36] /a
[17/4/2022 18:37:36] /a
[17/4/2022 18:37:36] /a
[17/4/2022 18:37:36] /a
[17/4/2022 18:37:36] /a
[17/4/2022 18:37:36] /a
[17/4/2022 18:37:36] /a
[17/4/2022 18:37:36] /a
[17/4/2022 18:37:36] /a
[17/4/2022 18:37:36] /a
[17/4/2022 18:37:36] /a
[17/4/2022 18:37:36] /a
[17/4/2022 18:37:36] /a
[17/4/2022 18:37:36] /a
[17/4/2022 18:37:36] /a
[17/4/2022 18:37:36] /a
[17/4/2022 18:37:37] /a
[17/4/2022 18:37:37] /a
[17/4/2022 18:37:37] /a
[17/4/2022 18:37:37] /a
[17/4/2022 18:37:37] /a
[17/4/2022 18:37:37] /a
[17/4/2022 18:37:37] /a
[17/4/2022 18:37:37] /a
[17/4/2022 18:37:37] /a
[17/4/2022 18:37:37] /a
[17/4/2022 18:37:37] /a
[17/4/2022 18:37:37] /a
[17/4/2022 18:37:37] /a
[17/4/2022 18:37:37] /a
[17/4/2022 18:37:37] /a
[17/4/2022 18:37:37] /a
[17/4/2022 18:37:37] /a
[17/4/2022 18:37:37] /a
[17/4/2022 18:37:37] /a
[17/4/2022 18:37:37] /a
[17/4/2022 18:37:37] /a
[17/4/2022 18:37:37] /a
[17/4/2022 18:37:37] /a
[17/4/2022 18:37:37] /a
[17/4/2022 18:37:37] /a
[17/4/2022 18:37:37] /a
[17/4/2022 18:37:37] /a
[17/4/2022 18:37:37] /a
[17/4/2022 18:37:37] /a
[17/4/2022 18:37:37] /a
[17/4/2022 18:37:38] /a
[17/4/2022 18:37:38] /a
[17/4/2022 18:37:38] /a
[17/4/2022 18:37:38] /a
[17/4/2022 18:37:38] /a
[17/4/2022 18:37:38] /a
[17/4/2022 18:37:38] /a
[17/4/2022 18:37:38] /a
[17/4/2022 18:37:38] /a
[17/4/2022 18:37:38] /a
[17/4/2022 18:37:38] /a
[17/4/2022 18:37:38] /a
[17/4/2022 18:37:38] /a
[17/4/2022 18:37:38] /a
[17/4/2022 18:37:38] /a
[17/4/2022 18:37:38] /a
[17/4/2022 18:37:38] /a
[17/4/2022 18:37:38] /a
[17/4/2022 18:37:38] /a
[17/4/2022 18:37:38] /a
[17/4/2022 18:37:38] /a
[17/4/2022 18:37:38] /a
[17/4/2022 18:37:38] /a
[17/4/2022 18:37:38] /a
[17/4/2022 18:37:38] /a
[17/4/2022 18:37:38] /a
[17/4/2022 18:37:38] /a
[17/4/2022 18:37:38] /a
[17/4/2022 18:37:38] /a
[17/4/2022 18:37:39] /a
[17/4/2022 18:37:39] /a
[17/4/2022 18:37:39] /a
[17/4/2022 18:37:39] /a
[17/4/2022 18:37:39] /a
[17/4/2022 18:37:39] /a
[17/4/2022 18:37:39] /a
[17/4/2022 18:37:39] /a
[17/4/2022 18:37:39] /a
[17/4/2022 18:37:39] /a
[17/4/2022 18:37:39] /a
[17/4/2022 18:37:39] /a
[17/4/2022 18:37:39] /a
[17/4/2022 18:37:39] /a
[17/4/2022 18:37:39] /a
[17/4/2022 18:37:39] /a
[17/4/2022 18:37:39] /a
[17/4/2022 18:37:39] /a
[17/4/2022 18:37:39] /a
[17/4/2022 18:37:39] /a
[17/4/2022 18:37:39] /a
[17/4/2022 18:37:39] /a
[17/4/2022 18:37:39] /a
[17/4/2022 18:37:39] /a
[17/4/2022 18:37:39] /a
[17/4/2022 18:37:41] /a
[17/4/2022 18:37:42] /a
[17/4/2022 18:37:42] /a
[17/4/2022 18:37:42] /a
[17/4/2022 18:37:42] /a
[17/4/2022 18:37:42] /a
[17/4/2022 18:37:42] /a
[17/4/2022 18:37:42] /a
[17/4/2022 18:37:42] /a
[17/4/2022 18:37:42] /a
[17/4/2022 18:37:42] /a
[17/4/2022 18:37:42] /a
[17/4/2022 18:37:42] /a
[17/4/2022 18:37:42] /a
[17/4/2022 18:37:42] /a
[17/4/2022 18:37:43] /a
[17/4/2022 18:37:43] /a
[17/4/2022 18:37:43] /a
[17/4/2022 18:37:43] /a
[17/4/2022 18:37:43] /a
[17/4/2022 18:37:43] /a
[17/4/2022 18:37:43] /a
[17/4/2022 18:37:43] /a
[17/4/2022 18:37:43] /a
[17/4/2022 18:37:43] /a
[17/4/2022 18:37:43] /a
[17/4/2022 18:37:43] /a
[17/4/2022 18:37:43] /a
[17/4/2022 18:37:43] /a
[17/4/2022 18:37:43] /a
[17/4/2022 18:37:43] /a
[17/4/2022 18:37:43] /a
[17/4/2022 18:37:43] /a
[17/4/2022 18:37:43] /a
[17/4/2022 18:37:43] /a
[17/4/2022 18:37:43] /a
[17/4/2022 18:37:43] /a
[17/4/2022 18:37:43] /a
[17/4/2022 18:37:43] /a
[17/4/2022 18:37:43] /a
[17/4/2022 18:37:43] /a
[17/4/2022 18:37:43] /a
[17/4/2022 18:37:43] /a
[17/4/2022 18:37:43] /a
[17/4/2022 18:37:43] /a
[17/4/2022 18:37:43] /a
[17/4/2022 18:37:44] /a
[17/4/2022 19:2:14] /goto xivas
[17/4/2022 19:2:57] /i 1988
[17/4/2022 19:3:8] /i 7590
[17/4/2022 19:3:12] /i 7590
[17/4/2022 19:3:13] /i 7590
[17/4/2022 19:3:15] /i 7590
[17/4/2022 19:3:22] /i 7590
[17/4/2022 19:3:23] /i 7590
[17/4/2022 19:3:24] /i 7590
[17/4/2022 19:3:25] /i 7590
[17/4/2022 19:4:21] /i 2166
[17/4/2022 19:4:35] /i 2160
[17/4/2022 19:4:37] /i 2160
[17/4/2022 19:4:38] /i 2160
[17/4/2022 19:4:40] /i 2160
[17/4/2022 19:4:41] /i 2160
[17/4/2022 19:4:42] /i 2160
[17/4/2022 19:4:42] /i 2160
[17/4/2022 19:4:47] /i 2160
[17/4/2022 19:5:16] /i 8985
[17/4/2022 19:5:20] /i 8985
[17/4/2022 19:5:29] /goto Zellians
[17/4/2022 19:19:53] /t
[17/4/2022 19:20:31] /goto Marubts
[17/4/2022 19:20:48] /a
[17/4/2022 19:20:48] /a
[17/4/2022 19:20:48] /a
[17/4/2022 19:20:48] /a
[17/4/2022 19:20:48] /a
[17/4/2022 19:20:49] /a
[17/4/2022 19:20:50] /a
[17/4/2022 19:20:50] /a
[17/4/2022 19:20:51] /a
[17/4/2022 19:20:51] /a
[17/4/2022 19:20:51] /a
[17/4/2022 19:20:51] /a
[17/4/2022 19:20:51] /a
[17/4/2022 19:20:52] /a
[17/4/2022 19:20:52] /a
[17/4/2022 19:20:52] /a
[17/4/2022 19:20:52] /a
[17/4/2022 19:20:53] /a
[17/4/2022 19:20:53] /a
[17/4/2022 19:20:53] /a
[17/4/2022 19:20:53] /a
[17/4/2022 19:20:53] /a
[17/4/2022 19:20:53] /a
[17/4/2022 19:20:53] /a
[17/4/2022 19:20:53] /a
[17/4/2022 19:20:53] /a
[17/4/2022 19:20:53] /a
[17/4/2022 19:20:53] /a
[17/4/2022 19:20:54] /a
[17/4/2022 19:20:54] /a
[17/4/2022 19:20:54] /a
[17/4/2022 19:20:54] /a
[17/4/2022 19:20:54] /a
[17/4/2022 19:20:54] /a
[17/4/2022 19:20:54] /a
[17/4/2022 19:20:54] /a
[17/4/2022 19:21:15] /c Marubts
[17/4/2022 19:23:14] /i 1988
[17/4/2022 19:23:17] /i 1988
[17/4/2022 19:23:21] /i 1988
[17/4/2022 19:23:53] /i 8905
[17/4/2022 19:24:28] /i 8906
[17/4/2022 19:24:32] /i 8907
[17/4/2022 19:24:36] /i 8908
[17/4/2022 19:24:39] /i 8909
[17/4/2022 19:24:45] /i 8910
[17/4/2022 19:25:10] /i 2522
[17/4/2022 19:29:0] /i 2501
[17/4/2022 19:29:8] /r
[17/4/2022 19:30:34] /i 2508
[17/4/2022 19:30:36] /i 2505
[17/4/2022 19:31:32] /i 8806
[17/4/2022 19:31:45] /r
[17/4/2022 19:31:55] /i 8866
[17/4/2022 19:32:13] /i 8867
[17/4/2022 19:33:25] /i 8890
[17/4/2022 19:33:30] /i 8889
[17/4/2022 19:33:39] /i 8888
[17/4/2022 19:34:27] /i 2459
[17/4/2022 19:34:41] /i 2469
[17/4/2022 19:38:32] /i 2495
[17/4/2022 19:52:10] /t
[17/4/2022 19:52:13] /a
[17/4/2022 19:52:14] /a
[17/4/2022 19:52:14] /a
[17/4/2022 19:52:14] /a
[17/4/2022 19:52:14] /a
[17/4/2022 19:52:14] /a
[17/4/2022 19:52:14] /a
[17/4/2022 19:52:14] /a
[17/4/2022 19:52:14] /a
[17/4/2022 19:52:14] /a
[17/4/2022 19:52:14] /a
[17/4/2022 19:52:14] /a
[17/4/2022 19:52:14] /a
[17/4/2022 19:52:14] /a
[17/4/2022 19:52:14] /a
[17/4/2022 19:52:15] /a
[17/4/2022 19:52:15] /a
[17/4/2022 19:52:15] /a
[17/4/2022 19:52:15] /a
[17/4/2022 19:52:15] /a
[17/4/2022 19:52:15] /a
[17/4/2022 19:52:15] /a
[17/4/2022 19:52:15] /a
[17/4/2022 19:52:15] /a
[17/4/2022 19:52:15] /a
[17/4/2022 19:52:15] /a
[17/4/2022 19:52:15] /a
[17/4/2022 19:52:15] /a
[17/4/2022 19:52:15] /a
[17/4/2022 23:0:48] /t
[18/4/2022 18:10:20] /goto lord kycas
[18/4/2022 18:11:57] /c lord kycas
[18/4/2022 18:12:23] /c lord kycas
[18/4/2022 18:13:32] /c lord kycas
[18/4/2022 18:13:36] /c lord kycas
[18/4/2022 18:13:38] /c lord kycas
[18/4/2022 18:13:50] /c lord kycas
[18/4/2022 18:13:54] /c lord kycas
[18/4/2022 18:13:57] /c lord kycas
[18/4/2022 18:13:59] /c lord kycas
[18/4/2022 18:14:2] /c lord kycas
[18/4/2022 18:17:30] /a
[18/4/2022 18:17:31] /a
[18/4/2022 18:17:31] /a
[18/4/2022 18:17:31] /a
[18/4/2022 18:17:31] /a
[18/4/2022 18:17:31] /a
[18/4/2022 18:17:31] /a
[18/4/2022 18:17:31] /a
[18/4/2022 18:17:31] /a
[18/4/2022 18:17:31] /a
[18/4/2022 18:17:31] /a
[18/4/2022 18:17:31] /a
[18/4/2022 18:17:31] /a
[18/4/2022 18:17:31] /a
[18/4/2022 18:17:32] /a
[18/4/2022 18:17:32] /a
[18/4/2022 18:17:32] /a
[18/4/2022 18:17:32] /a
[18/4/2022 18:17:32] /a
[18/4/2022 18:17:32] /a
[18/4/2022 18:17:32] /a
[18/4/2022 18:17:32] /a
[18/4/2022 18:17:32] /a
[18/4/2022 18:17:32] /a
[18/4/2022 18:17:32] /a
[18/4/2022 18:17:32] /a
[18/4/2022 18:17:32] /a
[18/4/2022 18:17:32] /a
[18/4/2022 18:17:32] /a
[18/4/2022 18:17:32] /a
[18/4/2022 18:17:32] /a
[18/4/2022 18:17:32] /a
[18/4/2022 18:17:32] /a
[18/4/2022 18:17:32] /a
[18/4/2022 18:17:32] /a
[18/4/2022 18:17:32] /a
[18/4/2022 18:17:32] /a
[18/4/2022 18:17:32] /a
[18/4/2022 18:17:32] /a
[18/4/2022 18:17:32] /a
[18/4/2022 18:17:32] /a
[18/4/2022 18:17:32] /a
[18/4/2022 18:17:32] /a
[18/4/2022 18:17:32] /a
[18/4/2022 18:17:32] /a
[18/4/2022 18:17:33] /a
[18/4/2022 18:17:33] /a
[18/4/2022 18:17:33] /a
[18/4/2022 18:17:33] /a
[18/4/2022 18:17:33] /a
[18/4/2022 18:17:33] /a
[18/4/2022 18:17:33] /a
[18/4/2022 18:17:33] /a
[18/4/2022 18:17:33] /a
[18/4/2022 18:17:33] /a
[18/4/2022 18:17:33] /a
[18/4/2022 18:17:33] /a
[18/4/2022 18:17:33] /a
[18/4/2022 18:17:33] /a
[18/4/2022 18:17:33] /a
[18/4/2022 18:17:36] /a
[18/4/2022 18:17:37] /a
[18/4/2022 18:17:37] /a
[18/4/2022 18:17:37] /a
[18/4/2022 18:17:37] /a
[18/4/2022 18:17:37] /a
[18/4/2022 18:17:37] /a
[18/4/2022 18:17:37] /a
[18/4/2022 18:17:37] /a
[18/4/2022 18:17:37] /a
[18/4/2022 18:17:37] /a
[18/4/2022 18:17:37] /a
[18/4/2022 18:17:37] /a
[18/4/2022 18:17:37] /a
[18/4/2022 18:17:37] /a
[18/4/2022 18:17:37] /a
[18/4/2022 18:17:37] /a
[18/4/2022 18:17:37] /a
[18/4/2022 18:17:37] /a
[18/4/2022 18:17:37] /a
[18/4/2022 18:17:37] /a
[18/4/2022 18:17:37] /a
[18/4/2022 18:17:38] /a
[18/4/2022 18:17:38] /a
[18/4/2022 18:17:38] /a
[18/4/2022 18:17:38] /a
[18/4/2022 18:17:38] /a
[18/4/2022 18:17:38] /a
[18/4/2022 18:17:38] /a
[18/4/2022 18:17:38] /a
[18/4/2022 18:17:38] /a
[18/4/2022 18:17:38] /a
[18/4/2022 18:17:38] /a
[18/4/2022 18:17:38] /a
[18/4/2022 18:17:38] /a
[18/4/2022 18:17:38] /a
[18/4/2022 18:17:38] /a
[18/4/2022 18:17:38] /a
[18/4/2022 18:17:38] /a
[18/4/2022 18:17:39] /a
[18/4/2022 18:17:39] /a
[18/4/2022 18:17:40] /a
[18/4/2022 18:17:40] /a
[18/4/2022 18:17:40] /a
[18/4/2022 18:17:40] /a
[18/4/2022 18:17:40] /a
[18/4/2022 18:17:40] /a
[18/4/2022 18:17:40] /a
[18/4/2022 18:17:40] /a
[18/4/2022 18:17:40] /a
[18/4/2022 18:17:40] /a
[18/4/2022 18:17:40] /a
[18/4/2022 18:17:40] /a
[18/4/2022 18:17:47] /a
[18/4/2022 18:17:47] /a
[18/4/2022 18:17:47] /a
[18/4/2022 18:17:47] /a
[18/4/2022 18:17:47] /a
[18/4/2022 18:17:47] /a
[18/4/2022 18:17:47] /a
[18/4/2022 18:17:47] /a
[18/4/2022 18:17:47] /a
[18/4/2022 18:17:48] /a
[18/4/2022 18:17:48] /a
[18/4/2022 18:17:48] /a
[18/4/2022 18:17:48] /a
[18/4/2022 18:17:48] /a
[18/4/2022 18:17:48] /a
[18/4/2022 18:17:48] /a
[18/4/2022 18:17:48] /a
[18/4/2022 18:17:48] /a
[18/4/2022 18:17:48] /a
[18/4/2022 18:17:48] /a
[18/4/2022 18:17:48] /a
[18/4/2022 18:17:48] /a
[18/4/2022 18:17:48] /a
[18/4/2022 18:17:48] /a
[18/4/2022 18:17:48] /a
[18/4/2022 18:17:48] /a
[18/4/2022 18:17:48] /a
[18/4/2022 18:17:48] /a
[18/4/2022 18:17:48] /a
[18/4/2022 18:18:17] /c lord kycas
[18/4/2022 18:22:30] /t
[18/4/2022 18:33:39] /goto lord kycas
[18/4/2022 18:35:20] /i 8985
[18/4/2022 18:35:42] /t
[18/4/2022 18:42:21] /goto xivas
[18/4/2022 18:43:5] /goto lord kycas
[18/4/2022 18:43:11] /t
[18/4/2022 18:43:49] /a
[18/4/2022 18:43:50] /a
[18/4/2022 18:43:50] /a
[18/4/2022 18:43:50] /a
[18/4/2022 18:43:50] /a
[18/4/2022 18:43:50] /a
[18/4/2022 18:43:50] /a
[18/4/2022 18:43:50] /a
[18/4/2022 18:43:52] /a
[18/4/2022 18:43:52] /a
[18/4/2022 18:43:52] /a
[18/4/2022 18:43:52] /a
[18/4/2022 18:43:52] /a
[18/4/2022 18:43:52] /a
[18/4/2022 18:43:52] /a
[18/4/2022 18:43:52] /a
[18/4/2022 18:43:52] /a
[18/4/2022 18:43:52] /a
[18/4/2022 18:43:52] /a
[18/4/2022 18:43:52] /a
[18/4/2022 18:43:52] /a
[18/4/2022 18:43:52] /a
[18/4/2022 18:43:52] /a
[18/4/2022 18:43:52] /a
[18/4/2022 18:43:53] /a
[18/4/2022 18:43:53] /a
[18/4/2022 18:43:53] /a
[18/4/2022 18:43:53] /a
[18/4/2022 18:43:53] /a
[18/4/2022 18:43:53] /a
[18/4/2022 18:43:53] /a
[18/4/2022 18:43:53] /a
[18/4/2022 18:43:53] /a
[18/4/2022 18:43:53] /a
[18/4/2022 18:43:53] /a
[18/4/2022 18:43:53] /a
[18/4/2022 18:43:53] /a
[18/4/2022 18:43:53] /a
[18/4/2022 18:43:53] /a
[18/4/2022 18:43:53] /a
[18/4/2022 18:43:53] /a
[18/4/2022 18:43:53] /a
[18/4/2022 18:43:53] /a
[18/4/2022 18:43:53] /a
[18/4/2022 18:43:53] /a
[18/4/2022 18:43:53] /a
[18/4/2022 18:43:53] /a
[18/4/2022 18:43:53] /a
[18/4/2022 18:43:53] /a
[18/4/2022 18:43:53] /a
[18/4/2022 18:43:53] /a
[18/4/2022 18:43:53] /a
[18/4/2022 18:43:53] /a
[18/4/2022 18:43:53] /a
[18/4/2022 18:43:53] /a
[18/4/2022 18:43:55] /a
[18/4/2022 18:43:55] /a
[18/4/2022 18:43:55] /a
[18/4/2022 18:43:55] /a
[18/4/2022 18:43:56] /a
[18/4/2022 18:43:56] /a
[18/4/2022 18:43:56] /a
[18/4/2022 18:43:56] /a
[18/4/2022 18:43:56] /a
[18/4/2022 18:43:56] /a
[18/4/2022 18:43:56] /a
[18/4/2022 18:43:56] /a
[18/4/2022 18:43:56] /a
[18/4/2022 18:43:56] /a
[18/4/2022 18:43:56] /a
[18/4/2022 18:43:56] /a
[18/4/2022 18:43:56] /a
[18/4/2022 18:43:56] /a
[18/4/2022 18:43:56] /a
[18/4/2022 18:43:56] /a
[18/4/2022 18:43:58] /a
[18/4/2022 18:43:59] /a
[18/4/2022 18:43:59] /a
[18/4/2022 18:43:59] /a
[18/4/2022 18:43:59] /a
[18/4/2022 18:43:59] /a
[18/4/2022 18:44:15] /c lord kycas
[18/4/2022 19:46:55] /t
