[5/5/2022 23:30:53] /a
[5/5/2022 23:30:54] /a
[5/5/2022 23:30:55] /a
[5/5/2022 23:30:57] /ghost
[5/5/2022 23:31:7] /i demon legs
[5/5/2022 23:31:16] /r
[5/5/2022 23:31:37] /a
[5/5/2022 23:31:37] /a
[5/5/2022 23:31:37] /a
[5/5/2022 23:31:38] /a
[5/5/2022 23:31:38] /a
[5/5/2022 23:31:38] /a
[5/5/2022 23:31:38] /a
[5/5/2022 23:31:38] /a
[5/5/2022 23:31:39] /a
[5/5/2022 23:31:39] /a
[5/5/2022 23:31:39] /a
[5/5/2022 23:31:39] /a
[5/5/2022 23:31:39] /a
[5/5/2022 23:31:39] /a
[5/5/2022 23:31:39] /a
[5/5/2022 23:31:40] /a
[5/5/2022 23:31:40] /a
[5/5/2022 23:31:40] /a
[5/5/2022 23:31:40] /a
[5/5/2022 23:31:40] /a
[5/5/2022 23:31:40] /a
[5/5/2022 23:31:41] /a
[5/5/2022 23:31:41] /a
[5/5/2022 23:31:41] /a
[5/5/2022 23:31:42] /a
[5/5/2022 23:31:43] /a
[5/5/2022 23:31:43] /a
[5/5/2022 23:31:43] /a
[5/5/2022 23:31:43] /a
[5/5/2022 23:31:43] /a
[5/5/2022 23:31:43] /a
[5/5/2022 23:31:43] /a
[5/5/2022 23:31:43] /a
[5/5/2022 23:31:43] /a
[5/5/2022 23:31:43] /a
[5/5/2022 23:31:44] /a
[5/5/2022 23:31:44] /a
[5/5/2022 23:31:44] /a
[5/5/2022 23:31:44] /a
[5/5/2022 23:31:47] /a
[5/5/2022 23:31:47] /a
[5/5/2022 23:31:47] /a
[5/5/2022 23:32:3] /a
[5/5/2022 23:32:3] /a
[5/5/2022 23:32:3] /a
[5/5/2022 23:32:4] /a
[7/5/2022 12:46:42] /i vip scroll
[7/5/2022 12:46:51] /i vip scroll
[7/5/2022 12:46:58] /i vip days
[7/5/2022 12:47:11] /i scroll vip 
[7/5/2022 12:50:5] /a
[7/5/2022 12:50:5] /a
[7/5/2022 12:50:6] /a
[7/5/2022 12:50:6] /a
[7/5/2022 12:50:6] /a
[7/5/2022 12:50:6] /a
[7/5/2022 12:50:6] /a
[7/5/2022 12:50:7] /a
[7/5/2022 12:50:8] /a
[7/5/2022 12:50:8] /a
[7/5/2022 12:50:8] /a
[7/5/2022 12:50:8] /a
[7/5/2022 12:50:8] /a
[7/5/2022 12:50:8] /a
