[15/5/2022 23:42:31] !citywar go
[15/5/2022 23:43:5] /citywar accept, -NUBANK-
[15/5/2022 23:43:14] !citywar go
[16/5/2022 0:4:56] !citywar goi
[16/5/2022 0:4:57] !citywar go
[16/5/2022 0:4:58] !citywar go
[16/5/2022 0:5:4] !citywar go
[16/5/2022 0:9:3] !citywar go
[16/5/2022 0:10:46] !citywar go
[16/5/2022 0:21:30] !citywar go
[16/5/2022 0:25:37] !citywar cancel
[17/5/2022 0:39:48] !citywar go
[17/5/2022 0:39:49] !citywar go
[17/5/2022 0:39:52] !citywar go
[17/5/2022 0:39:55] !citywar go
[17/5/2022 0:40:15] !citywar go
[17/5/2022 0:40:17] !citywar go
[18/5/2022 2:35:36] !citywar invite,Dunhill Carlton,carlin,12,onlysd,60,130,yes,yes,100,yes,2
[18/5/2022 2:35:44] !citywar invite,Dunhill Carlton,carlin,12,onlysd,60,130,yes,yes,100,yes,2
[18/5/2022 2:35:51] !citywar invite,Dunhill Carlton,carlin,12,onlysd,60,130,yes,yes,100,yes,2
[18/5/2022 2:35:55] !citywar invite,Dunhill Carlton,carlin,12,onlysd,60,130,yes,yes,100,yes,2
[18/5/2022 2:36:5] !citywar invite,Dunhill Carlton,carlin,12,onlysd,60,130,yes,yes,100,yes,2
[18/5/2022 2:37:23] !citywar invite,Dunhill Carlton,carlin,12,onlysd,60,130,yes,yes,100,yes,2
[18/5/2022 2:44:51] !citywar go
[18/5/2022 2:44:53] !citywar go
[18/5/2022 2:44:55] !citywar go
[18/5/2022 2:44:56] !citywar go
[18/5/2022 2:45:0] !citywar go
[18/5/2022 2:46:32] /citywar accept
[18/5/2022 2:46:36] /citywar accept
[18/5/2022 2:46:51] /citywar accept, Dunhill Carlton
[18/5/2022 2:47:0] /citywar accept,Dunhill Carlton
[18/5/2022 2:47:23] /citywar accept,Dunhill Carlton
[18/5/2022 2:47:42] /citywar accept,Dunhill Carlton
[18/5/2022 2:47:55] !citywar go
[18/5/2022 2:48:10] /citywar accept, Dunhill Carlton
[18/5/2022 2:48:29] /citywar invite, carlin, 50, disabled, disabled, disabled, 25, enabled, Dunhill Carlton
[18/5/2022 2:49:15] !citywar go
[18/5/2022 3:4:45] !citywar go
[18/5/2022 3:8:2] !citywar go
[19/5/2022 1:0:59] !citywar go
[19/5/2022 1:5:39] !citywar go
[19/5/2022 1:9:29] !citywar go
[19/5/2022 1:15:46] !citywar go
[19/5/2022 1:34:36] !citywar go
[19/5/2022 1:38:16] !citywar go
[19/5/2022 1:47:50] !citywar go
[19/5/2022 1:53:41] !citywar go
[19/5/2022 1:58:43] !citywar go
