[28/2/2025 1:24:9] /r
[28/2/2025 1:24:11] /r
[28/2/2025 1:24:14] /r
[28/2/2025 1:24:16] /r
[28/2/2025 1:24:18] /r
[28/2/2025 1:24:20] /r
[28/2/2025 1:24:24] /r
[28/2/2025 1:24:25] /r
[28/2/2025 1:24:27] /r
[28/2/2025 1:24:29] /t
[28/2/2025 1:24:32] /town thaus
[28/2/2025 1:24:34] /town thais
[28/2/2025 1:33:29] /c 	Pililiu
[28/2/2025 1:33:34] /c Pililiu
[28/2/2025 1:33:36] /c Pililiu
[28/2/2025 1:33:37] /c Pililiu
[28/2/2025 1:33:37] /c Pililiu
[28/2/2025 1:34:18] /c 
[28/2/2025 1:34:19] /c Pililiu
[28/2/2025 1:34:36] /i brow
[28/2/2025 1:34:42] /i 2160
[28/2/2025 1:35:35] /i 12622
[28/2/2025 1:35:36] /i 12622
[28/2/2025 1:35:45] /i 12622
[28/2/2025 1:35:46] /i 12622
[28/2/2025 1:35:50] /i 12622
[28/2/2025 1:35:52] /i 12622
[28/2/2025 1:35:56] /i 12622
[28/2/2025 1:35:57] /i 12622
[28/2/2025 1:35:57] /i 12622
[28/2/2025 1:35:58] /i 12622
[28/2/2025 1:36:0] /i 12622
[28/2/2025 1:36:2] /i 12622
[28/2/2025 1:36:3] /i 12622
[28/2/2025 1:36:4] /i 12622
[28/2/2025 1:36:6] /i 12622
[28/2/2025 1:47:38] /info
[28/2/2025 1:52:27] /c Nusyc
[28/2/2025 1:52:36] /c Nusyc
[28/2/2025 1:52:50] /c Nusyc Knight
[28/2/2025 1:52:54] /i 2160
[28/2/2025 1:53:28] /c Nusyc Paladin
[28/2/2025 1:53:31] /c Nusyc Pally
[28/2/2025 1:53:53] /c Nusyc Pally
[28/2/2025 1:53:57] /c Nusyk
[28/2/2025 1:54:7] /c Nusyck
[28/2/2025 1:54:18] /i 2789
[28/2/2025 1:54:18] /i 2789
[28/2/2025 1:54:19] /i 2789
[28/2/2025 1:54:19] /i 2789
[28/2/2025 1:54:20] /i 2789
[28/2/2025 2:0:16] /addskill Pililiu
[28/2/2025 2:3:29] /i 2562
[28/2/2025 2:3:31] /i 2562
[28/2/2025 2:3:40] /i 2562
[28/2/2025 2:3:41] /i 2562
[28/2/2025 2:3:42] /i 2562
[28/2/2025 2:3:42] /i 2562
[28/2/2025 2:24:12] /reload items
[28/2/2025 2:24:20] /i 12678
[28/2/2025 2:24:22] /i 12675
[28/2/2025 2:24:28] /i 12673
[28/2/2025 2:26:42] /i 12679
[28/2/2025 2:39:56] /i magic wall
[28/2/2025 2:40:0] /i magic wall
[28/2/2025 2:40:3] /i magic wall
[28/2/2025 2:40:11] /i magic wall rune
[28/2/2025 2:40:12] /i magic wall rune
[28/2/2025 2:41:5] /ghost
[28/2/2025 2:43:21] /i 12654
[28/2/2025 2:43:24] /i 12653
[28/2/2025 2:43:25] /i 12653
[28/2/2025 2:43:30] /i 12653
[28/2/2025 2:43:42] /i 12652
[28/2/2025 2:44:4] /i backpack
[28/2/2025 16:7:38] /ghost
[28/2/2025 16:7:50] /shutdown
[28/2/2025 17:53:34] /r
[28/2/2025 17:53:36] /r
[28/2/2025 17:53:36] /r
[28/2/2025 17:53:37] /r
[28/2/2025 17:53:37] /r
[28/2/2025 17:53:40] /r ,100
[28/2/2025 17:53:41] /r ,100
[28/2/2025 17:53:43] /r ,100
[28/2/2025 17:53:49] /i 2562
[28/2/2025 17:53:51] /i 2562
[28/2/2025 17:53:51] /i 2562
[28/2/2025 17:54:39] /save
[28/2/2025 18:2:11] /i 2420
[28/2/2025 18:2:38] /i 7588
[28/2/2025 18:2:47] /i 7589
[28/2/2025 18:2:49] /i 7590
[28/2/2025 18:2:52] /i 7591
[28/2/2025 18:2:53] /i 7592
[28/2/2025 18:2:54] /i 7593
[28/2/2025 18:2:57] /r
[28/2/2025 18:2:59] /r
[28/2/2025 18:3:13] /i 8472
[28/2/2025 18:3:15] /i 8473
[28/2/2025 18:3:44] /i 7618
[28/2/2025 18:3:46] /i 7620
[28/2/2025 18:4:2] /i 8704
[28/2/2025 18:4:14] /i backpack
[28/2/2025 18:6:0] /shutdown
[28/2/2025 18:15:53] /save
[28/2/2025 18:15:57] /shutdown
[28/2/2025 18:23:48] /i magic wall rune
[3/3/2025 22:24:42] /c Onic
[3/3/2025 22:28:45] /c Onic
[3/3/2025 22:28:57] /goto onic
[3/3/2025 22:29:1] /r
[3/3/2025 22:29:3] /r
[3/3/2025 22:29:6] /goto onic
[3/3/2025 22:29:7] /r
[3/3/2025 22:29:9] /r
[3/3/2025 22:29:10] /r
[3/3/2025 22:29:16] /r
[3/3/2025 22:29:19] /r
[3/3/2025 22:29:21] /r
[3/3/2025 22:29:25] /r
[3/3/2025 22:29:52] /t
[3/3/2025 22:29:53] /goto onic
[3/3/2025 22:29:57] /r
[3/3/2025 22:30:3] /town thais
[3/3/2025 22:30:11] /c Onic
[3/3/2025 22:33:15] /addskill Onic
[3/3/2025 22:33:28] /addskill Onic
[3/3/2025 22:33:29] /addskill Onic
[3/3/2025 22:33:30] /addskill Onic
[3/3/2025 22:34:0] /addskill Onic
[3/3/2025 22:35:14] /addskill Onic, 100
[3/3/2025 22:35:19] /addskill Onic, 100, 100
[3/3/2025 22:38:10] /addskill Onic, level
[3/3/2025 22:38:12] /addskill Onic, level
[3/3/2025 22:38:21] /addskill Onic, level, 100
[3/3/2025 22:38:37] /addskill Onic, level, 100
[12/3/2025 23:46:24] /ghost
[12/3/2025 23:46:29] /i great mana potion
[12/3/2025 23:50:47] /save
[13/3/2025 1:4:4] /save
[13/3/2025 3:19:57] /c renx
[13/3/2025 3:20:0] /c renx
[13/3/2025 21:38:40] /ghost
[13/3/2025 21:39:17] /save
[13/3/2025 21:41:37] /i 12627
[13/3/2025 21:49:54] /i 12649
[13/3/2025 21:53:25] /i Master Druid Robe
[13/3/2025 21:54:11] /save
[13/3/2025 21:55:13] /i Master Druid ring
[13/3/2025 21:55:44] /save
[13/3/2025 22:0:24] /save
[18/3/2025 18:25:0] /i master druid legs
[18/3/2025 18:25:14] /i master druid shield
[18/3/2025 18:25:16] /i master druid shields
[18/3/2025 18:25:20] /i master druid helmet
[18/3/2025 18:25:43] /i master druid rod
[18/3/2025 18:25:51] /i vip druid rod
[18/3/2025 18:26:4] /save
[18/3/2025 18:26:34] /i VIP Reduction Backpack Nivel 1
[18/3/2025 18:27:8] /save
[18/3/2025 18:29:51] /save
[18/3/2025 18:35:59] /i master sorcerer shield
[18/3/2025 18:36:0] /i master sorcerer shields
[18/3/2025 18:47:48] /shutdown
[18/3/2025 20:46:53] /goto kanaitao
[18/3/2025 20:46:58] /r
[18/3/2025 20:56:2] /r
[18/3/2025 20:56:4] /r
[18/3/2025 20:56:8] /r
[18/3/2025 20:56:9] /r
[18/3/2025 20:56:11] /t
[18/3/2025 20:56:20] /c kanaitao
[18/3/2025 20:59:22] /save
[18/3/2025 21:0:0] /addskill kanaitao, level, 100
[18/3/2025 21:0:8] /save
[18/3/2025 21:0:26] /addskill Paladingaa, level, 100
[18/3/2025 21:0:39] /i master knight ring
[18/3/2025 21:1:12] /save
[18/3/2025 21:1:18] /shutdown
[18/3/2025 21:50:24] /i master knight armor
[18/3/2025 21:50:30] /i master knight shield
[18/3/2025 21:50:32] /i master knight shields
[18/3/2025 21:50:35] /i master knight legs
[18/3/2025 21:50:41] /i master knight helmet
[18/3/2025 21:51:3] /i master knight ring
[18/3/2025 21:51:35] /i VIP knight boots
[18/3/2025 21:53:17] /i 12666
[18/3/2025 21:53:19] /i 12667
[18/3/2025 21:53:21] /i 12668
[18/3/2025 21:57:38] /save
[18/3/2025 21:57:41] /shutdown
[18/3/2025 22:22:59] /c Paladingaa
[18/3/2025 22:24:16] /addskill Paladingaa, level, 100
[18/3/2025 22:33:45] /i vip paladin boots
[18/3/2025 22:33:59] /i master paladin armor
[18/3/2025 22:34:6] /i master paladin helmet
[18/3/2025 22:34:19] /i master paladin shields
[18/3/2025 22:34:21] /i master paladin shields
[18/3/2025 22:34:23] /i master paladin shield
[18/3/2025 22:34:44] /i master paladin kegs
[18/3/2025 22:34:47] /i master paladin legs
[18/3/2025 22:35:3] /i 12672
[18/3/2025 22:35:31] /i 12660
[18/3/2025 22:37:7] /save
[18/3/2025 22:37:21] /i master paladin ring
[18/3/2025 22:38:36] /save
[18/3/2025 22:38:38] /shutdown
[18/3/2025 22:49:32] /save
[18/3/2025 22:49:54] /c Sorertestinguer
[18/3/2025 22:50:19] /addskill Sorertestinguer, level, 100
[18/3/2025 22:50:46] /save
[18/3/2025 22:51:19] /i VIP SORCERER WAND
[18/3/2025 22:51:42] /i 7735
[18/3/2025 22:52:58] /i VIP SORC BOOTS
[18/3/2025 22:53:2] /i VIP SORCERER BOOTS
[18/3/2025 22:53:17] /i MASTER SORCERER ARMOR
[18/3/2025 22:53:22] /i MASTER SORCERER ARMO
[18/3/2025 22:53:41] /i 12655
[18/3/2025 22:56:8] /addskill Sorertestinguer, level, 100
[18/3/2025 22:57:16] /i 12695
[18/3/2025 22:57:57] /save
[18/3/2025 22:58:0] /shutdown
[18/3/2025 23:0:20] /i master sorcerer shields
[18/3/2025 23:0:25] /i master sorcerer legs
[18/3/2025 23:0:28] /i master sorcerer helmet
[18/3/2025 23:0:33] /i master sorcerer ring
[18/3/2025 23:1:5] /save
[18/3/2025 23:1:12] /i master sorcerer legs
[18/3/2025 23:2:11] /reload items
[18/3/2025 23:2:21] /save
[18/3/2025 23:2:23] /shutdown
[18/3/2025 23:8:56] /i master sorcerer ring
[18/3/2025 23:9:19] /save
[18/3/2025 23:9:34] /save
[18/3/2025 23:9:39] /shutdown
[18/3/2025 23:53:42] /ghost
[18/3/2025 23:53:56] /i energy ring
[19/3/2025 0:10:22] /save
[19/3/2025 0:10:26] /shutdown
[19/3/2025 0:15:34] /i 12674
[19/3/2025 2:2:34] /reload weapons
[19/3/2025 2:2:38] /reload weapons
[19/3/2025 2:2:57] /save
[19/3/2025 2:14:46] /save
[19/3/2025 2:28:41] /save
[19/3/2025 2:38:54] /save
[19/3/2025 2:50:24] /save
[19/3/2025 2:55:57] /i 2478
[19/3/2025 2:56:10] /i 2678
[19/3/2025 2:57:43] /reload items
[19/3/2025 2:58:32] /save
[20/3/2025 2:26:38] /ghost
[20/3/2025 4:9:19] /ghost
[20/3/2025 4:9:43] /save
[20/3/2025 4:11:28] /save
[20/3/2025 4:23:42] /save
[20/3/2025 17:24:26] /save
[20/3/2025 17:26:33] /save
[20/3/2025 17:36:10] /reload actions
[20/3/2025 18:11:30] /reload actions
[20/3/2025 18:11:38] /save
[20/3/2025 18:14:21] /save
[20/3/2025 18:14:22] /reload actions
[20/3/2025 18:47:29] /reload actions
[21/3/2025 2:31:42] /reload actions
[21/3/2025 2:32:21] /i great mana potion
[21/3/2025 2:33:10] /reload ations
[21/3/2025 2:33:13] /reload actions
[21/3/2025 2:34:13] /reload actions
[21/3/2025 2:35:4] /reload actions
[21/3/2025 2:37:17] /reload actions
[21/3/2025 2:38:13] /i sudden death rune
[21/3/2025 2:43:6] /reload actions
[21/3/2025 2:43:33] /i coconut
[21/3/2025 2:44:7] /i 10223
[21/3/2025 2:44:30] /reload actions
[21/3/2025 2:44:41] /reload actions
[21/3/2025 2:45:25] /reload actions
[21/3/2025 2:45:50] /reload actions
[21/3/2025 2:48:15] /reload actions
[21/3/2025 3:14:33] /reload actions
[21/3/2025 3:45:43] /save
[21/3/2025 4:37:54] /shutdown
[21/3/2025 5:4:7] /save
[21/3/2025 5:13:17] /reload actions
[21/3/2025 5:18:5] /reload actions
[21/3/2025 5:44:30] /reload actions
[21/3/2025 5:55:47] /reload items
[21/3/2025 5:58:52] /reload items
[22/3/2025 20:52:9] /shutdown
[22/3/2025 20:54:16] /reload spells
[22/3/2025 20:54:51] /reload spells
[22/3/2025 20:55:22] /reload spells
[22/3/2025 20:55:48] /shutdown
[22/3/2025 20:57:28] /i sudden death rune
[22/3/2025 21:0:10] /i 7588
[22/3/2025 21:0:26] /i 2420
[22/3/2025 21:0:48] /i ultimate mana potion
[22/3/2025 21:0:51] /i great mana potion
[22/3/2025 22:41:7] /reload actions
[22/3/2025 22:55:43] /reload actions
[24/3/2025 17:26:26] /ghost
[24/3/2025 17:39:35] /shutdown
[27/3/2025 0:52:7] /i oranage backpack
[27/3/2025 0:52:14] /i orange backpack
[27/3/2025 0:53:14] /shutdown
[27/3/2025 0:58:29] /i dragon ham, 999
[27/3/2025 1:3:13] /i backpack
[27/3/2025 1:3:31] /i dragon ham
[27/3/2025 1:4:26] /i dragon ham
[27/3/2025 1:12:55] /shutdown
[27/3/2025 1:24:20] /ghost
[27/3/2025 1:24:38] /i 12677
[27/3/2025 1:25:15] /i 12656
[27/3/2025 1:25:46] /goto renx
[27/3/2025 3:7:50] /reload movements
[27/3/2025 3:10:58] /reload movements
[27/3/2025 3:11:5] /b ola
[27/3/2025 3:23:52] /reload movements
[27/3/2025 3:28:9] /reload movements
[27/3/2025 3:28:38] /save
[27/3/2025 3:28:48] /shutdown
[27/3/2025 3:34:18] /save
[27/3/2025 3:47:40] /shutdown
[27/3/2025 3:56:42] /reload movements
[27/3/2025 3:57:17] /ghost
[28/3/2025 23:55:6] /i pot
[28/3/2025 23:55:10] /i pot
[29/3/2025 0:0:45] /shutdown
[29/3/2025 0:3:15] /i pot
[29/3/2025 0:3:16] /i pot
[29/3/2025 0:4:44] /shutdown
[29/3/2025 0:7:21] /shutdown
[29/3/2025 0:7:52] /i pot
[29/3/2025 0:7:53] /i pot
[29/3/2025 0:11:56] /i pot
[29/3/2025 0:11:58] /shutdown
[29/3/2025 0:14:50] /i pot
[29/3/2025 0:17:15] /i backpack
[29/3/2025 4:7:20] /ghost
[29/3/2025 4:7:23] /i 12677
[29/3/2025 4:17:12] /i backpack
[29/3/2025 4:23:35] /shutdown
[3/4/2025 0:45:14] /i pot
[3/4/2025 0:45:15] /i pot
[3/4/2025 0:45:16] /i pot
[3/4/2025 23:0:1] /i 2160, 100
[3/4/2025 23:1:7] /i 12658
[3/4/2025 23:2:15] /i 12673
[3/4/2025 23:2:45] /i medusa shield
[3/4/2025 23:3:56] /reload items
[3/4/2025 23:4:9] /save
[3/4/2025 23:5:11] /reload items
[3/4/2025 23:5:27] /reload items
[3/4/2025 23:5:51] /save
[3/4/2025 23:5:56] /shutdown
[3/4/2025 23:15:48] /i backpack
[3/4/2025 23:17:18] /i 7900
[3/4/2025 23:17:19] /i 7900
[3/4/2025 23:17:22] /i 7900, 99
[3/4/2025 23:19:22] /reload actions
[3/4/2025 23:19:32] /i backpack
[3/4/2025 23:19:34] /i fishing rod
[3/4/2025 23:22:32] /i knight armor
[3/4/2025 23:22:40] /i magma cloak
[3/4/2025 23:22:47] /i plate armor
[3/4/2025 23:22:55] /i scale armor
[3/4/2025 23:26:51] /reload talkactions
[3/4/2025 23:27:0] /b 2478
[3/4/2025 23:27:16] /b 2478
[3/4/2025 23:28:10] /shutdown
[3/4/2025 23:28:53] /b 2478
[3/4/2025 23:29:8] /b 2478
[3/4/2025 23:29:50] /shutdown
[3/4/2025 23:30:30] /shutdown
[3/4/2025 23:31:22] /b 2478
[3/4/2025 23:32:54] /shutdown
[3/4/2025 23:50:16] /shutdown
[3/4/2025 23:54:26] /i 12674
[3/4/2025 23:55:25] /i Master Knight Helmet
[3/4/2025 23:56:35] /shutdown
[3/4/2025 23:58:43] /shutdown 0
