[15/5/2022 23:44:12] !citywar go
[15/5/2022 23:44:41] !citywar exit
[15/5/2022 23:47:32] !citywar go
[15/5/2022 23:49:36] !citywar go
[16/5/2022 0:0:53] !citywar go
[16/5/2022 0:2:13] !citywar go
[16/5/2022 0:5:40] !citywar go
[16/5/2022 0:6:34] !citywar go
[16/5/2022 0:7:21] !citywar go
[16/5/2022 0:14:31] !citywar go
[16/5/2022 0:17:3] !citywar go
[16/5/2022 0:21:7] !citywar go
[18/5/2022 2:50:46] /citywar go
[18/5/2022 2:51:52] !citywar go
[18/5/2022 3:2:15] !citywar go
[18/5/2022 3:7:54] !citywar go
[18/5/2022 3:18:46] /citywar go
[18/5/2022 3:20:1] !citywar go
[18/5/2022 3:22:50] /citywar go
[18/5/2022 3:23:38] !citywar go
[18/5/2022 3:45:3] /citywar exit
[19/5/2022 0:57:25] !citywar go
[19/5/2022 0:59:53] !citywar go
[19/5/2022 1:12:38] !citywar go
[19/5/2022 1:23:11] !citywar go
[19/5/2022 1:31:31] !citywar go
[19/5/2022 1:48:21] !citywar go
[19/5/2022 1:48:53] !citywar go
[19/5/2022 1:50:24] !citywar go
[19/5/2022 1:53:31] !citywar go
[19/5/2022 2:13:31] !citywar go
[21/5/2022 0:22:12] !citywar go
[21/5/2022 0:25:41] !citywar go
[21/5/2022 1:16:20] !citywar go
[21/5/2022 1:17:44] !citywar go
[21/5/2022 2:14:7] !citywar go
[21/5/2022 2:27:0] !citywar go
[21/5/2022 2:27:1] !citywar go
[21/5/2022 2:27:4] !citywar go
[21/5/2022 2:27:7] !citywar go
[21/5/2022 2:56:48] !citywar go
[21/5/2022 2:56:53] !citywar go
[21/5/2022 2:56:58] !citywar go
[21/5/2022 3:0:53] !citywar go
[23/5/2022 1:2:6] !citywar go
[23/5/2022 1:4:23] !citywar go
[23/5/2022 1:6:26] !citywar go
[23/5/2022 1:26:46] !citywar go
[23/5/2022 1:26:51] !citywar go
[23/5/2022 1:26:53] !citywar go
[23/5/2022 1:26:55] !citywar go
[23/5/2022 1:26:57] !citywar go
[23/5/2022 1:26:59] !citywar go
[23/5/2022 1:27:1] !citywar go
[23/5/2022 1:27:5] !citywar go
[23/5/2022 1:27:7] !citywar go
[23/5/2022 1:27:11] !citywar go
[23/5/2022 1:27:13] !citywar go
[23/5/2022 1:27:16] !citywar go
[23/5/2022 1:27:18] !citywar go
[23/5/2022 1:27:20] !citywar go
[23/5/2022 1:27:22] !citywar go
[23/5/2022 1:27:24] !citywar go
[23/5/2022 1:27:26] !citywar go
[23/5/2022 1:27:28] !citywar go
[23/5/2022 1:27:30] !citywar go
[23/5/2022 1:27:32] !citywar go
[23/5/2022 1:27:34] !citywar go
[23/5/2022 1:27:36] !citywar go
[23/5/2022 1:27:38] !citywar go
[23/5/2022 1:27:40] !citywar go
[23/5/2022 1:27:43] !citywar go
[23/5/2022 1:27:45] !citywar go
[23/5/2022 1:27:47] !citywar go
[23/5/2022 1:27:49] !citywar go
[23/5/2022 1:27:51] !citywar go
[23/5/2022 1:27:53] !citywar go
[23/5/2022 1:27:55] !citywar go
[23/5/2022 1:27:57] !citywar go
[23/5/2022 1:27:59] !citywar go
[23/5/2022 1:28:1] !citywar go
[23/5/2022 1:28:3] !citywar go
[23/5/2022 1:28:5] !citywar go
[23/5/2022 1:28:7] !citywar go
[23/5/2022 1:28:9] !citywar go
[23/5/2022 1:28:11] !citywar go
[23/5/2022 1:28:13] !citywar go
[23/5/2022 1:28:15] !citywar go
[23/5/2022 1:28:17] !citywar go
[23/5/2022 1:28:20] !citywar go
[23/5/2022 1:28:22] !citywar go
[23/5/2022 1:28:24] !citywar go
[23/5/2022 1:28:26] !citywar go
[23/5/2022 1:28:28] !citywar go
[23/5/2022 1:28:30] !citywar go
[23/5/2022 1:28:32] !citywar go
[23/5/2022 1:28:34] !citywar go
[23/5/2022 1:28:38] !citywar go
[23/5/2022 1:28:43] !citywar go
[23/5/2022 1:28:45] !citywar go
[23/5/2022 1:28:47] !citywar go
[23/5/2022 1:28:49] !citywar go
[23/5/2022 1:28:51] !citywar go
[23/5/2022 1:28:53] !citywar go
[23/5/2022 1:28:55] !citywar go
[23/5/2022 1:28:57] !citywar go
[23/5/2022 1:28:59] !citywar go
[23/5/2022 1:29:1] !citywar go
[23/5/2022 1:29:3] !citywar go
[23/5/2022 1:29:5] !citywar go
[23/5/2022 1:29:7] !citywar go
[23/5/2022 1:29:10] !citywar go
[23/5/2022 1:29:12] !citywar go
[23/5/2022 1:29:14] !citywar go
[23/5/2022 1:29:16] !citywar go
[23/5/2022 1:29:18] !citywar go
[23/5/2022 1:29:20] !citywar go
[23/5/2022 1:29:22] !citywar go
[23/5/2022 1:29:24] !citywar go
[23/5/2022 1:29:26] !citywar go
[23/5/2022 1:29:28] !citywar go
[23/5/2022 1:29:30] !citywar go
[23/5/2022 1:29:32] !citywar go
[23/5/2022 1:29:34] !citywar go
[23/5/2022 1:29:36] !citywar go
[23/5/2022 1:29:38] !citywar go
[23/5/2022 1:29:40] !citywar go
[23/5/2022 1:29:42] !citywar go
[23/5/2022 1:29:44] !citywar go
[23/5/2022 1:29:47] !citywar go
[23/5/2022 1:29:49] !citywar go
[23/5/2022 1:29:51] !citywar go
[23/5/2022 1:29:53] !citywar go
[23/5/2022 1:29:55] !citywar go
[23/5/2022 1:29:57] !citywar go
[23/5/2022 1:29:59] !citywar go
[23/5/2022 1:30:1] !citywar go
[23/5/2022 1:30:3] !citywar go
[23/5/2022 1:30:5] !citywar go
[23/5/2022 1:30:7] !citywar go
[23/5/2022 1:30:9] !citywar go
[23/5/2022 1:30:12] !citywar go
[23/5/2022 1:30:14] !citywar go
[23/5/2022 1:30:16] !citywar go
[23/5/2022 1:30:18] !citywar go
[23/5/2022 1:30:20] !citywar go
[23/5/2022 1:30:22] !citywar go
[23/5/2022 1:30:24] !citywar go
[23/5/2022 1:30:26] !citywar go
[23/5/2022 1:30:28] !citywar go
[23/5/2022 1:30:30] !citywar go
[23/5/2022 1:30:32] !citywar go
[23/5/2022 1:30:34] !citywar go
[23/5/2022 1:30:36] !citywar go
[23/5/2022 1:30:39] !citywar go
[23/5/2022 1:30:41] !citywar go
[23/5/2022 1:30:43] !citywar go
[23/5/2022 1:30:45] !citywar go
[23/5/2022 1:30:47] !citywar go
[23/5/2022 1:30:49] !citywar go
[23/5/2022 1:30:53] !citywar go
[23/5/2022 1:30:55] !citywar go
[23/5/2022 1:30:57] !citywar go
[23/5/2022 1:30:59] !citywar go
[23/5/2022 1:31:1] !citywar go
[23/5/2022 1:31:3] !citywar go
[23/5/2022 1:31:5] !citywar go
[23/5/2022 1:31:7] !citywar go
[23/5/2022 1:31:9] !citywar go
[23/5/2022 1:31:12] !citywar go
[23/5/2022 1:31:14] !citywar go
[23/5/2022 1:31:16] !citywar go
[23/5/2022 1:31:18] !citywar go
[23/5/2022 1:31:20] !citywar go
[23/5/2022 1:31:22] !citywar go
[23/5/2022 1:31:24] !citywar go
[23/5/2022 1:31:26] !citywar go
[23/5/2022 1:31:28] !citywar go
[23/5/2022 1:31:30] !citywar go
[23/5/2022 1:31:32] !citywar go
[23/5/2022 1:31:34] !citywar go
[23/5/2022 1:31:37] !citywar go
[23/5/2022 1:31:41] !citywar go
[23/5/2022 1:31:45] !citywar go
[23/5/2022 1:31:47] !citywar go
[23/5/2022 1:31:49] !citywar go
[23/5/2022 1:31:51] !citywar go
[23/5/2022 1:31:53] !citywar go
[23/5/2022 1:31:55] !citywar go
[23/5/2022 1:31:57] !citywar go
[23/5/2022 1:31:59] !citywar go
[23/5/2022 1:32:1] !citywar go
[23/5/2022 1:32:3] !citywar go
[23/5/2022 1:32:5] !citywar go
[23/5/2022 1:32:7] !citywar go
[23/5/2022 1:32:9] !citywar go
[23/5/2022 1:32:12] !citywar go
[23/5/2022 1:32:14] !citywar go
[23/5/2022 1:32:16] !citywar go
[23/5/2022 1:32:18] !citywar go
[23/5/2022 1:32:20] !citywar go
[23/5/2022 1:32:22] !citywar go
[23/5/2022 1:32:24] !citywar go
[23/5/2022 1:32:26] !citywar go
[23/5/2022 1:32:28] !citywar go
[23/5/2022 1:32:30] !citywar go
[23/5/2022 1:33:18] !citywar go
[23/5/2022 1:33:20] !citywar go
[23/5/2022 1:33:22] !citywar go
[23/5/2022 1:33:24] !citywar go
[23/5/2022 1:33:27] !citywar go
[23/5/2022 1:33:29] !citywar go
[23/5/2022 1:33:31] !citywar go
[23/5/2022 1:33:33] !citywar go
[23/5/2022 1:33:35] !citywar go
[23/5/2022 1:33:37] !citywar go
[23/5/2022 1:33:39] !citywar go
[23/5/2022 1:33:41] !citywar go
[23/5/2022 1:33:43] !citywar go
[23/5/2022 1:33:45] !citywar go
[23/5/2022 1:33:48] !citywar go
[23/5/2022 1:33:50] !citywar go
[23/5/2022 1:33:52] !citywar go
[23/5/2022 1:33:54] !citywar go
[23/5/2022 1:33:56] !citywar go
[23/5/2022 1:33:58] !citywar go
[23/5/2022 1:34:0] !citywar go
[23/5/2022 1:34:2] !citywar go
[23/5/2022 1:34:4] !citywar go
[23/5/2022 1:34:6] !citywar go
[23/5/2022 1:34:8] !citywar go
[23/5/2022 1:34:10] !citywar go
[23/5/2022 1:34:12] !citywar go
[23/5/2022 1:34:14] !citywar go
[23/5/2022 1:34:16] !citywar go
[23/5/2022 1:34:18] !citywar go
[23/5/2022 1:34:20] !citywar go
[23/5/2022 1:34:22] !citywar go
[23/5/2022 1:34:24] !citywar go
[23/5/2022 1:34:26] !citywar go
[23/5/2022 1:34:28] !citywar go
[23/5/2022 1:34:31] !citywar go
[23/5/2022 1:34:33] !citywar go
[23/5/2022 1:34:43] !citywar go
[23/5/2022 1:34:47] !citywar go
[23/5/2022 1:34:49] !citywar go
[23/5/2022 1:34:51] !citywar go
[23/5/2022 1:34:53] !citywar go
[23/5/2022 1:34:55] !citywar go
[23/5/2022 1:34:57] !citywar go
[23/5/2022 1:34:59] !citywar go
[23/5/2022 1:35:2] !citywar go
[23/5/2022 1:35:4] !citywar go
[23/5/2022 1:35:6] !citywar go
[23/5/2022 1:35:8] !citywar go
[23/5/2022 1:35:10] !citywar go
[23/5/2022 1:35:14] !citywar go
[23/5/2022 1:35:16] !citywar go
[23/5/2022 1:35:18] !citywar go
[23/5/2022 1:35:20] !citywar go
[23/5/2022 1:35:22] !citywar go
[23/5/2022 1:35:24] !citywar go
[23/5/2022 1:35:26] !citywar go
[23/5/2022 1:35:28] !citywar go
[23/5/2022 1:35:31] !citywar go
[23/5/2022 1:35:33] !citywar go
[23/5/2022 1:35:37] !citywar go
[23/5/2022 1:35:41] !citywar go
[23/5/2022 1:35:49] !citywar go
[23/5/2022 1:35:51] !citywar go
[23/5/2022 1:35:53] !citywar go
[23/5/2022 1:35:57] !citywar go
[23/5/2022 1:35:59] !citywar go
[23/5/2022 1:36:21] !citywar go
[23/5/2022 1:36:27] !citywar go
[23/5/2022 1:36:35] !citywar go
[23/5/2022 1:36:37] !citywar go
[23/5/2022 1:36:39] !citywar go
[23/5/2022 1:37:9] !citywar go
[23/5/2022 1:37:11] !citywar go
[23/5/2022 1:37:13] !citywar go
[23/5/2022 1:37:15] !citywar go
[23/5/2022 1:37:17] !citywar go
[23/5/2022 1:37:19] !citywar go
[23/5/2022 1:37:21] !citywar go
[23/5/2022 1:37:23] !citywar go
[23/5/2022 1:37:25] !citywar go
[23/5/2022 1:37:28] !citywar go
[23/5/2022 1:37:30] !citywar go
[23/5/2022 1:37:32] !citywar go
[23/5/2022 1:37:34] !citywar go
[23/5/2022 1:37:36] !citywar go
[23/5/2022 1:37:38] !citywar go
[23/5/2022 1:37:40] !citywar go
[23/5/2022 1:37:42] !citywar go
[23/5/2022 1:37:48] !citywar go
[23/5/2022 1:37:50] !citywar go
[23/5/2022 1:49:33] !citywar go
[23/5/2022 1:49:48] !citywar go
[23/5/2022 1:49:50] !citywar go
[23/5/2022 1:50:6] !citywar go
[23/5/2022 1:50:8] !citywar go
[23/5/2022 1:50:10] !citywar go
[23/5/2022 1:50:12] !citywar go
[23/5/2022 1:50:14] !citywar go
[23/5/2022 1:50:16] !citywar go
[23/5/2022 1:50:19] !citywar go
[23/5/2022 1:50:21] !citywar go
[23/5/2022 1:50:23] !citywar go
[23/5/2022 1:50:25] !citywar go
[23/5/2022 1:50:27] !citywar go
[23/5/2022 1:50:29] !citywar go
[23/5/2022 1:50:31] !citywar go
[23/5/2022 1:50:33] !citywar go
[23/5/2022 1:50:35] !citywar go
[23/5/2022 1:50:37] !citywar go
[23/5/2022 1:50:42] !citywar go
[23/5/2022 1:50:44] !citywar go
[23/5/2022 1:50:46] !citywar go
[23/5/2022 1:50:48] !citywar go
[23/5/2022 1:50:50] !citywar go
[23/5/2022 1:50:52] !citywar go
[23/5/2022 1:50:54] !citywar go
[23/5/2022 1:50:56] !citywar go
[23/5/2022 1:50:58] !citywar go
[23/5/2022 1:51:0] !citywar go
[23/5/2022 1:51:2] !citywar go
[23/5/2022 1:51:4] !citywar go
[23/5/2022 1:51:7] !citywar go
[23/5/2022 1:51:9] !citywar go
[23/5/2022 1:51:11] !citywar go
[23/5/2022 1:51:13] !citywar go
[23/5/2022 1:51:15] !citywar go
[23/5/2022 1:51:17] !citywar go
[23/5/2022 1:51:19] !citywar go
[23/5/2022 1:51:21] !citywar go
[23/5/2022 1:51:23] !citywar go
[23/5/2022 1:51:25] !citywar go
[23/5/2022 1:51:27] !citywar go
[23/5/2022 1:51:29] !citywar go
[23/5/2022 1:51:31] !citywar go
[23/5/2022 1:51:33] !citywar go
[23/5/2022 1:51:36] !citywar go
[23/5/2022 1:51:38] !citywar go
[23/5/2022 1:51:40] !citywar go
[23/5/2022 1:51:42] !citywar go
[23/5/2022 1:51:44] !citywar go
[23/5/2022 1:51:46] !citywar go
[23/5/2022 1:51:48] !citywar go
[23/5/2022 1:51:50] !citywar go
[23/5/2022 1:51:52] !citywar go
[23/5/2022 1:51:54] !citywar go
[23/5/2022 1:51:56] !citywar go
[23/5/2022 1:51:58] !citywar go
[23/5/2022 1:52:0] !citywar go
[23/5/2022 1:52:2] !citywar go
[23/5/2022 1:52:4] !citywar go
[23/5/2022 1:52:6] !citywar go
[23/5/2022 1:52:8] !citywar go
[23/5/2022 1:52:11] !citywar go
[23/5/2022 1:52:13] !citywar go
[23/5/2022 1:52:15] !citywar go
[23/5/2022 1:52:19] !citywar go
[23/5/2022 1:52:21] !citywar go
[23/5/2022 1:52:23] !citywar go
[23/5/2022 1:52:25] !citywar go
[23/5/2022 1:52:27] !citywar go
[23/5/2022 1:52:29] !citywar go
[23/5/2022 1:52:31] !citywar go
[23/5/2022 1:52:33] !citywar go
[23/5/2022 1:52:35] !citywar go
[23/5/2022 1:52:37] !citywar go
[23/5/2022 1:52:39] !citywar go
[23/5/2022 1:52:41] !citywar go
[23/5/2022 1:52:44] !citywar go
[23/5/2022 1:52:46] !citywar go
[23/5/2022 1:52:48] !citywar go
[23/5/2022 1:52:50] !citywar go
[23/5/2022 1:52:52] !citywar go
[23/5/2022 1:52:54] !citywar go
[23/5/2022 1:52:56] !citywar go
[23/5/2022 1:52:58] !citywar go
[23/5/2022 1:53:0] !citywar go
[23/5/2022 1:53:2] !citywar go
[23/5/2022 1:53:4] !citywar go
[23/5/2022 1:53:6] !citywar go
[23/5/2022 1:53:9] !citywar go
[23/5/2022 1:53:11] !citywar go
[23/5/2022 1:53:13] !citywar go
[23/5/2022 1:53:15] !citywar go
[23/5/2022 1:53:17] !citywar go
[23/5/2022 1:53:19] !citywar go
[23/5/2022 1:53:21] !citywar go
[23/5/2022 1:53:23] !citywar go
[23/5/2022 1:53:25] !citywar go
[23/5/2022 1:53:27] !citywar go
[23/5/2022 1:53:29] !citywar go
[23/5/2022 1:53:31] !citywar go
[23/5/2022 1:53:33] !citywar go
[23/5/2022 1:53:35] !citywar go
[23/5/2022 1:53:37] !citywar go
[23/5/2022 1:53:39] !citywar go
[23/5/2022 1:53:41] !citywar go
[23/5/2022 1:53:43] !citywar go
[23/5/2022 1:53:45] !citywar go
[23/5/2022 1:53:47] !citywar go
[23/5/2022 1:53:50] !citywar go
[23/5/2022 1:53:52] !citywar go
[23/5/2022 1:53:54] !citywar go
[23/5/2022 1:53:56] !citywar go
[23/5/2022 1:53:58] !citywar go
[23/5/2022 1:54:0] !citywar go
[23/5/2022 1:54:2] !citywar go
[23/5/2022 1:54:4] !citywar go
[23/5/2022 1:54:6] !citywar go
[23/5/2022 1:54:8] !citywar go
[23/5/2022 1:54:10] !citywar go
[23/5/2022 1:54:12] !citywar go
[23/5/2022 1:54:14] !citywar go
[23/5/2022 1:54:17] !citywar go
[23/5/2022 1:54:19] !citywar go
[23/5/2022 1:54:21] !citywar go
[23/5/2022 1:54:23] !citywar go
[23/5/2022 1:54:25] !citywar go
[23/5/2022 1:54:27] !citywar go
[23/5/2022 1:54:29] !citywar go
[23/5/2022 1:54:31] !citywar go
[23/5/2022 1:54:33] !citywar go
[23/5/2022 1:54:35] !citywar go
[23/5/2022 1:54:37] !citywar go
[23/5/2022 1:54:39] !citywar go
[23/5/2022 1:54:41] !citywar go
[23/5/2022 1:54:43] !citywar go
[23/5/2022 1:54:45] !citywar go
[23/5/2022 1:54:47] !citywar go
[23/5/2022 1:54:50] !citywar go
[23/5/2022 1:54:52] !citywar go
[23/5/2022 1:54:54] !citywar go
[23/5/2022 1:54:56] !citywar go
[23/5/2022 1:54:58] !citywar go
[23/5/2022 1:55:0] !citywar go
[23/5/2022 1:55:2] !citywar go
[23/5/2022 1:55:4] !citywar go
[23/5/2022 1:55:9] !citywar go
[23/5/2022 1:55:13] !citywar go
[23/5/2022 1:55:15] !citywar go
[23/5/2022 1:55:17] !citywar go
[23/5/2022 1:55:19] !citywar go
[23/5/2022 1:55:21] !citywar go
[23/5/2022 1:55:23] !citywar go
[23/5/2022 1:55:25] !citywar go
[23/5/2022 1:55:27] !citywar go
[23/5/2022 1:55:29] !citywar go
[23/5/2022 1:55:31] !citywar go
[23/5/2022 1:55:33] !citywar go
[23/5/2022 1:55:35] !citywar go
[23/5/2022 1:55:38] !citywar go
[23/5/2022 1:55:40] !citywar go
[23/5/2022 1:55:42] !citywar go
[23/5/2022 1:55:44] !citywar go
[23/5/2022 1:55:46] !citywar go
[23/5/2022 1:55:48] !citywar go
[23/5/2022 1:55:50] !citywar go
[23/5/2022 1:55:52] !citywar go
[23/5/2022 1:55:54] !citywar go
[23/5/2022 1:55:56] !citywar go
[23/5/2022 1:55:58] !citywar go
[23/5/2022 1:56:0] !citywar go
[23/5/2022 1:56:2] !citywar go
[23/5/2022 1:56:4] !citywar go
[23/5/2022 1:56:7] !citywar go
[23/5/2022 1:56:11] !citywar go
[23/5/2022 1:56:13] !citywar go
[23/5/2022 1:56:15] !citywar go
[23/5/2022 1:56:17] !citywar go
[23/5/2022 1:56:19] !citywar go
[23/5/2022 1:56:21] !citywar go
[23/5/2022 1:56:23] !citywar go
[23/5/2022 1:56:25] !citywar go
[23/5/2022 1:56:28] !citywar go
[23/5/2022 1:56:30] !citywar go
[23/5/2022 1:56:32] !citywar go
[23/5/2022 1:56:34] !citywar go
[23/5/2022 1:56:36] !citywar go
[23/5/2022 1:56:38] !citywar go
[23/5/2022 1:56:40] !citywar go
[23/5/2022 1:56:42] !citywar go
[23/5/2022 1:56:44] !citywar go
[23/5/2022 1:56:46] !citywar go
[23/5/2022 1:56:48] !citywar go
[23/5/2022 1:56:50] !citywar go
[23/5/2022 1:56:55] !citywar go
[23/5/2022 1:56:57] !citywar go
[23/5/2022 1:56:59] !citywar go
[23/5/2022 1:57:1] !citywar go
[23/5/2022 1:57:3] !citywar go
[23/5/2022 1:57:5] !citywar go
[23/5/2022 1:57:7] !citywar go
[23/5/2022 1:57:9] !citywar go
[23/5/2022 1:57:11] !citywar go
[23/5/2022 1:57:13] !citywar go
[23/5/2022 1:57:15] !citywar go
[23/5/2022 1:57:17] !citywar go
[23/5/2022 1:57:19] !citywar go
[23/5/2022 1:57:21] !citywar go
[23/5/2022 1:57:24] !citywar go
[23/5/2022 1:57:26] !citywar go
[23/5/2022 1:57:28] !citywar go
[23/5/2022 1:57:30] !citywar go
[23/5/2022 1:57:32] !citywar go
[23/5/2022 1:57:34] !citywar go
[23/5/2022 1:57:36] !citywar go
[23/5/2022 1:57:38] !citywar go
[23/5/2022 1:57:40] !citywar go
[23/5/2022 1:57:42] !citywar go
[23/5/2022 1:57:44] !citywar go
[23/5/2022 1:57:46] !citywar go
[23/5/2022 1:57:49] !citywar go
[23/5/2022 1:57:51] !citywar go
[23/5/2022 1:57:53] !citywar go
[23/5/2022 1:57:55] !citywar go
[23/5/2022 1:57:57] !citywar go
[23/5/2022 1:57:59] !citywar go
[23/5/2022 1:58:1] !citywar go
[23/5/2022 1:58:3] !citywar go
[23/5/2022 1:58:5] !citywar go
[23/5/2022 1:58:10] !citywar go
[23/5/2022 1:58:12] !citywar go
[23/5/2022 1:58:14] !citywar go
[23/5/2022 1:58:16] !citywar go
[23/5/2022 1:58:18] !citywar go
[23/5/2022 1:58:20] !citywar go
[23/5/2022 1:58:22] !citywar go
[23/5/2022 1:58:24] !citywar go
[23/5/2022 1:58:26] !citywar go
[23/5/2022 1:58:28] !citywar go
[23/5/2022 1:58:30] !citywar go
[23/5/2022 1:58:32] !citywar go
[23/5/2022 1:58:34] !citywar go
[23/5/2022 1:58:36] !citywar go
[23/5/2022 1:58:38] !citywar go
[23/5/2022 1:58:41] !citywar go
[23/5/2022 1:58:43] !citywar go
[23/5/2022 1:58:45] !citywar go
[23/5/2022 1:58:47] !citywar go
[23/5/2022 1:58:49] !citywar go
[23/5/2022 1:58:51] !citywar go
[23/5/2022 1:58:53] !citywar go
[23/5/2022 1:58:55] !citywar go
[23/5/2022 1:58:57] !citywar go
[23/5/2022 1:58:59] !citywar go
[23/5/2022 1:59:1] !citywar go
[23/5/2022 1:59:3] !citywar go
[23/5/2022 1:59:6] !citywar go
[23/5/2022 1:59:8] !citywar go
[23/5/2022 1:59:10] !citywar go
[23/5/2022 1:59:12] !citywar go
[23/5/2022 1:59:14] !citywar go
[23/5/2022 1:59:16] !citywar go
[23/5/2022 1:59:18] !citywar go
[23/5/2022 1:59:20] !citywar go
[23/5/2022 1:59:22] !citywar go
[23/5/2022 1:59:24] !citywar go
[23/5/2022 1:59:26] !citywar go
[23/5/2022 1:59:28] !citywar go
[23/5/2022 1:59:30] !citywar go
[23/5/2022 1:59:32] !citywar go
[23/5/2022 1:59:34] !citywar go
[23/5/2022 1:59:36] !citywar go
[23/5/2022 1:59:38] !citywar go
[23/5/2022 1:59:40] !citywar go
[23/5/2022 1:59:42] !citywar go
[23/5/2022 1:59:44] !citywar go
[23/5/2022 1:59:53] !citywar go
[23/5/2022 1:59:55] !citywar go
[23/5/2022 1:59:57] !citywar go
[23/5/2022 1:59:59] !citywar go
[23/5/2022 2:0:1] !citywar go
[23/5/2022 2:0:3] !citywar go
[23/5/2022 2:0:5] !citywar go
[23/5/2022 2:0:7] !citywar go
[23/5/2022 2:0:9] !citywar go
[23/5/2022 2:0:11] !citywar go
[23/5/2022 2:0:13] !citywar go
[23/5/2022 2:0:17] !citywar go
[23/5/2022 2:0:19] !citywar go
[23/5/2022 2:0:22] !citywar go
[23/5/2022 2:0:24] !citywar go
[23/5/2022 2:0:26] !citywar go
[23/5/2022 2:0:28] !citywar go
[23/5/2022 2:0:32] !citywar go
[23/5/2022 2:0:35] !citywar go
[23/5/2022 2:0:37] !citywar go
[23/5/2022 2:0:39] !citywar go
[23/5/2022 2:0:41] !citywar go
[23/5/2022 2:0:43] !citywar go
[23/5/2022 2:0:45] !citywar go
[23/5/2022 2:0:47] !citywar go
[23/5/2022 2:0:49] !citywar go
[23/5/2022 2:0:51] !citywar go
[23/5/2022 2:0:53] !citywar go
[23/5/2022 2:0:55] !citywar go
[23/5/2022 2:0:57] !citywar go
[23/5/2022 2:1:0] !citywar go
[23/5/2022 2:1:2] !citywar go
[23/5/2022 2:1:28] !citywar go
[23/5/2022 2:1:30] !citywar go
[23/5/2022 2:1:32] !citywar go
[23/5/2022 2:1:34] !citywar go
[23/5/2022 2:1:36] !citywar go
[23/5/2022 2:1:38] !citywar go
[23/5/2022 2:1:40] !citywar go
[23/5/2022 2:1:43] !citywar go
[23/5/2022 2:1:45] !citywar go
[23/5/2022 2:1:49] !citywar go
[23/5/2022 2:1:51] !citywar go
[23/5/2022 2:1:53] !citywar go
[23/5/2022 2:1:57] !citywar go
[23/5/2022 2:2:5] !citywar go
[23/5/2022 2:2:7] !citywar go
[23/5/2022 2:2:9] !citywar go
[23/5/2022 2:2:12] !citywar go
[23/5/2022 2:2:14] !citywar go
[23/5/2022 2:2:16] !citywar go
[23/5/2022 2:2:18] !citywar go
[23/5/2022 2:2:20] !citywar go
[23/5/2022 2:2:22] !citywar go
[23/5/2022 2:2:24] !citywar go
[23/5/2022 2:2:45] !citywar go
[23/5/2022 2:2:47] !citywar go
[23/5/2022 2:2:49] !citywar go
[23/5/2022 2:2:51] !citywar go
[23/5/2022 2:2:53] !citywar go
[23/5/2022 2:2:55] !citywar go
[23/5/2022 2:2:57] !citywar go
[23/5/2022 2:2:59] !citywar go
[23/5/2022 2:3:1] !citywar go
[23/5/2022 2:3:3] !citywar go
[23/5/2022 2:3:5] !citywar go
[23/5/2022 2:3:7] !citywar go
[23/5/2022 2:3:9] !citywar go
[23/5/2022 2:3:11] !citywar go
[23/5/2022 2:3:14] !citywar go
[23/5/2022 2:3:16] !citywar go
[23/5/2022 2:3:18] !citywar go
[23/5/2022 2:3:20] !citywar go
[23/5/2022 2:3:22] !citywar go
[23/5/2022 2:3:24] !citywar go
[23/5/2022 2:3:28] !citywar go
[23/5/2022 2:3:30] !citywar go
[23/5/2022 2:3:32] !citywar go
[23/5/2022 2:3:34] !citywar go
[23/5/2022 2:3:36] !citywar go
[23/5/2022 2:3:38] !citywar go
[23/5/2022 2:3:40] !citywar go
[23/5/2022 2:3:42] !citywar go
[23/5/2022 2:3:45] !citywar go
[23/5/2022 2:3:47] !citywar go
[23/5/2022 2:3:49] !citywar go
[23/5/2022 2:7:7] !citywar go
[23/5/2022 2:7:10] !citywar go
[23/5/2022 2:7:12] !citywar go
[23/5/2022 2:7:14] !citywar go
[23/5/2022 2:7:16] !citywar go
[23/5/2022 2:7:18] !citywar go
[23/5/2022 2:7:22] !citywar go
[23/5/2022 2:7:24] !citywar go
[23/5/2022 2:7:26] !citywar go
[23/5/2022 2:7:28] !citywar go
[23/5/2022 2:7:30] !citywar go
[23/5/2022 2:7:32] !citywar go
[23/5/2022 2:7:34] !citywar go
[23/5/2022 2:7:36] !citywar go
[23/5/2022 2:7:39] !citywar go
[23/5/2022 2:7:41] !citywar go
[23/5/2022 2:7:43] !citywar go
[23/5/2022 2:7:45] !citywar go
[23/5/2022 2:7:47] !citywar go
[23/5/2022 2:7:49] !citywar go
[23/5/2022 2:7:51] !citywar go
[23/5/2022 2:7:53] !citywar go
[23/5/2022 2:7:55] !citywar go
[23/5/2022 2:7:57] !citywar go
[23/5/2022 2:7:59] !citywar go
[23/5/2022 2:8:1] !citywar go
[23/5/2022 2:8:3] !citywar go
[23/5/2022 2:8:5] !citywar go
[23/5/2022 2:8:7] !citywar go
[23/5/2022 2:8:9] !citywar go
[23/5/2022 2:8:11] !citywar go
[23/5/2022 2:8:14] !citywar go
[23/5/2022 2:8:16] !citywar go
[23/5/2022 2:8:18] !citywar go
[23/5/2022 2:8:20] !citywar go
[23/5/2022 2:8:22] !citywar go
[23/5/2022 2:8:24] !citywar go
[23/5/2022 2:8:32] !citywar go
[23/5/2022 2:8:34] !citywar go
[23/5/2022 2:8:36] !citywar go
[23/5/2022 2:8:38] !citywar go
[23/5/2022 2:8:40] !citywar go
[23/5/2022 2:8:42] !citywar go
[23/5/2022 2:8:45] !citywar go
[23/5/2022 2:8:47] !citywar go
[23/5/2022 2:8:49] !citywar go
[23/5/2022 2:8:51] !citywar go
[23/5/2022 2:8:53] !citywar go
[23/5/2022 2:8:55] !citywar go
[23/5/2022 2:9:16] !citywar go
[23/5/2022 2:9:17] !citywar go
[23/5/2022 2:9:18] !citywar go
[23/5/2022 2:9:20] !citywar go
[23/5/2022 2:9:22] !citywar go
[23/5/2022 2:9:24] !citywar go
[23/5/2022 2:9:26] !citywar go
[23/5/2022 2:9:28] !citywar go
[23/5/2022 2:9:30] !citywar go
[23/5/2022 2:9:32] !citywar go
[23/5/2022 2:9:40] !citywar go
[23/5/2022 2:9:42] !citywar go
[23/5/2022 2:9:44] !citywar go
[23/5/2022 2:9:47] !citywar go
[23/5/2022 2:9:49] !citywar go
[23/5/2022 2:9:53] !citywar go
[23/5/2022 2:9:57] !citywar go
[23/5/2022 2:9:59] !citywar go
[23/5/2022 2:10:1] !citywar go
[23/5/2022 2:10:3] !citywar go
[23/5/2022 2:10:7] !citywar go
[23/5/2022 2:10:9] !citywar go
[23/5/2022 2:10:14] !citywar go
[23/5/2022 2:10:16] !citywar go
[23/5/2022 2:10:18] !citywar go
[23/5/2022 2:10:20] !citywar go
[23/5/2022 2:10:22] !citywar go
[23/5/2022 2:10:24] !citywar go
[23/5/2022 2:10:26] !citywar go
[23/5/2022 2:10:28] !citywar go
[23/5/2022 2:10:30] !citywar go
[23/5/2022 2:10:32] !citywar go
[23/5/2022 2:10:34] !citywar go
[23/5/2022 2:10:36] !citywar go
[23/5/2022 2:10:38] !citywar go
[23/5/2022 2:10:40] !citywar go
[23/5/2022 2:10:42] !citywar go
[23/5/2022 2:10:45] !citywar go
[23/5/2022 2:10:47] !citywar go
[23/5/2022 2:10:49] !citywar go
[23/5/2022 2:10:51] !citywar go
[23/5/2022 2:10:53] !citywar go
[23/5/2022 2:10:55] !citywar go
[23/5/2022 2:10:57] !citywar go
[23/5/2022 2:10:59] !citywar go
[23/5/2022 2:11:1] !citywar go
[23/5/2022 2:11:3] !citywar go
[23/5/2022 2:11:5] !citywar go
[23/5/2022 2:11:7] !citywar go
[23/5/2022 2:11:9] !citywar go
[23/5/2022 2:11:11] !citywar go
[23/5/2022 2:11:13] !citywar go
[23/5/2022 2:11:15] !citywar go
[23/5/2022 2:11:20] !citywar go
[23/5/2022 2:11:22] !citywar go
[23/5/2022 2:11:24] !citywar go
[23/5/2022 2:11:26] !citywar go
[23/5/2022 2:11:28] !citywar go
[23/5/2022 2:11:30] !citywar go
[23/5/2022 2:11:32] !citywar go
[23/5/2022 2:11:34] !citywar go
[23/5/2022 2:11:36] !citywar go
[23/5/2022 2:11:38] !citywar go
[23/5/2022 2:11:40] !citywar go
[23/5/2022 2:11:42] !citywar go
[23/5/2022 2:11:44] !citywar go
[23/5/2022 2:11:46] !citywar go
[23/5/2022 2:11:49] !citywar go
[23/5/2022 2:11:53] !citywar go
[23/5/2022 2:11:57] !citywar go
[23/5/2022 2:12:1] !citywar go
[23/5/2022 2:12:3] !citywar go
[23/5/2022 2:12:5] !citywar go
[23/5/2022 2:12:7] !citywar go
[23/5/2022 2:12:9] !citywar go
[23/5/2022 2:12:12] !citywar go
[23/5/2022 2:12:14] !citywar go
[23/5/2022 2:12:16] !citywar go
[23/5/2022 2:12:18] !citywar go
[23/5/2022 2:12:20] !citywar go
[23/5/2022 2:12:24] !citywar go
[23/5/2022 2:12:26] !citywar go
[23/5/2022 2:12:28] !citywar go
[23/5/2022 2:12:30] !citywar go
[23/5/2022 2:12:32] !citywar go
[23/5/2022 2:12:34] !citywar go
[23/5/2022 2:12:36] !citywar go
[23/5/2022 2:12:38] !citywar go
[23/5/2022 2:12:40] !citywar go
[23/5/2022 2:12:42] !citywar go
[23/5/2022 2:12:44] !citywar go
[23/5/2022 2:12:47] !citywar go
[23/5/2022 2:12:49] !citywar go
[23/5/2022 2:12:51] !citywar go
[23/5/2022 2:12:53] !citywar go
[23/5/2022 2:12:55] !citywar go
[23/5/2022 2:12:57] !citywar go
[23/5/2022 2:12:59] !citywar go
[23/5/2022 2:13:29] !citywar go
[23/5/2022 2:13:31] !citywar go
[23/5/2022 2:13:34] !citywar go
[23/5/2022 2:13:36] !citywar go
[23/5/2022 2:13:38] !citywar go
[23/5/2022 2:13:40] !citywar go
[23/5/2022 2:13:42] !citywar go
[23/5/2022 2:13:44] !citywar go
[23/5/2022 2:13:46] !citywar go
[23/5/2022 2:13:48] !citywar go
[23/5/2022 2:13:50] !citywar go
[23/5/2022 2:13:52] !citywar go
[23/5/2022 2:13:54] !citywar go
[23/5/2022 2:14:29] !citywar go
[23/5/2022 2:14:31] !citywar go
[23/5/2022 2:14:33] !citywar go
[23/5/2022 2:14:35] !citywar go
[23/5/2022 2:14:37] !citywar go
[23/5/2022 2:14:41] !citywar go
[23/5/2022 2:14:43] !citywar go
[23/5/2022 2:14:47] !citywar go
[23/5/2022 2:14:49] !citywar go
[23/5/2022 2:14:51] !citywar go
[23/5/2022 2:14:53] !citywar go
[23/5/2022 2:14:55] !citywar go
[23/5/2022 2:14:57] !citywar go
[23/5/2022 2:14:59] !citywar go
[23/5/2022 2:15:1] !citywar go
[23/5/2022 2:15:3] !citywar go
[23/5/2022 2:15:5] !citywar go
[23/5/2022 2:15:7] !citywar go
[23/5/2022 2:15:10] !citywar go
[23/5/2022 2:15:12] !citywar go
[23/5/2022 2:15:14] !citywar go
[23/5/2022 2:15:16] !citywar go
[23/5/2022 2:15:18] !citywar go
[23/5/2022 2:15:24] !citywar go
[23/5/2022 2:15:26] !citywar go
[23/5/2022 2:15:28] !citywar go
[23/5/2022 2:15:30] !citywar go
[23/5/2022 2:15:32] !citywar go
[23/5/2022 2:15:34] !citywar go
[23/5/2022 2:15:36] !citywar go
[23/5/2022 2:15:38] !citywar go
[23/5/2022 2:15:41] !citywar go
[23/5/2022 2:15:43] !citywar go
[23/5/2022 2:15:45] !citywar go
[23/5/2022 2:15:47] !citywar go
[23/5/2022 2:15:49] !citywar go
[23/5/2022 2:15:51] !citywar go
[23/5/2022 2:15:53] !citywar go
[23/5/2022 2:15:55] !citywar go
[23/5/2022 2:16:5] !citywar go
[23/5/2022 2:16:7] !citywar go
[23/5/2022 2:16:9] !citywar go
[23/5/2022 2:16:11] !citywar go
[23/5/2022 2:16:14] !citywar go
[23/5/2022 2:16:16] !citywar go
[23/5/2022 2:16:18] !citywar go
[23/5/2022 2:16:20] !citywar go
[23/5/2022 2:16:22] !citywar go
[23/5/2022 2:16:24] !citywar go
[23/5/2022 2:16:26] !citywar go
[23/5/2022 2:16:28] !citywar go
[23/5/2022 2:16:30] !citywar go
[23/5/2022 2:16:32] !citywar go
[23/5/2022 2:16:34] !citywar go
[23/5/2022 2:16:36] !citywar go
[23/5/2022 2:16:38] !citywar go
[23/5/2022 2:16:40] !citywar go
[23/5/2022 2:16:42] !citywar go
[23/5/2022 2:16:44] !citywar go
[23/5/2022 2:16:46] !citywar go
[23/5/2022 2:16:48] !citywar go
[23/5/2022 2:16:50] !citywar go
[23/5/2022 2:16:52] !citywar go
[23/5/2022 2:16:54] !citywar go
[23/5/2022 2:16:56] !citywar go
[23/5/2022 2:16:58] !citywar go
[23/5/2022 2:17:1] !citywar go
[23/5/2022 2:17:3] !citywar go
[23/5/2022 2:17:5] !citywar go
[23/5/2022 2:17:7] !citywar go
[23/5/2022 2:17:9] !citywar go
[23/5/2022 2:17:11] !citywar go
[23/5/2022 2:17:13] !citywar go
[23/5/2022 2:17:15] !citywar go
[23/5/2022 2:17:17] !citywar go
[23/5/2022 2:17:19] !citywar go
[23/5/2022 2:17:21] !citywar go
[23/5/2022 2:17:30] !citywar go
[23/5/2022 2:17:32] !citywar go
[23/5/2022 2:17:34] !citywar go
[23/5/2022 2:17:36] !citywar go
[23/5/2022 2:17:40] !citywar go
[23/5/2022 2:17:42] !citywar go
[23/5/2022 2:17:53] !citywar go
[23/5/2022 2:17:55] !citywar go
[23/5/2022 2:17:57] !citywar go
[23/5/2022 2:17:59] !citywar go
[23/5/2022 2:18:1] !citywar go
[23/5/2022 2:18:3] !citywar go
[23/5/2022 2:18:5] !citywar go
[23/5/2022 2:18:7] !citywar go
[23/5/2022 2:18:9] !citywar go
[23/5/2022 2:18:11] !citywar go
[23/5/2022 2:18:13] !citywar go
[23/5/2022 2:18:15] !citywar go
[23/5/2022 2:18:17] !citywar go
[23/5/2022 2:18:19] !citywar go
[23/5/2022 2:18:23] !citywar go
[23/5/2022 2:18:30] !citywar go
[23/5/2022 2:18:34] !citywar go
[23/5/2022 2:18:36] !citywar go
[23/5/2022 2:18:38] !citywar go
[23/5/2022 2:18:40] !citywar go
[23/5/2022 2:18:42] !citywar go
[23/5/2022 2:18:44] !citywar go
[23/5/2022 2:18:46] !citywar go
[23/5/2022 2:18:48] !citywar go
[23/5/2022 2:18:50] !citywar go
[23/5/2022 2:18:52] !citywar go
[23/5/2022 2:18:55] !citywar go
[23/5/2022 2:18:57] !citywar go
[23/5/2022 2:18:59] !citywar go
[23/5/2022 2:19:1] !citywar go
[23/5/2022 2:19:3] !citywar go
[23/5/2022 2:19:5] !citywar go
[23/5/2022 2:19:7] !citywar go
[23/5/2022 2:19:9] !citywar go
[23/5/2022 2:19:11] !citywar go
[23/5/2022 2:19:13] !citywar go
[23/5/2022 2:19:15] !citywar go
[23/5/2022 2:19:17] !citywar go
[23/5/2022 2:19:24] !citywar go
[23/5/2022 2:19:29] !citywar go
[23/5/2022 2:19:31] !citywar go
[23/5/2022 2:19:33] !citywar go
[23/5/2022 2:19:39] !citywar go
[23/5/2022 2:19:41] !citywar go
[23/5/2022 2:19:53] !citywar go
[23/5/2022 2:19:55] !citywar go
[23/5/2022 2:19:57] !citywar go
[23/5/2022 2:20:5] !citywar go
[23/5/2022 2:20:7] !citywar go
[23/5/2022 2:20:11] !citywar go
[23/5/2022 2:20:13] !citywar go
[23/5/2022 2:20:17] !citywar go
[23/5/2022 2:20:19] !citywar go
[23/5/2022 2:20:21] !citywar go
[23/5/2022 2:20:23] !citywar go
[23/5/2022 2:20:25] !citywar go
[23/5/2022 2:20:28] !citywar go
[23/5/2022 2:20:30] !citywar go
[23/5/2022 2:20:48] !citywar go
[23/5/2022 2:20:50] !citywar go
[23/5/2022 2:20:52] !citywar go
[23/5/2022 2:20:54] !citywar go
[23/5/2022 2:20:56] !citywar go
[23/5/2022 2:20:58] !citywar go
[23/5/2022 2:21:0] !citywar go
[23/5/2022 2:21:2] !citywar go
[23/5/2022 2:21:6] !citywar go
[23/5/2022 2:21:8] !citywar go
[23/5/2022 2:21:10] !citywar go
[23/5/2022 2:21:12] !citywar go
[23/5/2022 2:21:14] !citywar go
[23/5/2022 2:21:16] !citywar go
[23/5/2022 2:21:18] !citywar go
[23/5/2022 2:21:20] !citywar go
[23/5/2022 2:21:23] !citywar go
[23/5/2022 2:21:25] !citywar go
[23/5/2022 2:21:27] !citywar go
[23/5/2022 2:21:29] !citywar go
[23/5/2022 2:21:31] !citywar go
[23/5/2022 2:21:33] !citywar go
[23/5/2022 2:21:35] !citywar go
[23/5/2022 2:21:37] !citywar go
[23/5/2022 2:22:23] !citywar go
[23/5/2022 2:24:41] !citywar go
[23/5/2022 2:25:22] !citywar go
[23/5/2022 2:25:24] !citywar go
[23/5/2022 2:25:26] !citywar go
[23/5/2022 2:25:28] !citywar go
[23/5/2022 2:25:30] !citywar go
[23/5/2022 2:25:32] !citywar go
[23/5/2022 2:25:35] !citywar go
[23/5/2022 2:26:8] !citywar go
[23/5/2022 2:26:10] !citywar go
[23/5/2022 2:26:12] !citywar go
[23/5/2022 2:26:14] !citywar go
[23/5/2022 2:26:16] !citywar go
[23/5/2022 2:26:22] !citywar go
[23/5/2022 2:26:24] !citywar go
[23/5/2022 2:26:26] !citywar go
[23/5/2022 2:26:28] !citywar go
[23/5/2022 2:26:30] !citywar go
[23/5/2022 2:26:34] !citywar go
[23/5/2022 2:26:41] !citywar go
[23/5/2022 2:27:30] !citywar go
[23/5/2022 2:27:32] !citywar go
[23/5/2022 2:27:36] !citywar go
[23/5/2022 2:27:38] !citywar go
[23/5/2022 2:27:40] !citywar go
[23/5/2022 2:27:42] !citywar go
[23/5/2022 2:27:44] !citywar go
[23/5/2022 2:27:46] !citywar go
[23/5/2022 2:27:48] !citywar go
[23/5/2022 2:27:50] !citywar go
[23/5/2022 2:27:52] !citywar go
[23/5/2022 2:27:54] !citywar go
[23/5/2022 2:27:57] !citywar go
[23/5/2022 2:27:59] !citywar go
[23/5/2022 2:28:1] !citywar go
[23/5/2022 2:28:3] !citywar go
[23/5/2022 2:28:5] !citywar go
[23/5/2022 2:28:7] !citywar go
[23/5/2022 2:28:11] !citywar go
[23/5/2022 2:28:13] !citywar go
[23/5/2022 2:29:6] !citywar go
[23/5/2022 2:29:8] !citywar go
[23/5/2022 2:29:10] !citywar go
[23/5/2022 2:29:12] !citywar go
[23/5/2022 2:29:14] !citywar go
[23/5/2022 2:29:16] !citywar go
[23/5/2022 2:29:18] !citywar go
[23/5/2022 2:29:21] !citywar go
[23/5/2022 2:29:23] !citywar go
[23/5/2022 2:29:25] !citywar go
[23/5/2022 2:29:27] !citywar go
[23/5/2022 2:29:29] !citywar go
[23/5/2022 2:29:31] !citywar go
[23/5/2022 2:29:33] !citywar go
[23/5/2022 2:29:35] !citywar go
[23/5/2022 2:29:41] !citywar go
[23/5/2022 2:29:47] !citywar go
[23/5/2022 2:29:49] !citywar go
[23/5/2022 2:29:51] !citywar go
[23/5/2022 2:29:54] !citywar go
[23/5/2022 2:29:56] !citywar go
[23/5/2022 2:29:58] !citywar go
[23/5/2022 2:30:0] !citywar go
[23/5/2022 2:30:2] !citywar go
[23/5/2022 2:30:4] !citywar go
[23/5/2022 2:30:6] !citywar go
[23/5/2022 2:30:10] !citywar go
[23/5/2022 2:30:14] !citywar go
[23/5/2022 2:30:16] !citywar go
[23/5/2022 2:30:18] !citywar go
[23/5/2022 2:30:20] !citywar go
[23/5/2022 2:30:23] !citywar go
[23/5/2022 2:30:25] !citywar go
[23/5/2022 2:30:27] !citywar go
[23/5/2022 2:30:29] !citywar go
[23/5/2022 2:30:31] !citywar go
[23/5/2022 2:30:33] !citywar go
[23/5/2022 2:30:35] !citywar go
[23/5/2022 2:30:37] !citywar go
[23/5/2022 2:30:39] !citywar go
[23/5/2022 2:30:41] !citywar go
[23/5/2022 2:30:44] !citywar go
[23/5/2022 2:30:46] !citywar go
[23/5/2022 2:30:48] !citywar go
[23/5/2022 2:30:50] !citywar go
[23/5/2022 2:30:52] !citywar go
[23/5/2022 2:30:54] !citywar go
[23/5/2022 2:30:56] !citywar go
[23/5/2022 2:30:58] !citywar go
[23/5/2022 2:31:0] !citywar go
[23/5/2022 2:31:46] !citywar go
[23/5/2022 2:31:49] !citywar go
[23/5/2022 2:31:51] !citywar go
[23/5/2022 2:31:53] !citywar go
[23/5/2022 2:31:55] !citywar go
[23/5/2022 2:31:57] !citywar go
[23/5/2022 2:32:1] !citywar go
[23/5/2022 2:32:5] !citywar go
[23/5/2022 2:32:11] !citywar go
[23/5/2022 2:32:18] !citywar go
[23/5/2022 2:32:26] !citywar go
[23/5/2022 2:32:50] !citywar go
[23/5/2022 2:32:52] !citywar go
[23/5/2022 2:32:54] !citywar go
[23/5/2022 2:33:0] !citywar go
[23/5/2022 2:33:2] !citywar go
[23/5/2022 2:33:13] !citywar go
[23/5/2022 2:33:15] !citywar go
[23/5/2022 2:33:17] !citywar go
[23/5/2022 2:33:19] !citywar go
[23/5/2022 2:33:21] !citywar go
[23/5/2022 2:33:25] !citywar go
[23/5/2022 2:33:30] !citywar go
[23/5/2022 2:33:32] !citywar go
[23/5/2022 2:33:34] !citywar go
[23/5/2022 2:33:36] !citywar go
[23/5/2022 2:33:38] !citywar go
[23/5/2022 2:33:40] !citywar go
[23/5/2022 2:33:42] !citywar go
[23/5/2022 2:34:18] !citywar go
[23/5/2022 2:34:20] !citywar go
[23/5/2022 2:34:22] !citywar go
[23/5/2022 2:34:30] !citywar go
[23/5/2022 2:34:32] !citywar go
[23/5/2022 2:34:34] !citywar go
[23/5/2022 2:34:36] !citywar go
[23/5/2022 2:34:38] !citywar go
[23/5/2022 2:34:40] !citywar go
[23/5/2022 2:34:42] !citywar go
[23/5/2022 2:34:44] !citywar go
[23/5/2022 2:34:46] !citywar go
[23/5/2022 2:34:49] !citywar go
[23/5/2022 2:34:51] !citywar go
[23/5/2022 2:34:53] !citywar go
[23/5/2022 2:34:55] !citywar go
[23/5/2022 2:34:57] !citywar go
[23/5/2022 2:34:59] !citywar go
[23/5/2022 2:35:1] !citywar go
[23/5/2022 2:35:3] !citywar go
[23/5/2022 2:35:5] !citywar go
[23/5/2022 2:35:7] !citywar go
[23/5/2022 2:35:9] !citywar go
[23/5/2022 2:35:11] !citywar go
[23/5/2022 2:35:13] !citywar go
[23/5/2022 2:35:16] !citywar go
[23/5/2022 2:35:18] !citywar go
[23/5/2022 2:35:20] !citywar go
[23/5/2022 2:35:22] !citywar go
[23/5/2022 2:35:24] !citywar go
[23/5/2022 2:35:26] !citywar go
[23/5/2022 2:35:28] !citywar go
[23/5/2022 2:35:30] !citywar go
[23/5/2022 2:35:32] !citywar go
[23/5/2022 2:35:34] !citywar go
[23/5/2022 2:35:36] !citywar go
[23/5/2022 2:35:38] !citywar go
[23/5/2022 2:35:40] !citywar go
[23/5/2022 2:35:42] !citywar go
[23/5/2022 2:35:45] !citywar go
[23/5/2022 2:36:31] !citywar go
[23/5/2022 2:36:42] !citywar go
[23/5/2022 2:36:44] !citywar go
[23/5/2022 2:36:47] !citywar go
[23/5/2022 2:36:49] !citywar go
[23/5/2022 2:36:51] !citywar go
[23/5/2022 2:36:53] !citywar go
[23/5/2022 2:36:55] !citywar go
[23/5/2022 2:36:57] !citywar go
[23/5/2022 2:36:59] !citywar go
[23/5/2022 2:37:1] !citywar go
[23/5/2022 2:37:6] !citywar go
[23/5/2022 2:37:8] !citywar go
[23/5/2022 2:37:10] !citywar go
[23/5/2022 2:37:12] !citywar go
[23/5/2022 2:37:14] !citywar go
[23/5/2022 2:37:17] !citywar go
[23/5/2022 2:37:19] !citywar go
[23/5/2022 2:37:21] !citywar go
[23/5/2022 2:37:23] !citywar go
[23/5/2022 2:37:25] !citywar go
[23/5/2022 2:37:27] !citywar go
[23/5/2022 2:37:29] !citywar go
[23/5/2022 2:37:31] !citywar go
[23/5/2022 2:37:33] !citywar go
[23/5/2022 2:37:35] !citywar go
[23/5/2022 2:37:38] !citywar go
[23/5/2022 2:37:40] !citywar go
[23/5/2022 2:37:42] !citywar go
[23/5/2022 2:37:44] !citywar go
[23/5/2022 2:37:46] !citywar go
[23/5/2022 2:37:48] !citywar go
[23/5/2022 2:37:50] !citywar go
[23/5/2022 2:37:52] !citywar go
[23/5/2022 2:37:54] !citywar go
[23/5/2022 2:37:56] !citywar go
[23/5/2022 2:37:58] !citywar go
[23/5/2022 2:38:0] !citywar go
[23/5/2022 2:38:2] !citywar go
[23/5/2022 2:38:4] !citywar go
[23/5/2022 2:38:6] !citywar go
[23/5/2022 2:38:8] !citywar go
[23/5/2022 2:38:10] !citywar go
[23/5/2022 2:38:12] !citywar go
[23/5/2022 2:38:14] !citywar go
[23/5/2022 2:38:16] !citywar go
[23/5/2022 2:38:18] !citywar go
[23/5/2022 2:38:20] !citywar go
[23/5/2022 2:38:23] !citywar go
[23/5/2022 2:38:25] !citywar go
[23/5/2022 2:38:27] !citywar go
[23/5/2022 2:38:29] !citywar go
[23/5/2022 2:38:31] !citywar go
[23/5/2022 2:38:33] !citywar go
[23/5/2022 2:38:35] !citywar go
[23/5/2022 2:38:37] !citywar go
[23/5/2022 2:38:39] !citywar go
[23/5/2022 2:38:41] !citywar go
[23/5/2022 2:38:43] !citywar go
[23/5/2022 2:38:45] !citywar go
[23/5/2022 2:38:47] !citywar go
[23/5/2022 2:38:49] !citywar go
[23/5/2022 2:38:51] !citywar go
[23/5/2022 2:38:53] !citywar go
[23/5/2022 2:38:55] !citywar go
[23/5/2022 2:38:57] !citywar go
[23/5/2022 2:38:59] !citywar go
[23/5/2022 2:39:1] !citywar go
[23/5/2022 2:39:3] !citywar go
[23/5/2022 2:39:5] !citywar go
[23/5/2022 2:39:7] !citywar go
[23/5/2022 2:39:9] !citywar go
[23/5/2022 2:39:11] !citywar go
[23/5/2022 2:39:13] !citywar go
[23/5/2022 2:39:16] !citywar go
[23/5/2022 2:39:18] !citywar go
[23/5/2022 2:39:20] !citywar go
[23/5/2022 2:39:22] !citywar go
[23/5/2022 2:39:24] !citywar go
[23/5/2022 2:39:28] !citywar go
[23/5/2022 2:39:30] !citywar go
[23/5/2022 2:39:32] !citywar go
[23/5/2022 2:39:34] !citywar go
[23/5/2022 2:39:36] !citywar go
[23/5/2022 2:39:38] !citywar go
[23/5/2022 2:39:40] !citywar go
[23/5/2022 2:39:42] !citywar go
[23/5/2022 2:39:44] !citywar go
[23/5/2022 2:39:46] !citywar go
[23/5/2022 2:39:49] !citywar go
[23/5/2022 2:39:51] !citywar go
[23/5/2022 2:39:53] !citywar go
[23/5/2022 2:39:55] !citywar go
[23/5/2022 2:39:57] !citywar go
[23/5/2022 2:39:59] !citywar go
[23/5/2022 2:40:20] !citywar go
[23/5/2022 2:40:22] !citywar go
[23/5/2022 2:40:25] !citywar go
[23/5/2022 2:40:27] !citywar go
[23/5/2022 2:40:29] !citywar go
[23/5/2022 2:40:31] !citywar go
[23/5/2022 2:40:33] !citywar go
[23/5/2022 2:40:35] !citywar go
[23/5/2022 2:40:37] !citywar go
[23/5/2022 2:40:39] !citywar go
[23/5/2022 2:40:41] !citywar go
[23/5/2022 2:40:43] !citywar go
[23/5/2022 2:40:45] !citywar go
[23/5/2022 2:40:47] !citywar go
[23/5/2022 2:40:49] !citywar go
[23/5/2022 2:40:51] !citywar go
[23/5/2022 2:40:53] !citywar go
[23/5/2022 2:40:55] !citywar go
[23/5/2022 2:40:57] !citywar go
[23/5/2022 2:40:59] !citywar go
[23/5/2022 2:41:2] !citywar go
[23/5/2022 2:41:4] !citywar go
[23/5/2022 2:41:6] !citywar go
[23/5/2022 2:41:8] !citywar go
[23/5/2022 2:41:10] !citywar go
[23/5/2022 2:41:12] !citywar go
[23/5/2022 2:41:14] !citywar go
[23/5/2022 2:41:16] !citywar go
[23/5/2022 2:41:18] !citywar go
[23/5/2022 2:41:21] !citywar go
[23/5/2022 2:41:23] !citywar go
[23/5/2022 2:41:25] !citywar go
[23/5/2022 2:41:27] !citywar go
[23/5/2022 2:41:33] !citywar go
[23/5/2022 2:41:35] !citywar go
[23/5/2022 2:41:37] !citywar go
[23/5/2022 2:41:39] !citywar go
[23/5/2022 2:41:41] !citywar go
[23/5/2022 2:41:43] !citywar go
[23/5/2022 2:41:45] !citywar go
[23/5/2022 2:41:48] !citywar go
[23/5/2022 2:41:50] !citywar go
[23/5/2022 2:41:52] !citywar go
[23/5/2022 2:41:54] !citywar go
[23/5/2022 2:41:56] !citywar go
[23/5/2022 2:41:58] !citywar go
[23/5/2022 2:42:5] !citywar go
[23/5/2022 2:42:7] !citywar go
[23/5/2022 2:42:9] !citywar go
[23/5/2022 2:42:11] !citywar go
[23/5/2022 2:42:13] !citywar go
[23/5/2022 2:42:16] !citywar go
[23/5/2022 2:42:18] !citywar go
[23/5/2022 2:42:20] !citywar go
[23/5/2022 2:42:22] !citywar go
[23/5/2022 2:42:24] !citywar go
[23/5/2022 2:42:26] !citywar go
[23/5/2022 2:42:28] !citywar go
[23/5/2022 2:42:30] !citywar go
[23/5/2022 2:42:32] !citywar go
[23/5/2022 2:42:38] !citywar go
[23/5/2022 2:42:40] !citywar go
[23/5/2022 2:42:43] !citywar go
[23/5/2022 2:42:45] !citywar go
[23/5/2022 2:42:47] !citywar go
[23/5/2022 2:42:49] !citywar go
[23/5/2022 2:42:51] !citywar go
[23/5/2022 2:42:53] !citywar go
[23/5/2022 2:42:55] !citywar go
[23/5/2022 2:42:57] !citywar go
[23/5/2022 2:42:59] !citywar go
[23/5/2022 2:43:1] !citywar go
[23/5/2022 2:43:3] !citywar go
[23/5/2022 2:43:5] !citywar go
[23/5/2022 2:43:8] !citywar go
[23/5/2022 2:43:10] !citywar go
[23/5/2022 2:43:12] !citywar go
[23/5/2022 2:43:14] !citywar go
[23/5/2022 2:43:16] !citywar go
[23/5/2022 2:43:18] !citywar go
[23/5/2022 2:43:20] !citywar go
[23/5/2022 2:43:22] !citywar go
[23/5/2022 2:43:24] !citywar go
[23/5/2022 2:43:26] !citywar go
[23/5/2022 2:43:28] !citywar go
[23/5/2022 2:43:30] !citywar go
[23/5/2022 2:43:32] !citywar go
[23/5/2022 2:43:34] !citywar go
[23/5/2022 2:43:37] !citywar go
[23/5/2022 2:43:39] !citywar go
[23/5/2022 2:43:41] !citywar go
[23/5/2022 2:43:43] !citywar go
[23/5/2022 2:43:46] !citywar go
[23/5/2022 2:43:50] !citywar go
[23/5/2022 2:43:52] !citywar go
[23/5/2022 2:43:54] !citywar go
[23/5/2022 2:43:56] !citywar go
[23/5/2022 2:43:58] !citywar go
[23/5/2022 2:44:0] !citywar go
[23/5/2022 2:44:2] !citywar go
[23/5/2022 2:44:4] !citywar go
[23/5/2022 2:44:7] !citywar go
[23/5/2022 2:44:9] !citywar go
[23/5/2022 2:44:11] !citywar go
[23/5/2022 2:44:13] !citywar go
[23/5/2022 2:44:15] !citywar go
[23/5/2022 2:44:17] !citywar go
[23/5/2022 2:44:19] !citywar go
[23/5/2022 2:44:21] !citywar go
[23/5/2022 2:44:23] !citywar go
[23/5/2022 2:44:25] !citywar go
[23/5/2022 2:44:35] !citywar go
[23/5/2022 2:47:9] !citywar go
[23/5/2022 2:47:46] !citywar go
[23/5/2022 2:47:48] !citywar go
[23/5/2022 2:47:50] !citywar go
[23/5/2022 2:47:53] !citywar go
[23/5/2022 2:47:55] !citywar go
[23/5/2022 2:47:57] !citywar go
[23/5/2022 2:47:59] !citywar go
[23/5/2022 2:48:1] !citywar go
[23/5/2022 2:48:15] !citywar go
[23/5/2022 2:48:17] !citywar go
[23/5/2022 2:48:20] !citywar go
[23/5/2022 2:48:22] !citywar go
[23/5/2022 2:48:24] !citywar go
[23/5/2022 2:49:52] !citywar go
[23/5/2022 2:49:56] !citywar go
[23/5/2022 2:49:58] !citywar go
[23/5/2022 2:50:0] !citywar go
[23/5/2022 2:50:2] !citywar go
[23/5/2022 2:50:5] !citywar go
[23/5/2022 2:50:7] !citywar go
[23/5/2022 2:50:9] !citywar go
[23/5/2022 2:50:11] !citywar go
[23/5/2022 2:50:13] !citywar go
[23/5/2022 2:50:15] !citywar go
[23/5/2022 2:50:17] !citywar go
[23/5/2022 2:50:19] !citywar go
[23/5/2022 2:50:21] !citywar go
[23/5/2022 2:50:23] !citywar go
[23/5/2022 2:50:25] !citywar go
[23/5/2022 2:50:27] !citywar go
[23/5/2022 2:50:29] !citywar go
[23/5/2022 2:50:31] !citywar go
[23/5/2022 2:50:33] !citywar go
[23/5/2022 2:50:35] !citywar go
[23/5/2022 2:50:37] !citywar go
[23/5/2022 2:50:39] !citywar go
[23/5/2022 2:50:41] !citywar go
[23/5/2022 2:50:43] !citywar go
[23/5/2022 2:50:45] !citywar go
[23/5/2022 2:50:47] !citywar go
[23/5/2022 2:50:49] !citywar go
[23/5/2022 2:50:51] !citywar go
[23/5/2022 2:50:54] !citywar go
[23/5/2022 2:50:56] !citywar go
[23/5/2022 2:50:58] !citywar go
[23/5/2022 2:51:0] !citywar go
[23/5/2022 2:51:2] !citywar go
[23/5/2022 2:51:4] !citywar go
[23/5/2022 2:51:6] !citywar go
[23/5/2022 2:51:8] !citywar go
[23/5/2022 2:51:10] !citywar go
[23/5/2022 2:51:12] !citywar go
[23/5/2022 2:51:14] !citywar go
[23/5/2022 2:51:16] !citywar go
[23/5/2022 2:51:18] !citywar go
[23/5/2022 2:51:20] !citywar go
[23/5/2022 2:51:22] !citywar go
[23/5/2022 2:51:25] !citywar go
[23/5/2022 2:51:27] !citywar go
[23/5/2022 2:51:29] !citywar go
[23/5/2022 2:51:31] !citywar go
[23/5/2022 2:51:33] !citywar go
[23/5/2022 2:51:35] !citywar go
[23/5/2022 2:51:37] !citywar go
[23/5/2022 2:51:39] !citywar go
[23/5/2022 2:51:41] !citywar go
[23/5/2022 2:51:43] !citywar go
[23/5/2022 2:51:45] !citywar go
[23/5/2022 2:51:47] !citywar go
[23/5/2022 2:51:49] !citywar go
[23/5/2022 2:52:0] !citywar go
[23/5/2022 2:52:8] !citywar go
[23/5/2022 2:52:10] !citywar go
[23/5/2022 2:52:12] !citywar go
[23/5/2022 2:52:31] !citywar go
[23/5/2022 2:52:33] !citywar go
[23/5/2022 2:52:35] !citywar go
[23/5/2022 2:52:38] !citywar go
[23/5/2022 2:52:40] !citywar go
[23/5/2022 2:52:42] !citywar go
[23/5/2022 2:52:44] !citywar go
[23/5/2022 2:52:46] !citywar go
[23/5/2022 2:52:48] !citywar go
[23/5/2022 2:52:50] !citywar go
[23/5/2022 2:52:52] !citywar go
[23/5/2022 2:52:54] !citywar go
[23/5/2022 2:53:2] !citywar go
[23/5/2022 2:53:4] !citywar go
[23/5/2022 2:55:12] !citywar go
[23/5/2022 2:55:14] !citywar go
[23/5/2022 2:55:16] !citywar go
[23/5/2022 2:55:18] !citywar go
[23/5/2022 2:56:3] !citywar go
[23/5/2022 2:56:5] !citywar go
[23/5/2022 2:56:7] !citywar go
[23/5/2022 2:56:10] !citywar go
[23/5/2022 2:56:21] !citywar go
[23/5/2022 2:56:23] !citywar go
[23/5/2022 2:56:27] !citywar go
[23/5/2022 2:56:29] !citywar go
[23/5/2022 2:56:31] !citywar go
[23/5/2022 2:56:33] !citywar go
[23/5/2022 2:56:35] !citywar go
[23/5/2022 2:57:32] !citywar go
[23/5/2022 2:57:34] !citywar go
[23/5/2022 2:57:36] !citywar go
[23/5/2022 2:57:38] !citywar go
[23/5/2022 2:57:42] !citywar go
[23/5/2022 2:57:44] !citywar go
[23/5/2022 2:57:46] !citywar go
[23/5/2022 2:57:48] !citywar go
[23/5/2022 2:57:50] !citywar go
[23/5/2022 2:57:52] !citywar go
[23/5/2022 2:57:55] !citywar go
[23/5/2022 2:57:57] !citywar go
[23/5/2022 2:58:1] !citywar go
[23/5/2022 2:58:3] !citywar go
[23/5/2022 2:58:5] !citywar go
[23/5/2022 2:58:7] !citywar go
[23/5/2022 2:58:9] !citywar go
[23/5/2022 2:58:11] !citywar go
[23/5/2022 2:58:13] !citywar go
[23/5/2022 2:58:15] !citywar go
[23/5/2022 2:58:17] !citywar go
[23/5/2022 2:58:20] !citywar go
[23/5/2022 2:58:22] !citywar go
[23/5/2022 2:58:24] !citywar go
[23/5/2022 2:58:26] !citywar go
[23/5/2022 2:58:28] !citywar go
[23/5/2022 2:58:32] !citywar go
[23/5/2022 2:58:34] !citywar go
[23/5/2022 2:58:38] !citywar go
[23/5/2022 2:58:40] !citywar go
[23/5/2022 2:58:42] !citywar go
[23/5/2022 2:58:44] !citywar go
[23/5/2022 2:58:46] !citywar go
[23/5/2022 2:58:48] !citywar go
[23/5/2022 2:58:50] !citywar go
[23/5/2022 2:58:53] !citywar go
[23/5/2022 2:58:55] !citywar go
[23/5/2022 2:58:59] !citywar go
[23/5/2022 2:59:1] !citywar go
[23/5/2022 2:59:3] !citywar go
[23/5/2022 2:59:5] !citywar go
[23/5/2022 2:59:7] !citywar go
[23/5/2022 2:59:9] !citywar go
[23/5/2022 2:59:11] !citywar go
[23/5/2022 2:59:13] !citywar go
[23/5/2022 2:59:15] !citywar go
[23/5/2022 2:59:17] !citywar go
[23/5/2022 2:59:19] !citywar go
[23/5/2022 2:59:21] !citywar go
[23/5/2022 2:59:23] !citywar go
[23/5/2022 2:59:25] !citywar go
[23/5/2022 2:59:28] !citywar go
[23/5/2022 2:59:30] !citywar go
[23/5/2022 2:59:32] !citywar go
[23/5/2022 2:59:34] !citywar go
[23/5/2022 2:59:36] !citywar go
[23/5/2022 2:59:38] !citywar go
[23/5/2022 2:59:40] !citywar go
[23/5/2022 2:59:42] !citywar go
[23/5/2022 2:59:44] !citywar go
[23/5/2022 2:59:46] !citywar go
[23/5/2022 2:59:48] !citywar go
[23/5/2022 2:59:50] !citywar go
[23/5/2022 2:59:52] !citywar go
[23/5/2022 2:59:54] !citywar go
[23/5/2022 2:59:57] !citywar go
[23/5/2022 2:59:59] !citywar go
[23/5/2022 3:0:1] !citywar go
[23/5/2022 3:0:3] !citywar go
[23/5/2022 3:0:5] !citywar go
[23/5/2022 3:0:7] !citywar go
[23/5/2022 3:0:9] !citywar go
[23/5/2022 3:0:11] !citywar go
[23/5/2022 3:0:13] !citywar go
[23/5/2022 3:0:15] !citywar go
[23/5/2022 3:0:19] !citywar go
[23/5/2022 3:0:23] !citywar go
[23/5/2022 3:0:25] !citywar go
[23/5/2022 3:0:27] !citywar go
[23/5/2022 3:0:30] !citywar go
[23/5/2022 3:0:34] !citywar go
[23/5/2022 3:0:36] !citywar go
[23/5/2022 3:0:38] !citywar go
[23/5/2022 3:0:40] !citywar go
[23/5/2022 3:0:42] !citywar go
[23/5/2022 3:0:46] !citywar go
[23/5/2022 3:0:50] !citywar go
[23/5/2022 3:0:52] !citywar go
[23/5/2022 3:0:54] !citywar go
[23/5/2022 3:0:56] !citywar go
[23/5/2022 3:0:58] !citywar go
[23/5/2022 3:1:1] !citywar go
[23/5/2022 3:1:3] !citywar go
[23/5/2022 3:1:7] !citywar go
[23/5/2022 3:1:9] !citywar go
[23/5/2022 3:1:11] !citywar go
[23/5/2022 3:1:13] !citywar go
[23/5/2022 3:1:15] !citywar go
[23/5/2022 3:1:17] !citywar go
[23/5/2022 3:1:19] !citywar go
[23/5/2022 3:1:21] !citywar go
[23/5/2022 3:1:23] !citywar go
[23/5/2022 3:1:25] !citywar go
[23/5/2022 3:1:28] !citywar go
[23/5/2022 3:1:30] !citywar go
[23/5/2022 3:1:32] !citywar go
[23/5/2022 3:1:50] !citywar go
[23/5/2022 3:1:54] !citywar go
[23/5/2022 3:1:56] !citywar go
[23/5/2022 3:2:2] !citywar go
[23/5/2022 3:2:6] !citywar go
[23/5/2022 3:2:8] !citywar go
[23/5/2022 3:2:10] !citywar go
[23/5/2022 3:2:12] !citywar go
[23/5/2022 3:2:14] !citywar go
[23/5/2022 3:2:16] !citywar go
[23/5/2022 3:2:18] !citywar go
[23/5/2022 3:2:20] !citywar go
[23/5/2022 3:2:22] !citywar go
[23/5/2022 3:2:26] !citywar go
[23/5/2022 3:2:28] !citywar go
[23/5/2022 3:2:30] !citywar go
[23/5/2022 3:2:32] !citywar go
[23/5/2022 3:2:34] !citywar go
[23/5/2022 3:2:36] !citywar go
[23/5/2022 3:2:38] !citywar go
[23/5/2022 3:2:40] !citywar go
[23/5/2022 3:2:42] !citywar go
[23/5/2022 3:2:44] !citywar go
[23/5/2022 3:2:47] !citywar go
[23/5/2022 3:2:49] !citywar go
[23/5/2022 3:2:54] !citywar go
[23/5/2022 3:2:56] !citywar go
[23/5/2022 3:2:58] !citywar go
[23/5/2022 3:3:1] !citywar go
[23/5/2022 3:4:39] !citywar go
[23/5/2022 3:4:42] !citywar go
[23/5/2022 3:4:44] !citywar go
[23/5/2022 3:4:46] !citywar go
[23/5/2022 3:5:2] !citywar go
[23/5/2022 3:5:6] !citywar go
[23/5/2022 3:5:8] !citywar go
[23/5/2022 3:5:10] !citywar go
[23/5/2022 3:5:15] !citywar go
[23/5/2022 3:5:21] !citywar go
[23/5/2022 3:5:23] !citywar go
[23/5/2022 3:5:25] !citywar go
[23/5/2022 3:5:27] !citywar go
[23/5/2022 3:5:29] !citywar go
[23/5/2022 3:5:31] !citywar go
[23/5/2022 3:5:33] !citywar go
[23/5/2022 3:5:35] !citywar go
[23/5/2022 3:5:37] !citywar go
[23/5/2022 3:5:39] !citywar go
[23/5/2022 3:5:41] !citywar go
[23/5/2022 3:5:43] !citywar go
[23/5/2022 3:5:45] !citywar go
[23/5/2022 3:5:47] !citywar go
[23/5/2022 3:5:49] !citywar go
[23/5/2022 3:7:40] !citywar go
[23/5/2022 3:7:44] !citywar go
[23/5/2022 3:7:53] !citywar go
[23/5/2022 3:8:32] !citywar go
[23/5/2022 3:9:8] !citywar go
[23/5/2022 3:9:14] !citywar go
[23/5/2022 3:9:18] !citywar go
[23/5/2022 3:9:20] !citywar go
[23/5/2022 3:9:24] !citywar go
[23/5/2022 3:9:26] !citywar go
[23/5/2022 3:9:28] !citywar go
[23/5/2022 3:9:31] !citywar go
[23/5/2022 3:9:33] !citywar go
[23/5/2022 3:9:35] !citywar go
[23/5/2022 3:9:37] !citywar go
[23/5/2022 3:9:39] !citywar go
[23/5/2022 3:9:41] !citywar go
[23/5/2022 3:9:43] !citywar go
[23/5/2022 3:9:47] !citywar go
[23/5/2022 3:9:49] !citywar go
[23/5/2022 3:9:53] !citywar go
[23/5/2022 3:9:55] !citywar go
[23/5/2022 3:9:59] !citywar go
[23/5/2022 3:10:1] !citywar go
[23/5/2022 3:10:4] !citywar go
[23/5/2022 3:10:6] !citywar go
[23/5/2022 3:10:8] !citywar go
[23/5/2022 3:10:10] !citywar go
[23/5/2022 3:10:12] !citywar go
[23/5/2022 3:10:14] !citywar go
[23/5/2022 3:10:16] !citywar go
[23/5/2022 3:10:18] !citywar go
[23/5/2022 3:10:20] !citywar go
[23/5/2022 3:10:22] !citywar go
[23/5/2022 3:10:29] !citywar go
[23/5/2022 3:10:33] !citywar go
[23/5/2022 3:10:35] !citywar go
[23/5/2022 3:10:37] !citywar go
[23/5/2022 3:10:39] !citywar go
[23/5/2022 3:10:41] !citywar go
[23/5/2022 3:10:43] !citywar go
[23/5/2022 3:10:49] !citywar go
[23/5/2022 3:10:51] !citywar go
[23/5/2022 3:10:55] !citywar go
[23/5/2022 3:10:57] !citywar go
[23/5/2022 3:10:59] !citywar go
[23/5/2022 3:11:1] !citywar go
[23/5/2022 3:11:5] !citywar go
[23/5/2022 3:11:10] !citywar go
[23/5/2022 3:11:12] !citywar go
[23/5/2022 3:11:14] !citywar go
[23/5/2022 3:11:16] !citywar go
[23/5/2022 3:11:18] !citywar go
[23/5/2022 3:11:20] !citywar go
[23/5/2022 3:11:24] !citywar go
[23/5/2022 3:11:26] !citywar go
[23/5/2022 3:11:30] !citywar go
[23/5/2022 3:11:32] !citywar go
[23/5/2022 3:11:34] !citywar go
[23/5/2022 3:11:36] !citywar go
[23/5/2022 3:11:38] !citywar go
[23/5/2022 3:11:42] !citywar go
[23/5/2022 3:11:46] !citywar go
[23/5/2022 3:11:48] !citywar go
[23/5/2022 3:11:51] !citywar go
[23/5/2022 3:11:53] !citywar go
[23/5/2022 3:11:57] !citywar go
[23/5/2022 3:11:59] !citywar go
[23/5/2022 3:12:7] !citywar go
[23/5/2022 3:12:9] !citywar go
[23/5/2022 3:12:11] !citywar go
[23/5/2022 3:12:13] !citywar go
[23/5/2022 3:12:15] !citywar go
[23/5/2022 3:14:50] !citywar go
[23/5/2022 3:14:52] !citywar go
[23/5/2022 3:18:48] !citywar go
[23/5/2022 3:18:50] !citywar go
[23/5/2022 3:18:52] !citywar go
[23/5/2022 3:18:54] !citywar go
[23/5/2022 3:18:56] !citywar go
[23/5/2022 3:18:58] !citywar go
[23/5/2022 3:19:0] !citywar go
[23/5/2022 3:19:2] !citywar go
[23/5/2022 3:19:4] !citywar go
[23/5/2022 3:19:6] !citywar go
[23/5/2022 3:19:8] !citywar go
[23/5/2022 3:19:11] !citywar go
[23/5/2022 3:19:13] !citywar go
[23/5/2022 3:19:17] !citywar go
[23/5/2022 3:19:19] !citywar go
[23/5/2022 3:19:21] !citywar go
[23/5/2022 3:19:23] !citywar go
[23/5/2022 3:19:27] !citywar go
[23/5/2022 3:19:29] !citywar go
[23/5/2022 3:19:31] !citywar go
[23/5/2022 3:19:33] !citywar go
[23/5/2022 3:19:35] !citywar go
[23/5/2022 3:19:39] !citywar go
[23/5/2022 3:19:41] !citywar go
[23/5/2022 3:19:47] !citywar go
[23/5/2022 3:19:49] !citywar go
[23/5/2022 3:19:52] !citywar go
[23/5/2022 3:19:54] !citywar go
[23/5/2022 3:19:56] !citywar go
[23/5/2022 3:19:58] !citywar go
[23/5/2022 3:20:0] !citywar go
[23/5/2022 3:20:2] !citywar go
[23/5/2022 3:20:4] !citywar go
[23/5/2022 3:20:6] !citywar go
[23/5/2022 3:20:8] !citywar go
[24/5/2022 0:57:31] !citywar go
[24/5/2022 0:57:36] !citywar go
[24/5/2022 0:57:38] !citywar go
[24/5/2022 0:58:19] !citywar go
[24/5/2022 1:28:11] !citywar go
[24/5/2022 1:28:14] !citywar go
[24/5/2022 1:28:16] !citywar go
[24/5/2022 1:28:18] !citywar go
[24/5/2022 1:28:24] !citywar go
[24/5/2022 1:28:26] !citywar go
[24/5/2022 1:28:28] !citywar go
[24/5/2022 1:28:30] !citywar go
[24/5/2022 1:28:32] !citywar go
[24/5/2022 1:28:34] !citywar go
[24/5/2022 1:28:36] !citywar go
[24/5/2022 1:28:44] !citywar go
[24/5/2022 1:28:46] !citywar go
[24/5/2022 1:28:49] !citywar go
[24/5/2022 1:28:51] !citywar go
[24/5/2022 1:28:53] !citywar go
[24/5/2022 1:28:55] !citywar go
[24/5/2022 1:28:57] !citywar go
[24/5/2022 1:28:59] !citywar go
[24/5/2022 1:29:1] !citywar go
[24/5/2022 1:29:3] !citywar go
[24/5/2022 1:29:6] !citywar go
[24/5/2022 1:29:8] !citywar go
[24/5/2022 1:29:10] !citywar go
[24/5/2022 1:29:12] !citywar go
[24/5/2022 1:29:14] !citywar go
[24/5/2022 1:29:16] !citywar go
[24/5/2022 1:29:18] !citywar go
[24/5/2022 1:29:20] !citywar go
[24/5/2022 1:29:22] !citywar go
[24/5/2022 1:29:24] !citywar go
[24/5/2022 1:29:26] !citywar go
[24/5/2022 1:29:28] !citywar go
[24/5/2022 1:29:30] !citywar go
[24/5/2022 1:29:32] !citywar go
[24/5/2022 1:29:34] !citywar go
[24/5/2022 1:29:36] !citywar go
[24/5/2022 1:29:38] !citywar go
[24/5/2022 1:29:41] !citywar go
[24/5/2022 1:29:43] !citywar go
[24/5/2022 1:29:45] !citywar go
[24/5/2022 1:29:47] !citywar go
[24/5/2022 1:29:49] !citywar go
[24/5/2022 1:29:51] !citywar go
[24/5/2022 1:29:53] !citywar go
[24/5/2022 1:29:55] !citywar go
[24/5/2022 1:29:57] !citywar go
[24/5/2022 1:30:3] !citywar go
[24/5/2022 1:30:5] !citywar go
[24/5/2022 1:30:54] !citywar
[24/5/2022 1:30:55] !citywar go
[24/5/2022 1:30:57] !citywar go
[24/5/2022 1:30:59] !citywar go
[24/5/2022 1:31:1] !citywar go
[24/5/2022 1:31:3] !citywar go
[24/5/2022 1:31:5] !citywar go
[24/5/2022 1:31:7] !citywar go
[24/5/2022 1:31:9] !citywar go
[24/5/2022 1:31:11] !citywar go
[24/5/2022 1:31:13] !citywar go
[24/5/2022 1:31:15] !citywar go
[24/5/2022 1:31:17] !citywar go
[24/5/2022 1:31:19] !citywar go
[24/5/2022 1:31:22] !citywar go
[24/5/2022 1:31:24] !citywar go
[24/5/2022 1:31:26] !citywar go
[24/5/2022 1:31:28] !citywar go
[24/5/2022 1:31:30] !citywar go
[24/5/2022 1:31:32] !citywar go
[24/5/2022 1:31:34] !citywar go
[24/5/2022 1:31:36] !citywar go
[24/5/2022 1:31:38] !citywar go
[24/5/2022 1:31:40] !citywar go
[24/5/2022 1:31:42] !citywar go
[24/5/2022 1:31:44] !citywar go
[24/5/2022 1:31:46] !citywar go
[24/5/2022 1:31:48] !citywar go
[24/5/2022 1:31:50] !citywar go
[24/5/2022 1:31:52] !citywar go
[24/5/2022 1:31:55] !citywar go
[24/5/2022 1:31:57] !citywar go
[24/5/2022 1:31:59] !citywar go
[24/5/2022 1:32:1] !citywar go
[24/5/2022 1:32:3] !citywar go
[24/5/2022 1:32:5] !citywar go
[24/5/2022 1:32:7] !citywar go
[24/5/2022 1:32:9] !citywar go
[24/5/2022 1:32:11] !citywar go
[24/5/2022 1:32:13] !citywar go
[24/5/2022 1:32:15] !citywar go
[24/5/2022 1:32:17] !citywar go
[24/5/2022 1:32:19] !citywar go
[24/5/2022 1:32:21] !citywar go
[24/5/2022 1:32:23] !citywar go
[24/5/2022 1:32:25] !citywar go
[24/5/2022 1:32:27] !citywar go
[24/5/2022 1:32:30] !citywar go
[24/5/2022 1:32:32] !citywar go
[24/5/2022 1:32:34] !citywar go
[24/5/2022 1:32:36] !citywar go
[24/5/2022 1:32:38] !citywar go
[24/5/2022 1:32:40] !citywar go
[24/5/2022 1:32:42] !citywar go
[24/5/2022 1:32:44] !citywar go
[24/5/2022 1:32:46] !citywar go
[24/5/2022 1:32:48] !citywar go
[24/5/2022 1:32:50] !citywar go
[24/5/2022 1:32:57] !citywar go
[24/5/2022 1:33:28] !citywar go
[24/5/2022 1:34:4] !citywar go
[24/5/2022 1:36:58] !citywar go
[24/5/2022 1:36:58] !citywar go
[24/5/2022 1:40:36] !citywar go
[24/5/2022 1:50:11] !citywar go
[24/5/2022 2:0:52] !citywar go
[24/5/2022 2:0:52] !citywar go
[24/5/2022 2:5:5] !citywar go
[24/5/2022 2:5:5] !citywar go
[24/5/2022 2:5:5] !citywar go
[24/5/2022 2:28:27] !citywar go
[24/5/2022 2:28:28] !citywar go
[24/5/2022 2:31:57] !citywar go
[24/5/2022 2:31:57] !citywar go
[24/5/2022 2:31:57] !citywar go
