[17/5/2022 0:25:22] !citywar go
[17/5/2022 0:25:28] !citywar go
[17/5/2022 0:25:30] !citywar go
[17/5/2022 0:40:50] !citywar go
[18/5/2022 2:36:2] !citywar go
[18/5/2022 2:36:6] !citywar go
[18/5/2022 2:36:6] !citywar go
[18/5/2022 2:36:8] !citywar goo]
[18/5/2022 2:36:10] !citywar goo]
[18/5/2022 2:36:12] !citywar goo
[18/5/2022 2:36:25] !citywar go
[18/5/2022 2:37:34] !citywar go
[18/5/2022 2:37:42] !citywar go
[18/5/2022 2:37:43] !citywar go
[18/5/2022 2:37:54] !citywar go
[18/5/2022 2:40:8] !citywar go
[18/5/2022 2:41:21] !citywar go
[18/5/2022 2:41:23] !citywar go
[18/5/2022 2:44:38] !citywar go
[18/5/2022 2:44:39] !citywar go
[18/5/2022 2:44:43] !citywar go
[18/5/2022 2:44:44] !citywar go
[18/5/2022 2:46:3] !citywar go
[18/5/2022 2:47:18] !citywar go
[18/5/2022 2:47:20] !citywar go
[18/5/2022 2:47:23] !citywar go
[18/5/2022 2:47:40] !citywar go
[18/5/2022 2:48:26] !citywar go
[18/5/2022 2:48:57] !citywar go
[18/5/2022 2:49:4] !citywar go
[18/5/2022 3:6:52] !citywar go
[18/5/2022 3:17:55] !citywar go
[18/5/2022 3:18:58] !citywar go
[18/5/2022 3:24:26] !citywar g
[18/5/2022 3:24:28] !citywar go
[18/5/2022 3:24:35] !citywar go
[18/5/2022 3:31:54] !citywar exit
[18/5/2022 3:31:58] !citywar exit
[18/5/2022 3:32:26] !citywar go
[18/5/2022 3:33:7] !citywar go
[18/5/2022 3:36:16] !citywar go
[18/5/2022 3:36:18] !citywar go
[18/5/2022 3:36:20] !citywar go
[18/5/2022 3:36:23] !citywar go
[18/5/2022 3:36:24] !citywar go
[18/5/2022 3:36:25] !citywar go
[18/5/2022 3:36:46] !citywar go
[18/5/2022 3:36:58] !citywar go
[18/5/2022 3:39:6] !citywar go
[18/5/2022 3:41:28] !citywar go
[18/5/2022 3:41:29] !citywar go
[18/5/2022 3:41:30] !citywar go
[18/5/2022 3:41:33] !citywar go
[18/5/2022 3:41:36] !citywar go
[18/5/2022 3:41:52] !citywar exit
[18/5/2022 3:41:59] !citywar exit
[18/5/2022 3:42:6] !citywar exit
[18/5/2022 3:42:7] !citywar exit
[18/5/2022 3:42:10] !citywar go
[18/5/2022 3:42:12] !citywar go
[18/5/2022 3:42:13] !citywar go
[20/5/2022 1:50:42] !citywar go
[23/5/2022 2:13:5] !citywar go
[23/5/2022 2:15:56] !citywar go
[23/5/2022 2:25:5] !citywar go
[23/5/2022 2:25:7] !citywar go
[23/5/2022 2:25:7] !citywar go
[23/5/2022 2:25:10] !citywar go
[23/5/2022 2:25:16] !citywar go
[23/5/2022 2:25:18] !citywar go
[23/5/2022 2:25:20] !citywar go
[23/5/2022 2:25:20] !citywar go
[23/5/2022 2:25:21] !citywar go
[23/5/2022 2:25:22] !citywar go
[23/5/2022 2:26:40] !citywar go
[23/5/2022 2:26:43] !citywar go
[23/5/2022 2:26:44] !citywar go
[23/5/2022 2:26:45] !citywar go
[23/5/2022 2:26:45] !citywar go
[23/5/2022 2:26:46] !citywar go
[23/5/2022 2:26:46] !citywar go
[23/5/2022 2:26:46] !citywar go
[23/5/2022 2:26:47] !citywar go
[23/5/2022 2:26:47] !citywar go
[23/5/2022 2:26:48] !citywar go
[23/5/2022 2:26:48] !citywar go
[23/5/2022 2:26:49] !citywar go
[23/5/2022 2:26:49] !citywar go
[23/5/2022 2:26:51] !citywar go
[23/5/2022 2:26:52] !citywar go
[23/5/2022 2:26:53] !citywar go
[23/5/2022 2:26:54] !citywar go
[23/5/2022 2:26:55] !citywar go
[23/5/2022 2:26:56] !citywar go
[23/5/2022 2:26:57] !citywar go
[23/5/2022 2:26:58] !citywar go
[24/5/2022 2:6:34] !citywar go
[24/5/2022 2:6:36] !citywar go
[24/5/2022 2:6:37] !citywar go
[24/5/2022 2:6:38] !citywar go
[24/5/2022 2:6:38] !citywar go
[24/5/2022 2:6:39] !citywar go
[24/5/2022 2:6:40] !citywar go
[24/5/2022 2:6:43] !citywar go
[24/5/2022 2:6:49] !citywar go
[24/5/2022 2:7:7] !citywar go
[24/5/2022 2:7:9] !citywar go
[24/5/2022 2:7:10] !citywar go
[24/5/2022 2:7:12] !citywar go
[24/5/2022 2:7:13] !citywar go
[24/5/2022 2:7:15] !citywar go
[24/5/2022 2:7:17] !citywar go
[24/5/2022 2:7:18] !citywar go
[24/5/2022 2:7:21] !citywar go
[24/5/2022 2:7:35] !citywar go
[24/5/2022 2:7:39] !citywar go
[24/5/2022 2:7:40] !citywar go
[24/5/2022 2:7:43] !citywar go
[24/5/2022 2:7:45] !citywar go
[24/5/2022 2:7:51] !citywar go
[24/5/2022 2:7:52] !citywar go
[24/5/2022 2:7:55] !citywar go
[24/5/2022 2:7:57] !citywar go
[24/5/2022 2:7:59] !citywar go
[24/5/2022 2:8:0] !citywar go
[24/5/2022 2:8:4] !citywar go
[24/5/2022 2:8:5] !citywar go
[24/5/2022 2:8:7] !citywar go
[24/5/2022 2:8:8] !citywar go
[24/5/2022 2:8:9] !citywar go
[24/5/2022 2:8:10] !citywar go
[24/5/2022 2:8:12] !citywar go
[24/5/2022 2:8:13] !citywar go
[24/5/2022 2:8:15] !citywar go
[24/5/2022 2:8:16] !citywar go
[24/5/2022 2:8:18] !citywar go
[24/5/2022 2:8:21] !citywar go
[24/5/2022 2:8:22] !citywar go
[24/5/2022 2:8:23] !citywar go
[24/5/2022 2:15:35] !citywar go
[24/5/2022 2:15:40] !citywar go
[24/5/2022 2:15:46] !citywar go
[24/5/2022 2:15:50] !citywar go
[24/5/2022 2:15:52] !citywar go
[24/5/2022 2:16:11] !citywar go
[24/5/2022 2:16:39] !citywar go
[24/5/2022 2:16:42] !citywar go
[24/5/2022 2:16:44] !citywar go
[24/5/2022 2:16:45] !citywar go
[24/5/2022 2:16:49] !citywar go
[24/5/2022 2:16:52] !citywar go
[24/5/2022 2:16:54] !citywar go
[24/5/2022 2:16:56] !citywar go
[24/5/2022 2:16:57] !citywar go
[24/5/2022 2:16:58] !citywar go
[24/5/2022 2:16:59] !citywar go
