[11/5/2022 15:1:22] /ghost
[11/5/2022 15:6:38] /goto Receba Amem
[11/5/2022 15:6:51] /i 2160
[11/5/2022 15:6:53] /i 2160
[11/5/2022 15:15:6] /t
[11/5/2022 15:15:24] /goto ogum
[11/5/2022 15:15:46] /goto baguinha kush
[11/5/2022 15:15:52] /goto baguinha kush
[11/5/2022 15:16:0] /goto baguinha kush
[11/5/2022 15:16:11] /goto baguinha kush
[11/5/2022 15:16:13] /goto baguinha kush
[11/5/2022 15:16:14] /goto baguinha kush
[11/5/2022 15:16:15] /goto baguinha kush
[11/5/2022 15:16:29] /goto baguinha kush
[11/5/2022 15:16:30] /goto baguinha kush
[11/5/2022 15:16:30] /goto baguinha kush
[11/5/2022 15:16:31] /goto baguinha kush
[11/5/2022 15:17:7] /goto Bann
[11/5/2022 16:22:17] /mc
[11/5/2022 16:33:26] /goto Rafa Revoltado
[11/5/2022 16:33:54] /i vip boots
[11/5/2022 16:34:44] /i vip elder shield
[11/5/2022 16:34:49] /i vip hat
[11/5/2022 16:34:52] /i vip hat
[11/5/2022 16:35:30] /i vip boots
[11/5/2022 16:56:23] /a
[11/5/2022 16:56:30] /a 10
[11/5/2022 16:58:54] /i 3805
[11/5/2022 16:59:15] /i 8930
[11/5/2022 16:59:46] /r
[11/5/2022 16:59:47] /r
[11/5/2022 16:59:58] /i 3805
[11/5/2022 17:0:26] /r
[11/5/2022 17:0:29] /i 3805
[11/5/2022 17:1:16] /t
[11/5/2022 17:22:11] /t
[11/5/2022 17:22:40] /i skullcker armor
[11/5/2022 17:23:7] /i skullcracker armor
[11/5/2022 17:23:12] /i skullcracker armor
[11/5/2022 17:23:40] /goto Khuythans
[11/5/2022 17:23:58] /i 2160
[11/5/2022 17:24:1] /i 2160
[11/5/2022 17:24:18] /t
[11/5/2022 18:17:12] /goto malbec
[11/5/2022 18:17:18] /r
[11/5/2022 18:17:28] /goto baguinha kush
[11/5/2022 18:17:41] /c malbec
[11/5/2022 18:17:46] /c rush
[11/5/2022 18:19:11] /i 8890
[11/5/2022 18:19:12] /i 8890
[11/5/2022 18:19:13] /i 8890
[11/5/2022 18:19:13] /i 8890
[11/5/2022 18:19:22] /i 8890
[11/5/2022 18:19:22] /i 8890
[11/5/2022 18:19:23] /i 8890
[11/5/2022 18:19:40] /i zaoan legs
[11/5/2022 18:19:44] /i zaoan legs
[11/5/2022 18:19:44] /i zaoan legs
[11/5/2022 18:19:47] /i zaoan legs
[11/5/2022 18:19:53] /t
[11/5/2022 18:35:4] /i 2160
[11/5/2022 18:35:6] /i 2160
[11/5/2022 18:35:6] /i 2160
[11/5/2022 18:35:7] /i 2160
[11/5/2022 18:35:7] /i 2160
[11/5/2022 18:35:8] /i 2160
[11/5/2022 18:35:8] /i 2160
[11/5/2022 18:35:8] /i 2160
[11/5/2022 18:35:9] /i 2160
[11/5/2022 18:35:9] /i 2160
[11/5/2022 18:35:10] /i 2160
[11/5/2022 18:35:22] /i 2160
[11/5/2022 18:35:22] /i 2160
[11/5/2022 18:35:22] /i 2160
[11/5/2022 18:35:23] /i 2160
[12/5/2022 18:56:13] /t
[12/5/2022 18:56:36] /goto Malbec
[12/5/2022 18:57:8] /c Malbec
[12/5/2022 18:57:16] /c Malbec
[12/5/2022 18:57:20] /c Malbec
[12/5/2022 19:1:59] /a
[12/5/2022 19:2:5] /a
[12/5/2022 19:3:14] /a 10
[12/5/2022 19:3:15] /a 10
[12/5/2022 19:3:16] /a 10
[12/5/2022 19:3:16] /a 10
[12/5/2022 19:3:17] /a 10
[12/5/2022 19:3:17] /a 10
[12/5/2022 19:3:18] /a 10
[12/5/2022 19:3:18] /a 10
[12/5/2022 19:3:19] /a 10
[12/5/2022 19:3:21] /a 10
[12/5/2022 19:3:24] /a 10
[12/5/2022 19:3:29] /a 
[12/5/2022 19:3:31] /a 
[12/5/2022 19:3:34] /a 
[12/5/2022 19:3:34] /a 
[12/5/2022 19:3:38] /a 
[12/5/2022 19:5:17] /goto ferumbras
[12/5/2022 19:5:21] /goto ferumbras
[12/5/2022 19:5:39] /t
[12/5/2022 19:12:13] /goto malbec
[12/5/2022 19:13:20] /goto malbec
[12/5/2022 19:13:21] /goto malbec
[12/5/2022 19:13:23] /goto malbec
[12/5/2022 19:13:25] /goto malbec
[12/5/2022 19:15:40] /goto malbec
[12/5/2022 19:17:5] /t malbec
[12/5/2022 19:17:8] /t
[12/5/2022 19:18:26] /ghost
[12/5/2022 19:18:31] /goto malbec
[12/5/2022 19:19:37] /goto malbec
[12/5/2022 19:20:0] /goto malbec
[12/5/2022 19:20:1] /goto malbec
[12/5/2022 19:20:3] /goto malbec
[12/5/2022 19:20:6] /goto malbec
[12/5/2022 19:20:8] /goto malbec
[12/5/2022 19:20:9] /goto malbec
[12/5/2022 19:20:10] /goto malbec
[12/5/2022 19:20:11] /goto malbec
[12/5/2022 19:20:13] /goto malbec
[12/5/2022 19:20:14] /goto malbec
[12/5/2022 19:20:16] /goto malbec
[12/5/2022 19:20:17] /goto malbec
[12/5/2022 19:20:19] /goto malbec
[12/5/2022 19:20:25] /goto malbec
[12/5/2022 19:20:26] /goto malbec
[12/5/2022 19:20:27] /goto malbec
[12/5/2022 19:20:28] /goto malbec
[12/5/2022 19:20:29] /goto malbec
[12/5/2022 19:20:30] /goto malbec
[12/5/2022 19:20:32] /goto malbec
[12/5/2022 19:20:33] /goto malbec
[12/5/2022 19:20:35] /goto malbec
[12/5/2022 19:20:36] /goto malbec
[12/5/2022 19:20:37] /goto malbec
[12/5/2022 19:20:37] /goto malbec
[12/5/2022 19:20:38] /goto malbec
[12/5/2022 19:20:39] /goto malbec
[12/5/2022 19:20:40] /goto malbec
[12/5/2022 19:20:41] /goto malbec
[12/5/2022 19:20:43] /goto malbec
[12/5/2022 19:20:44] /goto malbec
[12/5/2022 19:20:45] /goto malbec
[12/5/2022 19:20:48] /goto malbec
[12/5/2022 19:20:49] /goto malbec
[12/5/2022 19:20:50] /goto malbec
[12/5/2022 19:20:53] /goto malbec
[12/5/2022 19:20:54] /goto malbec
[12/5/2022 19:20:55] /goto malbec
[12/5/2022 19:20:57] /goto malbec
[12/5/2022 19:20:58] /goto malbec
[12/5/2022 19:21:0] /goto malbec
[12/5/2022 19:21:1] /goto malbec
[12/5/2022 19:21:2] /goto malbec
[12/5/2022 19:21:3] /goto malbec
[12/5/2022 19:21:4] /goto malbec
[12/5/2022 19:21:5] /goto malbec
[12/5/2022 19:21:10] /goto malbec
[12/5/2022 19:21:11] /goto malbec
[12/5/2022 19:21:12] /goto malbec
[12/5/2022 19:21:13] /goto malbec
[12/5/2022 19:21:13] /goto malbec
[12/5/2022 19:21:14] /goto malbec
[12/5/2022 19:21:14] /goto malbec
[12/5/2022 19:21:15] /goto malbec
[12/5/2022 19:21:15] /goto malbec
[12/5/2022 19:21:16] /goto malbec
[12/5/2022 19:21:16] /goto malbec
[12/5/2022 19:21:17] /goto malbec
[12/5/2022 19:21:17] /goto malbec
[12/5/2022 19:21:18] /goto malbec
[12/5/2022 19:21:18] /goto malbec
[12/5/2022 19:21:18] /goto malbec
[12/5/2022 19:21:19] /goto malbec
[12/5/2022 19:21:20] /goto malbec
[12/5/2022 19:21:21] /goto malbec
[12/5/2022 19:21:22] /goto malbec
[12/5/2022 19:21:23] /goto malbec
[12/5/2022 19:21:25] /goto malbec
[12/5/2022 19:21:27] /goto malbec
[12/5/2022 19:21:54] /goto Jukaxz
[12/5/2022 19:22:26] /a
[12/5/2022 19:24:3] /goto Necropharus
[12/5/2022 19:24:5] /goto Necropharus
[12/5/2022 19:24:10] /goto Necropharus
[12/5/2022 19:24:18] /goto Necropharus
[12/5/2022 19:25:25] /goto malbec
[12/5/2022 19:26:15] /goto malbec
[12/5/2022 19:26:28] /goto malbec
[12/5/2022 19:26:30] /goto malbec
[12/5/2022 19:26:35] /goto malbec
[12/5/2022 19:28:25] /t
[12/5/2022 19:29:47] /goto ogum
[12/5/2022 19:30:36] /goto malbec
[12/5/2022 19:30:38] /goto malbec
[12/5/2022 19:30:40] /goto malbec
[12/5/2022 19:30:41] /goto malbec
[12/5/2022 19:30:43] /goto malbec
[12/5/2022 19:30:50] /goto malbec
[12/5/2022 19:30:52] /goto malbec
[12/5/2022 19:30:55] /goto malbec
[12/5/2022 19:30:58] /goto malbec
[12/5/2022 19:31:0] /goto malbec
[12/5/2022 19:31:14] /goto malbec
[12/5/2022 19:31:16] /goto malbec
[12/5/2022 19:31:19] /goto malbec
[12/5/2022 19:31:21] /goto malbec
[12/5/2022 19:31:23] /goto malbec
[12/5/2022 19:31:25] /goto malbec
[12/5/2022 19:31:32] /goto malbec
[12/5/2022 19:31:34] /goto malbec
[12/5/2022 19:31:35] /goto malbec
[12/5/2022 19:31:36] /goto malbec
[12/5/2022 19:31:36] /goto malbec
[12/5/2022 19:31:37] /goto malbec
[12/5/2022 19:31:38] /goto malbec
[12/5/2022 19:33:45] /goto malbec
[12/5/2022 19:33:47] /goto malbec
[12/5/2022 19:33:49] /goto malbec
[12/5/2022 19:33:51] /goto malbec
[12/5/2022 19:33:53] /goto malbec
[12/5/2022 19:33:57] /goto malbec
[12/5/2022 19:34:7] /goto malbec
[12/5/2022 19:34:10] /goto malbec
[12/5/2022 19:34:11] /goto malbec
[12/5/2022 19:34:13] /goto malbec
[12/5/2022 19:34:14] /goto malbec
[12/5/2022 19:34:15] /goto malbec
[12/5/2022 19:34:16] /goto malbec
[12/5/2022 19:34:17] /goto malbec
[12/5/2022 19:34:18] /goto malbec
[12/5/2022 19:34:19] /goto malbec
[12/5/2022 19:34:21] /goto malbec
[12/5/2022 19:34:25] /goto malbec
[12/5/2022 19:34:26] /goto malbec
[12/5/2022 19:34:28] /goto malbec
[12/5/2022 19:34:29] /goto malbec
[12/5/2022 19:34:32] /goto malbec
[12/5/2022 19:34:34] /goto malbec
[12/5/2022 19:34:38] /goto malbec
[12/5/2022 19:34:40] /goto malbec
[12/5/2022 19:34:42] /goto malbec
[12/5/2022 19:34:44] /goto malbec
[12/5/2022 19:34:46] /goto malbec
[12/5/2022 19:34:48] /goto malbec
[12/5/2022 19:34:49] /goto malbec
[12/5/2022 19:34:51] /goto malbec
[12/5/2022 19:34:52] /goto malbec
[12/5/2022 19:34:54] /goto malbec
[12/5/2022 19:34:55] /goto malbec
[12/5/2022 19:34:57] /goto malbec
[12/5/2022 19:34:58] /goto malbec
[12/5/2022 19:34:59] /goto malbec
[12/5/2022 19:35:0] /goto malbec
[12/5/2022 19:35:2] /goto malbec
[12/5/2022 19:35:10] /goto malbec
[12/5/2022 19:35:18] /goto malbec
[12/5/2022 19:35:27] /goto malbec
[12/5/2022 19:35:31] /goto malbec
[12/5/2022 19:35:33] /goto malbec
[12/5/2022 19:35:34] /goto malbec
[12/5/2022 19:35:36] /goto malbec
[12/5/2022 19:35:43] /goto malbec
[12/5/2022 19:35:45] /goto malbec
[12/5/2022 19:36:29] /goto malbec
[12/5/2022 19:36:48] /goto malbec
[12/5/2022 20:46:30] /goto Old Kabumm
[12/5/2022 20:46:51] /t
[12/5/2022 20:49:27] /goto Loki De Asgard
[12/5/2022 20:54:51] /r
[12/5/2022 20:54:54] /r
[12/5/2022 20:55:4] /r
[12/5/2022 20:55:7] /r
[12/5/2022 20:55:19] /i 1624
[12/5/2022 21:2:33] /t
[12/5/2022 21:3:14] /i old necklace
[12/5/2022 21:4:14] /goto ferumbras
[13/5/2022 11:40:51] /i 9642
[13/5/2022 11:41:3] /r
[13/5/2022 11:43:52] /i 2160
[13/5/2022 11:44:8] /i 12651
[13/5/2022 12:56:0] /goto Thor De Asgard
[13/5/2022 12:56:14] /t
[13/5/2022 14:11:45] /c Khuythans
[13/5/2022 14:12:13] /r
[13/5/2022 14:13:19] /i koshei's ancient amulet
[13/5/2022 14:13:22] /i koshei's ancient amulet
[13/5/2022 14:13:24] /i koshei's ancient amulet
[13/5/2022 14:13:35] /i divine plate
[13/5/2022 14:13:52] /i zaon legs
[13/5/2022 14:13:58] /i zaoan legs
[13/5/2022 14:14:2] /i zaoan legs
[13/5/2022 14:14:3] /i zaoan legs
[13/5/2022 14:14:6] /i zaoan legs
[13/5/2022 14:14:8] /i zaoan legs
[13/5/2022 14:14:46] /goto Jukaxz
[13/5/2022 14:15:0] /c Khuythans
[13/5/2022 14:15:35] /t
[13/5/2022 16:42:35] /ghost
[13/5/2022 16:44:49] /i vip boots
[13/5/2022 16:44:51] /i vip boots
[13/5/2022 16:44:52] /i vip boots
[13/5/2022 16:44:55] /i vip boots
[13/5/2022 16:44:56] /i vip boots
[13/5/2022 16:45:8] /goto Guera War
[13/5/2022 16:45:47] /t
[13/5/2022 16:46:43] /a BOM JOGO MEUS QUERIDOS! BATER 100 ONLINE VAMOS FAZER UM EVENTO VALENDO UM SHIELD VIP
[13/5/2022 16:46:50] /b BOM JOGO MEUS QUERIDOS! BATER 100 ONLINE VAMOS FAZER UM EVENTO VALENDO UM SHIELD VIP
[13/5/2022 17:1:5] /goto Guera War
[13/5/2022 17:11:37] /c rush
[13/5/2022 17:12:55] /goto rush
[13/5/2022 17:16:34] /t rush
[13/5/2022 17:16:48] /i Xodet
[13/5/2022 17:16:57] /m Xodet
[13/5/2022 17:17:0] /m Xodet
[13/5/2022 17:21:11] /i 12651
[13/5/2022 17:21:44] /goto Uusushushuspirit
[13/5/2022 17:21:54] /goto Uusushushuspirit
[13/5/2022 17:21:59] /goto Uusushushuspirit
[13/5/2022 17:22:26] /ghost
[13/5/2022 17:22:36] /goto Uusushushuspirit
[13/5/2022 17:23:40] /t
[13/5/2022 17:31:0] /ghost
[13/5/2022 17:32:11] /ghost
[13/5/2022 17:36:54] /r
[13/5/2022 17:42:23] /i vip star
[13/5/2022 17:42:36] /r
[13/5/2022 17:42:42] /r
[13/5/2022 17:44:42] /goto Mascara De Zorro
[13/5/2022 17:45:9] /goto Star Bucks
[13/5/2022 17:45:11] /goto Star Bucks
[13/5/2022 17:45:13] /goto Star Bucks
[13/5/2022 17:45:14] /goto Star Bucks
[13/5/2022 17:45:15] /goto Star Bucks
[13/5/2022 17:45:17] /goto Star Bucks
[13/5/2022 17:45:20] /goto Star Bucks
[13/5/2022 17:45:22] /goto Star Bucks
[13/5/2022 17:45:26] /goto Star Bucks
[13/5/2022 17:45:29] /goto Star Bucks
[13/5/2022 17:45:31] /goto Star Bucks
[13/5/2022 17:45:32] /goto Star Bucks
[13/5/2022 17:45:34] /goto Star Bucks
[13/5/2022 17:45:39] /i pick
[13/5/2022 17:45:43] /goto Star Bucks
[13/5/2022 17:45:53] /goto Star Bucks
[13/5/2022 17:45:54] /goto Star Bucks
[13/5/2022 17:45:55] /goto Star Bucks
[13/5/2022 17:45:57] /goto Star Bucks
[13/5/2022 17:45:58] /goto Star Bucks
[13/5/2022 17:45:59] /goto Star Bucks
[13/5/2022 17:46:1] /goto Star Bucks
[13/5/2022 17:46:11] /goto Star Bucks
[13/5/2022 17:46:13] /goto Star Bucks
[13/5/2022 17:46:15] /goto Star Bucks
[13/5/2022 17:46:17] /goto Star Bucks
[13/5/2022 17:46:19] /goto Star Bucks
[13/5/2022 17:46:20] /goto Star Bucks
[13/5/2022 17:46:23] /goto Star Bucks
[13/5/2022 17:46:26] /goto Star Bucks
[13/5/2022 17:46:27] /goto Star Bucks
[13/5/2022 17:46:34] /goto Star Bucks
[13/5/2022 17:46:35] /goto Star Bucks
[13/5/2022 17:46:37] /goto Star Bucks
[13/5/2022 17:46:38] /goto Star Bucks
[13/5/2022 17:46:41] /goto Star Bucks
[13/5/2022 17:46:42] /goto Star Bucks
[13/5/2022 17:46:43] /goto Star Bucks
[13/5/2022 17:46:45] /goto Star Bucks
[13/5/2022 17:46:52] /goto Star Bucks
[13/5/2022 17:46:53] /goto Star Bucks
[13/5/2022 17:46:54] /goto Star Bucks
[13/5/2022 17:46:56] /goto Star Bucks
[13/5/2022 17:46:58] /goto Star Bucks
[13/5/2022 17:46:59] /goto Star Bucks
[13/5/2022 17:47:1] /goto Star Bucks
[13/5/2022 17:47:3] /goto Star Bucks
[13/5/2022 17:47:4] /goto Star Bucks
[13/5/2022 17:47:5] /goto Star Bucks
[13/5/2022 17:47:6] /goto Star Bucks
[13/5/2022 17:47:8] /goto Star Bucks
[13/5/2022 17:47:9] /goto Star Bucks
[13/5/2022 17:47:10] /goto Star Bucks
[13/5/2022 17:47:11] /goto Star Bucks
[13/5/2022 17:47:12] /goto Star Bucks
[13/5/2022 17:47:13] /goto Star Bucks
[13/5/2022 17:47:14] /goto Star Bucks
[13/5/2022 17:47:15] /goto Star Bucks
[13/5/2022 17:47:16] /goto Star Bucks
[13/5/2022 17:47:17] /goto Star Bucks
[13/5/2022 17:47:43] /goto Star Ferrari Black
[13/5/2022 17:47:50] /goto Ferrari Black
[13/5/2022 17:48:21] /t
[13/5/2022 17:49:59] /t svargrond malbec
[13/5/2022 17:50:5] /t svarground malbec
[13/5/2022 17:50:39] /goto malbec
[13/5/2022 17:50:49] /c malbec
[13/5/2022 17:50:54] /c malbec
[13/5/2022 17:50:56] /c malbec
[13/5/2022 17:51:2] /c malbec
[13/5/2022 17:51:5] /c malbec
[13/5/2022 17:51:9] /c malbec
[13/5/2022 18:3:37] /goto morgaroth
[13/5/2022 18:7:25] /t
[13/5/2022 18:7:51] /ghost
[13/5/2022 18:17:3] /goto GoDAntigo
[13/5/2022 18:25:38] /i Raibown shield
[13/5/2022 18:26:13] /i rainbow shield
[13/5/2022 18:28:54] /i mc
[13/5/2022 18:28:59] /mc
[13/5/2022 18:31:49] /ghost
[13/5/2022 19:54:56] /goto Guera War
[13/5/2022 20:40:42] /ghost
[13/5/2022 20:45:2] /i Antiguera Shield
[13/5/2022 21:15:23] /r
[13/5/2022 21:17:15] /i 2393
[13/5/2022 21:19:26] /i 1623
[13/5/2022 21:19:28] /i 1623
[13/5/2022 21:19:31] /i 1623
[13/5/2022 21:19:39] /i 1623
[13/5/2022 21:19:50] /r
[13/5/2022 21:20:1] /i 1623
[13/5/2022 21:20:5] /i 1623
[13/5/2022 21:20:9] /i 1623
[13/5/2022 21:20:12] /i 1623
[13/5/2022 21:20:19] /r
[13/5/2022 21:20:36] /r
[13/5/2022 21:20:39] /r
[13/5/2022 21:20:50] /r
[13/5/2022 21:21:30] /i 1622
[13/5/2022 21:21:33] /i 1622
[13/5/2022 21:21:39] /i 1623
[13/5/2022 21:21:43] /i 1623
[13/5/2022 21:40:39] /ghost
[13/5/2022 23:12:2] /i vip rp shield
[13/5/2022 23:12:36] /t
[14/5/2022 16:17:46] /i vip wand
[14/5/2022 16:32:15] /i antiguera war brooch
[15/5/2022 1:10:13] /i antiguera sorc book
[15/5/2022 1:10:44] /i antiguera druid book
[15/5/2022 1:11:30] /i vip wand
[15/5/2022 1:11:31] /i vip wand
[15/5/2022 1:11:31] /i vip wand
[15/5/2022 1:11:32] /i vip wand
[15/5/2022 1:11:32] /i vip wand
[15/5/2022 1:12:30] /i 1988
[15/5/2022 17:23:44] /i antiguera icer
[15/5/2022 17:27:28] /i antiguera ring
[15/5/2022 21:52:14] /i mage hat
[15/5/2022 21:52:23] /i vip mage hat
[15/5/2022 21:52:41] /i vip hat
[15/5/2022 21:52:46] /i vip hat
[15/5/2022 21:53:24] /i 1988
[15/5/2022 21:53:42] /i vip boots
[15/5/2022 21:53:44] /i vip boots
[15/5/2022 21:53:44] /i vip boots
[15/5/2022 21:53:45] /i vip boots
[15/5/2022 21:53:49] /i vip boots
[15/5/2022 21:53:53] /i vip boots
[15/5/2022 21:53:54] /i vip boots
[15/5/2022 21:54:30] /i vip ek shield
[15/5/2022 21:54:33] /i vip ek shield
[15/5/2022 21:54:39] /i vip ek rp shield
[15/5/2022 21:54:40] /i vip ek rp shield
[15/5/2022 21:54:47] /i vip rp shield
[15/5/2022 21:54:48] /i vip rp shield
[15/5/2022 21:55:18] /i vip star
[15/5/2022 21:56:25] /t
[16/5/2022 1:52:44] /goto malbec
[16/5/2022 1:53:17] /goto malbec
[16/5/2022 1:53:55] /t
[16/5/2022 12:19:22] /goto Thor De Asgard
[16/5/2022 12:30:35] /goto Baguinha Kush
[16/5/2022 12:30:39] /goto Baguinha Kush
[16/5/2022 12:30:40] /goto Baguinha Kush
[16/5/2022 12:30:41] /goto Baguinha Kush
[16/5/2022 12:30:43] /goto Baguinha Kush
[16/5/2022 12:30:47] /goto Thor De Asgard
[16/5/2022 12:35:5] /t
[16/5/2022 12:36:0] /i 2160
[16/5/2022 12:36:2] /i 2160
[16/5/2022 12:36:16] /i 12651
[16/5/2022 12:38:59] /goto Ghaysutahan
[16/5/2022 12:39:43] /i vip axe
[16/5/2022 12:39:46] /i vip axe
[16/5/2022 12:39:55] /i vip sword
[16/5/2022 12:40:0] /i vip ms shield
[16/5/2022 12:40:8] /i vip ed shield
[16/5/2022 12:42:21] /t
[16/5/2022 17:21:17] /i antigeura range amulet
[16/5/2022 17:21:26] /i antiguera range amulet
[16/5/2022 17:36:37] /addskill (Narizinho Da Boba),140
[16/5/2022 17:37:36] /addskill (Narizinho Da Boba),140
[16/5/2022 17:37:40] /addskill (Narizinho Da Boba) 140
[16/5/2022 17:41:43] /addskill (Narizinho Da Boba), level 100
[16/5/2022 17:42:1] /addskill (Narizinho Da Boba), level
[16/5/2022 17:42:11] /addskill (Narizinho Da Boba), level, 100
[16/5/2022 17:42:38] /addskill (Narizinho Da Boba), magic level, 9
[16/5/2022 17:42:46] /addskill Narizinho Da Boba, magic level, 9
[16/5/2022 17:43:7] /addskill Narizinho Da Boba, level, 130
[16/5/2022 17:45:12] /i vip ek shiled
[16/5/2022 17:45:17] /i vip ek shield
[16/5/2022 17:45:25] /i vip ek helmet
[16/5/2022 17:45:35] /i vip escale helemt
[16/5/2022 17:45:39] /i vip escale helmet
[16/5/2022 17:45:44] /i vip ek helmet
[16/5/2022 17:46:2] /i vip scale helmet
[16/5/2022 17:46:9] /i vip axe
[16/5/2022 17:46:14] /i vip boots
[16/5/2022 17:46:42] /i demon armor
[16/5/2022 17:47:3] /i zaoan legs
[16/5/2022 17:47:11] /i zaoan armor
[16/5/2022 17:47:30] /i 7532
[16/5/2022 17:47:59] /i antigeura war brooch
[16/5/2022 17:48:3] /i antigeura war broch
[16/5/2022 17:48:8] /i antiguera war broch
[16/5/2022 17:48:14] /i antiguera war brooch
[16/5/2022 17:48:17] /i antiguera war brooch
[16/5/2022 17:48:35] /i goto
[16/5/2022 17:48:43] /goto Narizinho Da Boba
[16/5/2022 17:48:54] /i 2160
[16/5/2022 17:48:58] /i 2160
[16/5/2022 17:49:0] /i 2160
[16/5/2022 17:49:0] /i 2160
[16/5/2022 17:49:1] /i 2160
[16/5/2022 17:49:1] /i 2160
[16/5/2022 17:49:11] /goto Narizinho Da Boba
[16/5/2022 17:51:59] /i antiguera war brooch
[16/5/2022 17:53:19] /goto ferumbras
[16/5/2022 17:56:1] /t Pablim
[16/5/2022 17:57:36] /addskill pablim, level, 50
[16/5/2022 18:4:20] /i Queen's Sceptre 
[16/5/2022 18:48:15] /t
[16/5/2022 18:55:43] /i demon armor
[16/5/2022 18:55:58] /goto Khuythans
[16/5/2022 19:8:14] /t
[16/5/2022 19:12:15] /goto Itzmovicky
[16/5/2022 19:12:23] /goto Itzmovicky
[16/5/2022 19:12:25] /goto Itzmovicky
[16/5/2022 19:12:26] /goto Itzmovicky
[16/5/2022 19:12:27] /goto Itzmovicky
[16/5/2022 19:12:29] /goto Itzmovicky
[16/5/2022 19:12:30] /goto Itzmovicky
[16/5/2022 19:12:32] /goto Itzmovicky
[16/5/2022 19:12:33] /goto Itzmovicky
[16/5/2022 19:12:59] /goto Itzmovicky
[16/5/2022 19:13:13] /m
[16/5/2022 19:13:18] /m dragon lord
[16/5/2022 19:13:23] /m dragon lord
[16/5/2022 19:13:24] /m dragon lord
[16/5/2022 19:13:25] /m dragon lord
[16/5/2022 19:13:26] /m dragon lord
[16/5/2022 19:13:26] /m dragon lord
[16/5/2022 19:13:27] /m dragon lord
[16/5/2022 19:13:27] /m dragon lord
[16/5/2022 19:13:27] /m dragon lord
[16/5/2022 19:13:28] /m dragon lord
[16/5/2022 19:13:28] /m dragon lord
[16/5/2022 19:13:29] /m dragon lord
[16/5/2022 19:13:29] /m dragon lord
[16/5/2022 19:13:29] /m dragon lord
[16/5/2022 19:13:30] /m dragon lord
[16/5/2022 19:13:30] /m dragon lord
[16/5/2022 19:13:30] /m dragon lord
[16/5/2022 19:13:31] /m dragon lord
[16/5/2022 19:13:31] /m dragon lord
[16/5/2022 19:13:32] /m dragon lord
[16/5/2022 19:13:32] /m dragon lord
[16/5/2022 19:13:33] /m dragon lord
[16/5/2022 19:13:33] /m dragon lord
[16/5/2022 19:13:35] /m dragon lord
[16/5/2022 19:13:35] /m dragon lord
[16/5/2022 19:13:36] /m dragon lord
[16/5/2022 19:13:36] /m dragon lord
[16/5/2022 19:13:36] /m dragon lord
[16/5/2022 19:13:37] /m dragon lord
[16/5/2022 19:13:37] /m dragon lord
[16/5/2022 19:13:38] /m dragon lord
[16/5/2022 19:14:6] /t
[16/5/2022 19:55:13] /i might ring
[16/5/2022 19:55:29] /i stone skin amulet
[16/5/2022 19:56:10] /i 7896
[16/5/2022 19:56:12] /i 7896
[16/5/2022 19:56:12] /i 7896
[16/5/2022 19:56:14] /i 7896
[16/5/2022 19:56:15] /i 7896
[16/5/2022 19:56:16] /i 7896
[16/5/2022 19:56:17] /i 7896
[16/5/2022 19:56:17] /i 7896
[16/5/2022 19:56:18] /i 7896
[16/5/2022 19:56:18] /i 7896
[16/5/2022 19:56:20] /i 7896
[16/5/2022 19:56:24] /i 7896
[16/5/2022 19:56:24] /i 7896
[16/5/2022 19:56:39] /i backpack
[16/5/2022 21:14:13] /t Ghaysutahan
[17/5/2022 19:19:56] /i vip wand
[17/5/2022 19:21:26] /addskill Juma Marua, level 90
[17/5/2022 19:21:32] /addskill Juma Marua, level, 90
[17/5/2022 19:21:41] /addskill Juma Marua, level 90
[17/5/2022 19:22:21] /addskill Juma Marrua, level 90
[17/5/2022 19:22:34] /addskill Juma Marrua, 90
[17/5/2022 19:22:39] /addskill Juma Marrua, lvl 90
[17/5/2022 19:22:54] /addskill Juma Marrua, lvl, 90
[17/5/2022 19:23:36] /addskill Juma Marrua, magic level, 50
[17/5/2022 21:18:3] /goto Out All
[17/5/2022 21:18:37] /t
[18/5/2022 15:53:2] /addskill (Ghaysutahan), level, 8
[18/5/2022 15:53:8] /addskill Ghaysutahan, level, 8
[18/5/2022 15:54:0] /addskill Ghaysutahan, magic level, 2
[19/5/2022 0:48:17] /i antiguera war brooch
[19/5/2022 0:48:29] /i antiguera shield
[19/5/2022 17:9:38] /goto GoDAntigo
[19/5/2022 17:10:14] /i mage hat
[19/5/2022 17:10:16] /i mage hat
[19/5/2022 17:10:16] /i mage hat
[19/5/2022 17:10:17] /i mage hat
[19/5/2022 17:10:17] /i mage hat
[19/5/2022 17:10:18] /i mage hat
[19/5/2022 17:10:19] /i mage hat
[19/5/2022 17:10:19] /i mage hat
[19/5/2022 17:10:19] /i mage hat
[19/5/2022 17:10:20] /i mage hat
[19/5/2022 17:10:20] /i mage hat
[19/5/2022 17:10:21] /i mage hat
[19/5/2022 17:10:21] /i mage hat
[19/5/2022 17:10:21] /i mage hat
[19/5/2022 17:10:22] /i mage hat
[19/5/2022 17:10:22] /i mage hat
[19/5/2022 17:10:22] /i mage hat
[19/5/2022 17:10:23] /i mage hat
[19/5/2022 17:10:23] /i mage hat
[19/5/2022 17:10:24] /i mage hat
[19/5/2022 17:10:24] /i mage hat
[19/5/2022 17:10:24] /i mage hat
[19/5/2022 17:10:25] /i mage hat
[19/5/2022 17:10:25] /i mage hat
[19/5/2022 17:10:25] /i mage hat
[19/5/2022 17:10:26] /i mage hat
[19/5/2022 17:10:26] /i mage hat
[19/5/2022 17:10:27] /i mage hat
[19/5/2022 17:10:27] /i mage hat
[19/5/2022 17:10:27] /i mage hat
[19/5/2022 17:10:28] /i mage hat
[19/5/2022 17:10:28] /i mage hat
[19/5/2022 17:10:29] /i mage hat
[19/5/2022 17:10:33] /i mage hat
[19/5/2022 17:10:34] /i mage hat
[19/5/2022 17:10:35] /i mage hat
[19/5/2022 17:10:37] /i mage hat
[19/5/2022 17:10:38] /i mage hat
[19/5/2022 17:10:38] /i mage hat
[19/5/2022 17:10:39] /i mage hat
[19/5/2022 17:10:39] /i mage hat
[19/5/2022 17:10:40] /i mage hat
[19/5/2022 17:10:42] /i mage hat
[19/5/2022 17:10:43] /i mage hat
[19/5/2022 17:10:43] /i mage hat
[19/5/2022 17:10:44] /i mage hat
[19/5/2022 17:10:44] /i mage hat
[19/5/2022 17:10:45] /i mage hat
[19/5/2022 17:10:45] /i mage hat
[19/5/2022 17:10:46] /i mage hat
[19/5/2022 17:10:50] /i mage hat
[19/5/2022 17:10:51] /i mage hat
[19/5/2022 17:10:51] /i mage hat
[19/5/2022 17:10:52] /i mage hat
[19/5/2022 17:10:52] /i mage hat
[19/5/2022 17:10:53] /i mage hat
[19/5/2022 17:10:53] /i mage hat
[19/5/2022 17:10:55] /goto GoDAntigo
[19/5/2022 17:10:55] /goto GoDAntigo
[19/5/2022 17:10:57] /goto GoDAntigo
[19/5/2022 17:11:0] /goto GoDAntigo
[19/5/2022 17:11:7] /goto GoDAntigo
[19/5/2022 17:12:32] /i mage hat
[19/5/2022 17:12:33] /i mage hat
[19/5/2022 17:12:33] /i mage hat
[19/5/2022 17:12:47] /i mage hat
[19/5/2022 17:12:47] /i mage hat
[19/5/2022 17:12:48] /i mage hat
[19/5/2022 17:12:48] /i mage hat
[19/5/2022 17:12:49] /i mage hat
[19/5/2022 17:12:49] /i mage hat
[19/5/2022 17:12:50] /i mage hat
[19/5/2022 17:12:50] /i mage hat
[19/5/2022 17:12:51] /i mage hat
[19/5/2022 17:12:51] /i mage hat
[19/5/2022 17:12:54] /i mage hat
[19/5/2022 17:12:57] /i mage hat
[19/5/2022 17:12:58] /i mage hat
[19/5/2022 17:12:58] /i mage hat
[19/5/2022 17:12:59] /i mage hat
[19/5/2022 17:12:59] /i mage hat
[19/5/2022 17:12:59] /i mage hat
[19/5/2022 17:13:0] /i mage hat
[19/5/2022 17:13:0] /i mage hat
[19/5/2022 17:13:0] /i mage hat
[19/5/2022 17:13:1] /i mage hat
[19/5/2022 17:13:1] /i mage hat
[19/5/2022 17:13:2] /i mage hat
[19/5/2022 17:13:2] /i mage hat
[19/5/2022 17:13:2] /i mage hat
[19/5/2022 17:13:3] /i mage hat
[19/5/2022 17:13:3] /i mage hat
[19/5/2022 17:13:3] /i mage hat
[19/5/2022 17:13:4] /i mage hat
[19/5/2022 17:13:4] /i mage hat
[19/5/2022 17:13:5] /i mage hat
[19/5/2022 17:13:5] /i mage hat
[19/5/2022 17:13:5] /i mage hat
[19/5/2022 17:13:6] /i mage hat
[19/5/2022 17:13:6] /i mage hat
[19/5/2022 17:13:7] /i mage hat
[19/5/2022 17:13:7] /i mage hat
[19/5/2022 17:13:7] /i mage hat
[19/5/2022 17:13:45] /i mage hat
[19/5/2022 17:13:46] /i mage hat
[19/5/2022 17:13:46] /i mage hat
[19/5/2022 17:13:47] /i mage hat
[19/5/2022 17:13:47] /i mage hat
[19/5/2022 17:13:47] /i mage hat
[19/5/2022 17:13:48] /i mage hat
[19/5/2022 17:13:48] /i mage hat
[19/5/2022 17:13:48] /i mage hat
[19/5/2022 17:13:49] /i mage hat
[19/5/2022 17:13:49] /i mage hat
[19/5/2022 17:13:49] /i mage hat
[19/5/2022 17:13:50] /i mage hat
[19/5/2022 17:13:50] /i mage hat
[19/5/2022 17:13:51] /i mage hat
[19/5/2022 17:13:51] /i mage hat
[19/5/2022 17:13:51] /i mage hat
[19/5/2022 17:13:52] /i mage hat
[19/5/2022 17:13:52] /i mage hat
[19/5/2022 17:13:53] /i mage hat
[19/5/2022 17:13:53] /i mage hat
[19/5/2022 17:13:53] /i mage hat
[19/5/2022 17:13:54] /i mage hat
[19/5/2022 17:13:54] /i mage hat
[19/5/2022 17:14:0] /i mage hat
[19/5/2022 17:14:0] /i mage hat
[19/5/2022 17:14:1] /i mage hat
[19/5/2022 17:14:2] /i mage hat
[19/5/2022 17:14:3] /i mage hat
[19/5/2022 17:14:4] /i mage hat
[19/5/2022 17:14:4] /i mage hat
[19/5/2022 17:14:5] /i mage hat
[19/5/2022 17:14:5] /i mage hat
[19/5/2022 17:14:5] /i mage hat
[19/5/2022 17:14:6] /i mage hat
[19/5/2022 17:14:6] /i mage hat
[19/5/2022 17:14:6] /i mage hat
[19/5/2022 17:14:7] /i mage hat
[19/5/2022 17:14:8] /i mage hat
[19/5/2022 17:14:8] /i mage hat
[19/5/2022 17:14:9] /i mage hat
[19/5/2022 17:14:9] /i mage hat
[19/5/2022 17:14:9] /i mage hat
[19/5/2022 17:14:10] /i mage hat
[19/5/2022 17:14:10] /i mage hat
[19/5/2022 17:14:11] /i mage hat
[19/5/2022 17:14:11] /i mage hat
[19/5/2022 17:14:14] /i mage hat
[19/5/2022 17:14:15] /i mage hat
[19/5/2022 17:14:27] /i mage hat
[19/5/2022 17:14:28] /i mage hat
[19/5/2022 17:14:28] /i mage hat
[19/5/2022 17:14:29] /i mage hat
[19/5/2022 17:14:30] /i mage hat
[19/5/2022 17:14:31] /i mage hat
[19/5/2022 17:14:31] /i mage hat
[19/5/2022 17:14:32] /i mage hat
[19/5/2022 17:14:33] /i mage hat
[19/5/2022 17:14:33] /i mage hat
[19/5/2022 17:14:35] /i mage hat
[19/5/2022 17:14:35] /i mage hat
[19/5/2022 17:14:37] /i mage hat
[19/5/2022 17:14:37] /i mage hat
[19/5/2022 17:14:38] /i mage hat
[19/5/2022 17:14:38] /i mage hat
[19/5/2022 17:14:38] /i mage hat
[19/5/2022 17:14:39] /i mage hat
[19/5/2022 17:14:39] /i mage hat
[19/5/2022 17:14:39] /i mage hat
[19/5/2022 17:14:40] /i mage hat
[19/5/2022 17:14:40] /i mage hat
[19/5/2022 17:14:41] /i mage hat
[19/5/2022 17:14:41] /i mage hat
[19/5/2022 17:14:42] /i mage hat
[19/5/2022 17:22:56] /i backpack
[19/5/2022 17:22:58] /i backpack
[19/5/2022 17:24:5] /i 2160
[19/5/2022 17:24:9] /i 2160
[19/5/2022 17:24:14] /i 2160
[19/5/2022 19:49:39] /goto Matteus
[19/5/2022 19:50:44] /goto Matteus
[19/5/2022 19:50:49] /goto Matteus
[19/5/2022 19:53:2] /goto Matteus
[19/5/2022 19:53:6] /goto Matteus
[19/5/2022 19:53:16] /goto Matteus
[19/5/2022 19:53:18] /goto Matteus
[19/5/2022 19:53:23] /goto Matteus
[19/5/2022 19:53:26] /goto Matteus
[19/5/2022 19:53:31] /goto Matteus
[19/5/2022 19:53:33] /goto Matteus
[19/5/2022 19:53:35] /goto Matteus
[19/5/2022 19:53:37] /goto Matteus
[19/5/2022 19:53:40] /goto Matteus
[19/5/2022 19:53:44] /goto Matteus
[19/5/2022 19:53:49] /goto Matteus
[19/5/2022 19:53:53] /goto Matteus
[19/5/2022 19:53:56] /goto Matteus
[19/5/2022 19:53:58] /goto Matteus
[19/5/2022 19:54:0] /goto Matteus
[19/5/2022 19:54:1] /goto Matteus
[19/5/2022 19:54:6] /goto Matteus
[19/5/2022 19:54:9] /goto Matteus
[19/5/2022 19:54:12] /goto Matteus
[19/5/2022 19:54:14] /goto Matteus
[19/5/2022 19:54:21] /goto Matteus
[19/5/2022 19:54:33] /goto Matteus
[19/5/2022 19:54:41] /goto Matteus
[19/5/2022 19:54:44] /goto Matteus
[19/5/2022 19:54:45] /goto Matteus
[19/5/2022 19:54:47] /goto Matteus
[19/5/2022 19:55:31] /t
[19/5/2022 19:55:36] /t Thg Oldtimes
[19/5/2022 19:55:45] /t Thg Oldtimes
[19/5/2022 19:55:58] /c Thg Oldtimes
[19/5/2022 20:20:1] /goto Necropharus
[19/5/2022 20:24:48] /t
[19/5/2022 20:29:57] /i stamian doll
[19/5/2022 20:30:34] /i stamina doll
[19/5/2022 20:30:43] /i stamina doll
[19/5/2022 20:31:22] /i stamina doll
[19/5/2022 20:39:23] /goto respect mrk
[19/5/2022 20:39:33] /goto respect mrk
[19/5/2022 20:39:35] /i stamina doll
[19/5/2022 20:39:50] /i stamina doll
[19/5/2022 20:39:53] /i stamina doll
[19/5/2022 21:53:33] /goto Pizzaiolo Mage
[19/5/2022 21:55:21] /i blue legs
[20/5/2022 0:31:7] /i antiguera shield
[20/5/2022 0:31:9] /i antiguera shield
[20/5/2022 0:31:9] /i antiguera shield
[20/5/2022 0:31:10] /i antiguera shield
[20/5/2022 0:31:11] /i antiguera shield
[20/5/2022 0:31:12] /i antiguera shield
[20/5/2022 0:31:13] /i antiguera shield
[20/5/2022 0:31:13] /i antiguera shield
[20/5/2022 0:31:14] /i antiguera shield
[20/5/2022 0:31:14] /i antiguera shield
[20/5/2022 0:31:14] /i antiguera shield
[20/5/2022 0:31:15] /i antiguera shield
[20/5/2022 0:32:6] /t
[20/5/2022 0:34:17] /i antigeura skull
[20/5/2022 0:34:19] /i antigeura skul
[20/5/2022 0:34:32] /i antiguera skull
[20/5/2022 0:34:37] /i antiguera skull
[20/5/2022 0:34:58] /i backpack
[20/5/2022 0:54:41] /i koshei's ancient amulet
[20/5/2022 0:54:43] /i koshei's ancient amulet
[20/5/2022 14:14:49] /i stamina doll
[20/5/2022 20:19:38] /i vip wand
[20/5/2022 20:25:14] /r
[20/5/2022 20:27:49] /goto juma marua
[20/5/2022 20:27:53] /goto juma marrua
[20/5/2022 20:27:57] /r
[20/5/2022 22:24:0] /goto GoDAntigo
[20/5/2022 22:24:8] /goto GoDAntigo
[20/5/2022 22:24:44] /mc
[20/5/2022 23:20:10] /t
[20/5/2022 23:21:56] /goto thg oldtimes
[20/5/2022 23:52:37] /t
[21/5/2022 13:57:2] /goto malbec
[21/5/2022 13:57:40] /i rope
[21/5/2022 13:59:57] /t
[21/5/2022 14:13:16] /i 2160
[22/5/2022 17:2:18] /i 12652
[22/5/2022 17:4:4] /i 12652
[23/5/2022 16:45:19] /addskill Ghaysutahan , level 6
[23/5/2022 16:45:36] /addskill Ghaysutahan , level, 6
[23/5/2022 16:50:15] /addskill Respect Mrk , level, 6
[23/5/2022 17:12:21] /goto Thor De Asgard
[23/5/2022 17:23:58] /t Ghaysutahan
[23/5/2022 17:26:50] /t
[23/5/2022 17:34:53] /i antguera amulet
[23/5/2022 17:35:0] /i antiguera amulet
[23/5/2022 17:35:28] /i antiguera amulet
[23/5/2022 17:35:33] /i antiguera amulet
[23/5/2022 17:35:50] /i antigera amulet
[23/5/2022 17:35:59] /i antiguera amulet
[23/5/2022 17:36:38] /i antiguera fishing
[23/5/2022 17:41:32] /i demon legs
[23/5/2022 17:43:49] /i Yalahari Leg Piece
[23/5/2022 17:44:21] /goto Ghaysutahan
[23/5/2022 17:47:56] /t
[23/5/2022 17:48:20] /goto massacre
[23/5/2022 17:48:42] /i vip star
[23/5/2022 17:52:36] /t
[23/5/2022 17:53:10] /i antiguera cap backpack
[23/5/2022 17:53:24] /goto rafa revoltado
[23/5/2022 17:54:33] /t
[23/5/2022 17:57:21] /goto ferumbras
[23/5/2022 17:57:27] /goto infernalist
[23/5/2022 17:57:54] /goto rush
[23/5/2022 18:1:56] /goto rush
[23/5/2022 18:1:59] /goto rush
[23/5/2022 18:2:6] /goto rush
[23/5/2022 18:2:7] /goto rush
[23/5/2022 18:2:15] /goto rush
[23/5/2022 18:2:18] /goto rush
[23/5/2022 18:3:9] /i antiguera cap backpack
[23/5/2022 18:3:10] /i antiguera cap backpack
[23/5/2022 18:4:40] /goto serpent spawn
[23/5/2022 18:5:6] /t
[23/5/2022 18:5:37] /t shovel
[23/5/2022 18:5:41] /i shovel
[23/5/2022 18:12:10] /goto rush
[23/5/2022 18:12:15] /i stamina refil
[23/5/2022 18:12:34] /i stamian doll
[23/5/2022 18:12:46] /i stamina doll
[23/5/2022 18:12:50] /goto rush
[23/5/2022 18:14:39] /goto rush
[23/5/2022 18:14:40] /goto rush
[23/5/2022 18:14:41] /goto rush
[23/5/2022 18:14:44] /goto rush
[23/5/2022 18:14:45] /goto rush
[23/5/2022 18:14:49] /goto rush
[23/5/2022 18:14:50] /goto rush
[23/5/2022 18:14:53] /goto rush
[23/5/2022 18:14:54] /goto rush
[23/5/2022 18:14:55] /goto rush
[23/5/2022 18:14:55] /goto rush
[23/5/2022 18:14:56] /goto rush
[23/5/2022 18:14:57] /goto rush
[23/5/2022 18:14:57] /goto rush
[23/5/2022 18:14:58] /goto rush
[23/5/2022 18:14:59] /goto rush
[23/5/2022 18:15:0] /goto rush
[23/5/2022 18:15:1] /goto rush
[23/5/2022 18:15:2] /goto rush
[23/5/2022 18:15:3] /goto rush
[23/5/2022 18:15:42] /goto rush
[23/5/2022 18:15:59] /t
[23/5/2022 18:28:35] /i energy ring
[23/5/2022 18:28:47] /goto juma marrua
[23/5/2022 18:28:53] /i energy ring
[23/5/2022 18:28:59] /i energy ring
[23/5/2022 18:29:0] /i energy ring
[23/5/2022 18:37:15] /goto respect mrk
[23/5/2022 18:42:39] /i pick
[23/5/2022 18:42:44] /i shovel
[23/5/2022 18:43:36] /i rope
[23/5/2022 19:13:0] /i dwarven legs
[23/5/2022 19:13:9] /i dwarven armor
[23/5/2022 19:14:14] /i vip boots
[23/5/2022 19:14:19] /i golden boots
[23/5/2022 19:14:32] /i dragon scale legs
[23/5/2022 19:14:46] /i blessed shield
[23/5/2022 19:35:13] /t
[23/5/2022 19:37:0] /t Ghaysutahan
[23/5/2022 19:43:46] /t Respect Mrk
[23/5/2022 20:34:34] /i antiguera range amulet
[23/5/2022 20:34:39] /i antiguera range amulet
[23/5/2022 20:40:35] /goto Ghaysutahan
[23/5/2022 20:41:2] /t
[23/5/2022 20:59:43] /goto GoDAntigo
[23/5/2022 21:4:51] /goto Loki De Asgard
[23/5/2022 22:15:18] /t Respect Mrk
[23/5/2022 22:18:47] /t
[23/5/2022 22:18:56] /i antiguera cap backpack
[23/5/2022 22:19:5] /i antiguera cap backpack
[23/5/2022 22:19:8] /i antiguera cap backpack
[23/5/2022 22:32:5] /goto Lord Kycas
[23/5/2022 22:33:0] /goto rush
[23/5/2022 22:33:13] /goto filho do rush
[23/5/2022 22:33:30] /goto agressor da moda
[23/5/2022 22:33:35] /goto agressor da moda
[23/5/2022 22:34:56] /goto Thor De Asgard
[23/5/2022 22:37:0] /goto Linguisao
[23/5/2022 22:37:9] /goto Linguisao
[23/5/2022 22:37:11] /goto Linguisao
[23/5/2022 22:37:35] /goto Linguisao
[23/5/2022 22:38:13] /goto Linguisao
[23/5/2022 22:38:14] /goto Linguisao
[23/5/2022 22:38:16] /goto Linguisao
[23/5/2022 22:38:17] /goto Linguisao
[23/5/2022 22:40:11] /goto GoDAntigo
[23/5/2022 22:46:39] /goto Linguisao
[23/5/2022 22:46:43] /goto Linguisao
[23/5/2022 22:46:46] /goto Linguisao
[23/5/2022 23:35:47] /t
[24/5/2022 0:4:10] /b VAMOS DAR UM SS RAPIDO DAQUI 2 MINUTOS PARA CORREÇÃO DE ALGUNS BUGS E TAMBEM DO ANT ENTROSA!
[24/5/2022 0:5:12] /b VAMOS DAR UM SS RAPIDO DAQUI 1 MINUTO PARA CORREÇÃO DE ALGUNS BUGS E TAMBEM DO ANT ENTROSA!
[24/5/2022 0:37:30] /i robe of the underworld
[24/5/2022 0:37:35] /i robe of the underworld
[24/5/2022 0:37:43] /i robe of the underworld
[24/5/2022 0:38:50] /i koshei's ancient amulet
[24/5/2022 0:38:51] /i koshei's ancient amulet
[24/5/2022 0:38:52] /i koshei's ancient amulet
[24/5/2022 0:38:52] /i koshei's ancient amulet
[24/5/2022 0:38:56] /i koshei's ancient amulet
[24/5/2022 0:39:0] /t
[24/5/2022 2:59:54] /t
[24/5/2022 13:16:44] /goto macumbeiro
[24/5/2022 13:17:22] /c Ghaysutahan
[24/5/2022 13:21:38] /t
[24/5/2022 13:25:1] /goto Thor De Asgard
[24/5/2022 19:57:47] /goto [GOD] Magnata
[24/5/2022 19:58:2] /goto GoDAntigo
[24/5/2022 20:1:14] /goto rush
[24/5/2022 20:1:29] /m dragon lord
[24/5/2022 20:1:30] /m dragon lord
[24/5/2022 20:1:32] /m dragon lord
[24/5/2022 20:1:33] /m dragon lord
[24/5/2022 20:1:33] /m dragon lord
[24/5/2022 20:1:34] /m dragon lord
[24/5/2022 20:1:34] /m dragon lord
[24/5/2022 20:1:35] /m dragon lord
[24/5/2022 20:1:35] /m dragon lord
[24/5/2022 20:1:38] /m dragon lord
[24/5/2022 20:1:46] /m dragon lord
[24/5/2022 20:1:48] /m dragon lord
[24/5/2022 20:1:50] /m dragon lord
[24/5/2022 20:1:51] /m dragon lord
[24/5/2022 20:1:51] /m dragon lord
[24/5/2022 20:1:52] /m dragon lord
[24/5/2022 20:1:52] /m dragon lord
[24/5/2022 20:1:53] /m dragon lord
[24/5/2022 20:1:53] /m dragon lord
[24/5/2022 20:1:53] /m dragon lord
[24/5/2022 20:1:54] /m dragon lord
[24/5/2022 20:1:54] /m dragon lord
[24/5/2022 20:1:55] /m dragon lord
[24/5/2022 20:2:3] /t
[24/5/2022 20:9:8] /i antiguera cap backpack
[24/5/2022 20:9:14] /goto juma marrua
[24/5/2022 20:22:20] /t
[24/5/2022 20:22:37] /i golden helmet
[24/5/2022 22:43:19] /goto Przepiekny Druid
[24/5/2022 22:55:14] /goto Przepiekny Druid
[24/5/2022 22:56:39] /i vip hat
[24/5/2022 22:57:4] /i vip ed shield
[24/5/2022 22:57:9] /i vip boots
[24/5/2022 22:57:58] /i vip wand
[24/5/2022 22:58:13] /i antiguera cap backpack
[24/5/2022 22:58:31] /i 2160
[24/5/2022 22:58:34] /i 2160
[24/5/2022 22:58:36] /i 2160
[24/5/2022 22:58:41] /i 2160
[24/5/2022 22:58:42] /i 2160
[24/5/2022 22:58:51] /goto Przepiekny Druid
[24/5/2022 23:0:17] /addskill Przepiekny Druid, level, 80
[24/5/2022 23:0:52] /addskill Przepiekny Druid, magic level, 60
[24/5/2022 23:1:57] /t
