[14/5/2022 1:8:25] !citywar go
[15/5/2022 23:45:50] /citywar go
[16/5/2022 0:12:48] /citywar go
[19/5/2022 1:1:10] !citywar go
[20/5/2022 1:33:19] !citywar go
[20/5/2022 1:47:33] !citywar go
[20/5/2022 1:58:20] !citywar go
[20/5/2022 2:8:10] !citywar go
[23/5/2022 0:48:36] !citywar g
[23/5/2022 0:48:38] !citywar go
[23/5/2022 0:48:45] !citywar go
[23/5/2022 0:51:35] !citywar go
[23/5/2022 1:19:29] !citywar go
[23/5/2022 1:46:3] !citywar exit
[23/5/2022 1:46:8] !citywar exit
[23/5/2022 1:46:14] !citywar exit
[23/5/2022 1:46:20] !citywar exit
[24/5/2022 1:9:50] !citywar go
[24/5/2022 1:29:30] !citywar gio
[24/5/2022 1:29:31] !citywar gi
[24/5/2022 1:29:32] !citywar go
[24/5/2022 1:29:40] !citywar go
[24/5/2022 1:48:36] !citywar go
[24/5/2022 2:5:36] !citywar go
[24/5/2022 2:5:39] !citywar go
[24/5/2022 2:5:51] !citywar go
[24/5/2022 2:7:4] !citywar go
[24/5/2022 2:8:38] !citywar go
[24/5/2022 2:9:6] !citywar go
[24/5/2022 2:13:10] !citywar go
[24/5/2022 2:13:12] !citywar go
[24/5/2022 2:13:14] !citywar go
[24/5/2022 2:13:30] !citywar go
[24/5/2022 2:13:37] !citywar go
[24/5/2022 2:14:9] !citywar go
[24/5/2022 2:15:29] !citywar go
[24/5/2022 2:15:31] !citywar go
[24/5/2022 2:15:34] !citywar go
[24/5/2022 2:15:44] !citywar go
[24/5/2022 2:15:55] !citywar go
[24/5/2022 2:22:29] !citywar go
[24/5/2022 2:36:59] !citywar go
[24/5/2022 2:39:53] !citywar exit
[24/5/2022 2:42:22] !citywar go
