[19/5/2022 0:37:59] /citywar invite, darashia, 150, disabled, disabled, disabled, 10, enabled, Dunhill Carlton
[19/5/2022 0:51:53] /citywar accept, Dunhill Carlton 21:51 You see Lord Kycas (Level 180). He is a royal paladin.
[19/5/2022 0:52:0] /citywar accept, Dunhill Carlton 
[20/5/2022 1:14:39] /citywar invite, Liberty bay, 100, disabled, disabled, disabled, 12, enabled, Dunhill Carlton
[20/5/2022 1:33:21] !citywar go
[20/5/2022 1:38:21] !citywar go
[21/5/2022 0:15:14] /citywar accept, Dunhill Carlton
[23/5/2022 17:20:11] /citywar invite, carlin, 100, disabled, disabled, disabled, 10, disabled, Dunhill Carlton
[23/5/2022 17:20:46] !citywar go
[23/5/2022 17:20:53] !citywar go
[23/5/2022 17:21:2] !citywar go
[23/5/2022 17:21:5] !citywar go
[23/5/2022 17:21:6] !citywar go
[23/5/2022 17:21:8] !citywar go
[24/5/2022 0:8:38] !citywar go
[24/5/2022 0:9:49] /citywar invite, carlin, 100, disabled, disabled, enabled, 15, disabled, Dunhill Carlton
[24/5/2022 0:10:16] /citywar go
[24/5/2022 0:10:18] /citywar go
[24/5/2022 0:10:36] /citywar go
[24/5/2022 0:12:58] /citywar end
[24/5/2022 0:13:4] /citywar cancel
[24/5/2022 0:16:12] /citywar go
[24/5/2022 0:49:17] /citywar invite, carlin, 100, disabled, disabled, enabled, 10, disabled, Dunhill Carlton
[24/5/2022 0:51:27] !citywar go
[24/5/2022 1:2:22] !citywar go
[24/5/2022 1:7:10] !citywar go
