[11/5/2022 19:7:38] /ghost
[11/5/2022 19:11:10] /a
[11/5/2022 19:11:13] /r
[11/5/2022 19:11:14] /r
[11/5/2022 19:11:19] /r
[11/5/2022 19:11:22] /a
[11/5/2022 19:11:42] /n nija
[11/5/2022 19:11:45] /n nija
[11/5/2022 19:11:52] /n naji
[11/5/2022 19:11:57] /r
[11/5/2022 19:11:59] /r
[11/5/2022 19:12:0] /r
[11/5/2022 19:12:1] /r
[11/5/2022 19:12:1] /r
[11/5/2022 19:12:4] /r
[11/5/2022 19:12:8] /r
[11/5/2022 19:12:9] /r
[11/5/2022 19:12:10] /r
[11/5/2022 19:31:21] /goto hele~
[11/5/2022 19:32:46] /up
[11/5/2022 19:36:46] /goto GoDAntigo
[11/5/2022 19:56:38] /goto GoDAntigo
[11/5/2022 19:58:25] /goto Hela Odinsdottir
[11/5/2022 19:58:33] /r
[11/5/2022 19:58:35] /r
[11/5/2022 19:58:42] /a
[11/5/2022 19:58:44] /a
[11/5/2022 19:58:53] /goto Hela Odinsdottir
[11/5/2022 20:4:39] /goto Hela Odinsdottir
[11/5/2022 20:5:34] /goto Hela Odinsdottir
[11/5/2022 20:20:17] /t
[11/5/2022 20:32:19] /t
[12/5/2022 3:3:44] /goto Staff Broko
[12/5/2022 3:24:25] /i 2160
[12/5/2022 3:30:53] /a
[12/5/2022 3:31:7] /t
[12/5/2022 3:31:54] /m demon
[12/5/2022 3:32:52] /r
[12/5/2022 3:32:53] /r
[12/5/2022 3:32:55] /r
[12/5/2022 3:32:55] /r
[12/5/2022 3:32:59] /r
[12/5/2022 3:33:2] /r
[12/5/2022 3:33:3] /r
[12/5/2022 3:33:4] /r
[12/5/2022 3:33:5] /r
[12/5/2022 3:33:7] /r
[12/5/2022 3:33:7] /r
[12/5/2022 3:33:8] /r
[12/5/2022 3:33:22] /i 4647
[12/5/2022 3:33:31] /c GoDAntigo
[12/5/2022 3:35:41] /goto GoDAntigo
[12/5/2022 3:36:52] /up
[12/5/2022 3:37:9] /goto GoDAntigo
[12/5/2022 3:37:12] /t
[12/5/2022 4:37:32] /t
[12/5/2022 4:38:18] /r
[12/5/2022 4:38:27] /r
[12/5/2022 4:39:27] /c Heimdall De Asgard
[12/5/2022 4:39:38] /t
[12/5/2022 4:45:10] /goto Staff Broko
[12/5/2022 4:46:56] /goto Staff Broko
[12/5/2022 4:50:1] /goto thor~
[12/5/2022 4:50:29] /t
[12/5/2022 4:50:35] /goto thor~
[12/5/2022 4:51:39] /t Heimdall De Asgard
[12/5/2022 4:51:41] /t
[12/5/2022 4:52:36] /goto Heimdall De Asgard
[12/5/2022 4:55:55] /goto Alieligena
[12/5/2022 4:55:58] /goto Alieligena
[12/5/2022 4:56:6] /goto Alieligena
[12/5/2022 4:56:58] /goto Alieligena
[12/5/2022 4:57:5] /goto Alieligena
[12/5/2022 4:57:9] /goto Alieligena
[12/5/2022 4:57:18] /goto Alieligena
[12/5/2022 4:57:22] /goto Alieligena
[12/5/2022 4:57:24] /goto Alieligena
[12/5/2022 4:57:25] /goto Alieligena
[12/5/2022 4:57:29] /goto Alieligena
[12/5/2022 4:57:30] /goto Alieligena
[12/5/2022 4:57:33] /goto Alieligena
[12/5/2022 4:57:34] /goto Alieligena
[12/5/2022 4:57:36] /goto Alieligena
[12/5/2022 4:57:38] /goto Alieligena
[12/5/2022 4:57:39] /goto Alieligena
[12/5/2022 4:57:41] /goto Alieligena
[12/5/2022 4:57:47] /t
[12/5/2022 4:58:52] /a
[12/5/2022 4:58:53] /a
[12/5/2022 5:1:1] /t
[12/5/2022 5:1:57] /t
[12/5/2022 5:3:25] /goto Alieligena
[12/5/2022 5:3:29] /goto Alieligena
[12/5/2022 5:3:32] /goto Alieligena
[12/5/2022 5:3:35] /goto Alieligena
[12/5/2022 5:3:40] /goto Alieligena
[12/5/2022 5:3:43] /t
[12/5/2022 5:9:6] /goto Heimdall De Asgard
[12/5/2022 5:9:44] /a 40
[12/5/2022 5:9:46] /a 40
[12/5/2022 5:9:48] /a 40
[12/5/2022 5:9:49] /a 40
[12/5/2022 5:9:56] /a 40
[12/5/2022 5:10:2] /goto Heimdall De Asgard
[12/5/2022 5:10:12] /a 40
[12/5/2022 5:10:14] /a 40
[12/5/2022 5:10:38] /a
[12/5/2022 5:10:39] /a
[12/5/2022 5:10:39] /a
[12/5/2022 5:10:59] /goto Heimdall De Asgard
[12/5/2022 5:11:31] /a 40
[12/5/2022 5:11:41] /a 40
[12/5/2022 5:11:44] /a 4
[12/5/2022 5:11:45] /a 4
[12/5/2022 5:12:9] /c Heimdall De Asgard
[12/5/2022 5:12:57] /up
[12/5/2022 5:14:4] /t
[12/5/2022 5:15:22] /down
[12/5/2022 5:15:23] /down
[12/5/2022 5:15:34] /t
[12/5/2022 5:16:23] /c Heimdall De Asgard
[12/5/2022 5:19:14] /baninfo
[12/5/2022 5:19:30] /goto GoDAntigo
[12/5/2022 5:29:51] /r
[12/5/2022 5:29:54] /r
[12/5/2022 5:30:5] /a
[12/5/2022 5:30:16] /i 10433
[12/5/2022 5:30:56] /goto Heimdall De Asgard
[12/5/2022 5:31:42] /t
[12/5/2022 5:34:30] /c Heimdall De Asgard
[12/5/2022 5:34:58] /t
[12/5/2022 5:38:49] /r
[12/5/2022 5:38:51] /r
[12/5/2022 5:44:22] /goto caru~
[12/5/2022 5:52:51] /t
[12/5/2022 15:29:31] /up
[12/5/2022 15:45:3] /r
[12/5/2022 15:45:4] /r
[12/5/2022 15:45:18] /i 1741
[12/5/2022 15:45:19] /i 1741
[12/5/2022 15:45:39] /i 2148
[12/5/2022 15:45:40] /i 2148
[12/5/2022 15:45:41] /i 2148
[12/5/2022 15:45:41] /i 2148
[12/5/2022 15:45:43] /i 2148
[12/5/2022 15:45:43] /i 2148
[12/5/2022 15:45:44] /i 2148
[12/5/2022 15:45:44] /i 2148
[12/5/2022 15:45:45] /i 2148
[12/5/2022 15:45:45] /i 2148
[12/5/2022 15:45:46] /i 2148
[12/5/2022 15:45:46] /i 2148
[12/5/2022 15:45:46] /i 2148
[12/5/2022 15:45:47] /i 2148
[12/5/2022 15:45:47] /i 2148
[12/5/2022 15:45:48] /i 2148
[12/5/2022 15:45:49] /i 2148
[12/5/2022 15:45:50] /i 2148
[12/5/2022 15:45:50] /i 2148
[12/5/2022 15:45:50] /i 2148
[12/5/2022 15:45:51] /i 2148
[12/5/2022 15:45:51] /i 2148
[12/5/2022 15:45:52] /i 2148
[12/5/2022 15:45:52] /i 2148
[12/5/2022 15:45:52] /i 2148
[12/5/2022 15:45:53] /i 2148
[12/5/2022 15:45:53] /i 2148
[12/5/2022 15:45:54] /i 2148
[12/5/2022 15:45:54] /i 2148
[12/5/2022 15:45:54] /i 2148
[12/5/2022 15:45:55] /i 2148
[12/5/2022 15:45:55] /i 2148
[12/5/2022 15:45:56] /i 2148
[12/5/2022 15:45:56] /i 2148
[12/5/2022 15:45:56] /i 2148
[12/5/2022 15:45:57] /i 2148
[12/5/2022 15:45:57] /i 2148
[12/5/2022 15:45:58] /i 2148
[12/5/2022 15:46:2] /i 2148
[12/5/2022 15:46:2] /i 2148
[12/5/2022 15:46:3] /i 2148
[12/5/2022 15:46:3] /i 2148
[12/5/2022 15:46:3] /i 2148
[12/5/2022 15:46:4] /i 2148
[12/5/2022 15:46:4] /i 2148
[12/5/2022 15:46:5] /i 2148
[12/5/2022 15:46:5] /i 2148
[12/5/2022 15:46:5] /i 2148
[12/5/2022 15:46:6] /i 2148
[12/5/2022 15:46:6] /i 2148
[12/5/2022 15:46:9] /i 2148
[12/5/2022 15:46:10] /i 2148
[12/5/2022 15:46:10] /i 2148
[12/5/2022 15:46:11] /i 2148
[12/5/2022 15:46:11] /i 2148
[12/5/2022 15:46:12] /i 2148
[12/5/2022 15:46:12] /i 2148
[12/5/2022 15:46:12] /i 2148
[12/5/2022 15:46:13] /i 2148
[12/5/2022 15:46:13] /i 2148
[12/5/2022 15:46:14] /i 2148
[12/5/2022 15:46:14] /i 2148
[12/5/2022 15:46:14] /i 2148
[12/5/2022 15:46:15] /i 2148
[12/5/2022 15:46:15] /i 2148
[12/5/2022 15:46:16] /i 2148
[12/5/2022 15:46:16] /i 2148
[12/5/2022 15:46:17] /i 2148
[12/5/2022 15:47:54] /i pail
[12/5/2022 15:47:59] /i parcil
[12/5/2022 15:48:10] /t
[12/5/2022 15:48:56] /i 2148
[12/5/2022 15:48:57] /i 2148
[12/5/2022 15:48:58] /i 2148
[12/5/2022 15:48:58] /i 2148
[12/5/2022 15:48:58] /i 2148
[12/5/2022 15:48:58] /i 2148
[12/5/2022 15:48:58] /i 2148
[12/5/2022 15:48:58] /i 2148
[12/5/2022 15:48:58] /i 2148
[12/5/2022 15:48:58] /i 2148
[12/5/2022 15:48:58] /i 2148
[12/5/2022 15:48:58] /i 2148
[12/5/2022 15:48:58] /i 2148
[12/5/2022 15:48:58] /i 2148
[12/5/2022 15:48:58] /i 2148
[12/5/2022 15:48:58] /i 2148
[12/5/2022 15:48:58] /i 2148
[12/5/2022 15:48:58] /i 2148
[12/5/2022 15:48:58] /i 2148
[12/5/2022 15:48:58] /i 2148
[12/5/2022 15:48:58] /i 2148
[12/5/2022 15:48:58] /i 2148
[12/5/2022 15:48:58] /i 2148
[12/5/2022 15:48:58] /i 2148
[12/5/2022 15:48:58] /i 2148
[12/5/2022 15:48:58] /i 2148
[12/5/2022 15:48:58] /i 2148
[12/5/2022 15:48:58] /i 2148
[12/5/2022 15:48:58] /i 2148
[12/5/2022 15:48:58] /i 2148
[12/5/2022 15:48:58] /i 2148
[12/5/2022 15:48:59] /i 2148
[12/5/2022 15:48:59] /i 2148
[12/5/2022 15:48:59] /i 2148
[12/5/2022 15:48:59] /i 2148
[12/5/2022 15:48:59] /i 2148
[12/5/2022 15:48:59] /i 2148
[12/5/2022 15:48:59] /i 2148
[12/5/2022 15:48:59] /i 2148
[12/5/2022 15:48:59] /i 2148
[12/5/2022 15:48:59] /i 2148
[12/5/2022 15:48:59] /i 2148
[12/5/2022 15:48:59] /i 2148
[12/5/2022 15:48:59] /i 2148
[12/5/2022 15:48:59] /i 2148
[12/5/2022 15:48:59] /i 2148
[12/5/2022 15:48:59] /i 2148
[12/5/2022 15:48:59] /i 2148
[12/5/2022 15:48:59] /i 2148
[12/5/2022 15:48:59] /i 2148
[12/5/2022 15:48:59] /i 2148
[12/5/2022 15:48:59] /i 2148
[12/5/2022 15:48:59] /i 2148
[12/5/2022 15:48:59] /i 2148
[12/5/2022 15:48:59] /i 2148
[12/5/2022 15:48:59] /i 2148
[12/5/2022 15:48:59] /i 2148
[12/5/2022 15:48:59] /i 2148
[12/5/2022 15:48:59] /i 2148
[12/5/2022 15:48:59] /i 2148
[12/5/2022 15:48:59] /i 2148
[12/5/2022 15:48:59] /i 2148
[12/5/2022 15:49:0] /i 2148
[12/5/2022 15:49:0] /i 2148
[12/5/2022 15:49:0] /i 2148
[12/5/2022 15:49:0] /i 2148
[12/5/2022 15:49:0] /i 2148
[12/5/2022 15:49:0] /i 2148
[12/5/2022 15:49:0] /i 2148
[12/5/2022 15:49:0] /i 2148
[12/5/2022 15:49:0] /i 2148
[12/5/2022 15:49:0] /i 2148
[12/5/2022 15:49:0] /i 2148
[12/5/2022 15:49:0] /i 2148
[12/5/2022 15:49:0] /i 2148
[12/5/2022 15:49:0] /i 2148
[12/5/2022 15:49:0] /i 2148
[12/5/2022 15:49:0] /i 2148
[12/5/2022 15:49:0] /i 2148
[12/5/2022 15:49:0] /i 2148
[12/5/2022 15:49:0] /i 2148
[12/5/2022 15:49:0] /i 2148
[12/5/2022 15:49:0] /i 2148
[12/5/2022 15:49:0] /i 2148
[12/5/2022 15:49:0] /i 2148
[12/5/2022 15:49:0] /i 2148
[12/5/2022 15:49:0] /i 2148
[12/5/2022 15:49:0] /i 2148
[12/5/2022 15:49:0] /i 2148
[12/5/2022 15:49:0] /i 2148
[12/5/2022 15:49:0] /i 2148
[12/5/2022 15:49:1] /i 2148
[12/5/2022 15:49:1] /i 2148
[12/5/2022 15:49:1] /i 2148
[12/5/2022 15:49:1] /i 2148
[12/5/2022 15:49:1] /i 2148
[12/5/2022 15:49:1] /i 2148
[12/5/2022 15:49:1] /i 2148
[12/5/2022 15:49:1] /i 2148
[12/5/2022 15:49:1] /i 2148
[12/5/2022 15:49:1] /i 2148
[12/5/2022 15:49:1] /i 2148
[12/5/2022 15:49:1] /i 2148
[12/5/2022 15:49:1] /i 2148
[12/5/2022 15:49:1] /i 2148
[12/5/2022 15:49:1] /i 2148
[12/5/2022 15:49:1] /i 2148
[12/5/2022 15:49:1] /i 2148
[12/5/2022 15:49:1] /i 2148
[12/5/2022 15:49:1] /i 2148
[12/5/2022 15:49:1] /i 2148
[12/5/2022 15:49:1] /i 2148
[12/5/2022 15:49:1] /i 2148
[12/5/2022 15:49:1] /i 2148
[12/5/2022 15:49:1] /i 2148
[12/5/2022 15:49:1] /i 2148
[12/5/2022 15:49:1] /i 2148
[12/5/2022 15:49:1] /i 2148
[12/5/2022 15:49:1] /i 2148
[12/5/2022 15:49:1] /i 2148
[12/5/2022 15:49:1] /i 2148
[12/5/2022 15:49:1] /i 2148
[12/5/2022 15:49:2] /i 2148
[12/5/2022 15:49:2] /i 2148
[12/5/2022 15:49:2] /i 2148
[12/5/2022 15:49:2] /i 2148
[12/5/2022 15:49:2] /i 2148
[12/5/2022 15:49:2] /i 2148
[12/5/2022 15:49:2] /i 2148
[12/5/2022 15:49:2] /i 2148
[12/5/2022 15:49:2] /i 2148
[12/5/2022 15:49:2] /i 2148
[12/5/2022 15:49:2] /i 2148
[12/5/2022 15:49:2] /i 2148
[12/5/2022 15:49:2] /i 2148
[12/5/2022 15:49:2] /i 2148
[12/5/2022 15:49:2] /i 2148
[12/5/2022 15:49:2] /i 2148
[12/5/2022 15:49:2] /i 2148
[12/5/2022 15:49:2] /i 2148
[12/5/2022 15:49:2] /i 2148
[12/5/2022 15:49:2] /i 2148
[12/5/2022 15:49:2] /i 2148
[12/5/2022 15:49:2] /i 2148
[12/5/2022 15:49:2] /i 2148
[12/5/2022 15:49:2] /i 2148
[12/5/2022 15:49:2] /i 2148
[12/5/2022 15:49:2] /i 2148
[12/5/2022 15:49:2] /i 2148
[12/5/2022 15:49:2] /i 2148
[12/5/2022 15:49:2] /i 2148
[12/5/2022 15:49:2] /i 2148
[12/5/2022 15:49:2] /i 2148
[12/5/2022 15:49:3] /i 2148
[12/5/2022 15:49:3] /i 2148
[12/5/2022 15:49:3] /i 2148
[12/5/2022 15:49:3] /i 2148
[12/5/2022 15:49:3] /i 2148
[12/5/2022 15:49:3] /i 2148
[12/5/2022 15:49:3] /i 2148
[12/5/2022 15:49:3] /i 2148
[12/5/2022 15:49:3] /i 2148
[12/5/2022 15:49:3] /i 2148
[12/5/2022 15:49:3] /i 2148
[12/5/2022 15:49:3] /i 2148
[12/5/2022 15:49:3] /i 2148
[12/5/2022 15:49:3] /i 2148
[12/5/2022 15:49:3] /i 2148
[12/5/2022 15:49:3] /i 2148
[12/5/2022 15:49:3] /i 2148
[12/5/2022 15:49:3] /i 2148
[12/5/2022 15:49:3] /i 2148
[12/5/2022 15:49:3] /i 2148
[12/5/2022 15:49:3] /i 2148
[12/5/2022 15:49:3] /i 2148
[12/5/2022 15:49:3] /i 2148
[12/5/2022 15:49:3] /i 2148
[12/5/2022 15:49:3] /i 2148
[12/5/2022 15:49:3] /i 2148
[12/5/2022 15:49:3] /i 2148
[12/5/2022 15:49:3] /i 2148
[12/5/2022 15:49:3] /i 2148
[12/5/2022 15:49:4] /i 2148
[12/5/2022 15:49:4] /i 2148
[12/5/2022 15:49:4] /i 2148
[12/5/2022 15:49:4] /i 2148
[12/5/2022 15:49:4] /i 2148
[12/5/2022 15:49:4] /i 2148
[12/5/2022 15:49:4] /i 2148
[12/5/2022 15:49:4] /i 2148
[12/5/2022 15:49:4] /i 2148
[12/5/2022 15:49:4] /i 2148
[12/5/2022 15:49:4] /i 2148
[12/5/2022 15:49:4] /i 2148
[12/5/2022 15:49:4] /i 2148
[12/5/2022 15:49:4] /i 2148
[12/5/2022 15:49:4] /i 2148
[12/5/2022 15:49:4] /i 2148
[12/5/2022 15:49:4] /i 2148
[12/5/2022 15:49:4] /i 2148
[12/5/2022 15:49:4] /i 2148
[12/5/2022 15:49:4] /i 2148
[12/5/2022 15:49:4] /i 2148
[12/5/2022 15:49:4] /i 2148
[12/5/2022 15:49:4] /i 2148
[12/5/2022 15:49:4] /i 2148
[12/5/2022 15:49:4] /i 2148
[12/5/2022 15:49:4] /i 2148
[12/5/2022 15:49:4] /i 2148
[12/5/2022 15:49:4] /i 2148
[12/5/2022 15:49:4] /i 2148
[12/5/2022 15:49:4] /i 2148
[12/5/2022 15:49:4] /i 2148
[12/5/2022 15:49:5] /i 2148
[12/5/2022 15:49:5] /i 2148
[12/5/2022 15:49:5] /i 2148
[12/5/2022 15:49:5] /i 2148
[12/5/2022 15:49:5] /i 2148
[12/5/2022 15:49:5] /i 2148
[12/5/2022 15:49:5] /i 2148
[12/5/2022 15:49:5] /i 2148
[12/5/2022 15:49:5] /i 2148
[12/5/2022 15:49:5] /i 2148
[12/5/2022 15:49:5] /i 2148
[12/5/2022 15:49:5] /i 2148
[12/5/2022 15:49:5] /i 2148
[12/5/2022 15:49:5] /i 2148
[12/5/2022 15:49:5] /i 2148
[12/5/2022 15:49:5] /i 2148
[12/5/2022 15:49:5] /i 2148
[12/5/2022 15:49:5] /i 2148
[12/5/2022 15:49:5] /i 2148
[12/5/2022 15:49:5] /i 2148
[12/5/2022 15:49:5] /i 2148
[12/5/2022 15:49:5] /i 2148
[12/5/2022 15:49:5] /i 2148
[12/5/2022 15:49:5] /i 2148
[12/5/2022 15:49:5] /i 2148
[12/5/2022 15:49:5] /i 2148
[12/5/2022 15:49:5] /i 2148
[12/5/2022 15:49:5] /i 2148
[12/5/2022 15:49:5] /i 2148
[12/5/2022 15:49:5] /i 2148
[12/5/2022 15:49:5] /i 2148
[12/5/2022 15:49:6] /i 2148
[12/5/2022 15:49:6] /i 2148
[12/5/2022 15:49:6] /i 2148
[12/5/2022 15:49:6] /i 2148
[12/5/2022 15:49:6] /i 2148
[12/5/2022 15:49:6] /i 2148
[12/5/2022 15:49:6] /i 2148
[12/5/2022 15:49:6] /i 2148
[12/5/2022 15:49:6] /i 2148
[12/5/2022 15:49:6] /i 2148
[12/5/2022 15:49:6] /i 2148
[12/5/2022 15:49:6] /i 2148
[12/5/2022 15:49:8] /i 2148
[12/5/2022 15:49:9] /i 2148
[12/5/2022 15:49:9] /i 2148
[12/5/2022 15:49:9] /i 2148
[12/5/2022 15:49:9] /i 2148
[12/5/2022 15:49:9] /i 2148
[12/5/2022 15:49:9] /i 2148
[12/5/2022 15:49:9] /i 2148
[12/5/2022 15:49:9] /i 2148
[12/5/2022 15:49:9] /i 2148
[12/5/2022 15:49:9] /i 2148
[12/5/2022 15:49:9] /i 2148
[12/5/2022 15:49:9] /i 2148
[12/5/2022 15:49:9] /i 2148
[12/5/2022 15:49:9] /i 2148
[12/5/2022 15:49:9] /i 2148
[12/5/2022 15:49:9] /i 2148
[12/5/2022 15:49:9] /i 2148
[12/5/2022 15:49:9] /i 2148
[12/5/2022 15:49:9] /i 2148
[12/5/2022 15:49:9] /i 2148
[12/5/2022 15:49:9] /i 2148
[12/5/2022 15:49:9] /i 2148
[12/5/2022 15:49:9] /i 2148
[12/5/2022 15:49:9] /i 2148
[12/5/2022 15:49:9] /i 2148
[12/5/2022 15:49:9] /i 2148
[12/5/2022 15:49:9] /i 2148
[12/5/2022 15:49:9] /i 2148
[12/5/2022 15:49:9] /i 2148
[12/5/2022 15:49:10] /i 2148
[12/5/2022 15:49:10] /i 2148
[12/5/2022 15:49:10] /i 2148
[12/5/2022 15:49:10] /i 2148
[12/5/2022 15:49:10] /i 2148
[12/5/2022 15:49:10] /i 2148
[12/5/2022 15:49:10] /i 2148
[12/5/2022 15:49:10] /i 2148
[12/5/2022 15:49:10] /i 2148
[12/5/2022 15:49:10] /i 2148
[12/5/2022 15:49:10] /i 2148
[12/5/2022 15:49:10] /i 2148
[12/5/2022 15:49:10] /i 2148
[12/5/2022 15:49:10] /i 2148
[12/5/2022 15:49:10] /i 2148
[12/5/2022 15:49:10] /i 2148
[12/5/2022 15:49:10] /i 2148
[12/5/2022 15:49:10] /i 2148
[12/5/2022 15:49:10] /i 2148
[12/5/2022 15:49:10] /i 2148
[12/5/2022 15:49:10] /i 2148
[12/5/2022 15:49:10] /i 2148
[12/5/2022 15:49:10] /i 2148
[12/5/2022 15:49:10] /i 2148
[12/5/2022 15:49:10] /i 2148
[12/5/2022 15:49:10] /i 2148
[12/5/2022 15:49:10] /i 2148
[12/5/2022 15:49:10] /i 2148
[12/5/2022 15:49:10] /i 2148
[12/5/2022 15:49:10] /i 2148
[12/5/2022 15:49:10] /i 2148
[12/5/2022 15:49:11] /i 2148
[12/5/2022 15:49:11] /i 2148
[12/5/2022 15:49:11] /i 2148
[12/5/2022 15:49:11] /i 2148
[12/5/2022 15:49:11] /i 2148
[12/5/2022 15:49:11] /i 2148
[12/5/2022 15:49:11] /i 2148
[12/5/2022 15:49:11] /i 2148
[12/5/2022 15:49:11] /i 2148
[12/5/2022 15:49:11] /i 2148
[12/5/2022 15:49:11] /i 2148
[12/5/2022 15:49:11] /i 2148
[12/5/2022 15:49:11] /i 2148
[12/5/2022 15:49:11] /i 2148
[12/5/2022 15:49:11] /i 2148
[12/5/2022 15:49:11] /i 2148
[12/5/2022 15:49:11] /i 2148
[12/5/2022 15:49:11] /i 2148
[12/5/2022 15:49:11] /i 2148
[12/5/2022 15:49:11] /i 2148
[12/5/2022 15:49:11] /i 2148
[12/5/2022 15:49:11] /i 2148
[12/5/2022 15:49:11] /i 2148
[12/5/2022 15:49:11] /i 2148
[12/5/2022 15:49:11] /i 2148
[12/5/2022 15:49:11] /i 2148
[12/5/2022 15:49:11] /i 2148
[12/5/2022 15:49:11] /i 2148
[12/5/2022 15:49:11] /i 2148
[12/5/2022 15:49:11] /i 2148
[12/5/2022 15:49:11] /i 2148
[12/5/2022 15:49:12] /i 2148
[12/5/2022 15:49:12] /i 2148
[12/5/2022 15:49:12] /i 2148
[12/5/2022 15:49:12] /i 2148
[12/5/2022 15:49:12] /i 2148
[12/5/2022 15:49:12] /i 2148
[12/5/2022 15:49:12] /i 2148
[12/5/2022 15:49:12] /i 2148
[12/5/2022 15:53:57] /i 2148
[12/5/2022 15:53:59] /i 2148
[12/5/2022 15:54:0] /i 2148
[12/5/2022 15:54:1] /i 2148
[12/5/2022 15:54:2] /i 2148
[12/5/2022 15:54:2] /i 2148
[12/5/2022 15:54:2] /i 2148
[12/5/2022 15:54:2] /i 2148
[12/5/2022 15:54:2] /i 2148
[12/5/2022 15:54:2] /i 2148
[12/5/2022 15:54:2] /i 2148
[12/5/2022 15:54:2] /i 2148
[12/5/2022 15:54:4] /i 2148
[12/5/2022 15:54:6] /i 2148
[12/5/2022 15:54:7] /i 2148
[12/5/2022 15:54:8] /i 2148
[12/5/2022 15:54:9] /i 2148
[12/5/2022 15:58:50] /i 2148
[12/5/2022 15:58:51] /i 2148
[12/5/2022 15:58:52] /i 2148
[12/5/2022 15:59:0] /i 2148
[12/5/2022 15:59:2] /i 2148
[12/5/2022 15:59:3] /i 2148
[12/5/2022 15:59:4] /i 2148
[12/5/2022 15:59:5] /i 2148
[12/5/2022 15:59:6] /i 2148
[12/5/2022 15:59:6] /i 2148
[12/5/2022 15:59:6] /i 2148
[12/5/2022 15:59:6] /i 2148
[12/5/2022 15:59:6] /i 2148
[12/5/2022 15:59:6] /i 2148
[12/5/2022 15:59:6] /i 2148
[12/5/2022 15:59:6] /i 2148
[12/5/2022 15:59:6] /i 2148
[12/5/2022 15:59:6] /i 2148
[12/5/2022 15:59:6] /i 2148
[12/5/2022 15:59:6] /i 2148
[12/5/2022 15:59:6] /i 2148
[12/5/2022 15:59:6] /i 2148
[12/5/2022 15:59:6] /i 2148
[12/5/2022 15:59:6] /i 2148
[12/5/2022 15:59:6] /i 2148
[12/5/2022 15:59:7] /i 2148
[12/5/2022 15:59:7] /i 2148
[12/5/2022 15:59:7] /i 2148
[12/5/2022 15:59:7] /i 2148
[12/5/2022 15:59:7] /i 2148
[12/5/2022 15:59:7] /i 2148
[12/5/2022 15:59:7] /i 2148
[12/5/2022 15:59:7] /i 2148
[12/5/2022 15:59:7] /i 2148
[12/5/2022 15:59:7] /i 2148
[12/5/2022 15:59:7] /i 2148
[12/5/2022 15:59:7] /i 2148
[12/5/2022 15:59:7] /i 2148
[12/5/2022 15:59:7] /i 2148
[12/5/2022 15:59:7] /i 2148
[12/5/2022 15:59:7] /i 2148
[12/5/2022 15:59:7] /i 2148
[12/5/2022 15:59:7] /i 2148
[12/5/2022 15:59:8] /i 2148
[12/5/2022 15:59:8] /i 2148
[12/5/2022 15:59:8] /i 2148
[12/5/2022 15:59:8] /i 2148
[12/5/2022 15:59:8] /i 2148
[12/5/2022 15:59:8] /i 2148
[12/5/2022 15:59:8] /i 2148
[12/5/2022 15:59:8] /i 2148
[12/5/2022 15:59:9] /i 2148
[12/5/2022 15:59:9] /i 2148
[12/5/2022 15:59:9] /i 2148
[12/5/2022 15:59:9] /i 2148
[12/5/2022 15:59:9] /i 2148
[12/5/2022 15:59:9] /i 2148
[12/5/2022 15:59:9] /i 2148
[12/5/2022 15:59:9] /i 2148
[12/5/2022 15:59:9] /i 2148
[12/5/2022 15:59:9] /i 2148
[12/5/2022 15:59:9] /i 2148
[12/5/2022 15:59:9] /i 2148
[12/5/2022 15:59:9] /i 2148
[12/5/2022 15:59:9] /i 2148
[12/5/2022 15:59:9] /i 2148
[12/5/2022 15:59:9] /i 2148
[12/5/2022 15:59:9] /i 2148
[12/5/2022 15:59:9] /i 2148
[12/5/2022 15:59:9] /i 2148
[12/5/2022 15:59:9] /i 2148
[12/5/2022 15:59:9] /i 2148
[12/5/2022 15:59:9] /i 2148
[12/5/2022 15:59:9] /i 2148
[12/5/2022 15:59:9] /i 2148
[12/5/2022 16:3:3] /i 2148
[12/5/2022 16:3:10] /goto tho~
[12/5/2022 16:3:53] /i 2148
[12/5/2022 16:4:0] /i goto gor~
[12/5/2022 16:4:4] /i goto gorder~
[12/5/2022 16:4:48] /goto Gordexz Dubom
[12/5/2022 16:5:30] /t
[12/5/2022 16:6:16] /goto Alieligena
[12/5/2022 16:6:51] /goto Alieligena
[12/5/2022 16:6:55] /goto Alieligena
[12/5/2022 16:8:4] /t
[12/5/2022 16:31:42] /i 2148
[12/5/2022 16:49:25] /i 2148
[12/5/2022 16:49:28] /i 12635
[12/5/2022 18:56:25] /i 12619
[12/5/2022 18:56:57] /i 12622
[12/5/2022 18:57:1] /i 12623
[12/5/2022 18:57:3] /i 12624
[12/5/2022 18:57:7] /i 12625
[12/5/2022 18:57:14] /i 12626
[12/5/2022 18:57:17] /i 12627
[12/5/2022 18:57:19] /i 12628
[12/5/2022 18:57:22] /i 12629
[12/5/2022 18:57:26] /i 12630
[12/5/2022 18:57:31] /i 12631
[12/5/2022 18:57:34] /i 12632
[12/5/2022 18:57:36] /i 12633
[12/5/2022 18:58:0] /i 12634
[12/5/2022 18:58:3] /i 12635
[12/5/2022 18:58:6] /i 12636
[12/5/2022 18:58:9] /i 12637
[12/5/2022 18:59:0] /i 12637
[12/5/2022 18:59:2] /i 12638
[12/5/2022 18:59:31] /i 12639
[12/5/2022 18:59:41] /i 12640
[12/5/2022 18:59:45] /i 12641
[12/5/2022 18:59:47] /i 12642
[12/5/2022 18:59:51] /i 12643
[12/5/2022 18:59:53] /i 12644
[12/5/2022 18:59:57] /i 12645
[12/5/2022 18:59:59] /i 12646
[12/5/2022 19:0:1] /i 12647
[12/5/2022 19:0:4] /i 12648
[12/5/2022 19:0:7] /i 12649
[12/5/2022 19:0:12] /i 12650
[12/5/2022 19:0:14] /i 12651
[12/5/2022 19:0:17] /i 12651
[12/5/2022 19:0:27] /i 12652
[12/5/2022 19:0:28] /i 12653
[12/5/2022 19:0:30] /i 12654
[12/5/2022 19:0:33] /i 12655
[12/5/2022 19:0:35] /i 12656
[12/5/2022 19:0:37] /i 12657
[12/5/2022 19:0:38] /i 12658
[12/5/2022 19:0:40] /i 12659
[12/5/2022 19:0:44] /i 12660
[12/5/2022 19:0:48] /i 12661
[12/5/2022 19:0:50] /i 12662
[12/5/2022 19:0:52] /i 12663
[12/5/2022 19:0:53] /i 12664
[12/5/2022 19:0:55] /i 12665
[12/5/2022 19:0:57] /i 12666
[12/5/2022 19:1:17] /i 12650
[12/5/2022 19:1:30] /r
[12/5/2022 19:5:12] /goto loki~
[12/5/2022 19:7:4] /goto loki~
[12/5/2022 19:7:30] /t
[12/5/2022 21:14:56] /i 12635
[12/5/2022 21:15:47] /i 12635
[12/5/2022 21:16:7] /i 12637
[12/5/2022 21:17:0] /i 10521
[12/5/2022 21:21:53] /i 12659
[12/5/2022 21:24:43] /m Magicthrower
[12/5/2022 21:40:28] /r
[12/5/2022 21:40:34] /bc
[12/5/2022 21:43:14] /b BOA NOITE FAMILIA ANTIGUERA !! VAMOS ESTA DOANDO ITEM VIP PARA QUEM ACHAR BUG !! QUEM ACHAR ME MANDA MSG TMJ BOM JOGO A TODOS ESTAMOS TRAZENDO O MELHOR PARA VOCES !!
[12/5/2022 21:43:19] /t
[12/5/2022 21:44:34] /goto Baguinha Kush
[12/5/2022 21:47:5] /t
[12/5/2022 21:48:52] /i 12639
[12/5/2022 21:48:57] /i 12637
[12/5/2022 21:49:1] /i 12636
[12/5/2022 21:50:39] /c ocrime~
[12/5/2022 21:52:49] /i 12635
[12/5/2022 21:58:16] /b BOA NOITE FAMILIA ANTIGUERA !! VAMOS ESTA DOANDO ITEM VIP PARA QUEM ACHAR BUG !! QUEM ACHAR ME MANDA MSG TMJ BOM JOGO A TODOS ESTAMOS TRAZENDO O MELHOR PARA VOCES !!
[12/5/2022 22:0:19] /goto Uusushushuspirit 
[12/5/2022 22:0:25] /r
[12/5/2022 22:0:26] /r
[12/5/2022 22:0:27] /r
[12/5/2022 22:0:27] /r
[12/5/2022 22:0:31] /s
[12/5/2022 22:0:46] /i 6686
[12/5/2022 22:1:12] /goto Uusushushuspirit 
[12/5/2022 22:3:9] /i 12622
[12/5/2022 22:3:11] /i 12623
[12/5/2022 22:3:14] /i 12624
[12/5/2022 22:3:16] /i 12625
[12/5/2022 22:4:22] /r
[12/5/2022 22:4:23] /r
[12/5/2022 22:4:24] /r
[12/5/2022 22:4:25] /r
[12/5/2022 22:4:26] /r
[12/5/2022 22:4:40] /i 2698
[12/5/2022 22:5:28] /goto god~
[12/5/2022 22:6:30] /goto staff~
[12/5/2022 22:12:13] /r
[12/5/2022 22:12:14] /r
[12/5/2022 22:12:16] /r
[12/5/2022 22:12:17] /r
[12/5/2022 22:12:39] /i 1394
[12/5/2022 22:12:57] /i 1394
[12/5/2022 22:15:23] /i 12628
[12/5/2022 22:15:37] /i 12629
[12/5/2022 23:10:47] /i 874
[12/5/2022 23:10:50] /r
[12/5/2022 23:10:54] /r
[12/5/2022 23:10:55] /r
[12/5/2022 23:10:56] /r
[12/5/2022 23:10:58] /i 874
[12/5/2022 23:11:0] /i 874
[12/5/2022 23:11:0] /i 874
[12/5/2022 23:11:4] /i 874
[12/5/2022 23:11:7] /i 874
[12/5/2022 23:11:8] /i 874
[12/5/2022 23:11:9] /i 874
[12/5/2022 23:11:10] /i 874
[12/5/2022 23:11:10] /i 874
[12/5/2022 23:11:11] /i 874
[12/5/2022 23:11:12] /i 874
[12/5/2022 23:11:13] /i 874
[12/5/2022 23:11:14] /i 874
[12/5/2022 23:11:14] /i 874
[12/5/2022 23:11:15] /i 874
[12/5/2022 23:11:17] /i 874
[12/5/2022 23:11:18] /i 874
[12/5/2022 23:11:19] /i 874
[12/5/2022 23:11:22] /r
[12/5/2022 23:11:23] /r
[12/5/2022 23:11:24] /r
[12/5/2022 23:11:27] /r
[12/5/2022 23:11:28] /r
[12/5/2022 23:11:29] /r
[12/5/2022 23:11:30] /r
[12/5/2022 23:11:30] /r
[12/5/2022 23:11:31] /r
[12/5/2022 23:11:32] /r
[12/5/2022 23:11:33] /r
[12/5/2022 23:11:34] /r
[12/5/2022 23:11:35] /r
[12/5/2022 23:11:36] /r
[12/5/2022 23:11:37] /r
[12/5/2022 23:11:37] /r
[12/5/2022 23:11:38] /r
[12/5/2022 23:11:39] /r
[12/5/2022 23:11:40] /r
[12/5/2022 23:11:41] /r
[12/5/2022 23:11:42] /r
[12/5/2022 23:11:43] /r
[12/5/2022 23:11:44] /r
[12/5/2022 23:11:44] /r
[12/5/2022 23:11:44] /r
[12/5/2022 23:11:45] /r
[12/5/2022 23:11:45] /r
[12/5/2022 23:11:46] /r
[12/5/2022 23:12:51] /t
[13/5/2022 0:4:15] /b BOA NOITE FAMILIA ANTIGUERA !! VAMOS ESTA DOANDO ITEM VIP PARA QUEM ACHAR BUG !! QUEM ACHAR ME MANDA MSG TMJ BOM JOGO A TODOS ESTAMOS TRAZENDO O MELHOR PARA VOCES !!
[13/5/2022 0:23:1] /t
[13/5/2022 1:8:8] /goto god~
[13/5/2022 2:46:53] /goto god~
[13/5/2022 3:25:46] /goto hela~
[13/5/2022 3:25:58] /i 2160
[13/5/2022 3:25:59] /i 2160
[13/5/2022 3:25:59] /i 2160
[13/5/2022 3:26:0] /i 2160
[13/5/2022 3:26:1] /i 2160
[13/5/2022 3:26:2] /i 2160
[13/5/2022 3:26:2] /i 2160
[13/5/2022 3:26:3] /i 2160
[13/5/2022 3:26:3] /i 2160
[13/5/2022 3:26:4] /i 2160
[13/5/2022 3:26:4] /i 2160
[13/5/2022 3:26:5] /i 2160
[13/5/2022 3:26:5] /i 2160
[13/5/2022 3:26:6] /i 2160
[13/5/2022 3:26:6] /i 2160
[13/5/2022 3:26:7] /i 2160
[13/5/2022 3:26:9] /i 2160
[13/5/2022 3:26:9] /i 2160
[13/5/2022 3:26:10] /i 2160
[13/5/2022 3:26:11] /i 2160
[13/5/2022 3:26:11] /i 2160
[13/5/2022 3:26:12] /i 2160
[13/5/2022 3:26:12] /i 2160
[13/5/2022 3:26:14] /i 2160
[13/5/2022 3:26:14] /i 2160
[13/5/2022 3:26:15] /i 2160
[13/5/2022 3:26:15] /i 2160
[13/5/2022 3:26:16] /i 2160
[13/5/2022 3:26:53] /t
[13/5/2022 3:27:13] /goto Uusushushuspirit
[13/5/2022 3:27:19] /goto Uusushushuspirit
[13/5/2022 3:27:23] /goto Uusushushuspirit
[13/5/2022 3:27:30] /goto Uusushushuspirit
[13/5/2022 3:28:29] /goto god~
[13/5/2022 3:28:32] /goto god~
[13/5/2022 3:28:47] /down
[13/5/2022 3:28:58] /r
[13/5/2022 3:28:59] /r
[13/5/2022 3:29:2] /r
[13/5/2022 3:29:8] /r
[13/5/2022 3:29:9] /r
[13/5/2022 3:29:11] /r
[13/5/2022 5:16:33] /t
[13/5/2022 8:0:5] /ghost
[13/5/2022 8:1:20] /c god~
[13/5/2022 8:2:29] /ghost
[13/5/2022 8:3:4] /bc sim
[13/5/2022 8:10:31] /a 4
[13/5/2022 8:10:51] /t
[13/5/2022 16:21:41] /goto 32946, 30375, 13
[13/5/2022 16:22:18] /up
[13/5/2022 16:22:21] /up
[13/5/2022 16:22:23] /up
[13/5/2022 16:22:26] /down
[13/5/2022 16:22:46] /c god~
[13/5/2022 16:23:4] /up
[13/5/2022 16:23:23] /up
[13/5/2022 16:32:44] /goto staff~
[13/5/2022 16:32:52] /down
[13/5/2022 16:32:53] /down
[13/5/2022 16:33:4] /down
[13/5/2022 16:33:6] /down
[13/5/2022 16:33:10] /down
[13/5/2022 16:33:11] /down
[13/5/2022 16:34:4] /goto god~
[13/5/2022 16:34:33] /goto staff~
[13/5/2022 16:35:13] /goto staff~
[13/5/2022 16:35:35] /ghost
[13/5/2022 16:36:26] /a 50
[13/5/2022 16:36:28] /a 100
[13/5/2022 16:36:33] /a 100
[13/5/2022 16:36:35] /a 100
[13/5/2022 16:36:36] /a 100
[13/5/2022 16:37:3] /a 100
[13/5/2022 16:37:46] /a 5
[13/5/2022 16:38:53] /a 5
[13/5/2022 16:38:55] /a 5
[13/5/2022 16:40:8] /c staff
[13/5/2022 16:40:11] /c staff~
[13/5/2022 16:40:29] /goto axis~
[13/5/2022 16:41:52] /a
[13/5/2022 16:41:54] /a
[13/5/2022 16:41:56] /r
[13/5/2022 16:41:57] /r
[13/5/2022 16:41:58] /r
[13/5/2022 16:41:59] /r
[13/5/2022 16:42:0] /r
[13/5/2022 16:42:1] /r
[13/5/2022 16:42:2] /r
[13/5/2022 16:42:2] /r
[13/5/2022 16:42:8] /r 99
[13/5/2022 16:42:10] /r 99
[13/5/2022 16:42:11] /r 99
[13/5/2022 16:42:12] /r 99
[13/5/2022 16:45:22] /ghost
[13/5/2022 16:55:2] /i /t
[13/5/2022 16:55:5] /t
[13/5/2022 16:57:0] /c axis
[13/5/2022 16:57:3] /c axis
[13/5/2022 16:57:39] /c axis
[13/5/2022 16:57:45] /ghost
[13/5/2022 16:59:36] /c thor~
[13/5/2022 17:0:51] /ghost
[13/5/2022 17:0:54] /c axis
[13/5/2022 17:1:44] /c axis
[13/5/2022 17:1:58] /c thor~
[13/5/2022 17:2:8] /c thor~
[13/5/2022 17:2:10] /c thor~
[13/5/2022 17:2:21] /owner
[13/5/2022 17:2:24] /owner thor~
[13/5/2022 17:2:32] /owner thor de asgard
[13/5/2022 17:2:38] /c thor~
[13/5/2022 17:2:39] /c thor~
[13/5/2022 17:5:20] /ghost
[13/5/2022 17:8:31] /goto thor~
[13/5/2022 17:9:6] /ghost
[13/5/2022 17:9:11] /goto thor~
[13/5/2022 17:12:41] /t
[13/5/2022 17:15:5] /goto caru~
[13/5/2022 17:19:7] /goto caru~
[13/5/2022 17:19:14] /goto thor~
[13/5/2022 17:23:15] /goto caru~
[13/5/2022 17:23:18] /goto caru~
[13/5/2022 17:23:19] /goto caru~
[13/5/2022 17:23:21] /goto caru~
[13/5/2022 17:25:36] /mc
[13/5/2022 17:26:24] /mc
[13/5/2022 17:31:38] /ghost
[13/5/2022 17:56:46] /a
[13/5/2022 18:0:50] /goto Heimdall De Asgard
[13/5/2022 18:1:58] /i 2160
[13/5/2022 18:2:49] /ghost
[13/5/2022 18:2:51] /goto Heimdall De Asgard
[13/5/2022 18:11:14] /ghost Heimdall De Asgard
[13/5/2022 18:11:17] /ghost Heimdall De Asgard
[13/5/2022 18:11:22] /goto Heimdall De Asgard
[13/5/2022 18:11:27] /ghost
[13/5/2022 18:12:6] /a 4
[13/5/2022 18:14:10] /ghost
[13/5/2022 18:31:50] /goto caruso~
[13/5/2022 18:32:0] /t
[13/5/2022 18:32:52] /goto Heimdall De Asgard
[13/5/2022 18:33:19] /a
[13/5/2022 18:33:24] /a
[13/5/2022 18:33:53] /r
[13/5/2022 18:33:54] /r
[13/5/2022 18:34:17] /goto Heimdall De Asgard
[13/5/2022 18:49:39] /t
[13/5/2022 19:12:10] /t
[13/5/2022 19:20:33] /t
[13/5/2022 19:20:54] /i 2160
[13/5/2022 19:28:35] /goto Heimdall De Asgard
[13/5/2022 19:29:54] /goto Heimdall De Asgard
[13/5/2022 19:30:4] /goto Heimdall De Asgard
[13/5/2022 19:30:5] /goto Heimdall De Asgard
[13/5/2022 19:30:12] /goto Heimdall De Asgard
[13/5/2022 19:40:8] /t
[13/5/2022 20:8:21] /goto thor~
[13/5/2022 20:8:51] /goto thor~
[13/5/2022 20:9:26] /up
[13/5/2022 20:9:33] /up
[13/5/2022 20:9:35] /up
[13/5/2022 20:9:36] /up
[13/5/2022 20:9:38] /up
[13/5/2022 20:9:39] /up
[13/5/2022 20:10:5] /up
[13/5/2022 20:10:7] /up
[13/5/2022 20:32:9] /a 4
[13/5/2022 20:32:58] /goto god~
[14/5/2022 6:25:44] /c hela~
[14/5/2022 6:27:31] /c loki~
[14/5/2022 6:27:34] /c loki~
[14/5/2022 6:27:39] /c loki~
[14/5/2022 6:27:40] /c loki~
[14/5/2022 6:28:29] /c loki~
[14/5/2022 6:29:45] /ghost
[14/5/2022 6:31:10] /ghost
[14/5/2022 6:34:47] /r
[14/5/2022 6:34:49] /r
[14/5/2022 6:34:50] /r
[14/5/2022 6:39:7] /ghost
[14/5/2022 6:39:43] /ghost
[14/5/2022 6:45:2] /t
[14/5/2022 6:50:51] /goto thor~
[14/5/2022 6:51:6] /up
[14/5/2022 6:51:9] /up
[14/5/2022 6:51:12] /up
[14/5/2022 6:51:14] /up
[14/5/2022 6:51:16] /up
[14/5/2022 6:55:53] /t
[14/5/2022 6:58:12] /t
[14/5/2022 7:0:6] /r
[14/5/2022 7:0:21] /i 6257
[14/5/2022 7:2:0] /down
[14/5/2022 7:2:18] /up
[14/5/2022 7:2:26] /t
[14/5/2022 7:4:47] /t
[14/5/2022 7:6:53] /ghost
[14/5/2022 7:8:13] /ghost
[14/5/2022 7:9:20] /goto hele~
[14/5/2022 7:9:26] /goto hela~
[14/5/2022 7:12:1] /goto hela~
[14/5/2022 7:12:13] /t
[14/5/2022 17:30:19] /goto thor~
[14/5/2022 17:30:31] /goto thor~
[14/5/2022 17:30:36] /t
[14/5/2022 17:45:46] /c alchamitz
[14/5/2022 17:45:52] /c alcamitz
[14/5/2022 17:48:46] /addskill (alcamitz),Level 1
[14/5/2022 17:49:1] /addskill  alcamitz, Level 1
[14/5/2022 17:49:5] /addskill  alcamitz, Level 1
[14/5/2022 17:49:7] /addskill  alcamitz, Level 1
[14/5/2022 17:49:7] /addskill  alcamitz, Level 1
[14/5/2022 17:49:8] /addskill  alcamitz, Level 1
[14/5/2022 17:49:8] /addskill  alcamitz, Level 1
[14/5/2022 17:49:8] /addskill  alcamitz, Level 1
[14/5/2022 17:49:16] /addskill  alcamitz, Level 1
[14/5/2022 17:49:16] /addskill  alcamitz, Level 1
[14/5/2022 17:49:17] /addskill  alcamitz, Level 1
[14/5/2022 17:49:17] /addskill  alcamitz, Level 1
[14/5/2022 17:49:17] /addskill  alcamitz, Level 1
[14/5/2022 17:49:17] /addskill  alcamitz, Level 1
[14/5/2022 17:49:17] /addskill  alcamitz, Level 1
[14/5/2022 17:49:17] /addskill  alcamitz, Level 1
[14/5/2022 17:49:17] /addskill  alcamitz, Level 1
[14/5/2022 17:49:17] /addskill  alcamitz, Level 1
[14/5/2022 17:49:17] /addskill  alcamitz, Level 1
[14/5/2022 17:49:17] /addskill  alcamitz, Level 1
[14/5/2022 17:49:17] /addskill  alcamitz, Level 1
[14/5/2022 17:49:17] /addskill  alcamitz, Level 1
[14/5/2022 17:49:17] /addskill  alcamitz, Level 1
[14/5/2022 17:49:17] /addskill  alcamitz, Level 1
[14/5/2022 17:49:17] /addskill  alcamitz, Level 1
[14/5/2022 17:49:17] /addskill  alcamitz, Level 1
[14/5/2022 17:49:17] /addskill  alcamitz, Level 1
[14/5/2022 17:49:17] /addskill  alcamitz, Level 1
[14/5/2022 17:49:17] /addskill  alcamitz, Level 1
[14/5/2022 17:49:17] /addskill  alcamitz, Level 1
[14/5/2022 17:49:17] /addskill  alcamitz, Level 1
[14/5/2022 17:49:17] /addskill  alcamitz, Level 1
[14/5/2022 17:49:17] /addskill  alcamitz, Level 1
[14/5/2022 17:49:17] /addskill  alcamitz, Level 1
[14/5/2022 17:49:17] /addskill  alcamitz, Level 1
[14/5/2022 17:49:17] /addskill  alcamitz, Level 1
[14/5/2022 17:49:17] /addskill  alcamitz, Level 1
[14/5/2022 17:49:17] /addskill  alcamitz, Level 1
[14/5/2022 17:49:17] /addskill  alcamitz, Level 1
[14/5/2022 17:49:17] /addskill  alcamitz, Level 1
[14/5/2022 17:49:18] /addskill  alcamitz, Level 1
[14/5/2022 17:49:18] /addskill  alcamitz, Level 1
[14/5/2022 17:49:18] /addskill  alcamitz, Level 1
[14/5/2022 17:49:18] /addskill  alcamitz, Level 1
[14/5/2022 17:49:18] /addskill  alcamitz, Level 1
[14/5/2022 17:49:18] /addskill  alcamitz, Level 1
[14/5/2022 17:49:18] /addskill  alcamitz, Level 1
[14/5/2022 17:49:18] /addskill  alcamitz, Level 1
[14/5/2022 17:49:18] /addskill  alcamitz, Level 1
[14/5/2022 17:49:18] /addskill  alcamitz, Level 1
[14/5/2022 17:49:18] /addskill  alcamitz, Level 1
[14/5/2022 17:49:18] /addskill  alcamitz, Level 1
[14/5/2022 17:49:18] /addskill  alcamitz, Level 1
[14/5/2022 17:49:18] /addskill  alcamitz, Level 1
[14/5/2022 17:49:18] /addskill  alcamitz, Level 1
[14/5/2022 17:49:18] /addskill  alcamitz, Level 1
[14/5/2022 17:49:18] /addskill  alcamitz, Level 1
[14/5/2022 17:49:18] /addskill  alcamitz, Level 1
[14/5/2022 17:49:18] /addskill  alcamitz, Level 1
[14/5/2022 17:49:18] /addskill  alcamitz, Level 1
[14/5/2022 17:49:18] /addskill  alcamitz, Level 1
[14/5/2022 17:49:18] /addskill  alcamitz, Level 1
[14/5/2022 17:49:18] /addskill  alcamitz, Level 1
[14/5/2022 17:49:18] /addskill  alcamitz, Level 1
[14/5/2022 17:49:18] /addskill  alcamitz, Level 1
[14/5/2022 17:49:18] /addskill  alcamitz, Level 1
[14/5/2022 17:49:18] /addskill  alcamitz, Level 1
[14/5/2022 17:49:18] /addskill  alcamitz, Level 1
[14/5/2022 17:49:18] /addskill  alcamitz, Level 1
[14/5/2022 17:49:18] /addskill  alcamitz, Level 1
[14/5/2022 17:49:19] /addskill  alcamitz, Level 1
[14/5/2022 17:49:19] /addskill  alcamitz, Level 1
[14/5/2022 17:49:19] /addskill  alcamitz, Level 1
[14/5/2022 17:49:19] /addskill  alcamitz, Level 1
[14/5/2022 17:49:19] /addskill  alcamitz, Level 1
[14/5/2022 17:49:19] /addskill  alcamitz, Level 1
[14/5/2022 17:49:19] /addskill  alcamitz, Level 1
[14/5/2022 17:49:19] /addskill  alcamitz, Level 1
[14/5/2022 17:49:19] /addskill  alcamitz, Level 1
[14/5/2022 17:49:19] /addskill  alcamitz, Level 1
[14/5/2022 17:49:19] /addskill  alcamitz, Level 1
[14/5/2022 17:49:19] /addskill  alcamitz, Level 1
[14/5/2022 17:49:19] /addskill  alcamitz, Level 1
[14/5/2022 17:49:19] /addskill  alcamitz, Level 1
[14/5/2022 17:49:19] /addskill  alcamitz, Level 1
[14/5/2022 17:49:19] /addskill  alcamitz, Level 1
[14/5/2022 17:49:19] /addskill  alcamitz, Level 1
[14/5/2022 17:49:19] /addskill  alcamitz, Level 1
[14/5/2022 17:49:19] /addskill  alcamitz, Level 1
[14/5/2022 17:49:19] /addskill  alcamitz, Level 1
[14/5/2022 17:49:19] /addskill  alcamitz, Level 1
[14/5/2022 17:49:19] /addskill  alcamitz, Level 1
[14/5/2022 17:49:19] /addskill  alcamitz, Level 1
[14/5/2022 17:49:19] /addskill  alcamitz, Level 1
[14/5/2022 17:49:19] /addskill  alcamitz, Level 1
[14/5/2022 17:49:19] /addskill  alcamitz, Level 1
[14/5/2022 17:49:19] /addskill  alcamitz, Level 1
[14/5/2022 17:49:19] /addskill  alcamitz, Level 1
[14/5/2022 17:49:19] /addskill  alcamitz, Level 1
[14/5/2022 17:49:19] /addskill  alcamitz, Level 1
[14/5/2022 17:49:19] /addskill  alcamitz, Level 1
[14/5/2022 17:49:20] /addskill  alcamitz, Level 1
[14/5/2022 17:49:20] /addskill  alcamitz, Level 1
[14/5/2022 17:49:20] /addskill  alcamitz, Level 1
[14/5/2022 17:49:20] /addskill  alcamitz, Level 1
[14/5/2022 17:49:20] /addskill  alcamitz, Level 1
[14/5/2022 17:49:20] /addskill  alcamitz, Level 1
[14/5/2022 17:49:20] /addskill  alcamitz, Level 1
[14/5/2022 17:49:20] /addskill  alcamitz, Level 1
[14/5/2022 17:49:20] /addskill  alcamitz, Level 1
[14/5/2022 17:49:20] /addskill  alcamitz, Level 1
[14/5/2022 17:49:20] /addskill  alcamitz, Level 1
[14/5/2022 17:49:20] /addskill  alcamitz, Level 1
[14/5/2022 17:49:20] /addskill  alcamitz, Level 1
[14/5/2022 17:49:20] /addskill  alcamitz, Level 1
[14/5/2022 17:49:21] /addskill  alcamitz, Level 1
[14/5/2022 17:49:21] /addskill  alcamitz, Level 1
[14/5/2022 17:49:21] /addskill  alcamitz, Level 1
[14/5/2022 17:49:21] /addskill  alcamitz, Level 1
[14/5/2022 17:49:21] /addskill  alcamitz, Level 1
[14/5/2022 17:49:21] /addskill  alcamitz, Level 1
[14/5/2022 17:49:21] /addskill  alcamitz, Level 1
[14/5/2022 17:49:22] /addskill  alcamitz, Level 1
[14/5/2022 17:49:22] /addskill  alcamitz, Level 1
[14/5/2022 17:49:43] /addskill  alcamitz, magic 1
[14/5/2022 17:49:55] /addskill  alcamitz, magic 1
[14/5/2022 17:49:56] /addskill  alcamitz, magic 1
[14/5/2022 17:49:56] /addskill  alcamitz, magic 1
[14/5/2022 17:49:57] /addskill  alcamitz, magic 1
[14/5/2022 17:49:57] /addskill  alcamitz, magic 1
[14/5/2022 17:49:57] /addskill  alcamitz, magic 1
[14/5/2022 17:50:2] /addskill  alcamitz, magic 1
[14/5/2022 17:50:3] /addskill  alcamitz, magic 1
[14/5/2022 17:50:3] /addskill  alcamitz, magic 1
[14/5/2022 17:50:3] /addskill  alcamitz, magic 1
[14/5/2022 17:50:4] /addskill  alcamitz, magic 1
[14/5/2022 17:50:4] /addskill  alcamitz, magic 1
[14/5/2022 17:50:4] /addskill  alcamitz, magic 1
[14/5/2022 17:50:5] /addskill  alcamitz, magic 1
[14/5/2022 17:50:5] /addskill  alcamitz, magic 1
[14/5/2022 17:50:6] /addskill  alcamitz, magic 1
[14/5/2022 17:50:6] /addskill  alcamitz, magic 1
[14/5/2022 17:50:6] /addskill  alcamitz, magic 1
[14/5/2022 17:50:7] /addskill  alcamitz, magic 1
[14/5/2022 17:50:7] /addskill  alcamitz, magic 1
[14/5/2022 17:50:7] /addskill  alcamitz, magic 1
[14/5/2022 17:50:8] /addskill  alcamitz, magic 1
[14/5/2022 17:50:8] /addskill  alcamitz, magic 1
[14/5/2022 17:50:9] /addskill  alcamitz, magic 1
[14/5/2022 17:50:9] /addskill  alcamitz, magic 1
[14/5/2022 17:50:9] /addskill  alcamitz, magic 1
[14/5/2022 17:50:10] /addskill  alcamitz, magic 1
[14/5/2022 17:50:10] /addskill  alcamitz, magic 1
[14/5/2022 17:50:11] /addskill  alcamitz, magic 1
[14/5/2022 17:50:11] /addskill  alcamitz, magic 1
[14/5/2022 17:50:11] /addskill  alcamitz, magic 1
[14/5/2022 17:50:11] /addskill  alcamitz, magic 1
[14/5/2022 17:50:12] /addskill  alcamitz, magic 1
[14/5/2022 17:50:12] /addskill  alcamitz, magic 1
[14/5/2022 17:50:13] /addskill  alcamitz, magic 1
[14/5/2022 17:50:13] /addskill  alcamitz, magic 1
[14/5/2022 17:50:13] /addskill  alcamitz, magic 1
[14/5/2022 17:50:14] /addskill  alcamitz, magic 1
[14/5/2022 17:50:14] /addskill  alcamitz, magic 1
[14/5/2022 17:50:15] /addskill  alcamitz, magic 1
[14/5/2022 17:50:15] /addskill  alcamitz, magic 1
[14/5/2022 17:50:16] /addskill  alcamitz, magic 1
[14/5/2022 17:50:16] /addskill  alcamitz, magic 1
[14/5/2022 17:50:16] /addskill  alcamitz, magic 1
[14/5/2022 17:50:20] /addskill  alcamitz, magic 1
[14/5/2022 17:50:21] /addskill  alcamitz, magic 1
[14/5/2022 17:50:21] /addskill  alcamitz, magic 1
[14/5/2022 17:50:21] /addskill  alcamitz, magic 1
[14/5/2022 17:50:22] /addskill  alcamitz, magic 1
[14/5/2022 17:50:22] /addskill  alcamitz, magic 1
[14/5/2022 17:50:23] /addskill  alcamitz, magic 1
[14/5/2022 17:50:23] /addskill  alcamitz, magic 1
[14/5/2022 17:50:23] /addskill  alcamitz, magic 1
[14/5/2022 17:50:24] /addskill  alcamitz, magic 1
[14/5/2022 17:50:24] /addskill  alcamitz, magic 1
[14/5/2022 17:50:25] /addskill  alcamitz, magic 1
[14/5/2022 17:50:25] /addskill  alcamitz, magic 1
[14/5/2022 17:50:25] /addskill  alcamitz, magic 1
[14/5/2022 17:50:26] /addskill  alcamitz, magic 1
[14/5/2022 17:50:26] /addskill  alcamitz, magic 1
[14/5/2022 17:50:27] /addskill  alcamitz, magic 1
[14/5/2022 17:50:27] /addskill  alcamitz, magic 1
[14/5/2022 17:50:28] /addskill  alcamitz, magic 1
[14/5/2022 17:50:28] /addskill  alcamitz, magic 1
[14/5/2022 17:50:29] /addskill  alcamitz, magic 1
[14/5/2022 17:50:29] /addskill  alcamitz, magic 1
[14/5/2022 17:50:29] /addskill  alcamitz, magic 1
[14/5/2022 17:50:33] /addskill  alcamitz, magic 1
[14/5/2022 17:50:34] /addskill  alcamitz, magic 1
[14/5/2022 17:50:34] /addskill  alcamitz, magic 1
[14/5/2022 17:50:34] /addskill  alcamitz, magic 1
[14/5/2022 17:50:35] /addskill  alcamitz, magic 1
[14/5/2022 17:50:35] /addskill  alcamitz, magic 1
[14/5/2022 17:50:36] /addskill  alcamitz, magic 1
[14/5/2022 17:50:36] /addskill  alcamitz, magic 1
[14/5/2022 17:50:36] /addskill  alcamitz, magic 1
[14/5/2022 17:50:40] /addskill  alcamitz, magic 1
[14/5/2022 17:50:41] /addskill  alcamitz, magic 1
[14/5/2022 17:50:41] /addskill  alcamitz, magic 1
[14/5/2022 17:50:41] /addskill  alcamitz, magic 1
[14/5/2022 17:50:42] /addskill  alcamitz, magic 1
[14/5/2022 17:50:42] /addskill  alcamitz, magic 1
[14/5/2022 17:50:42] /addskill  alcamitz, magic 1
[14/5/2022 17:50:43] /addskill  alcamitz, magic 1
[14/5/2022 17:50:43] /addskill  alcamitz, magic 1
[14/5/2022 17:50:44] /addskill  alcamitz, magic 1
[14/5/2022 17:50:44] /addskill  alcamitz, magic 1
[14/5/2022 17:50:45] /addskill  alcamitz, magic 1
[14/5/2022 17:50:46] /addskill  alcamitz, magic 1
[14/5/2022 17:50:46] /addskill  alcamitz, magic 1
[14/5/2022 17:50:54] /t
[14/5/2022 19:36:33] /ghost
[14/5/2022 19:37:46] /ghost
[14/5/2022 20:52:39] /goto thor~
[14/5/2022 22:57:16] /t
[14/5/2022 22:58:10] /i 2160
[15/5/2022 1:26:41] /t
[15/5/2022 2:25:51] /ghost
[15/5/2022 2:56:53] /ghost
[15/5/2022 2:58:39] /c god~
[15/5/2022 4:26:2] /ghost
[15/5/2022 4:26:3] /ghost
[15/5/2022 4:26:7] /t
[15/5/2022 20:38:34] /goto thor
[15/5/2022 20:38:38] /goto thor~
[15/5/2022 20:42:44] /goto thor~
[15/5/2022 20:43:34] /goto thor~
[15/5/2022 20:52:34] /t
[15/5/2022 20:56:42] /c god~
[15/5/2022 20:58:22] /t god~
[15/5/2022 20:58:24] /t
[15/5/2022 21:14:15] /t
[15/5/2022 21:15:21] /r
[15/5/2022 21:26:40] /r
[15/5/2022 21:26:46] /n xodet
[15/5/2022 21:26:49] /n xodet
[15/5/2022 21:26:53] /n xodet
[15/5/2022 21:26:57] /n xodet
[15/5/2022 21:26:58] /n xodet
[15/5/2022 21:26:59] /n xodet
[15/5/2022 21:27:2] /n xodet
[15/5/2022 21:27:24] /r
[15/5/2022 21:27:37] /n xodet
[15/5/2022 21:27:39] /n xodet
[15/5/2022 21:28:1] /r
[15/5/2022 21:28:2] /r
[15/5/2022 21:28:3] /r
[15/5/2022 21:28:5] /r
[15/5/2022 21:28:6] /r
[15/5/2022 21:28:7] /r
[15/5/2022 21:28:8] /r
[15/5/2022 21:28:9] /r
[15/5/2022 21:28:10] /r
[15/5/2022 21:28:12] /r
[15/5/2022 21:28:13] /r
[15/5/2022 21:28:14] /r
[15/5/2022 21:28:16] /r
[15/5/2022 21:28:17] /r
[15/5/2022 21:28:17] /r
[15/5/2022 21:28:18] /r
[15/5/2022 21:28:25] /n xodet
[15/5/2022 21:28:27] /n xodet
[15/5/2022 21:29:11] /i 413
[15/5/2022 21:29:12] /i 413
[15/5/2022 21:29:13] /i 413
[15/5/2022 21:29:13] /i 413
[15/5/2022 21:29:14] /i 413
[15/5/2022 21:29:15] /i 413
[15/5/2022 21:29:16] /i 413
[15/5/2022 21:29:16] /i 413
[15/5/2022 21:29:17] /i 413
[15/5/2022 21:29:18] /i 413
[15/5/2022 21:29:19] /i 413
[15/5/2022 21:29:20] /i 413
[15/5/2022 21:29:21] /i 413
[15/5/2022 21:29:21] /i 413
[15/5/2022 21:29:22] /i 413
[15/5/2022 21:29:24] /i 413
[15/5/2022 21:29:26] /i 413
[15/5/2022 21:29:27] /i 413
[15/5/2022 21:29:28] /i 413
[15/5/2022 21:29:30] /i 413
[15/5/2022 21:29:33] /i 413
[15/5/2022 21:29:47] /n xodet
[15/5/2022 21:29:48] /n xodet
[15/5/2022 21:30:11] /i 7231
[15/5/2022 21:30:22] /r
[15/5/2022 21:30:23] /r
[15/5/2022 21:30:35] /i 7131
[15/5/2022 21:30:46] /i 5579
[15/5/2022 21:32:37] /r
[15/5/2022 21:32:38] /r
[15/5/2022 21:32:39] /r
[15/5/2022 21:32:40] /r
[15/5/2022 21:32:40] /r
[15/5/2022 21:32:41] /r
[15/5/2022 21:32:41] /r
[15/5/2022 21:32:42] /r
[15/5/2022 21:32:42] /r
[15/5/2022 21:32:43] /r
[15/5/2022 21:32:44] /r
[15/5/2022 21:32:44] /r
[15/5/2022 21:34:2] /goto thor~
[15/5/2022 21:34:32] /goto thor~
[15/5/2022 21:34:55] /r
[15/5/2022 21:35:21] /i 1249
[15/5/2022 21:35:28] /goto thor~
[15/5/2022 21:35:30] /goto thor~
[15/5/2022 21:35:31] /goto thor~
[15/5/2022 21:35:33] /goto thor~
[15/5/2022 21:35:34] /goto thor~
[15/5/2022 21:35:36] /goto thor~
[15/5/2022 21:35:37] /goto thor~
[15/5/2022 21:35:38] /goto thor~
[15/5/2022 21:35:40] /goto thor~
[15/5/2022 21:35:42] /goto thor~
[15/5/2022 21:35:43] /goto thor~
[15/5/2022 21:35:44] /goto thor~
[15/5/2022 21:35:46] /goto thor~
[15/5/2022 21:35:48] /goto thor~
[15/5/2022 21:37:23] /r
[15/5/2022 21:37:24] /r
[15/5/2022 21:39:3] /goto thor~
[15/5/2022 21:39:22] /goto thor~
[15/5/2022 21:39:23] /goto thor~
[15/5/2022 21:39:25] /goto thor~
[15/5/2022 21:39:26] /goto thor~
[15/5/2022 21:40:30] /i 1627
[15/5/2022 21:40:44] /i 1627
[15/5/2022 21:40:51] /r
[15/5/2022 21:41:39] /i 1623
[15/5/2022 21:41:40] /i 1623
[15/5/2022 21:41:41] /i 1623
[15/5/2022 21:41:42] /i 1623
[15/5/2022 21:41:42] /i 1623
[15/5/2022 21:41:43] /i 1623
[15/5/2022 21:41:49] /r
[15/5/2022 21:41:50] /r
[15/5/2022 21:41:52] /r
[15/5/2022 21:41:53] /r
[15/5/2022 21:41:55] /r
[15/5/2022 21:41:56] /r
[15/5/2022 21:41:57] /r
[15/5/2022 21:41:59] /r
[15/5/2022 21:42:32] /r
[15/5/2022 21:42:40] /i 1626
[15/5/2022 21:50:1] /ghost
[15/5/2022 21:50:26] /c god~
[15/5/2022 21:52:7] /ghost
[15/5/2022 21:52:28] /t god~
[15/5/2022 21:53:44] /goto Heimdall De Asgard
[15/5/2022 21:54:22] /ghost
[15/5/2022 21:55:22] /owner Heimdall De Asgard
[15/5/2022 21:55:52] /up
[15/5/2022 21:55:59] /c Heimdall De Asgard
[15/5/2022 21:56:37] /down
[15/5/2022 21:56:41] /c Heimdall De Asgard
[15/5/2022 21:56:48] /ghost
[16/5/2022 2:31:48] /goto god~
[16/5/2022 2:32:3] /n rashid
[16/5/2022 2:32:9] /r
[16/5/2022 2:35:38] /goto thor~
[16/5/2022 2:35:57] /c thor~
[16/5/2022 2:36:4] /ghost
[16/5/2022 2:36:26] /goto thor~
[16/5/2022 2:36:38] /i shovel
[16/5/2022 2:37:21] /down
[16/5/2022 2:37:25] /down
[16/5/2022 2:38:4] /c god~
[16/5/2022 2:38:34] /up
[16/5/2022 2:38:38] /up
[16/5/2022 2:38:42] /goto thor~
[16/5/2022 2:39:34] /up
[16/5/2022 2:39:56] /c thor~
[16/5/2022 2:40:11] /goto thor~
[16/5/2022 2:40:28] /t
[16/5/2022 2:40:31] /ghost
[16/5/2022 2:41:34] /i vip staf
[16/5/2022 2:41:36] /i vip staff
[16/5/2022 2:41:41] /i vip wand
[16/5/2022 2:44:1] /ghost
[16/5/2022 2:44:21] /ghost
[16/5/2022 2:44:40] /r
[16/5/2022 4:13:20] /goto loki~
[16/5/2022 4:13:50] /ghost
[16/5/2022 4:13:53] /r
[16/5/2022 4:13:54] /r
[16/5/2022 4:13:59] /i 671
[16/5/2022 4:14:35] /ghost
[16/5/2022 4:27:28] /goto Heimdall De Asgard
[16/5/2022 4:45:22] /goto bagui~
[16/5/2022 4:45:36] /t
[16/5/2022 5:10:16] /goto Hela Odinsdottir
[16/5/2022 5:10:28] /down
[16/5/2022 5:10:30] /down
[16/5/2022 5:10:32] /down
[16/5/2022 5:10:36] /up
[16/5/2022 5:14:13] /t
[16/5/2022 5:55:52] /c nada
[16/5/2022 5:56:31] /c nada
[16/5/2022 5:59:14] /i 413
[16/5/2022 5:59:16] /i 413
[16/5/2022 5:59:17] /i 413
[16/5/2022 5:59:50] /t
[16/5/2022 14:53:32] /up
[16/5/2022 15:33:56] /reload
[16/5/2022 16:31:54] /goto uba~
[16/5/2022 16:32:0] /goto oba~
[16/5/2022 16:32:8] /ghost
[16/5/2022 16:32:10] /up
[16/5/2022 16:32:19] /up
[16/5/2022 16:32:22] /up
[16/5/2022 16:32:24] /up
[16/5/2022 16:33:11] /i 10513
[16/5/2022 16:33:32] /i 2018
[16/5/2022 16:33:36] /r
[16/5/2022 16:33:38] /r
[16/5/2022 16:33:38] /r
[16/5/2022 16:33:48] /i 8278
[16/5/2022 16:34:4] /i 9022
[16/5/2022 16:35:25] /goto oba~
[16/5/2022 16:52:27] /ghost
[16/5/2022 16:56:34] /goto god~
