[18/4/2022 20:5:57] /a
[18/4/2022 20:5:57] /a
[18/4/2022 20:5:57] /a
[18/4/2022 20:5:57] /a
[18/4/2022 20:5:57] /a
[18/4/2022 20:5:57] /a
[18/4/2022 20:5:57] /a
[18/4/2022 20:5:57] /a
[18/4/2022 20:5:57] /a
[18/4/2022 20:5:58] /a
[18/4/2022 20:5:58] /a
[18/4/2022 20:5:58] /a
[18/4/2022 20:5:58] /a
[18/4/2022 20:5:58] /a
[18/4/2022 20:5:58] /a
[18/4/2022 20:5:58] /a
[18/4/2022 20:5:58] /a
[18/4/2022 20:5:58] /a
[18/4/2022 20:5:58] /a
[18/4/2022 20:5:58] /a
[18/4/2022 20:5:58] /a
[18/4/2022 20:5:58] /a
[18/4/2022 20:5:58] /a
[18/4/2022 20:5:58] /a
[18/4/2022 20:5:58] /a
[18/4/2022 20:5:58] /a
[18/4/2022 20:5:58] /a
[18/4/2022 20:5:58] /a
[18/4/2022 20:5:58] /a
[18/4/2022 20:5:58] /a
[18/4/2022 20:5:58] /a
[18/4/2022 20:6:2] /a
[18/4/2022 20:6:3] /a
[18/4/2022 20:6:3] /a
[18/4/2022 20:6:3] /a
[18/4/2022 20:6:3] /a
[18/4/2022 20:6:3] /a
[18/4/2022 20:6:3] /a
[18/4/2022 20:6:3] /a
[18/4/2022 20:6:3] /a
[18/4/2022 20:6:3] /a
[18/4/2022 20:6:3] /a
[18/4/2022 20:6:3] /a
[18/4/2022 20:6:3] /a
[18/4/2022 20:6:3] /a
[18/4/2022 20:6:4] /a
[18/4/2022 20:6:4] /a
[18/4/2022 20:6:4] /a
[18/4/2022 20:6:4] /a
[18/4/2022 20:6:4] /a
[18/4/2022 20:6:4] /a
[18/4/2022 20:6:4] /a
[18/4/2022 20:6:4] /a
[18/4/2022 20:6:4] /a
[18/4/2022 20:6:4] /a
[18/4/2022 20:6:4] /a
[18/4/2022 20:6:4] /a
[18/4/2022 20:6:4] /a
[18/4/2022 20:6:4] /a
[18/4/2022 20:14:13] /goto Lord Kycas
[18/4/2022 21:40:18] /goto GOD ANTIGUERA
[18/4/2022 21:41:34] /i 9601
[18/4/2022 21:43:1] /goto GOD ANTIGUERA
[18/4/2022 21:44:11] /goto Ocrime Eh Gostoso
[18/4/2022 21:45:29] /i 1988
[18/4/2022 21:45:33] /i 1988
[18/4/2022 21:45:38] /i 1988
[18/4/2022 21:46:33] /goto GOD ANTIGUERA
[18/4/2022 21:47:39] /a 2
[18/4/2022 21:48:19] /c Ocrime Eh Gostoso
[18/4/2022 21:48:37] /c xivas
[18/4/2022 21:49:38] /a 2
[18/4/2022 21:50:0] /i 8918
[18/4/2022 21:50:42] /i 8890
[18/4/2022 21:50:54] /i 8881
[18/4/2022 21:51:14] /i 8888
[18/4/2022 21:51:30] /i 8918
[18/4/2022 21:54:47] /i 3065
[18/4/2022 21:55:20] /c caruso returns
[18/4/2022 21:55:30] /c caruso returns
[18/4/2022 21:56:46] /i 2495
[18/4/2022 21:57:26] /i 2495
[18/4/2022 21:57:47] /i 8918
[18/4/2022 21:58:58] /a 2
[18/4/2022 21:59:5] /c caruso returns
[18/4/2022 21:59:41] /c caruso returns
[18/4/2022 21:59:58] /i 2660
[18/4/2022 22:0:7] /i 2160
[18/4/2022 22:0:14] /i 2160
[18/4/2022 22:0:22] /i 2160
[18/4/2022 22:1:41] /goto Ocrime Eh Gostoso
[18/4/2022 22:2:4] /i 2160
[18/4/2022 22:2:15] /i 2495
[18/4/2022 22:3:27] /i 2365
[18/4/2022 22:3:31] /i 2365
[18/4/2022 22:3:31] /i 2365
[18/4/2022 22:5:21] /goto Ocrime Eh Gostoso
[18/4/2022 22:7:41] /m demon
[18/4/2022 22:7:52] /m demon
[18/4/2022 22:9:50] /addskill Ocrime Eh Gostoso,Magic 1
[18/4/2022 22:10:28] /addskill Ocrime Eh Gostoso,Magic 1
[18/4/2022 22:10:54] /addskill Ocrime Eh Gostoso,Magic -40
[18/4/2022 22:11:33] /addskill Ocrime Eh Gostoso,Magic 10
[18/4/2022 22:11:58] /addskill Ocrime Eh Gostoso,Magic 10
[18/4/2022 22:13:44] /addskill Ocrime Eh Gostoso,Magic 10
[18/4/2022 22:13:47] /addskill Ocrime Eh Gostoso,Magic 100
[18/4/2022 22:22:42] /c Oldskull
[18/4/2022 22:26:18] /c Fnr Porra
[18/4/2022 22:26:41] /i 2365
[18/4/2022 22:27:30] /i 2495
[18/4/2022 22:27:41] /i 8918
[18/4/2022 22:27:55] /i 8890
[18/4/2022 22:29:7] /i 2160
[18/4/2022 22:29:8] /i 2160
[18/4/2022 22:29:9] /i 2160
[18/4/2022 22:30:38] /i 2160
[18/4/2022 22:33:49] /addskill Xivas,Magic 10 
[18/4/2022 22:33:50] /addskill Xivas,Magic 10 
[18/4/2022 22:33:51] /addskill Xivas,Magic 10 
[18/4/2022 22:33:52] /addskill Xivas,Magic 10 
[18/4/2022 22:33:53] /addskill Xivas,Magic 10 
[18/4/2022 22:33:54] /addskill Xivas,Magic 10 
[18/4/2022 22:33:55] /addskill Xivas,Magic 10 
[18/4/2022 22:33:56] /addskill Xivas,Magic 10 
[19/4/2022 17:19:51] /goto xivas
[19/4/2022 17:20:12] /i 8985
[19/4/2022 17:20:14] /i 8985
[19/4/2022 17:20:15] /i 8985
[19/4/2022 19:17:0] /goto xivas
[19/4/2022 19:18:1] /m Infernalist
[19/4/2022 19:18:48] /m Infernalist
[19/4/2022 19:18:58] /m Infernalist
[19/4/2022 19:19:3] /m Infernalist
[19/4/2022 19:19:33] /m Infernalist
[19/4/2022 19:19:35] /m Infernalist
[19/4/2022 19:19:36] /m Infernalist
[19/4/2022 19:19:37] /m Infernalist
[19/4/2022 19:19:56] /m Infernalist
[19/4/2022 19:20:4] /m Infernalist
[19/4/2022 19:20:15] /m Infernalist
[19/4/2022 19:20:29] /m Infernalist
[19/4/2022 19:20:31] /m Infernalist
[19/4/2022 19:20:47] /m Infernalist
[19/4/2022 19:20:50] /m Infernalist
[19/4/2022 19:21:1] /m Infernalist
[19/4/2022 19:21:10] /goto xivas
[19/4/2022 19:21:13] /m Infernalist
[19/4/2022 19:21:21] /m Infernalist
[19/4/2022 19:21:25] /m Infernalist
[19/4/2022 19:21:27] /m Infernalist
[19/4/2022 19:21:32] /m Infernalist
[19/4/2022 19:22:7] /m Infernalist
[19/4/2022 19:22:13] /m Infernalist
[19/4/2022 19:22:24] /m Infernalist
[19/4/2022 19:22:32] /m Infernalist
[19/4/2022 19:22:36] /m Infernalist
[19/4/2022 19:22:43] /m Infernalist
[19/4/2022 19:22:47] /m Infernalist
[19/4/2022 19:22:48] /m Infernalist
[19/4/2022 19:23:8] /m Infernalist
[19/4/2022 19:24:49] /m infernalist
[19/4/2022 19:24:55] /m infernalist
[19/4/2022 19:24:57] /m infernalist
[19/4/2022 19:25:5] /m infernalist
[19/4/2022 19:25:7] /m infernalist
[19/4/2022 19:25:10] /m infernalist
[19/4/2022 19:25:15] /m infernalist
[19/4/2022 19:25:19] /m infernalist
[19/4/2022 19:25:23] /m infernalist
[19/4/2022 19:25:29] /m infernalist
[19/4/2022 19:25:32] /m infernalist
[19/4/2022 19:25:41] /m infernalist
[19/4/2022 19:26:27] /m infernalist
[19/4/2022 19:26:29] /m infernalist
[19/4/2022 19:26:33] /m infernalist
[19/4/2022 19:26:35] /m infernalist
[19/4/2022 19:26:53] /m infernalist
[19/4/2022 19:27:31] /m infernalist
[19/4/2022 19:27:33] /m infernalist
[19/4/2022 19:27:35] /m infernalist
[19/4/2022 19:27:52] /m infernalist
[19/4/2022 19:27:59] /m infernalist
[19/4/2022 19:28:22] /m infernalist
[19/4/2022 19:28:28] /m infernalist
[19/4/2022 19:28:32] /m infernalist
[19/4/2022 19:28:36] /m infernalist
[19/4/2022 19:28:40] /m infernalist
[19/4/2022 19:28:41] /m infernalist
[19/4/2022 19:28:42] /m infernalist
[19/4/2022 19:28:46] /m infernalist
[19/4/2022 19:29:50] /i 
[19/4/2022 19:29:57] /i 7590
[19/4/2022 19:29:59] /i 7590
[19/4/2022 19:35:2] /i 7590
[19/4/2022 19:35:3] /i 7590
[19/4/2022 19:35:16] /i 7590
[19/4/2022 19:35:17] /i 7590
[19/4/2022 19:35:18] /i 7590
[19/4/2022 19:35:18] /i 7590
[19/4/2022 19:35:29] /i 7590
[19/4/2022 19:35:30] /i 7590
[19/4/2022 19:35:30] /i 7590
[19/4/2022 19:35:31] /i 7590
[19/4/2022 19:35:32] /i 7590
[19/4/2022 19:35:33] /i 7590
[19/4/2022 19:35:34] /i 7590
[19/4/2022 19:35:35] /i 7590
[19/4/2022 19:35:35] /i 7590
[19/4/2022 19:35:41] /i 7590
[19/4/2022 19:35:44] /i 7590
[19/4/2022 19:35:45] /i 7590
[19/4/2022 19:35:46] /i 7590
[19/4/2022 19:36:2] /i 7590
[19/4/2022 19:36:3] /i 7590
[19/4/2022 19:36:4] /i 7590
[19/4/2022 19:36:5] /i 7590
[19/4/2022 19:36:43] /m infernalist
[19/4/2022 19:36:44] /m infernalist
[19/4/2022 19:36:45] /m infernalist
[19/4/2022 19:36:46] /m infernalist
[19/4/2022 19:36:48] /m infernalist
[19/4/2022 19:36:51] /m infernalist
[19/4/2022 19:36:52] /m infernalist
[19/4/2022 19:36:53] /m infernalist
[19/4/2022 19:36:54] /m infernalist
[19/4/2022 19:36:55] /m infernalist
[19/4/2022 19:36:57] /m infernalist
[19/4/2022 19:36:58] /m infernalist
[19/4/2022 19:37:0] /m infernalist
[19/4/2022 19:37:1] /m infernalist
[19/4/2022 19:37:2] /m infernalist
[19/4/2022 19:37:3] /m infernalist
[19/4/2022 19:37:4] /m infernalist
[19/4/2022 19:37:5] /m infernalist
[19/4/2022 19:37:11] /m infernalist
[19/4/2022 19:37:12] /m infernalist
[19/4/2022 19:37:13] /m infernalist
[19/4/2022 19:37:14] /m infernalist
[19/4/2022 19:37:15] /m infernalist
[19/4/2022 19:37:15] /m infernalist
[19/4/2022 19:37:36] /m infernalist
[19/4/2022 19:37:37] /m infernalist
[19/4/2022 19:37:38] /m infernalist
[19/4/2022 19:37:43] /m infernalist
[19/4/2022 19:37:45] /m infernalist
[19/4/2022 19:37:49] /m infernalist
[19/4/2022 19:37:50] /m infernalist
[19/4/2022 19:37:55] /m infernalist
[19/4/2022 19:37:56] /m infernalist
[19/4/2022 19:38:0] /m infernalist
[19/4/2022 19:38:1] /m infernalist
[19/4/2022 19:38:2] /m infernalist
[19/4/2022 19:38:8] /m infernalist
[19/4/2022 19:38:9] /m infernalist
[19/4/2022 19:38:10] /m infernalist
[19/4/2022 19:38:11] /m infernalist
[19/4/2022 19:38:12] /m infernalist
[19/4/2022 19:38:13] /m infernalist
[19/4/2022 19:38:18] /m infernalist
[19/4/2022 19:38:19] /m infernalist
[19/4/2022 19:38:21] /m infernalist
[19/4/2022 19:38:22] /m infernalist
[19/4/2022 19:38:23] /m infernalist
[19/4/2022 19:38:25] /m infernalist
[19/4/2022 19:38:25] /m infernalist
[19/4/2022 19:38:26] /m infernalist
[19/4/2022 19:38:27] /m infernalist
[19/4/2022 19:38:34] /m infernalist
[19/4/2022 19:38:35] /m infernalist
[19/4/2022 19:38:36] /m infernalist
[19/4/2022 19:38:36] /m infernalist
[19/4/2022 19:38:37] /m infernalist
[19/4/2022 19:38:38] /m infernalist
[19/4/2022 19:38:54] /m infernalist
[19/4/2022 19:38:55] /m infernalist
[19/4/2022 19:38:57] /m infernalist
[19/4/2022 19:38:58] /m infernalist
[19/4/2022 19:38:58] /m infernalist
[19/4/2022 19:38:59] /m infernalist
[19/4/2022 19:39:0] /m infernalist
[19/4/2022 19:39:1] /m infernalist
[19/4/2022 19:39:1] /m infernalist
[19/4/2022 19:39:19] /m infernalist
[19/4/2022 19:39:20] /m infernalist
[19/4/2022 19:39:20] /m infernalist
[19/4/2022 19:39:21] /m infernalist
[19/4/2022 19:39:22] /m infernalist
[19/4/2022 19:39:24] /m infernalist
[19/4/2022 19:39:37] /m infernalist
[19/4/2022 19:39:38] /m infernalist
[19/4/2022 19:39:38] /m infernalist
[19/4/2022 19:39:43] /m infernalist
[19/4/2022 19:39:43] /m infernalist
[19/4/2022 19:39:44] /m infernalist
[19/4/2022 19:39:52] /m infernalist
[19/4/2022 19:39:53] /m infernalist
[19/4/2022 19:39:54] /m infernalist
[19/4/2022 19:39:54] /m infernalist
[19/4/2022 19:39:56] /m infernalist
[19/4/2022 19:39:56] /m infernalist
[19/4/2022 19:39:58] /m infernalist
[19/4/2022 19:39:58] /m infernalist
[19/4/2022 19:39:59] /m infernalist
[19/4/2022 19:39:59] /m infernalist
[19/4/2022 19:40:1] /m infernalist
[19/4/2022 19:40:3] /m infernalist
[19/4/2022 19:40:5] /m infernalist
[19/4/2022 19:40:6] /m infernalist
[19/4/2022 19:40:6] /m infernalist
[19/4/2022 19:40:24] /m infernalist
[19/4/2022 19:40:25] /m infernalist
[19/4/2022 19:40:26] /m infernalist
[19/4/2022 19:40:26] /m infernalist
[19/4/2022 19:40:27] /m infernalist
[19/4/2022 19:40:27] /m infernalist
[19/4/2022 19:40:27] /m infernalist
[19/4/2022 19:40:28] /m infernalist
[19/4/2022 19:40:28] /m infernalist
[19/4/2022 19:40:28] /m infernalist
[19/4/2022 19:40:28] /m infernalist
[19/4/2022 19:40:36] /m infernalist
[19/4/2022 19:40:36] /m infernalist
[19/4/2022 19:40:36] /m infernalist
[19/4/2022 19:40:37] /m infernalist
[19/4/2022 19:40:37] /m infernalist
[19/4/2022 19:40:37] /m infernalist
[19/4/2022 19:40:37] /m infernalist
[19/4/2022 19:40:37] /m infernalist
[19/4/2022 19:40:37] /m infernalist
[19/4/2022 19:40:38] /m infernalist
[19/4/2022 19:40:38] /m infernalist
[19/4/2022 19:40:38] /m infernalist
[19/4/2022 19:40:39] /m infernalist
[19/4/2022 19:40:40] /m infernalist
[19/4/2022 19:41:26] /m infernalist
[19/4/2022 19:41:27] /m infernalist
[19/4/2022 19:41:27] /m infernalist
[19/4/2022 19:41:28] /m infernalist
[19/4/2022 19:41:29] /m infernalist
[19/4/2022 19:41:30] /m infernalist
[19/4/2022 19:41:30] /m infernalist
[19/4/2022 19:41:30] /m infernalist
[19/4/2022 19:41:31] /m infernalist
[19/4/2022 19:41:31] /m infernalist
[19/4/2022 19:41:32] /m infernalist
[19/4/2022 19:41:52] /m infernalist
[19/4/2022 19:41:52] /m infernalist
[19/4/2022 19:41:53] /m infernalist
[19/4/2022 19:41:53] /m infernalist
[19/4/2022 19:41:53] /m infernalist
[19/4/2022 19:41:54] /m infernalist
[19/4/2022 19:41:54] /m infernalist
[19/4/2022 19:41:55] /m infernalist
[19/4/2022 19:41:55] /m infernalist
[19/4/2022 19:41:55] /m infernalist
[19/4/2022 19:41:55] /m infernalist
[19/4/2022 19:41:55] /m infernalist
[19/4/2022 19:41:56] /m infernalist
[19/4/2022 19:41:56] /m infernalist
[19/4/2022 19:41:57] /m infernalist
[19/4/2022 19:42:1] /m infernalist
[19/4/2022 19:42:1] /m infernalist
[19/4/2022 19:42:2] /m infernalist
[19/4/2022 19:42:3] /m infernalist
[19/4/2022 19:42:3] /m infernalist
[19/4/2022 19:42:4] /m infernalist
[19/4/2022 19:42:4] /m infernalist
[19/4/2022 19:42:5] /m infernalist
[19/4/2022 19:42:5] /m infernalist
[19/4/2022 19:42:5] /m infernalist
[19/4/2022 19:42:5] /m infernalist
[19/4/2022 19:42:6] /m infernalist
[19/4/2022 19:42:6] /m infernalist
[19/4/2022 19:42:6] /m infernalist
[19/4/2022 19:42:6] /m infernalist
[19/4/2022 19:42:7] /m infernalist
[19/4/2022 19:42:11] /m infernalist
[19/4/2022 19:42:11] /m infernalist
[19/4/2022 19:42:11] /m infernalist
[19/4/2022 19:42:11] /m infernalist
[19/4/2022 19:42:12] /m infernalist
[19/4/2022 19:42:13] /m infernalist
[19/4/2022 19:42:13] /m infernalist
[19/4/2022 19:42:14] /m infernalist
[19/4/2022 19:42:15] /m infernalist
[19/4/2022 19:42:15] /m infernalist
[19/4/2022 19:42:15] /m infernalist
[19/4/2022 19:42:15] /m infernalist
[19/4/2022 19:42:21] /m infernalist
[19/4/2022 19:42:22] /m infernalist
[19/4/2022 19:42:22] /m infernalist
[19/4/2022 19:42:22] /m infernalist
[19/4/2022 19:42:22] /m infernalist
[19/4/2022 19:42:23] /m infernalist
[19/4/2022 19:42:25] /m infernalist
[19/4/2022 19:42:25] /m infernalist
[19/4/2022 19:42:25] /m infernalist
[19/4/2022 19:42:25] /m infernalist
[19/4/2022 19:42:30] /m infernalist
[19/4/2022 19:42:30] /m infernalist
[19/4/2022 19:42:30] /m infernalist
[19/4/2022 19:42:30] /m infernalist
[19/4/2022 19:42:31] /m infernalist
[19/4/2022 19:42:31] /m infernalist
[19/4/2022 19:42:31] /m infernalist
[19/4/2022 19:42:31] /m infernalist
[19/4/2022 19:42:32] /m infernalist
[19/4/2022 19:42:33] /m infernalist
[19/4/2022 19:42:33] /m infernalist
[19/4/2022 19:42:33] /m infernalist
[19/4/2022 19:42:40] /m infernalist
[19/4/2022 19:42:45] /m infernalist
[19/4/2022 19:42:45] /m infernalist
[19/4/2022 19:42:46] /m infernalist
[19/4/2022 19:42:46] /m infernalist
[19/4/2022 19:42:46] /m infernalist
[19/4/2022 19:42:46] /m infernalist
[19/4/2022 19:42:47] /m infernalist
[19/4/2022 19:42:47] /m infernalist
[19/4/2022 19:42:47] /m infernalist
[19/4/2022 19:42:47] /m infernalist
[19/4/2022 19:42:47] /m infernalist
[19/4/2022 19:42:48] /m infernalist
[19/4/2022 19:42:48] /m infernalist
[19/4/2022 19:42:48] /m infernalist
[19/4/2022 19:42:49] /m infernalist
[19/4/2022 19:42:50] /m infernalist
[19/4/2022 19:42:50] /m infernalist
[19/4/2022 19:42:50] /m infernalist
[19/4/2022 19:44:45] /goto GOD ANTIGUERA
