[10/5/2022 16:44:11] /i vip boots
[10/5/2022 16:49:54] /a 3
[10/5/2022 16:50:16] /a 3
[10/5/2022 19:16:26] /t
[10/5/2022 19:20:56] /t
[10/5/2022 19:29:20] /a 10
[10/5/2022 19:29:24] /a 10
[10/5/2022 19:31:38] /a 5
[10/5/2022 19:31:47] /a 5
[10/5/2022 19:32:21] /a 15
[10/5/2022 19:32:29] /a 5
[10/5/2022 19:37:19] /t
[10/5/2022 19:38:48] /i crystal coin
[10/5/2022 19:38:59] /clean
[10/5/2022 19:43:9] /a
[10/5/2022 19:50:11] /t
[10/5/2022 19:52:18] /goto hericus
[10/5/2022 19:52:23] /goto henricus
[10/5/2022 19:52:39] /t
[10/5/2022 19:53:1] /i vip wand
[10/5/2022 19:54:27] /a 20
[10/5/2022 19:54:31] /a 5
[10/5/2022 19:57:28] /a 20
[10/5/2022 20:2:31] /i avalanche
[10/5/2022 20:2:36] /i avalanche rune
[10/5/2022 20:4:26] /a 5
[10/5/2022 20:4:51] /t
[10/5/2022 20:5:7] /a 2
[10/5/2022 20:7:32] /t
[10/5/2022 20:7:50] /a 4
[10/5/2022 20:11:28] /up
[10/5/2022 20:11:53] /a
[10/5/2022 20:12:7] /m demon
[10/5/2022 20:16:53] /owner Staff Hermes
[10/5/2022 20:17:4] /a
[10/5/2022 20:17:38] /a
[10/5/2022 20:17:44] /owner Staff Hermes
[10/5/2022 20:18:59] /m a
[10/5/2022 21:55:35] /i vip boots
[10/5/2022 21:55:37] /i vip boots
[10/5/2022 21:55:49] /i backpack
[10/5/2022 21:55:50] /i backpack
[10/5/2022 21:55:51] /i backpack
[10/5/2022 21:55:52] /i backpack
[10/5/2022 21:56:6] /i vip boots
[10/5/2022 21:56:7] /i vip boots
[10/5/2022 21:56:7] /i vip boots
[10/5/2022 21:56:7] /i vip boots
[10/5/2022 21:56:7] /i vip boots
[10/5/2022 21:56:8] /i vip boots
[10/5/2022 21:56:8] /i vip boots
[10/5/2022 21:56:8] /i vip boots
[10/5/2022 21:56:8] /i vip boots
[10/5/2022 21:56:11] /i vip boots
[10/5/2022 21:56:12] /i vip boots
[10/5/2022 21:56:12] /i vip boots
[10/5/2022 21:56:12] /i vip boots
[10/5/2022 21:56:12] /i vip boots
[10/5/2022 21:56:12] /i vip boots
[10/5/2022 21:56:12] /i vip boots
[10/5/2022 21:56:13] /i vip boots
[10/5/2022 21:56:13] /i vip boots
[10/5/2022 21:56:13] /i vip boots
[10/5/2022 21:56:13] /i vip boots
[10/5/2022 21:56:13] /i vip boots
[10/5/2022 21:56:13] /i vip boots
[10/5/2022 21:56:14] /i vip boots
[10/5/2022 21:56:14] /i vip boots
[10/5/2022 21:56:14] /i vip boots
[10/5/2022 21:56:14] /i vip boots
[10/5/2022 21:56:14] /i vip boots
[10/5/2022 21:56:15] /i vip boots
[10/5/2022 21:56:15] /i vip boots
[10/5/2022 21:56:18] /i vip boots
[10/5/2022 21:56:18] /i vip boots
[10/5/2022 21:56:18] /i vip boots
[10/5/2022 21:56:18] /i vip boots
[10/5/2022 21:56:18] /i vip boots
[10/5/2022 21:56:18] /i vip boots
[10/5/2022 21:56:18] /i vip boots
[10/5/2022 21:56:18] /i vip boots
[10/5/2022 21:56:18] /i vip boots
[10/5/2022 21:56:18] /i vip boots
[10/5/2022 21:56:18] /i vip boots
[10/5/2022 21:56:19] /i vip boots
[10/5/2022 21:56:19] /i vip boots
[10/5/2022 21:56:19] /i vip boots
[10/5/2022 21:56:19] /i vip boots
[10/5/2022 21:56:19] /i vip boots
[10/5/2022 21:56:19] /i vip boots
[10/5/2022 21:56:19] /i vip boots
[10/5/2022 21:56:19] /i vip boots
[10/5/2022 21:56:19] /i vip boots
[10/5/2022 21:56:19] /i vip boots
[10/5/2022 21:56:19] /i vip boots
[10/5/2022 21:56:20] /i vip boots
[10/5/2022 21:56:21] /i vip boots
[10/5/2022 21:56:21] /i vip boots
[10/5/2022 21:56:21] /i vip boots
[10/5/2022 21:56:21] /i vip boots
[10/5/2022 21:56:21] /i vip boots
[10/5/2022 21:56:21] /i vip boots
[10/5/2022 21:56:21] /i vip boots
[10/5/2022 21:56:21] /i vip boots
[10/5/2022 21:56:21] /i vip boots
[10/5/2022 21:56:21] /i vip boots
[10/5/2022 21:56:21] /i vip boots
[10/5/2022 21:56:21] /i vip boots
[10/5/2022 21:56:21] /i vip boots
[10/5/2022 21:56:21] /i vip boots
[10/5/2022 21:56:21] /i vip boots
[10/5/2022 21:56:21] /i vip boots
[10/5/2022 21:56:22] /i vip boots
[10/5/2022 21:56:22] /i vip boots
[10/5/2022 21:56:22] /i vip boots
[10/5/2022 21:56:22] /i vip boots
[10/5/2022 21:56:22] /i vip boots
[10/5/2022 21:56:22] /i vip boots
[10/5/2022 21:56:22] /i vip boots
[10/5/2022 21:56:22] /i vip boots
[10/5/2022 21:56:22] /i vip boots
[10/5/2022 21:56:22] /i vip boots
[10/5/2022 21:56:22] /i vip boots
[10/5/2022 21:56:22] /i vip boots
[10/5/2022 21:56:24] /i vip boots
[10/5/2022 21:56:25] /i vip boots
[10/5/2022 21:56:25] /i vip boots
[10/5/2022 21:56:25] /i vip boots
[10/5/2022 21:56:25] /i vip boots
[10/5/2022 21:56:26] /i vip boots
[10/5/2022 21:56:26] /i vip boots
[10/5/2022 21:56:27] /i vip boots
[10/5/2022 21:56:27] /i vip boots
[10/5/2022 21:58:41] /ghost
[10/5/2022 22:1:5] /ghost
[10/5/2022 22:4:43] /ghost
[10/5/2022 22:18:6] /c accordion
[10/5/2022 22:20:27] /goto Qrytghkaszxk
[10/5/2022 22:23:14] /t
[10/5/2022 22:24:56] /t
[10/5/2022 22:31:8] /i vip boots
[10/5/2022 22:32:47] /t
[10/5/2022 22:32:59] /t
[10/5/2022 22:35:49] /i backpack
[10/5/2022 22:35:51] /i vip boots
[10/5/2022 22:35:51] /i vip boots
[10/5/2022 22:35:52] /i vip boots
[10/5/2022 22:35:52] /i vip boots
[10/5/2022 22:35:52] /i vip boots
[10/5/2022 22:35:52] /i vip boots
[10/5/2022 22:35:52] /i vip boots
[10/5/2022 22:35:52] /i vip boots
[10/5/2022 22:35:52] /i vip boots
[10/5/2022 22:35:52] /i vip boots
[10/5/2022 22:35:52] /i vip boots
[10/5/2022 22:35:52] /i vip boots
[10/5/2022 22:35:52] /i vip boots
[10/5/2022 22:35:52] /i vip boots
[10/5/2022 22:35:52] /i vip boots
[10/5/2022 22:35:52] /i vip boots
[10/5/2022 22:35:52] /i vip boots
[10/5/2022 22:35:52] /i vip boots
[10/5/2022 22:35:52] /i vip boots
[10/5/2022 22:35:52] /i vip boots
[10/5/2022 22:35:52] /i vip boots
[10/5/2022 22:35:55] /i vip boots
[10/5/2022 22:35:55] /i vip boots
[10/5/2022 22:35:55] /i vip boots
[10/5/2022 22:35:55] /i vip boots
[10/5/2022 22:35:55] /i vip boots
[10/5/2022 22:35:56] /i vip boots
[10/5/2022 22:35:56] /i vip boots
[10/5/2022 22:35:56] /i vip boots
[10/5/2022 22:35:56] /i vip boots
[10/5/2022 22:35:56] /i vip boots
[10/5/2022 22:35:56] /i vip boots
[10/5/2022 22:35:57] /i vip boots
[10/5/2022 22:35:57] /i vip boots
[10/5/2022 22:35:57] /i vip boots
[10/5/2022 22:36:36] /i backpack
[10/5/2022 22:36:37] /i vip boots
[10/5/2022 22:36:38] /i vip boots
[10/5/2022 22:36:38] /i vip boots
[10/5/2022 22:36:38] /i vip boots
[10/5/2022 22:36:38] /i vip boots
[10/5/2022 22:36:38] /i vip boots
[10/5/2022 22:36:39] /i vip boots
[10/5/2022 22:36:39] /i vip boots
[10/5/2022 22:36:40] /i vip boots
[10/5/2022 22:36:40] /i vip boots
[10/5/2022 22:36:40] /i vip boots
[10/5/2022 22:36:40] /i vip boots
[10/5/2022 22:36:40] /i vip boots
[10/5/2022 22:36:40] /i vip boots
[10/5/2022 22:36:41] /i vip boots
[10/5/2022 22:36:41] /i vip boots
[10/5/2022 22:36:41] /i vip boots
[10/5/2022 22:36:41] /i vip boots
[10/5/2022 22:36:41] /i vip boots
[10/5/2022 22:36:42] /i vip boots
[10/5/2022 22:40:11] /c thor de asgard
[11/5/2022 0:3:7] /i crystal coin
[11/5/2022 0:6:5] /up
[11/5/2022 0:6:35] /ghost
[11/5/2022 0:6:37] /ghost
[11/5/2022 0:6:48] /goto ronda
[11/5/2022 0:7:20] /ghost
[11/5/2022 0:7:40] /m dragon
[11/5/2022 0:8:53] /i vip star
[11/5/2022 0:9:38] /r
[11/5/2022 0:14:56] /goto ronda
[11/5/2022 0:15:29] /goto Qrytghkaszxk
[11/5/2022 0:15:37] /i crystal coin
[11/5/2022 0:19:19] /i assassin star
[11/5/2022 0:19:51] /goto dragon
[11/5/2022 0:19:57] /c peste bubonica
[11/5/2022 0:20:23] /i crossbow
[11/5/2022 0:20:29] /i power bolt
[11/5/2022 0:22:8] /i enchanted spear
[11/5/2022 0:22:44] /goto peste bubonica
[11/5/2022 0:23:30] /t
[11/5/2022 0:24:26] /goto ronda
[11/5/2022 0:29:22] /goto Qrytghkaszxk
[11/5/2022 0:30:58] /t
[11/5/2022 0:31:1] /ghost
[11/5/2022 0:39:42] /goto Jukaxz
[11/5/2022 0:42:53] /goto Jukaxz
[11/5/2022 0:44:32] /t
[11/5/2022 0:47:52] /i backpack
[11/5/2022 0:47:56] /i vip hat
[11/5/2022 0:48:1] /i vip shield
[11/5/2022 0:48:12] /goto Volta Pramin
[11/5/2022 0:48:21] /i vip ed shield
[11/5/2022 0:48:28] /i crystal coin
[11/5/2022 0:48:29] /i crystal coin
[11/5/2022 0:48:29] /i crystal coin
[11/5/2022 0:48:54] /i crystal coin
[11/5/2022 0:48:54] /i crystal coin
[11/5/2022 0:48:55] /i crystal coin
[11/5/2022 0:48:56] /i crystal coin
[11/5/2022 0:48:58] /i crystal coin
[11/5/2022 0:48:59] /i crystal coin
[11/5/2022 0:49:4] /i crystal coin
[11/5/2022 1:9:7] /goto Jukaxz
[11/5/2022 1:9:53] /goto ronda
[11/5/2022 1:14:43] /goto Jukaxz
[11/5/2022 1:14:59] /t
[11/5/2022 1:16:51] /a 3
[11/5/2022 1:18:4] /goto caruso rush
[11/5/2022 1:18:15] /goto caruso paralyze
[11/5/2022 1:21:3] /up
[11/5/2022 1:25:9] /goto ronda
[11/5/2022 1:26:46] /goto caruso paralyze
[11/5/2022 1:26:53] /i crystal coin
[11/5/2022 1:27:4] /t
[11/5/2022 1:27:46] /i sudden death rune
[11/5/2022 1:30:26] /t
[11/5/2022 1:32:17] /goto carush paralyze
[11/5/2022 1:32:28] /goto caruso paralyze
[11/5/2022 1:33:50] /t
[11/5/2022 1:34:6] /i crystal coin
[11/5/2022 1:34:7] /i crystal coin
[11/5/2022 1:34:7] /i crystal coin
[11/5/2022 1:34:14] /i crystal coin
[11/5/2022 1:34:15] /i crystal coin
[11/5/2022 1:36:34] /ghost
[11/5/2022 1:38:10] /ghost
[11/5/2022 1:38:49] /c Gordexz Dubom
[11/5/2022 1:40:34] /c Gordexz Dubom
[11/5/2022 1:40:55] /goto Gordexz Dubom
[11/5/2022 1:41:17] /c Gordexz Dubom
[11/5/2022 1:41:31] /r
[11/5/2022 1:42:7] /c Gordexz Dubom
[11/5/2022 1:43:3] /m dragon
[11/5/2022 1:54:2] /goto volta pramin
[11/5/2022 1:55:2] /t
[11/5/2022 1:58:28] /ghost
[11/5/2022 2:39:3] /ghost
[11/5/2022 2:39:12] /goto gordexz dubom
[11/5/2022 2:39:34] /i 1544
[11/5/2022 2:39:42] /i 1544
[11/5/2022 2:39:52] /save
[11/5/2022 2:40:38] /a 
[11/5/2022 2:41:27] /c gordexz dubom
[11/5/2022 2:41:31] /c Gordexzera
[11/5/2022 2:41:39] /c caruso paralyze
[11/5/2022 2:51:22] /t
[11/5/2022 2:51:57] /goto zerinho
[11/5/2022 2:52:4] /i crystal coin
[11/5/2022 2:52:49] /t
[11/5/2022 23:23:36] /ghost
[11/5/2022 23:23:41] /goto bandido
[11/5/2022 23:23:48] /goto sante
[11/5/2022 23:25:28] /i hailstorm rod
[11/5/2022 23:25:29] /i hailstorm rod
[11/5/2022 23:26:23] /i Wand of Starstorm
[11/5/2022 23:27:35] /m dragon
[11/5/2022 23:27:48] /t
[11/5/2022 23:29:54] /ghost
[13/5/2022 2:9:9] /goto thor de asgard
[13/5/2022 2:12:12] /down
[13/5/2022 2:20:37] /goto thor de asgard
[13/5/2022 2:26:52] /goto obanai
[13/5/2022 2:27:9] /i 2160
[13/5/2022 2:28:10] /goto ice blue
[13/5/2022 2:39:37] /goto obanai
[13/5/2022 2:49:8] /goto dantas
[13/5/2022 2:49:17] /ghost
[13/5/2022 2:49:29] /i 2160
[13/5/2022 2:50:0] /ghost
[13/5/2022 3:3:26] /c dantas
[13/5/2022 3:3:32] /ghost
[13/5/2022 3:5:44] /ghost
[13/5/2022 3:11:16] /goto dantas
[13/5/2022 3:11:30] /i vip axe
[13/5/2022 3:11:46] /i vip ek shield
[13/5/2022 3:11:52] /i vip ek helmet
[13/5/2022 3:12:14] /i vip scale helmet
[13/5/2022 3:15:4] /goto dantas
[13/5/2022 3:22:7] /t
[13/5/2022 3:27:31] /goto Uusushushuavergs
[13/5/2022 3:27:39] /ghost
[13/5/2022 3:28:7] /goto Usuhusabalaz Again
[13/5/2022 3:28:26] /a 2
[13/5/2022 3:28:33] /up
[13/5/2022 3:28:38] /down
[13/5/2022 3:28:42] /a 3
[13/5/2022 3:28:57] /r
[13/5/2022 3:29:25] /i 355
[13/5/2022 3:29:36] /save
[13/5/2022 3:31:8] /i vip ed shield
[13/5/2022 3:31:45] /t
[13/5/2022 3:32:5] /ghost
[13/5/2022 3:35:24] /goto dantas
[13/5/2022 3:35:41] /i zaoan legs
[13/5/2022 3:36:41] /i zaoan armor
[13/5/2022 3:36:45] /goto dantas
[13/5/2022 3:41:40] /goto dantas
[13/5/2022 3:45:21] /goto dantas
[13/5/2022 3:45:26] /a
[14/5/2022 19:4:52] /goto thor de asgard
[14/5/2022 19:23:9] /i vip boots
[14/5/2022 19:23:14] /i vip boots
[14/5/2022 19:23:32] /i vip ed shield
[14/5/2022 19:23:36] /i vip hat
[14/5/2022 19:23:49] /i vip wand
[14/5/2022 19:24:27] /goto azinhow
[14/5/2022 19:26:17] /i crystal coin
[14/5/2022 19:26:17] /i crystal coin
[14/5/2022 19:29:52] /t
[14/5/2022 19:31:25] /goto thor de asgard
[14/5/2022 19:35:34] /goto thor de asgard
[14/5/2022 19:41:10] /i hailstorm rod
[14/5/2022 19:41:14] /goto azinhow
[14/5/2022 19:41:19] /t
[14/5/2022 19:48:11] /goto Old Kabumm
[14/5/2022 19:48:26] /ghost
[14/5/2022 19:49:55] /t
[14/5/2022 19:49:57] /c Old Kabumm
[14/5/2022 19:51:35] /t
[14/5/2022 19:51:43] /c Old Kabumm
[14/5/2022 19:55:0] /ghost
[14/5/2022 19:58:36] /goto braga
[14/5/2022 19:58:41] /i crystal coin
[14/5/2022 19:58:47] /ghost
[14/5/2022 19:59:47] /t
[14/5/2022 19:59:51] /ghost
[14/5/2022 20:1:19] /goto dragon lord
[14/5/2022 20:1:20] /goto dragon lord
[14/5/2022 20:1:21] /goto dragon lord
[14/5/2022 20:1:22] /goto dragon lord
[14/5/2022 20:1:22] /goto dragon lord
[14/5/2022 20:1:23] /goto dragon lord
[14/5/2022 20:1:24] /goto dragon lord
[14/5/2022 20:1:28] /goto dragon lord
[14/5/2022 20:1:30] /goto dragon lord
[14/5/2022 20:1:31] /goto dragon lord
[14/5/2022 20:1:31] /goto dragon lord
[14/5/2022 20:1:32] /goto dragon lord
[14/5/2022 20:1:33] /goto dragon lord
[14/5/2022 20:1:33] /goto dragon lord
[14/5/2022 20:1:34] /goto dragon lord
[14/5/2022 20:1:35] /goto dragon lord
[14/5/2022 20:1:35] /goto dragon lord
[14/5/2022 20:1:36] /goto dragon lord
[14/5/2022 20:1:37] /goto dragon lord
[14/5/2022 20:1:39] /t
[14/5/2022 20:1:53] /c Old Kabumm
[14/5/2022 20:9:13] /i boots of haste
[14/5/2022 20:19:26] /goto braga
[14/5/2022 20:19:36] /t
[14/5/2022 20:19:53] /goto axis
[14/5/2022 20:20:20] /goto Inmemory Invasor
[14/5/2022 20:23:11] /goto Inmemory Invasor
[14/5/2022 20:31:13] /i sudden death rune
[14/5/2022 20:31:13] /i sudden death rune
[14/5/2022 20:31:14] /i sudden death rune
[14/5/2022 20:31:19] /goto Azinhow
[14/5/2022 20:31:41] /t
[14/5/2022 20:48:52] /i strong mana potion
[14/5/2022 20:48:54] /i strong mana potion
[14/5/2022 20:48:55] /i strong mana potion
[14/5/2022 20:49:6] /goto azinhow
[14/5/2022 20:49:20] /t
[14/5/2022 21:4:47] /i 2160
[14/5/2022 21:5:31] /ghost
[14/5/2022 21:6:44] /i antiguera medal
[14/5/2022 21:8:44] /ghost
[14/5/2022 21:12:9] /goto Volta Pramin
[14/5/2022 21:18:32] /a
[14/5/2022 21:18:35] /r
[14/5/2022 21:18:41] /a
[14/5/2022 21:19:14] /goto pato malo
[14/5/2022 21:21:5] /goto pato malo
[14/5/2022 21:21:17] /a
[14/5/2022 21:21:33] /t
[14/5/2022 21:35:19] /m addoner
[14/5/2022 21:35:22] /s addoner
[14/5/2022 21:36:39] /i strong mana potion
[14/5/2022 21:36:42] /i strong mana potion
[14/5/2022 21:36:42] /i strong mana potion
[14/5/2022 21:36:43] /i strong mana potion
[14/5/2022 21:36:43] /i strong mana potion
[14/5/2022 21:36:51] /goto Azinhow
[14/5/2022 21:37:20] /goto azinhow
[14/5/2022 21:37:21] /i strong mana potion
[14/5/2022 21:42:59] /i platinum coin
[14/5/2022 21:43:11] /i special coin
[14/5/2022 21:44:2] /goto akame ga kill
[14/5/2022 21:44:10] /ghost
[14/5/2022 21:44:30] /ghost
[14/5/2022 21:48:1] /i fire bomb rune
[14/5/2022 21:48:10] /i firebomb runes
[14/5/2022 21:48:18] /i i firebomb rune
[14/5/2022 21:51:2] /goto braga
[14/5/2022 21:51:13] /goto braga
[14/5/2022 21:51:59] /t
[15/5/2022 3:18:16] /goto linguisao
[15/5/2022 3:19:27] /goto jala blanca
[15/5/2022 3:19:55] /goto ektorn
[15/5/2022 3:21:44] /goto caruso paralyze
[15/5/2022 3:22:9] /goto caruso paralyze
[15/5/2022 3:22:20] /goto caruso paralyze
[15/5/2022 3:22:28] /goto caruso paralyze
[15/5/2022 3:22:40] /goto caruso paralyze
[15/5/2022 3:22:47] /goto caruso paralyze
[15/5/2022 3:22:51] /goto caruso paralyze
[15/5/2022 3:22:53] /goto caruso paralyze
[15/5/2022 3:22:55] /goto caruso paralyze
[15/5/2022 3:23:45] /goto caruso paralyze
[15/5/2022 3:23:53] /goto caruso paralyze
[15/5/2022 3:24:46] /goto caruso paralyze
[15/5/2022 3:24:58] /i magic wall rune
[15/5/2022 3:25:21] /a 2
[15/5/2022 3:26:12] /goto caruso paralyze
[15/5/2022 3:31:49] /a 10
[15/5/2022 3:32:53] /a 6
[15/5/2022 3:34:13] /a
[15/5/2022 3:35:9] /a 3
[15/5/2022 3:36:27] /a
[15/5/2022 3:46:21] /goto rafa revoltado
[15/5/2022 3:47:16] /goto caruso paralyze
[15/5/2022 3:47:45] /i rope
[15/5/2022 4:7:24] /goto malbex
[15/5/2022 4:7:29] /goto malbec
[15/5/2022 4:7:49] /a
[15/5/2022 4:7:57] /a
[15/5/2022 4:7:59] /a
[15/5/2022 4:8:8] /a
[15/5/2022 4:11:7] /goto braga
[15/5/2022 4:11:17] /goto transferidor
[15/5/2022 4:22:5] /goto thor de asgard
[15/5/2022 4:24:40] /goto thor de asgard
[15/5/2022 4:36:7] /goto alieligena
[15/5/2022 4:39:25] /goto alieligena
[15/5/2022 4:39:49] /goto tarantula
[15/5/2022 4:39:54] /goto alieligena
[15/5/2022 4:40:4] /goto malbec
[15/5/2022 4:40:11] /goto alieligena
[15/5/2022 4:40:22] /t
[16/5/2022 21:44:12] /a
[16/5/2022 21:45:2] /a
[16/5/2022 21:45:24] /a
[16/5/2022 21:45:56] /a
[17/5/2022 20:21:41] /goto sephiroth
[17/5/2022 20:22:3] /goto sephirot
[17/5/2022 20:22:11] /a
[17/5/2022 20:22:16] /ghost
[17/5/2022 20:22:29] /i vip ed shield
[17/5/2022 20:22:58] /i vip axe
[17/5/2022 20:23:13] /i crystal coin
[17/5/2022 20:23:30] /i special coin
[17/5/2022 20:24:15] /i vip hat
[17/5/2022 20:24:24] /goto sephirot
[17/5/2022 20:25:25] /ghost
[17/5/2022 20:25:30] /t
[17/5/2022 20:28:42] /goto nettoxz
[17/5/2022 20:29:3] /i zoan armor
[17/5/2022 20:29:11] /i zaoan armor
[17/5/2022 20:29:20] /i zaoan legs
[17/5/2022 20:29:31] /i knight armor
[17/5/2022 20:29:44] /i zaoan helmet
[17/5/2022 20:30:5] /i mastermind shield
[17/5/2022 20:33:15] /i blue legs
[17/5/2022 20:33:19] /i focus cape
[17/5/2022 20:33:27] /goto sephirot
[18/5/2022 0:55:52] /goto sephirot
[18/5/2022 0:56:28] /goto nettoxz
[18/5/2022 0:57:3] /t
[18/5/2022 0:58:33] /ghost
[18/5/2022 0:58:42] /ghost
[18/5/2022 0:59:27] /ghost
[18/5/2022 0:59:58] /ghost
[18/5/2022 1:6:58] /goto caruso paralyze
[18/5/2022 1:23:55] /a 4
[18/5/2022 1:25:12] /a
[18/5/2022 1:25:13] /a
[18/5/2022 1:25:15] /a
[18/5/2022 1:25:20] /a
[18/5/2022 1:25:47] /a
[18/5/2022 1:25:48] /a
[18/5/2022 1:25:50] /a
[18/5/2022 1:25:50] /a
[18/5/2022 1:25:50] /a
[18/5/2022 1:25:50] /a
[18/5/2022 1:25:50] /a
[18/5/2022 1:25:50] /a
[18/5/2022 1:25:50] /a
[18/5/2022 1:25:50] /a
[18/5/2022 1:25:50] /a
[18/5/2022 1:25:50] /a
[18/5/2022 1:25:50] /a
[18/5/2022 1:25:50] /a
[18/5/2022 1:25:50] /a
[18/5/2022 1:25:50] /a
[18/5/2022 1:25:50] /a
[18/5/2022 1:25:50] /a
[18/5/2022 1:25:50] /a
[18/5/2022 1:25:51] /a
[18/5/2022 1:25:51] /a
[18/5/2022 1:25:51] /a
[18/5/2022 1:25:51] /a
[18/5/2022 1:25:51] /a
[18/5/2022 1:25:52] /a
[18/5/2022 1:25:54] /a
[18/5/2022 1:25:54] /a
[18/5/2022 1:25:54] /a
[18/5/2022 1:25:54] /a
[18/5/2022 1:25:54] /a
[18/5/2022 1:25:55] /a
[18/5/2022 1:25:55] /a
[18/5/2022 1:25:55] /a
[18/5/2022 1:25:55] /a
[18/5/2022 1:25:55] /a
[18/5/2022 1:25:55] /a
[18/5/2022 1:25:55] /a
[18/5/2022 1:25:55] /a
[18/5/2022 1:25:55] /a
[18/5/2022 1:25:55] /a
[18/5/2022 1:25:55] /a
[18/5/2022 1:25:55] /a
[18/5/2022 1:25:55] /a
[18/5/2022 1:25:55] /a
[18/5/2022 1:25:55] /a
[18/5/2022 1:25:56] /a
[18/5/2022 1:25:57] /a
[18/5/2022 1:25:57] /a
[18/5/2022 1:25:57] /a
[18/5/2022 1:25:57] /a
[18/5/2022 1:25:57] /a
[18/5/2022 1:25:57] /a
[18/5/2022 1:25:57] /a
[18/5/2022 1:25:57] /a
[18/5/2022 1:25:57] /a
[18/5/2022 1:25:57] /a
[18/5/2022 1:25:57] /a
[18/5/2022 1:25:57] /a
[18/5/2022 1:27:13] /a
[18/5/2022 1:28:32] /a
[18/5/2022 1:28:32] /a
[18/5/2022 1:28:32] /a
[18/5/2022 1:28:32] /a
[18/5/2022 1:28:32] /a
[18/5/2022 1:28:32] /a
[18/5/2022 1:28:32] /a
[18/5/2022 1:28:33] /a
[18/5/2022 1:28:33] /a
[18/5/2022 1:28:33] /a
[18/5/2022 1:28:33] /a
[18/5/2022 1:28:33] /a
[18/5/2022 1:28:33] /a
[18/5/2022 1:28:33] /a
[18/5/2022 1:28:33] /a
[18/5/2022 1:28:33] /a
[18/5/2022 1:28:33] /a
[18/5/2022 1:28:33] /a
[18/5/2022 1:28:33] /a
[18/5/2022 1:28:33] /a
[18/5/2022 1:28:33] /a
[18/5/2022 1:28:33] /a
[18/5/2022 1:28:33] /a
[18/5/2022 1:28:33] /a
[18/5/2022 1:28:33] /a
[18/5/2022 1:28:33] /a
[18/5/2022 1:28:33] /a
[18/5/2022 1:28:33] /a
[18/5/2022 1:28:33] /a
[18/5/2022 1:28:33] /a
[18/5/2022 1:28:33] /a
[18/5/2022 1:28:33] /a
[18/5/2022 1:28:33] /a
[18/5/2022 1:28:33] /a
[18/5/2022 1:28:33] /a
[18/5/2022 1:28:33] /a
[18/5/2022 1:28:33] /a
[18/5/2022 1:28:33] /a
[18/5/2022 1:28:33] /a
[18/5/2022 1:28:33] /a
[18/5/2022 1:28:34] /a
[18/5/2022 1:28:34] /a
[18/5/2022 1:28:34] /a
[18/5/2022 1:28:34] /a
[18/5/2022 1:28:34] /a
[18/5/2022 1:28:35] /a
[18/5/2022 1:28:35] /a
[18/5/2022 1:28:35] /a
[18/5/2022 1:28:35] /a
[18/5/2022 1:28:35] /a
[18/5/2022 1:28:35] /a
[18/5/2022 1:28:35] /a
[18/5/2022 1:28:35] /a
[18/5/2022 1:28:35] /a
[18/5/2022 1:28:35] /a
[18/5/2022 1:28:35] /a
[18/5/2022 1:28:35] /a
[18/5/2022 1:28:35] /a
[18/5/2022 1:28:35] /a
[18/5/2022 1:28:35] /a
[18/5/2022 1:28:35] /a
[18/5/2022 1:28:35] /a
[18/5/2022 1:28:35] /a
[18/5/2022 1:28:35] /a
[18/5/2022 1:28:35] /a
[18/5/2022 1:28:35] /a
[18/5/2022 1:28:35] /a
[18/5/2022 1:28:35] /a
[18/5/2022 1:28:35] /a
[18/5/2022 1:28:35] /a
[18/5/2022 1:28:35] /a
[18/5/2022 1:28:35] /a
[18/5/2022 1:28:35] /a
[18/5/2022 1:28:35] /a
[18/5/2022 1:28:35] /a
[18/5/2022 1:28:36] /a
[18/5/2022 1:28:36] /a
[18/5/2022 1:28:36] /a
[18/5/2022 1:28:36] /a
[18/5/2022 1:28:36] /a
[18/5/2022 1:28:36] /a
[18/5/2022 1:28:36] /a
[18/5/2022 1:28:40] /a
[18/5/2022 1:28:40] /a
[18/5/2022 1:28:40] /a
[18/5/2022 1:28:40] /a
[18/5/2022 1:28:40] /a
[18/5/2022 1:28:40] /a
[18/5/2022 1:28:40] /a
[18/5/2022 1:28:40] /a
[18/5/2022 1:28:40] /a
[18/5/2022 1:28:41] /a
[18/5/2022 1:28:41] /a
[18/5/2022 1:28:41] /a
[18/5/2022 1:28:41] /a
[18/5/2022 1:28:41] /a
[18/5/2022 1:28:41] /a
[18/5/2022 1:28:41] /a
[18/5/2022 1:28:41] /a
[18/5/2022 1:28:41] /a
[18/5/2022 1:28:41] /a
[18/5/2022 1:28:41] /a
[18/5/2022 1:28:41] /a
[18/5/2022 1:28:41] /a
[18/5/2022 1:28:41] /a
[18/5/2022 1:28:41] /a
[18/5/2022 1:28:41] /a
[18/5/2022 1:28:41] /a
[18/5/2022 1:28:41] /a
[18/5/2022 1:28:41] /a
[18/5/2022 1:28:41] /a
[18/5/2022 1:28:41] /a
[18/5/2022 1:28:41] /a
[18/5/2022 1:28:41] /a
[18/5/2022 1:28:41] /a
[18/5/2022 1:28:41] /a
[18/5/2022 1:28:41] /a
[18/5/2022 1:28:41] /a
[18/5/2022 1:28:41] /a
[18/5/2022 1:28:41] /a
[18/5/2022 1:28:41] /a
[18/5/2022 1:28:45] /a
[18/5/2022 1:28:45] /a
[18/5/2022 1:28:45] /a
[18/5/2022 1:28:45] /a
[18/5/2022 1:28:45] /a
[18/5/2022 1:28:45] /a
[18/5/2022 1:28:45] /a
[18/5/2022 1:28:45] /a
[18/5/2022 1:28:45] /a
[18/5/2022 1:28:45] /a
[18/5/2022 1:28:45] /a
[18/5/2022 1:28:45] /a
[18/5/2022 1:28:45] /a
[18/5/2022 1:28:45] /a
[18/5/2022 1:28:45] /a
[18/5/2022 1:28:45] /a
[18/5/2022 1:28:46] /a
[18/5/2022 1:28:46] /a
[18/5/2022 1:28:46] /a
[18/5/2022 1:28:46] /a
[18/5/2022 1:28:46] /a
[18/5/2022 1:28:46] /a
[18/5/2022 1:28:46] /a
[18/5/2022 1:28:46] /a
[18/5/2022 1:28:46] /a
[18/5/2022 1:28:46] /a
[18/5/2022 1:28:46] /a
[18/5/2022 1:28:46] /a
[18/5/2022 1:28:46] /a
[18/5/2022 1:28:46] /a
[18/5/2022 1:28:46] /a
[18/5/2022 1:28:46] /a
[18/5/2022 1:28:46] /a
[18/5/2022 1:28:46] /a
[18/5/2022 1:28:46] /a
[18/5/2022 1:28:46] /a
[18/5/2022 1:28:46] /a
[18/5/2022 1:28:46] /a
[18/5/2022 1:28:46] /a
[18/5/2022 1:28:46] /a
[18/5/2022 1:28:46] /a
[18/5/2022 1:28:46] /a
[18/5/2022 1:28:46] /a
[18/5/2022 1:28:46] /a
[18/5/2022 1:28:46] /a
[18/5/2022 1:28:46] /a
[18/5/2022 1:28:46] /a
[18/5/2022 1:28:59] /goto baguinha kush
[18/5/2022 1:29:7] /a
[18/5/2022 1:29:8] /a
[18/5/2022 1:29:9] /a
[18/5/2022 1:29:9] /a
[18/5/2022 1:29:9] /a
[18/5/2022 1:29:11] /a
[18/5/2022 1:29:17] /a
[18/5/2022 1:29:17] /a
[18/5/2022 1:29:17] /a
[18/5/2022 1:29:36] /a
[18/5/2022 1:29:38] /a
[18/5/2022 1:36:2] /goto respect mrk
[18/5/2022 1:36:56] /a
[18/5/2022 1:36:57] /a
[18/5/2022 1:38:22] /i avalanche rune
[18/5/2022 1:38:24] /i avalanche rune
[18/5/2022 1:38:25] /i avalanche rune
[18/5/2022 1:38:26] /i avalanche rune
[18/5/2022 1:41:31] /a
[18/5/2022 1:41:40] /goto caruso paralyze
[18/5/2022 1:41:43] /a
[18/5/2022 1:41:44] /a
[18/5/2022 1:41:44] /a
[18/5/2022 1:41:45] /a
[18/5/2022 1:42:39] /goto Baguinha Kush
[18/5/2022 1:42:52] /a
[18/5/2022 1:42:53] /a
[18/5/2022 1:44:19] /a
[18/5/2022 1:44:25] /goto Baguinha Kush
[18/5/2022 1:44:27] /a
[18/5/2022 1:44:27] /a
[18/5/2022 1:44:28] /a
[18/5/2022 1:44:28] /a
[18/5/2022 1:44:30] /a
[18/5/2022 1:55:7] /a
[18/5/2022 1:55:8] /a
[18/5/2022 1:55:9] /a
[18/5/2022 1:55:9] /a
[18/5/2022 1:55:9] /a
[18/5/2022 1:55:9] /a
[18/5/2022 1:55:9] /a
[18/5/2022 1:55:9] /a
[18/5/2022 1:55:9] /a
[18/5/2022 1:55:9] /a
[18/5/2022 1:55:9] /a
[18/5/2022 1:55:9] /a
[18/5/2022 1:55:9] /a
[18/5/2022 1:55:10] /a
[18/5/2022 1:55:10] /a
[18/5/2022 1:55:10] /a
[18/5/2022 1:55:10] /a
[18/5/2022 1:55:10] /a
[18/5/2022 1:55:10] /a
[18/5/2022 1:55:10] /a
[18/5/2022 1:55:10] /a
[18/5/2022 1:55:10] /a
[18/5/2022 1:55:10] /a
[18/5/2022 1:55:10] /a
[18/5/2022 1:55:10] /a
[18/5/2022 1:55:10] /a
[18/5/2022 1:55:10] /a
[18/5/2022 1:55:10] /a
[18/5/2022 1:55:10] /a
[18/5/2022 1:55:10] /a
[18/5/2022 1:55:10] /a
[18/5/2022 1:55:10] /a
[18/5/2022 1:55:10] /a
[18/5/2022 1:55:10] /a
[18/5/2022 1:55:10] /a
[18/5/2022 1:55:10] /a
[18/5/2022 1:55:10] /a
[18/5/2022 1:55:10] /a
[18/5/2022 1:55:10] /a
[18/5/2022 1:55:10] /a
[18/5/2022 1:55:10] /a
[18/5/2022 1:55:10] /a
[18/5/2022 1:55:10] /a
[18/5/2022 1:55:11] /a
[18/5/2022 1:55:11] /a
[18/5/2022 1:55:11] /a
[18/5/2022 1:55:11] /a
[18/5/2022 1:55:11] /a
[18/5/2022 1:55:11] /a
[18/5/2022 1:55:11] /a
[18/5/2022 1:55:11] /a
[18/5/2022 1:55:11] /a
[18/5/2022 1:55:11] /a
[18/5/2022 1:55:11] /a
[18/5/2022 1:55:11] /a
[18/5/2022 1:55:11] /a
[18/5/2022 1:55:11] /a
[18/5/2022 1:55:11] /a
[18/5/2022 1:55:11] /a
[18/5/2022 1:55:11] /a
[18/5/2022 1:55:11] /a
[18/5/2022 1:55:11] /a
[18/5/2022 1:55:17] /a
[18/5/2022 1:55:18] /a
[18/5/2022 1:55:18] /a
[18/5/2022 1:55:18] /a
[18/5/2022 1:55:18] /a
[18/5/2022 1:55:18] /a
[18/5/2022 1:55:18] /a
[18/5/2022 1:55:18] /a
[18/5/2022 1:55:18] /a
[18/5/2022 1:55:18] /a
[18/5/2022 1:55:18] /a
[18/5/2022 1:55:18] /a
[18/5/2022 1:55:18] /a
[18/5/2022 1:55:18] /a
[18/5/2022 1:55:18] /a
[18/5/2022 1:55:20] /a
[18/5/2022 1:55:20] /a
[18/5/2022 1:55:20] /a
[18/5/2022 1:55:20] /a
[18/5/2022 1:55:20] /a
[18/5/2022 1:55:20] /a
[18/5/2022 1:55:20] /a
[18/5/2022 1:55:21] /a
[18/5/2022 1:55:21] /a
[18/5/2022 1:55:21] /a
[18/5/2022 1:55:21] /a
[18/5/2022 1:55:21] /a
[18/5/2022 1:55:21] /a
[18/5/2022 1:55:21] /a
[18/5/2022 1:55:21] /a
[18/5/2022 1:55:21] /a
[18/5/2022 1:55:21] /a
[18/5/2022 1:55:21] /a
[18/5/2022 1:55:21] /a
[18/5/2022 1:55:21] /a
[18/5/2022 1:55:21] /a
[18/5/2022 1:55:27] /a
[18/5/2022 1:55:27] /a
[18/5/2022 1:55:28] /a
[18/5/2022 1:55:28] /a
[18/5/2022 1:55:28] /a
[18/5/2022 1:55:28] /a
[18/5/2022 1:55:28] /a
[18/5/2022 1:55:28] /a
[18/5/2022 1:55:28] /a
[18/5/2022 1:55:30] /a
[18/5/2022 1:55:36] /a
[18/5/2022 1:55:37] /a
[18/5/2022 1:55:38] /a
[18/5/2022 1:56:39] /r
[18/5/2022 1:57:36] /goto ogum
[18/5/2022 1:59:20] /goto ogum
[18/5/2022 2:0:6] /goto ogum
[18/5/2022 2:0:19] /a
[18/5/2022 2:0:19] /a
[18/5/2022 2:0:19] /a
[18/5/2022 2:0:19] /a
[18/5/2022 2:0:19] /a
[18/5/2022 2:0:19] /a
[18/5/2022 2:0:19] /a
[18/5/2022 2:0:19] /a
[18/5/2022 2:0:19] /a
[18/5/2022 2:0:19] /a
[18/5/2022 2:0:19] /a
[18/5/2022 2:0:19] /a
[18/5/2022 2:0:19] /a
[18/5/2022 2:0:19] /a
[18/5/2022 2:0:19] /a
[18/5/2022 2:0:19] /a
[18/5/2022 2:0:20] /a
[18/5/2022 2:0:20] /a
[18/5/2022 2:0:20] /a
[18/5/2022 2:0:20] /a
[18/5/2022 2:0:20] /a
[18/5/2022 2:0:20] /a
[18/5/2022 2:0:20] /a
[18/5/2022 2:0:20] /a
[18/5/2022 2:0:20] /a
[18/5/2022 2:0:20] /a
[18/5/2022 2:0:20] /a
[18/5/2022 2:0:20] /a
[18/5/2022 2:0:20] /a
[18/5/2022 2:0:20] /a
[18/5/2022 2:0:21] /a
[18/5/2022 2:0:21] /a
[18/5/2022 2:0:21] /a
[18/5/2022 2:0:21] /a
[18/5/2022 2:0:21] /a
[18/5/2022 2:0:21] /a
[18/5/2022 2:0:22] /a
[18/5/2022 2:0:22] /a
[18/5/2022 2:0:22] /a
[18/5/2022 2:0:22] /a
[18/5/2022 2:0:22] /a
[18/5/2022 2:0:22] /a
[18/5/2022 2:0:22] /a
[18/5/2022 2:0:22] /a
[18/5/2022 2:0:22] /a
[18/5/2022 2:0:22] /a
[18/5/2022 2:0:22] /a
[18/5/2022 2:0:22] /a
[18/5/2022 2:0:22] /a
[18/5/2022 2:0:23] /a
[18/5/2022 2:0:24] /a
[18/5/2022 2:0:24] /a
[18/5/2022 2:0:24] /a
[18/5/2022 2:0:24] /a
[18/5/2022 2:0:24] /a
[18/5/2022 2:0:24] /a
[18/5/2022 2:0:24] /a
[18/5/2022 2:0:24] /a
[18/5/2022 2:0:24] /a
[18/5/2022 2:0:24] /a
[18/5/2022 2:0:24] /a
[18/5/2022 2:0:24] /a
[18/5/2022 2:0:24] /a
[18/5/2022 2:0:24] /a
[18/5/2022 2:0:24] /a
[18/5/2022 2:0:24] /a
[18/5/2022 2:0:24] /a
[18/5/2022 2:0:24] /a
[18/5/2022 2:0:24] /a
[18/5/2022 2:0:24] /a
[18/5/2022 2:0:24] /a
[18/5/2022 2:0:24] /a
[18/5/2022 2:0:24] /a
[18/5/2022 2:0:24] /a
[18/5/2022 2:0:24] /a
[18/5/2022 2:0:24] /a
[18/5/2022 2:0:24] /a
[18/5/2022 2:0:24] /a
[18/5/2022 2:0:24] /a
[18/5/2022 2:0:24] /a
[18/5/2022 2:0:25] /a
[18/5/2022 2:0:25] /a
[18/5/2022 2:0:25] /a
[18/5/2022 2:0:25] /a
[18/5/2022 2:0:25] /a
[18/5/2022 2:0:25] /a
[18/5/2022 2:0:25] /a
[18/5/2022 2:0:25] /a
[18/5/2022 2:0:25] /a
[18/5/2022 2:0:25] /a
[18/5/2022 2:0:25] /a
[18/5/2022 2:0:25] /a
[18/5/2022 2:0:25] /a
[18/5/2022 2:0:26] /a
[18/5/2022 2:0:26] /a
[18/5/2022 2:0:26] /a
[18/5/2022 2:0:26] /a
[18/5/2022 2:0:26] /a
[18/5/2022 2:0:26] /a
[18/5/2022 2:0:26] /a
[18/5/2022 2:0:26] /a
[18/5/2022 2:0:26] /a
[18/5/2022 2:0:26] /a
[18/5/2022 2:0:26] /a
[18/5/2022 2:0:26] /a
[18/5/2022 2:0:26] /a
[18/5/2022 2:0:26] /a
[18/5/2022 2:0:26] /a
[18/5/2022 2:0:29] /a
[18/5/2022 2:0:30] /a
[18/5/2022 2:0:30] /a
[18/5/2022 2:0:30] /a
[18/5/2022 2:0:30] /a
[18/5/2022 2:0:30] /a
[18/5/2022 2:0:30] /a
[18/5/2022 2:0:30] /a
[18/5/2022 2:0:30] /a
[18/5/2022 2:0:30] /a
[18/5/2022 2:0:30] /a
[18/5/2022 2:0:30] /a
[18/5/2022 2:0:30] /a
[18/5/2022 2:0:30] /a
[18/5/2022 2:0:30] /a
[18/5/2022 2:0:30] /a
[18/5/2022 2:0:30] /a
[18/5/2022 2:0:30] /a
[18/5/2022 2:0:30] /a
[18/5/2022 2:0:30] /a
[18/5/2022 2:0:30] /a
[18/5/2022 2:0:31] /a
[18/5/2022 2:0:31] /a
[18/5/2022 2:0:31] /a
[18/5/2022 2:0:31] /a
[18/5/2022 2:0:31] /a
[18/5/2022 2:0:31] /a
[18/5/2022 2:0:31] /a
[18/5/2022 2:0:31] /a
[18/5/2022 2:0:31] /a
[18/5/2022 2:0:31] /a
[18/5/2022 2:0:32] /a
[18/5/2022 2:0:32] /a
[18/5/2022 2:0:32] /a
[18/5/2022 2:0:32] /a
[18/5/2022 2:0:32] /a
[18/5/2022 2:0:32] /a
[18/5/2022 2:0:32] /a
[18/5/2022 2:0:32] /a
[18/5/2022 2:0:32] /a
[18/5/2022 2:0:32] /a
[18/5/2022 2:0:32] /a
[18/5/2022 2:0:32] /a
[18/5/2022 2:0:32] /a
[18/5/2022 2:0:33] /a
[18/5/2022 2:0:33] /a
[18/5/2022 2:0:33] /a
[18/5/2022 2:0:33] /a
[18/5/2022 2:0:33] /a
[18/5/2022 2:0:33] /a
[18/5/2022 2:0:33] /a
[18/5/2022 2:0:33] /a
[18/5/2022 2:0:33] /a
[18/5/2022 2:0:33] /a
[18/5/2022 2:0:33] /a
[18/5/2022 2:0:33] /a
[18/5/2022 2:0:33] /a
[18/5/2022 2:0:33] /a
[18/5/2022 2:0:33] /a
[18/5/2022 2:0:33] /a
[18/5/2022 2:0:34] /a
[18/5/2022 2:0:34] /a
[18/5/2022 2:0:34] /a
[18/5/2022 2:0:34] /a
[18/5/2022 2:0:34] /a
[18/5/2022 2:0:34] /a
[18/5/2022 2:0:34] /a
[18/5/2022 2:0:34] /a
[18/5/2022 2:0:34] /a
[18/5/2022 2:0:34] /a
[18/5/2022 2:0:34] /a
[18/5/2022 2:0:34] /a
[18/5/2022 2:0:34] /a
[18/5/2022 2:0:34] /a
[18/5/2022 2:0:34] /a
[18/5/2022 2:0:34] /a
[18/5/2022 2:0:34] /a
[18/5/2022 2:0:34] /a
[18/5/2022 2:0:34] /a
[18/5/2022 2:0:34] /a
[18/5/2022 2:0:34] /a
[18/5/2022 2:0:34] /a
[18/5/2022 2:0:34] /a
[18/5/2022 2:0:34] /a
[18/5/2022 2:0:34] /a
[18/5/2022 2:0:34] /a
[18/5/2022 2:0:46] /a
[18/5/2022 2:0:48] /a
[18/5/2022 2:0:48] /a
[18/5/2022 2:0:48] /a
[18/5/2022 2:0:50] /a
[18/5/2022 2:0:50] /a
[18/5/2022 2:0:50] /a
[18/5/2022 2:0:50] /a
[18/5/2022 2:0:50] /a
[18/5/2022 2:0:50] /a
[18/5/2022 2:0:50] /a
[18/5/2022 2:0:50] /a
[18/5/2022 2:0:50] /a
[18/5/2022 2:0:50] /a
[18/5/2022 2:0:51] /a
[18/5/2022 2:0:51] /a
[18/5/2022 2:0:51] /a
[18/5/2022 2:0:51] /a
[18/5/2022 2:0:51] /a
[18/5/2022 2:0:51] /a
[18/5/2022 2:0:51] /a
[18/5/2022 2:0:51] /a
[18/5/2022 2:0:51] /a
[18/5/2022 2:0:51] /a
[18/5/2022 2:0:51] /a
[18/5/2022 2:0:51] /a
[18/5/2022 2:0:51] /a
[18/5/2022 2:0:51] /a
[18/5/2022 2:0:51] /a
[18/5/2022 2:0:51] /a
[18/5/2022 2:0:51] /a
[18/5/2022 2:0:51] /a
[18/5/2022 2:0:51] /a
[18/5/2022 2:0:58] /a
[18/5/2022 2:0:59] /a
[18/5/2022 2:1:48] /a
[18/5/2022 2:1:48] /a
[18/5/2022 2:1:50] /a
[18/5/2022 2:1:50] /a
[18/5/2022 2:1:50] /a
[18/5/2022 2:1:50] /a
[18/5/2022 2:1:50] /a
[18/5/2022 2:1:50] /a
[18/5/2022 2:1:50] /a
[18/5/2022 2:1:50] /a
[18/5/2022 2:1:50] /a
[18/5/2022 2:1:50] /a
[18/5/2022 2:1:50] /a
[18/5/2022 2:1:50] /a
[18/5/2022 2:1:51] /a
[18/5/2022 2:1:51] /a
[18/5/2022 2:1:51] /a
[18/5/2022 2:1:51] /a
[18/5/2022 2:1:51] /a
[18/5/2022 2:1:51] /a
[18/5/2022 2:1:51] /a
[18/5/2022 2:1:51] /a
[18/5/2022 2:1:51] /a
[18/5/2022 2:1:51] /a
[18/5/2022 2:1:51] /a
[18/5/2022 2:1:51] /a
[18/5/2022 2:1:52] /a
[18/5/2022 2:1:52] /a
[18/5/2022 2:1:52] /a
[18/5/2022 2:1:52] /a
[18/5/2022 2:1:52] /a
[18/5/2022 2:1:52] /a
[18/5/2022 2:1:52] /a
[18/5/2022 2:1:52] /a
[18/5/2022 2:1:52] /a
[18/5/2022 2:1:52] /a
[18/5/2022 2:1:52] /a
[18/5/2022 2:1:53] /a
[18/5/2022 2:1:53] /a
[18/5/2022 2:1:53] /a
[18/5/2022 2:1:53] /a
[18/5/2022 2:1:53] /a
[18/5/2022 2:1:53] /a
[18/5/2022 2:1:53] /a
[18/5/2022 2:1:53] /a
[18/5/2022 2:1:53] /a
[18/5/2022 2:1:53] /a
[18/5/2022 2:1:53] /a
[18/5/2022 2:1:53] /a
[18/5/2022 2:1:54] /a
[18/5/2022 2:1:54] /a
[18/5/2022 2:1:54] /a
[18/5/2022 2:1:54] /a
[18/5/2022 2:1:54] /a
[18/5/2022 2:1:54] /a
[18/5/2022 2:1:54] /a
[18/5/2022 2:1:54] /a
[18/5/2022 2:1:54] /a
[18/5/2022 2:1:54] /a
[18/5/2022 2:1:54] /a
[18/5/2022 2:1:54] /a
[18/5/2022 2:1:54] /a
[18/5/2022 2:1:54] /a
[18/5/2022 2:1:54] /a
[18/5/2022 2:1:54] /a
[18/5/2022 2:1:54] /a
[18/5/2022 2:1:55] /a
[18/5/2022 2:1:56] /a
[18/5/2022 2:2:4] /a
[18/5/2022 2:2:6] /a
[18/5/2022 2:2:8] /a
[18/5/2022 2:2:9] /a
[18/5/2022 2:2:10] /a
[18/5/2022 2:2:10] /a
[18/5/2022 2:2:11] /a
[18/5/2022 2:3:8] /a
[18/5/2022 2:3:10] /a
[18/5/2022 2:3:11] /a
[18/5/2022 2:3:12] /a
[18/5/2022 2:3:12] /a
[18/5/2022 2:3:12] /a
[18/5/2022 2:3:14] /a
[18/5/2022 2:3:18] /a
[18/5/2022 2:3:50] /a
[18/5/2022 2:3:51] /a
[18/5/2022 2:3:51] /a
[18/5/2022 2:3:51] /a
[18/5/2022 2:3:51] /a
[18/5/2022 2:3:51] /a
[18/5/2022 2:3:51] /a
[18/5/2022 2:3:51] /a
[18/5/2022 2:3:51] /a
[18/5/2022 2:3:51] /a
[18/5/2022 2:3:51] /a
[18/5/2022 2:3:51] /a
[18/5/2022 2:3:51] /a
[18/5/2022 2:3:51] /a
[18/5/2022 2:3:51] /a
[18/5/2022 2:3:51] /a
[18/5/2022 2:3:51] /a
[18/5/2022 2:3:51] /a
[18/5/2022 2:3:51] /a
[18/5/2022 2:3:51] /a
[18/5/2022 2:3:51] /a
[18/5/2022 2:3:51] /a
[18/5/2022 2:3:51] /a
[18/5/2022 2:3:51] /a
[18/5/2022 2:3:51] /a
[18/5/2022 2:3:52] /a
[18/5/2022 2:3:52] /a
[18/5/2022 2:3:52] /a
[18/5/2022 2:3:52] /a
[18/5/2022 2:3:52] /a
[18/5/2022 2:3:52] /a
[18/5/2022 2:3:52] /a
[18/5/2022 2:3:52] /a
[18/5/2022 2:3:52] /a
[18/5/2022 2:3:52] /a
[18/5/2022 2:3:52] /a
[18/5/2022 2:3:52] /a
[18/5/2022 2:3:52] /a
[18/5/2022 2:3:53] /a
[18/5/2022 2:3:54] /a
[18/5/2022 2:3:54] /a
[18/5/2022 2:3:54] /a
[18/5/2022 2:3:54] /a
[18/5/2022 2:3:54] /a
[18/5/2022 2:3:54] /a
[18/5/2022 2:3:54] /a
[18/5/2022 2:3:54] /a
[18/5/2022 2:3:54] /a
[18/5/2022 2:3:54] /a
[18/5/2022 2:3:54] /a
[18/5/2022 2:3:54] /a
[18/5/2022 2:3:54] /a
[18/5/2022 2:3:54] /a
[18/5/2022 2:3:54] /a
[18/5/2022 2:3:54] /a
[18/5/2022 2:3:54] /a
[18/5/2022 2:3:54] /a
[18/5/2022 2:3:54] /a
[18/5/2022 2:3:54] /a
[18/5/2022 2:3:55] /a
[18/5/2022 2:3:56] /a
[18/5/2022 2:3:56] /a
[18/5/2022 2:3:56] /a
[18/5/2022 2:3:57] /a
[18/5/2022 2:3:57] /a
[18/5/2022 2:3:57] /a
[18/5/2022 2:3:57] /a
[18/5/2022 2:3:59] /a
[18/5/2022 2:3:59] /a
[18/5/2022 2:4:3] /a
[18/5/2022 2:4:5] /a
[18/5/2022 2:4:6] /a
[18/5/2022 2:4:6] /a
[18/5/2022 2:4:6] /a
[18/5/2022 2:4:6] /a
[18/5/2022 2:4:6] /a
[18/5/2022 2:4:6] /a
[18/5/2022 2:4:6] /a
[18/5/2022 2:4:6] /a
[18/5/2022 2:4:6] /a
[18/5/2022 2:4:6] /a
[18/5/2022 2:4:6] /a
[18/5/2022 2:4:6] /a
[18/5/2022 2:4:6] /a
[18/5/2022 2:4:6] /a
[18/5/2022 2:4:6] /a
[18/5/2022 2:4:6] /a
[18/5/2022 2:4:6] /a
[18/5/2022 2:4:6] /a
[18/5/2022 2:4:6] /a
[18/5/2022 2:4:6] /a
[18/5/2022 2:4:6] /a
[18/5/2022 2:4:8] /a
[18/5/2022 2:4:8] /a
[18/5/2022 2:4:9] /a
[18/5/2022 2:4:9] /a
[18/5/2022 2:4:22] /a
[18/5/2022 2:4:22] /a
[18/5/2022 2:4:22] /a
[18/5/2022 2:4:22] /a
[18/5/2022 2:4:22] /a
[18/5/2022 2:4:22] /a
[18/5/2022 2:4:22] /a
[18/5/2022 2:4:22] /a
[18/5/2022 2:4:22] /a
[18/5/2022 2:4:22] /a
[18/5/2022 2:4:23] /a
[18/5/2022 2:4:23] /a
[18/5/2022 2:4:23] /a
[18/5/2022 2:4:23] /a
[18/5/2022 2:4:23] /a
[18/5/2022 2:4:23] /a
[18/5/2022 2:4:23] /a
[18/5/2022 2:4:23] /a
[18/5/2022 2:4:23] /a
[18/5/2022 2:4:25] /a
[18/5/2022 2:4:25] /a
[18/5/2022 2:4:26] /a
[18/5/2022 2:4:26] /a
[18/5/2022 2:4:26] /a
[18/5/2022 2:4:26] /a
[18/5/2022 2:4:26] /a
[18/5/2022 2:4:26] /a
[18/5/2022 2:4:26] /a
[18/5/2022 2:4:26] /a
[18/5/2022 2:4:26] /a
[18/5/2022 2:4:26] /a
[18/5/2022 2:4:26] /a
[18/5/2022 2:4:26] /a
[18/5/2022 2:4:26] /a
[18/5/2022 2:4:26] /a
[18/5/2022 2:4:26] /a
[18/5/2022 2:4:26] /a
[18/5/2022 2:4:26] /a
[18/5/2022 2:4:26] /a
[18/5/2022 2:4:27] /a
[18/5/2022 2:4:27] /a
[18/5/2022 2:4:27] /a
[18/5/2022 2:4:27] /a
[18/5/2022 2:4:27] /a
[18/5/2022 2:4:27] /a
[18/5/2022 2:4:27] /a
[18/5/2022 2:4:27] /a
[18/5/2022 2:4:27] /a
[18/5/2022 2:4:27] /a
[18/5/2022 2:4:27] /a
[18/5/2022 2:4:27] /a
[18/5/2022 2:4:27] /a
[18/5/2022 2:4:27] /a
[18/5/2022 2:4:27] /a
[18/5/2022 2:4:28] /a
[18/5/2022 2:4:28] /a
[18/5/2022 2:4:28] /a
[18/5/2022 2:4:28] /a
[18/5/2022 2:4:28] /a
[18/5/2022 2:4:28] /a
[18/5/2022 2:4:28] /a
[18/5/2022 2:4:28] /a
[18/5/2022 2:4:28] /a
[18/5/2022 2:4:28] /a
[18/5/2022 2:4:28] /a
[18/5/2022 2:4:28] /a
[18/5/2022 2:4:28] /a
[18/5/2022 2:4:28] /a
[18/5/2022 2:4:28] /a
[18/5/2022 2:4:28] /a
[18/5/2022 2:4:28] /a
[18/5/2022 2:4:28] /a
[18/5/2022 2:4:28] /a
[18/5/2022 2:4:28] /a
[18/5/2022 2:4:29] /a
[18/5/2022 2:4:30] /a
[18/5/2022 2:4:30] /a
[18/5/2022 2:4:30] /a
[18/5/2022 2:4:30] /a
[18/5/2022 2:4:30] /a
[18/5/2022 2:4:30] /a
[18/5/2022 2:4:30] /a
[18/5/2022 2:4:30] /a
[18/5/2022 2:4:30] /a
[18/5/2022 2:4:30] /a
[18/5/2022 2:4:30] /a
[18/5/2022 2:4:30] /a
[18/5/2022 2:4:30] /a
[18/5/2022 2:4:30] /a
[18/5/2022 2:4:30] /a
[18/5/2022 2:4:30] /a
[18/5/2022 2:4:30] /a
[18/5/2022 2:4:30] /a
[18/5/2022 2:4:30] /a
[18/5/2022 2:4:30] /a
[18/5/2022 2:4:30] /a
[18/5/2022 2:4:30] /a
[18/5/2022 2:4:31] /a
[18/5/2022 2:4:31] /a
[18/5/2022 2:4:31] /a
[18/5/2022 2:4:31] /a
[18/5/2022 2:4:31] /a
[18/5/2022 2:4:31] /a
[18/5/2022 2:4:32] /a
[18/5/2022 2:4:32] /a
[18/5/2022 2:4:32] /a
[18/5/2022 2:4:32] /a
[18/5/2022 2:4:32] /a
[18/5/2022 2:4:32] /a
[18/5/2022 2:4:32] /a
[18/5/2022 2:4:32] /a
[18/5/2022 2:4:32] /a
[18/5/2022 2:4:32] /a
[18/5/2022 2:4:32] /a
[18/5/2022 2:4:32] /a
[18/5/2022 2:4:32] /a
[18/5/2022 2:4:32] /a
[18/5/2022 2:4:32] /a
[18/5/2022 2:4:32] /a
[18/5/2022 2:4:32] /a
[18/5/2022 2:4:32] /a
[18/5/2022 2:4:32] /a
[18/5/2022 2:4:32] /a
[18/5/2022 2:4:32] /a
[18/5/2022 2:4:32] /a
[18/5/2022 2:4:32] /a
[18/5/2022 2:4:32] /a
[18/5/2022 2:4:32] /a
[18/5/2022 2:4:32] /a
[18/5/2022 2:4:37] /a
[18/5/2022 2:4:38] /a
[18/5/2022 2:4:39] /a
[18/5/2022 2:4:39] /a
[18/5/2022 2:4:39] /a
[18/5/2022 2:4:39] /a
[18/5/2022 2:4:39] /a
[18/5/2022 2:4:39] /a
[18/5/2022 2:4:39] /a
[18/5/2022 2:4:39] /a
[18/5/2022 2:4:39] /a
[18/5/2022 2:4:39] /a
[18/5/2022 2:4:39] /a
[18/5/2022 2:4:39] /a
[18/5/2022 2:4:39] /a
[18/5/2022 2:4:39] /a
[18/5/2022 2:4:39] /a
[18/5/2022 2:4:39] /a
[18/5/2022 2:4:39] /a
[18/5/2022 2:4:39] /a
[18/5/2022 2:4:40] /a
[18/5/2022 2:4:41] /a
[18/5/2022 2:4:41] /a
[18/5/2022 2:4:56] /a
[18/5/2022 2:4:56] /a
[18/5/2022 2:5:0] /a
[18/5/2022 2:5:40] /a
[18/5/2022 2:5:41] /a
[18/5/2022 2:5:41] /a
[18/5/2022 2:5:41] /a
[18/5/2022 2:5:41] /a
[18/5/2022 2:5:41] /a
[18/5/2022 2:5:41] /a
[18/5/2022 2:5:41] /a
[18/5/2022 2:5:41] /a
[18/5/2022 2:5:41] /a
[18/5/2022 2:5:41] /a
[18/5/2022 2:5:41] /a
[18/5/2022 2:5:41] /a
[18/5/2022 2:5:41] /a
[18/5/2022 2:5:41] /a
[18/5/2022 2:5:41] /a
[18/5/2022 2:5:41] /a
[18/5/2022 2:5:41] /a
[18/5/2022 2:5:41] /a
[18/5/2022 2:5:41] /a
[18/5/2022 2:5:41] /a
[18/5/2022 2:5:41] /a
[18/5/2022 2:5:41] /a
[18/5/2022 2:5:41] /a
[18/5/2022 2:5:41] /a
[18/5/2022 2:5:41] /a
[18/5/2022 2:5:42] /a
[18/5/2022 2:5:42] /a
[18/5/2022 2:5:42] /a
[18/5/2022 2:5:42] /a
[18/5/2022 2:5:42] /a
[18/5/2022 2:5:42] /a
[18/5/2022 2:5:42] /a
[18/5/2022 2:5:42] /a
[18/5/2022 2:5:42] /a
[18/5/2022 2:5:42] /a
[18/5/2022 2:5:42] /a
[18/5/2022 2:5:42] /a
[18/5/2022 2:5:42] /a
[18/5/2022 2:5:42] /a
[18/5/2022 2:5:42] /a
[18/5/2022 2:5:43] /a
[18/5/2022 2:5:43] /a
[18/5/2022 2:5:43] /a
[18/5/2022 2:5:43] /a
[18/5/2022 2:5:43] /a
[18/5/2022 2:5:43] /a
[18/5/2022 2:5:43] /a
[18/5/2022 2:5:43] /a
[18/5/2022 2:5:43] /a
[18/5/2022 2:5:43] /a
[18/5/2022 2:5:43] /a
[18/5/2022 2:5:43] /a
[18/5/2022 2:5:46] /a
[18/5/2022 2:5:46] /a
[18/5/2022 2:5:46] /a
[18/5/2022 2:5:46] /a
[18/5/2022 2:5:46] /a
[18/5/2022 2:5:46] /a
[18/5/2022 2:5:46] /a
[18/5/2022 2:5:46] /a
[18/5/2022 2:5:46] /a
[18/5/2022 2:5:46] /a
[18/5/2022 2:5:46] /a
[18/5/2022 2:5:46] /a
[18/5/2022 2:5:46] /a
[18/5/2022 2:5:46] /a
[18/5/2022 2:5:46] /a
[18/5/2022 2:5:46] /a
[18/5/2022 2:5:47] /a
[18/5/2022 2:5:47] /a
[18/5/2022 2:5:47] /a
[18/5/2022 2:5:47] /a
[18/5/2022 2:5:47] /a
[18/5/2022 2:5:48] /a
[18/5/2022 2:5:48] /a
[18/5/2022 2:5:48] /a
[18/5/2022 2:5:48] /a
[18/5/2022 2:5:48] /a
[18/5/2022 2:5:48] /a
[18/5/2022 2:5:48] /a
[18/5/2022 2:5:48] /a
[18/5/2022 2:5:48] /a
[18/5/2022 2:5:49] /a
[18/5/2022 2:5:49] /a
[18/5/2022 2:5:49] /a
[18/5/2022 2:5:49] /a
[18/5/2022 2:5:49] /a
[18/5/2022 2:5:49] /a
[18/5/2022 2:5:49] /a
[18/5/2022 2:5:50] /a
[18/5/2022 2:5:50] /a
[18/5/2022 2:5:51] /a
[18/5/2022 2:5:51] /a
[18/5/2022 2:5:51] /a
[18/5/2022 2:5:51] /a
[18/5/2022 2:5:51] /a
[18/5/2022 2:5:51] /a
[18/5/2022 2:5:51] /a
[18/5/2022 2:5:51] /a
[18/5/2022 2:5:51] /a
[18/5/2022 2:5:51] /a
[18/5/2022 2:5:51] /a
[18/5/2022 2:5:51] /a
[18/5/2022 2:5:51] /a
[18/5/2022 2:5:51] /a
[18/5/2022 2:5:51] /a
[18/5/2022 2:5:51] /a
[18/5/2022 2:5:51] /a
[18/5/2022 2:5:51] /a
[18/5/2022 2:5:51] /a
[18/5/2022 2:5:51] /a
[18/5/2022 2:5:51] /a
[18/5/2022 2:5:51] /a
[18/5/2022 2:5:51] /a
[18/5/2022 2:5:51] /a
[18/5/2022 2:5:51] /a
[18/5/2022 2:5:51] /a
[18/5/2022 2:5:51] /a
[18/5/2022 2:5:51] /a
[18/5/2022 2:5:53] /a
[18/5/2022 2:5:53] /a
[18/5/2022 2:5:54] /a
[18/5/2022 2:5:54] /a
[18/5/2022 2:5:54] /a
[18/5/2022 2:5:54] /a
[18/5/2022 2:5:54] /a
[18/5/2022 2:5:54] /a
[18/5/2022 2:5:54] /a
[18/5/2022 2:5:54] /a
[18/5/2022 2:5:54] /a
[18/5/2022 2:5:54] /a
[18/5/2022 2:5:54] /a
[18/5/2022 2:5:54] /a
[18/5/2022 2:5:54] /a
[18/5/2022 2:5:54] /a
[18/5/2022 2:5:54] /a
[18/5/2022 2:5:54] /a
[18/5/2022 2:5:54] /a
[18/5/2022 2:5:54] /a
[18/5/2022 2:5:54] /a
[18/5/2022 2:5:54] /a
[18/5/2022 2:5:54] /a
[18/5/2022 2:5:54] /a
[18/5/2022 2:5:54] /a
[18/5/2022 2:5:54] /a
[18/5/2022 2:5:54] /a
[18/5/2022 2:5:54] /a
[18/5/2022 2:5:54] /a
[18/5/2022 2:5:54] /a
[18/5/2022 2:5:54] /a
[18/5/2022 2:5:54] /a
[18/5/2022 2:5:54] /a
[18/5/2022 2:5:54] /a
[18/5/2022 2:5:54] /a
[18/5/2022 2:5:55] /a
[18/5/2022 2:5:55] /a
[18/5/2022 2:5:55] /a
[18/5/2022 2:5:55] /a
[18/5/2022 2:5:56] /a
[18/5/2022 2:5:56] /a
[18/5/2022 2:5:56] /a
[18/5/2022 2:5:56] /a
[18/5/2022 2:5:56] /a
[18/5/2022 2:5:56] /a
[18/5/2022 2:5:56] /a
[18/5/2022 2:5:56] /a
[18/5/2022 2:5:56] /a
[18/5/2022 2:5:56] /a
[18/5/2022 2:5:56] /a
[18/5/2022 2:5:56] /a
[18/5/2022 2:5:56] /a
[18/5/2022 2:5:56] /a
[18/5/2022 2:6:7] /a
[18/5/2022 2:6:8] /a
[18/5/2022 2:6:8] /a
[18/5/2022 2:6:8] /a
[18/5/2022 2:6:8] /a
[18/5/2022 2:6:8] /a
[18/5/2022 2:6:8] /a
[18/5/2022 2:6:8] /a
[18/5/2022 2:6:8] /a
[18/5/2022 2:6:8] /a
[18/5/2022 2:6:8] /a
[18/5/2022 2:6:8] /a
[18/5/2022 2:6:8] /a
[18/5/2022 2:6:8] /a
[18/5/2022 2:6:8] /a
[18/5/2022 2:6:8] /a
[18/5/2022 2:6:8] /a
[18/5/2022 2:6:8] /a
[18/5/2022 2:6:8] /a
[18/5/2022 2:6:8] /a
[18/5/2022 2:6:8] /a
[18/5/2022 2:6:8] /a
[18/5/2022 2:6:8] /a
[18/5/2022 2:6:10] /a
[18/5/2022 2:6:10] /a
[18/5/2022 2:6:10] /a
[18/5/2022 2:6:10] /a
[18/5/2022 2:6:10] /a
[18/5/2022 2:6:10] /a
[18/5/2022 2:6:10] /a
[18/5/2022 2:6:10] /a
[18/5/2022 2:6:10] /a
[18/5/2022 2:6:10] /a
[18/5/2022 2:6:10] /a
[18/5/2022 2:6:10] /a
[18/5/2022 2:6:10] /a
[18/5/2022 2:6:10] /a
[18/5/2022 2:6:11] /a
[18/5/2022 2:6:11] /a
[18/5/2022 2:6:11] /a
[18/5/2022 2:6:11] /a
[18/5/2022 2:6:11] /a
[18/5/2022 2:6:11] /a
[18/5/2022 2:6:11] /a
[18/5/2022 2:6:11] /a
[18/5/2022 2:6:11] /a
[18/5/2022 2:6:11] /a
[18/5/2022 2:6:11] /a
[18/5/2022 2:6:11] /a
[18/5/2022 2:6:11] /a
[18/5/2022 2:6:11] /a
[18/5/2022 2:6:11] /a
[18/5/2022 2:6:11] /a
[18/5/2022 2:6:11] /a
[18/5/2022 2:6:11] /a
[18/5/2022 2:6:11] /a
[18/5/2022 2:6:11] /a
[18/5/2022 2:6:11] /a
[18/5/2022 2:6:11] /a
[18/5/2022 2:6:11] /a
[18/5/2022 2:6:11] /a
[18/5/2022 2:6:11] /a
[18/5/2022 2:6:11] /a
[18/5/2022 2:6:11] /a
[18/5/2022 2:6:14] /a
[18/5/2022 2:6:14] /a
[18/5/2022 2:6:14] /a
[18/5/2022 2:6:14] /a
[18/5/2022 2:6:14] /a
[18/5/2022 2:6:14] /a
[18/5/2022 2:6:14] /a
[18/5/2022 2:6:15] /a
[18/5/2022 2:6:15] /a
[18/5/2022 2:6:15] /a
[18/5/2022 2:6:15] /a
[18/5/2022 2:6:15] /a
[18/5/2022 2:6:15] /a
[18/5/2022 2:6:15] /a
[18/5/2022 2:6:15] /a
[18/5/2022 2:6:15] /a
[18/5/2022 2:6:15] /a
[18/5/2022 2:6:15] /a
[18/5/2022 2:6:15] /a
[18/5/2022 2:6:16] /a
[18/5/2022 2:6:16] /a
[18/5/2022 2:6:16] /a
[18/5/2022 2:6:16] /a
[18/5/2022 2:6:16] /a
[18/5/2022 2:6:16] /a
[18/5/2022 2:6:16] /a
[18/5/2022 2:6:16] /a
[18/5/2022 2:6:16] /a
[18/5/2022 2:6:16] /a
[18/5/2022 2:6:16] /a
[18/5/2022 2:6:16] /a
[18/5/2022 2:6:16] /a
[18/5/2022 2:6:16] /a
[18/5/2022 2:6:16] /a
[18/5/2022 2:6:16] /a
[18/5/2022 2:6:16] /a
[18/5/2022 2:6:16] /a
[18/5/2022 2:6:16] /a
[18/5/2022 2:6:16] /a
[18/5/2022 2:6:16] /a
[18/5/2022 2:6:16] /a
[18/5/2022 2:6:16] /a
[18/5/2022 2:6:16] /a
[18/5/2022 2:6:16] /a
[18/5/2022 2:6:16] /a
[18/5/2022 2:6:16] /a
[18/5/2022 2:6:16] /a
[18/5/2022 2:6:16] /a
[18/5/2022 2:6:16] /a
[18/5/2022 2:6:16] /a
[18/5/2022 2:6:17] /a
[18/5/2022 2:6:21] /a
[18/5/2022 2:6:22] /a
[18/5/2022 2:6:22] /a
[18/5/2022 2:6:22] /a
[18/5/2022 2:6:22] /a
[18/5/2022 2:6:22] /a
[18/5/2022 2:6:22] /a
[18/5/2022 2:6:23] /a
[18/5/2022 2:6:23] /a
[18/5/2022 2:6:23] /a
[18/5/2022 2:6:23] /a
[18/5/2022 2:6:23] /a
[18/5/2022 2:6:23] /a
[18/5/2022 2:6:23] /a
[18/5/2022 2:6:23] /a
[18/5/2022 2:6:23] /a
[18/5/2022 2:6:23] /a
[18/5/2022 2:6:23] /a
[18/5/2022 2:6:23] /a
[18/5/2022 2:6:23] /a
[18/5/2022 2:6:23] /a
[18/5/2022 2:6:23] /a
[18/5/2022 2:6:23] /a
[18/5/2022 2:6:23] /a
[18/5/2022 2:6:23] /a
[18/5/2022 2:6:23] /a
[18/5/2022 2:6:23] /a
[18/5/2022 2:6:23] /a
[18/5/2022 2:6:23] /a
[18/5/2022 2:6:23] /a
[18/5/2022 2:6:23] /a
[18/5/2022 2:6:23] /a
[18/5/2022 2:6:23] /a
[18/5/2022 2:6:23] /a
[18/5/2022 2:6:23] /a
[18/5/2022 2:6:23] /a
[18/5/2022 2:6:23] /a
[18/5/2022 2:6:23] /a
[18/5/2022 2:6:23] /a
[18/5/2022 2:6:23] /a
[18/5/2022 2:6:23] /a
[18/5/2022 2:6:24] /a
[18/5/2022 2:6:25] /a
[18/5/2022 2:6:25] /a
[18/5/2022 2:6:25] /a
[18/5/2022 2:6:25] /a
[18/5/2022 2:6:25] /a
[18/5/2022 2:6:25] /a
[18/5/2022 2:6:25] /a
[18/5/2022 2:6:25] /a
[18/5/2022 2:6:25] /a
[18/5/2022 2:6:25] /a
[18/5/2022 2:6:25] /a
[18/5/2022 2:6:25] /a
[18/5/2022 2:6:25] /a
[18/5/2022 2:6:25] /a
[18/5/2022 2:6:25] /a
[18/5/2022 2:6:26] /a
[18/5/2022 2:6:26] /a
[18/5/2022 2:6:26] /a
[18/5/2022 2:6:27] /a
[18/5/2022 2:6:27] /a
[18/5/2022 2:6:27] /a
[18/5/2022 2:6:27] /a
[18/5/2022 2:6:27] /a
[18/5/2022 2:6:27] /a
[18/5/2022 2:6:27] /a
[18/5/2022 2:6:27] /a
[18/5/2022 2:6:27] /a
[18/5/2022 2:6:27] /a
[18/5/2022 2:6:27] /a
[18/5/2022 2:6:27] /a
[18/5/2022 2:6:27] /a
[18/5/2022 2:6:27] /a
[18/5/2022 2:6:27] /a
[18/5/2022 2:6:27] /a
[18/5/2022 2:6:27] /a
[18/5/2022 2:6:27] /a
[18/5/2022 2:6:27] /a
[18/5/2022 2:6:27] /a
[18/5/2022 2:6:27] /a
[18/5/2022 2:6:27] /a
[18/5/2022 2:6:27] /a
[18/5/2022 2:6:27] /a
[18/5/2022 2:6:28] /a
[18/5/2022 2:6:28] /a
[18/5/2022 2:6:28] /a
[18/5/2022 2:6:28] /a
[18/5/2022 2:6:28] /a
[18/5/2022 2:6:28] /a
[18/5/2022 2:6:29] /a
[18/5/2022 2:6:29] /a
[18/5/2022 2:6:29] /a
[18/5/2022 2:6:29] /a
[18/5/2022 2:6:29] /a
[18/5/2022 2:6:29] /a
[18/5/2022 2:6:29] /a
[18/5/2022 2:6:29] /a
[18/5/2022 2:6:29] /a
[18/5/2022 2:6:29] /a
[18/5/2022 2:6:30] /a
[18/5/2022 2:6:30] /a
[18/5/2022 2:6:30] /a
[18/5/2022 2:6:31] /a
[18/5/2022 2:6:31] /a
[18/5/2022 2:6:31] /a
[18/5/2022 2:6:31] /a
[18/5/2022 2:6:31] /a
[18/5/2022 2:6:31] /a
[18/5/2022 2:6:31] /a
[18/5/2022 2:6:31] /a
[18/5/2022 2:6:31] /a
[18/5/2022 2:6:31] /a
[18/5/2022 2:6:31] /a
[18/5/2022 2:6:32] /a
[18/5/2022 2:6:32] /a
[18/5/2022 2:6:33] /a
[18/5/2022 2:6:33] /a
[18/5/2022 2:6:33] /a
[18/5/2022 2:6:33] /a
[18/5/2022 2:6:33] /a
[18/5/2022 2:6:33] /a
[18/5/2022 2:6:33] /a
[18/5/2022 2:6:33] /a
[18/5/2022 2:6:33] /a
[18/5/2022 2:6:33] /a
[18/5/2022 2:6:33] /a
[18/5/2022 2:6:33] /a
[18/5/2022 2:6:33] /a
[18/5/2022 2:6:33] /a
[18/5/2022 2:6:33] /a
[18/5/2022 2:6:33] /a
[18/5/2022 2:6:33] /a
[18/5/2022 2:6:33] /a
[18/5/2022 2:6:33] /a
[18/5/2022 2:6:33] /a
[18/5/2022 2:6:33] /a
[18/5/2022 2:6:33] /a
[18/5/2022 2:6:34] /a
[18/5/2022 2:6:34] /a
[18/5/2022 2:6:34] /a
[18/5/2022 2:6:34] /a
[18/5/2022 2:6:34] /a
[18/5/2022 2:6:34] /a
[18/5/2022 2:6:34] /a
[18/5/2022 2:6:34] /a
[18/5/2022 2:6:34] /a
[18/5/2022 2:6:34] /a
[18/5/2022 2:6:34] /a
[18/5/2022 2:6:34] /a
[18/5/2022 2:6:34] /a
[18/5/2022 2:6:34] /a
[18/5/2022 2:6:34] /a
[18/5/2022 2:6:34] /a
[18/5/2022 2:6:34] /a
[18/5/2022 2:6:34] /a
[18/5/2022 2:6:34] /a
[18/5/2022 2:6:34] /a
[18/5/2022 2:6:34] /a
[18/5/2022 2:6:34] /a
[18/5/2022 2:6:34] /a
[18/5/2022 2:6:34] /a
[18/5/2022 2:6:34] /a
[18/5/2022 2:6:34] /a
[18/5/2022 2:6:34] /a
[18/5/2022 2:6:34] /a
[18/5/2022 2:6:34] /a
[18/5/2022 2:6:34] /a
[18/5/2022 2:6:34] /a
[18/5/2022 2:6:34] /a
[18/5/2022 2:6:34] /a
[18/5/2022 2:6:34] /a
[18/5/2022 2:6:34] /a
[18/5/2022 2:6:35] /a
[18/5/2022 2:6:35] /a
[18/5/2022 2:6:35] /a
[18/5/2022 2:6:35] /a
[18/5/2022 2:6:35] /a
[18/5/2022 2:6:35] /a
[18/5/2022 2:6:35] /a
[18/5/2022 2:6:35] /a
[18/5/2022 2:6:35] /a
[18/5/2022 2:6:35] /a
[18/5/2022 2:6:35] /a
[18/5/2022 2:6:35] /a
[18/5/2022 2:6:35] /a
[18/5/2022 2:6:35] /a
[18/5/2022 2:6:35] /a
[18/5/2022 2:6:35] /a
[18/5/2022 2:6:35] /a
[18/5/2022 2:6:35] /a
[18/5/2022 2:6:35] /a
[18/5/2022 2:6:35] /a
[18/5/2022 2:6:35] /a
[18/5/2022 2:6:35] /a
[18/5/2022 2:6:35] /a
[18/5/2022 2:6:35] /a
[18/5/2022 2:6:35] /a
[18/5/2022 2:6:35] /a
[18/5/2022 2:6:35] /a
[18/5/2022 2:6:35] /a
[18/5/2022 2:6:35] /a
[18/5/2022 2:6:35] /a
[18/5/2022 2:6:36] /a
[18/5/2022 2:6:36] /a
[18/5/2022 2:6:36] /a
[18/5/2022 2:6:36] /a
[18/5/2022 2:6:36] /a
[18/5/2022 2:6:36] /a
[18/5/2022 2:6:36] /a
[18/5/2022 2:6:36] /a
[18/5/2022 2:6:36] /a
[18/5/2022 2:6:36] /a
[18/5/2022 2:6:36] /a
[18/5/2022 2:6:36] /a
[18/5/2022 2:6:36] /a
[18/5/2022 2:6:36] /a
[18/5/2022 2:6:36] /a
[18/5/2022 2:6:36] /a
[18/5/2022 2:6:36] /a
[18/5/2022 2:6:36] /a
[18/5/2022 2:6:36] /a
[18/5/2022 2:6:36] /a
[18/5/2022 2:6:36] /a
[18/5/2022 2:6:36] /a
[18/5/2022 2:6:36] /a
[18/5/2022 2:6:36] /a
[18/5/2022 2:6:36] /a
[18/5/2022 2:6:36] /a
[18/5/2022 2:6:36] /a
[18/5/2022 2:6:36] /a
[18/5/2022 2:6:36] /a
[18/5/2022 2:6:36] /a
[18/5/2022 2:6:36] /a
[18/5/2022 2:6:36] /a
[18/5/2022 2:6:36] /a
[18/5/2022 2:6:36] /a
[18/5/2022 2:6:36] /a
[18/5/2022 2:6:37] /a
[18/5/2022 2:6:37] /a
[18/5/2022 2:6:37] /a
[18/5/2022 2:6:37] /a
[18/5/2022 2:6:37] /a
[18/5/2022 2:6:37] /a
[18/5/2022 2:6:37] /a
[18/5/2022 2:6:37] /a
[18/5/2022 2:6:37] /a
[18/5/2022 2:6:37] /a
[18/5/2022 2:6:37] /a
[18/5/2022 2:6:37] /a
[18/5/2022 2:6:38] /a
[18/5/2022 2:6:38] /a
[18/5/2022 2:6:38] /a
[18/5/2022 2:6:38] /a
[18/5/2022 2:6:38] /a
[18/5/2022 2:6:38] /a
[18/5/2022 2:6:39] /a
[18/5/2022 2:6:39] /a
[18/5/2022 2:6:39] /a
[18/5/2022 2:6:39] /a
[18/5/2022 2:6:39] /a
[18/5/2022 2:6:39] /a
[18/5/2022 2:6:39] /a
[18/5/2022 2:6:39] /a
[18/5/2022 2:6:39] /a
[18/5/2022 2:6:39] /a
[18/5/2022 2:6:39] /a
[18/5/2022 2:6:39] /a
[18/5/2022 2:6:40] /a
[18/5/2022 2:6:40] /a
[18/5/2022 2:6:40] /a
[18/5/2022 2:6:40] /a
[18/5/2022 2:6:40] /a
[18/5/2022 2:6:40] /a
[18/5/2022 2:6:40] /a
[18/5/2022 2:6:40] /a
[18/5/2022 2:6:40] /a
[18/5/2022 2:6:40] /a
[18/5/2022 2:6:40] /a
[18/5/2022 2:6:40] /a
[18/5/2022 2:6:40] /a
[18/5/2022 2:6:40] /a
[18/5/2022 2:6:41] /a
[18/5/2022 2:6:41] /a
[18/5/2022 2:6:41] /a
[18/5/2022 2:6:41] /a
[18/5/2022 2:6:41] /a
[18/5/2022 2:6:41] /a
[18/5/2022 2:6:41] /a
[18/5/2022 2:6:41] /a
[18/5/2022 2:6:41] /a
[18/5/2022 2:6:41] /a
[18/5/2022 2:6:41] /a
[18/5/2022 2:6:41] /a
[18/5/2022 2:6:41] /a
[18/5/2022 2:6:41] /a
[18/5/2022 2:6:41] /a
[18/5/2022 2:6:41] /a
[18/5/2022 2:6:41] /a
[18/5/2022 2:6:41] /a
[18/5/2022 2:6:41] /a
[18/5/2022 2:6:41] /a
[18/5/2022 2:6:41] /a
[18/5/2022 2:6:41] /a
[18/5/2022 2:6:41] /a
[18/5/2022 2:6:41] /a
[18/5/2022 2:6:41] /a
[18/5/2022 2:6:42] /a
[18/5/2022 2:6:42] /a
[18/5/2022 2:6:42] /a
[18/5/2022 2:6:42] /a
[18/5/2022 2:6:42] /a
[18/5/2022 2:6:42] /a
[18/5/2022 2:6:42] /a
[18/5/2022 2:6:42] /a
[18/5/2022 2:6:43] /a
[18/5/2022 2:6:43] /a
[18/5/2022 2:6:43] /a
[18/5/2022 2:6:43] /a
[18/5/2022 2:6:43] /a
[18/5/2022 2:6:43] /a
[18/5/2022 2:6:43] /a
[18/5/2022 2:6:43] /a
[18/5/2022 2:6:43] /a
[18/5/2022 2:6:43] /a
[18/5/2022 2:6:43] /a
[18/5/2022 2:6:43] /a
[18/5/2022 2:6:43] /a
[18/5/2022 2:6:43] /a
[18/5/2022 2:6:43] /a
[18/5/2022 2:6:43] /a
[18/5/2022 2:6:44] /a
[18/5/2022 2:6:44] /a
[18/5/2022 2:6:44] /a
[18/5/2022 2:6:44] /a
[18/5/2022 2:6:44] /a
[18/5/2022 2:6:44] /a
[18/5/2022 2:6:44] /a
[18/5/2022 2:6:44] /a
[18/5/2022 2:6:44] /a
[18/5/2022 2:6:44] /a
[18/5/2022 2:6:44] /a
[18/5/2022 2:6:44] /a
[18/5/2022 2:6:44] /a
[18/5/2022 2:6:44] /a
[18/5/2022 2:6:44] /a
[18/5/2022 2:6:44] /a
[18/5/2022 2:6:44] /a
[18/5/2022 2:6:44] /a
[18/5/2022 2:6:44] /a
[18/5/2022 2:6:44] /a
[18/5/2022 2:6:44] /a
[18/5/2022 2:6:45] /a
[18/5/2022 2:6:45] /a
[18/5/2022 2:6:45] /a
[18/5/2022 2:6:45] /a
[18/5/2022 2:6:45] /a
[18/5/2022 2:6:45] /a
[18/5/2022 2:6:45] /a
[18/5/2022 2:6:45] /a
[18/5/2022 2:6:45] /a
[18/5/2022 2:6:45] /a
[18/5/2022 2:6:45] /a
[18/5/2022 2:6:45] /a
[18/5/2022 2:6:45] /a
[18/5/2022 2:6:45] /a
[18/5/2022 2:6:45] /a
[18/5/2022 2:6:45] /a
[18/5/2022 2:6:45] /a
[18/5/2022 2:6:45] /a
[18/5/2022 2:6:45] /a
[18/5/2022 2:6:45] /a
[18/5/2022 2:6:45] /a
[18/5/2022 2:6:46] /a
[18/5/2022 2:6:46] /a
[18/5/2022 2:6:46] /a
[18/5/2022 2:6:46] /a
[18/5/2022 2:6:46] /a
[18/5/2022 2:6:46] /a
[18/5/2022 2:6:46] /a
[18/5/2022 2:6:46] /a
[18/5/2022 2:6:46] /a
[18/5/2022 2:6:46] /a
[18/5/2022 2:6:46] /a
[18/5/2022 2:6:46] /a
[18/5/2022 2:6:46] /a
[18/5/2022 2:6:46] /a
[18/5/2022 2:6:46] /a
[18/5/2022 2:6:46] /a
[18/5/2022 2:6:47] /a
[18/5/2022 2:6:47] /a
[18/5/2022 2:6:47] /a
[18/5/2022 2:6:47] /a
[18/5/2022 2:6:47] /a
[18/5/2022 2:6:47] /a
[18/5/2022 2:6:47] /a
[18/5/2022 2:6:47] /a
[18/5/2022 2:6:47] /a
[18/5/2022 2:6:47] /a
[18/5/2022 2:6:47] /a
[18/5/2022 2:6:47] /a
[18/5/2022 2:6:47] /a
[18/5/2022 2:6:47] /a
[18/5/2022 2:6:47] /a
[18/5/2022 2:6:48] /a
[18/5/2022 2:6:48] /a
[18/5/2022 2:6:48] /a
[18/5/2022 2:6:48] /a
[18/5/2022 2:6:48] /a
[18/5/2022 2:6:48] /a
[18/5/2022 2:6:48] /a
[18/5/2022 2:6:48] /a
[18/5/2022 2:6:48] /a
[18/5/2022 2:6:48] /a
[18/5/2022 2:6:48] /a
[18/5/2022 2:6:48] /a
[18/5/2022 2:6:48] /a
[18/5/2022 2:6:48] /a
[18/5/2022 2:6:48] /a
[18/5/2022 2:6:48] /a
[18/5/2022 2:6:48] /a
[18/5/2022 2:6:48] /a
[18/5/2022 2:6:48] /a
[18/5/2022 2:6:48] /a
[18/5/2022 2:6:48] /a
[18/5/2022 2:6:48] /a
[18/5/2022 2:6:48] /a
[18/5/2022 2:6:48] /a
[18/5/2022 2:6:48] /a
[18/5/2022 2:6:48] /a
[18/5/2022 2:6:48] /a
[18/5/2022 2:6:48] /a
[18/5/2022 2:6:48] /a
[18/5/2022 2:6:48] /a
[18/5/2022 2:6:48] /a
[18/5/2022 2:6:48] /a
[18/5/2022 2:6:48] /a
[18/5/2022 2:6:48] /a
[18/5/2022 2:6:48] /a
[18/5/2022 2:6:49] /a
[18/5/2022 2:6:49] /a
[18/5/2022 2:6:49] /a
[18/5/2022 2:6:49] /a
[18/5/2022 2:6:49] /a
[18/5/2022 2:6:49] /a
[18/5/2022 2:6:49] /a
[18/5/2022 2:6:49] /a
[18/5/2022 2:6:49] /a
[18/5/2022 2:6:49] /a
[18/5/2022 2:6:49] /a
[18/5/2022 2:6:49] /a
[18/5/2022 2:6:49] /a
[18/5/2022 2:6:49] /a
[18/5/2022 2:6:49] /a
[18/5/2022 2:6:49] /a
[18/5/2022 2:6:49] /a
[18/5/2022 2:6:49] /a
[18/5/2022 2:6:49] /a
[18/5/2022 2:6:49] /a
[18/5/2022 2:6:49] /a
[18/5/2022 2:6:49] /a
[18/5/2022 2:6:49] /a
[18/5/2022 2:6:49] /a
[18/5/2022 2:6:49] /a
[18/5/2022 2:6:49] /a
[18/5/2022 2:6:49] /a
[18/5/2022 2:6:49] /a
[18/5/2022 2:6:49] /a
[18/5/2022 2:6:49] /a
[18/5/2022 2:6:49] /a
[18/5/2022 2:6:49] /a
[18/5/2022 2:6:49] /a
[18/5/2022 2:6:50] /a
[18/5/2022 2:6:50] /a
[18/5/2022 2:6:50] /a
[18/5/2022 2:6:50] /a
[18/5/2022 2:6:50] /a
[18/5/2022 2:6:50] /a
[18/5/2022 2:6:50] /a
[18/5/2022 2:6:50] /a
[18/5/2022 2:6:50] /a
[18/5/2022 2:6:50] /a
[18/5/2022 2:6:50] /a
[18/5/2022 2:6:50] /a
[18/5/2022 2:6:50] /a
[18/5/2022 2:6:50] /a
[18/5/2022 2:6:50] /a
[18/5/2022 2:6:50] /a
[18/5/2022 2:6:50] /a
[18/5/2022 2:6:50] /a
[18/5/2022 2:6:50] /a
[18/5/2022 2:6:50] /a
[18/5/2022 2:6:50] /a
[18/5/2022 2:6:50] /a
[18/5/2022 2:6:50] /a
[18/5/2022 2:6:50] /a
[18/5/2022 2:6:50] /a
[18/5/2022 2:6:50] /a
[18/5/2022 2:6:50] /a
[18/5/2022 2:6:50] /a
[18/5/2022 2:6:50] /a
[18/5/2022 2:6:50] /a
[18/5/2022 2:6:50] /a
[18/5/2022 2:6:50] /a
[18/5/2022 2:6:51] /a
[18/5/2022 2:6:51] /a
[18/5/2022 2:6:51] /a
[18/5/2022 2:6:51] /a
[18/5/2022 2:6:51] /a
[18/5/2022 2:6:51] /a
[18/5/2022 2:6:51] /a
[18/5/2022 2:6:51] /a
[18/5/2022 2:6:51] /a
[18/5/2022 2:6:51] /a
[18/5/2022 2:6:51] /a
[18/5/2022 2:6:51] /a
[18/5/2022 2:6:51] /a
[18/5/2022 2:6:51] /a
[18/5/2022 2:6:51] /a
[18/5/2022 2:6:51] /a
[18/5/2022 2:6:51] /a
[18/5/2022 2:6:51] /a
[18/5/2022 2:6:51] /a
[18/5/2022 2:6:51] /a
[18/5/2022 2:6:51] /a
[18/5/2022 2:6:51] /a
[18/5/2022 2:6:51] /a
[18/5/2022 2:6:51] /a
[18/5/2022 2:6:51] /a
[18/5/2022 2:6:51] /a
[18/5/2022 2:6:51] /a
[18/5/2022 2:6:51] /a
[18/5/2022 2:6:51] /a
[18/5/2022 2:6:51] /a
[18/5/2022 2:6:51] /a
[18/5/2022 2:6:51] /a
[18/5/2022 2:6:51] /a
[18/5/2022 2:6:52] /a
[18/5/2022 2:6:52] /a
[18/5/2022 2:6:54] /goto rush
[18/5/2022 2:11:48] /goto respect mrk
[18/5/2022 2:12:24] /goto respect mrk
[18/5/2022 2:13:1] /a
[18/5/2022 2:13:1] /a
[18/5/2022 2:13:1] /a
[18/5/2022 2:13:1] /a
[18/5/2022 2:13:1] /a
[18/5/2022 2:13:1] /a
[18/5/2022 2:13:2] /a
[18/5/2022 2:13:2] /a
[18/5/2022 2:13:2] /a
[18/5/2022 2:13:2] /a
[18/5/2022 2:13:2] /a
[18/5/2022 2:13:2] /a
[18/5/2022 2:13:2] /a
[18/5/2022 2:13:2] /a
[18/5/2022 2:13:2] /a
[18/5/2022 2:13:2] /a
[18/5/2022 2:13:2] /a
[18/5/2022 2:13:2] /a
[18/5/2022 2:13:2] /a
[18/5/2022 2:13:2] /a
[18/5/2022 2:13:2] /a
[18/5/2022 2:13:2] /a
[18/5/2022 2:13:2] /a
[18/5/2022 2:13:3] /a
[18/5/2022 2:13:3] /a
[18/5/2022 2:13:4] /a
[18/5/2022 2:13:4] /a
[18/5/2022 2:13:4] /a
[18/5/2022 2:13:4] /a
[18/5/2022 2:13:4] /a
[18/5/2022 2:13:4] /a
[18/5/2022 2:13:4] /a
[18/5/2022 2:13:4] /a
[18/5/2022 2:13:4] /a
[18/5/2022 2:13:4] /a
[18/5/2022 2:13:4] /a
[18/5/2022 2:13:4] /a
[18/5/2022 2:13:4] /a
[18/5/2022 2:13:4] /a
[18/5/2022 2:13:4] /a
[18/5/2022 2:13:4] /a
[18/5/2022 2:13:4] /a
[18/5/2022 2:13:4] /a
[18/5/2022 2:13:4] /a
[18/5/2022 2:13:4] /a
[18/5/2022 2:13:6] /a
[18/5/2022 2:13:7] /a
[18/5/2022 2:13:7] /a
[18/5/2022 2:13:7] /a
[18/5/2022 2:13:7] /a
[18/5/2022 2:13:7] /a
[18/5/2022 2:13:8] /a
[18/5/2022 2:13:8] /a
[18/5/2022 2:13:8] /a
[18/5/2022 2:13:8] /a
[18/5/2022 2:13:8] /a
[18/5/2022 2:13:8] /a
[18/5/2022 2:13:8] /a
[18/5/2022 2:13:8] /a
[18/5/2022 2:13:8] /a
[18/5/2022 2:13:8] /a
[18/5/2022 2:13:8] /a
[18/5/2022 2:13:8] /a
[18/5/2022 2:13:20] /a
[18/5/2022 2:13:20] /a
[18/5/2022 2:13:20] /a
[18/5/2022 2:13:21] /a
[18/5/2022 2:13:21] /a
[18/5/2022 2:13:21] /a
[18/5/2022 2:13:21] /a
[18/5/2022 2:13:21] /a
[18/5/2022 2:13:21] /a
[18/5/2022 2:13:21] /a
[18/5/2022 2:13:21] /a
[18/5/2022 2:13:21] /a
[18/5/2022 2:13:21] /a
[18/5/2022 2:13:21] /a
[18/5/2022 2:13:21] /a
[18/5/2022 2:13:21] /a
[18/5/2022 2:13:21] /a
[18/5/2022 2:13:21] /a
[18/5/2022 2:13:21] /a
[18/5/2022 2:13:21] /a
[18/5/2022 2:13:21] /a
[18/5/2022 2:13:21] /a
[18/5/2022 2:13:21] /a
[18/5/2022 2:13:21] /a
[18/5/2022 2:13:21] /a
[18/5/2022 2:13:21] /a
[18/5/2022 2:13:21] /a
[18/5/2022 2:13:21] /a
[18/5/2022 2:13:21] /a
[18/5/2022 2:13:21] /a
[18/5/2022 2:13:21] /a
[18/5/2022 2:13:21] /a
[18/5/2022 2:13:21] /a
[18/5/2022 2:13:22] /a
[18/5/2022 2:13:22] /a
[18/5/2022 2:13:22] /a
[18/5/2022 2:13:22] /a
[18/5/2022 2:13:22] /a
[18/5/2022 2:13:22] /a
[18/5/2022 2:13:23] /a
[18/5/2022 2:13:23] /a
[18/5/2022 2:13:23] /a
[18/5/2022 2:13:23] /a
[18/5/2022 2:13:23] /a
[18/5/2022 2:13:23] /a
[18/5/2022 2:13:23] /a
[18/5/2022 2:13:23] /a
[18/5/2022 2:13:23] /a
[18/5/2022 2:13:23] /a
[18/5/2022 2:13:23] /a
[18/5/2022 2:13:23] /a
[18/5/2022 2:13:23] /a
[18/5/2022 2:13:23] /a
[18/5/2022 2:13:23] /a
[18/5/2022 2:13:23] /a
[18/5/2022 2:13:23] /a
[18/5/2022 2:13:23] /a
[18/5/2022 2:13:23] /a
[18/5/2022 2:13:23] /a
[18/5/2022 2:13:23] /a
[18/5/2022 2:13:23] /a
[18/5/2022 2:13:33] /goto respect mrk
[18/5/2022 2:13:37] /a
[18/5/2022 2:13:38] /a
[18/5/2022 2:13:38] /a
[18/5/2022 2:13:38] /a
[18/5/2022 2:13:38] /a
[18/5/2022 2:13:38] /a
[18/5/2022 2:13:39] /a
[18/5/2022 2:13:40] /a
[18/5/2022 2:13:41] /a
[18/5/2022 2:13:42] /a
[18/5/2022 2:13:42] /a
[18/5/2022 2:13:42] /a
[18/5/2022 2:13:42] /a
[18/5/2022 2:13:42] /a
[18/5/2022 2:13:42] /a
[18/5/2022 2:13:42] /a
[18/5/2022 2:13:42] /a
[18/5/2022 2:13:42] /a
[18/5/2022 2:13:43] /a
[18/5/2022 2:13:52] /a
[18/5/2022 2:13:53] /a
[18/5/2022 2:13:53] /a
[18/5/2022 2:13:53] /a
[18/5/2022 2:13:53] /a
[18/5/2022 2:13:53] /a
[18/5/2022 2:13:53] /a
[18/5/2022 2:13:53] /a
[18/5/2022 2:13:53] /a
[18/5/2022 2:13:53] /a
[18/5/2022 2:13:53] /a
[18/5/2022 2:13:53] /a
[18/5/2022 2:13:53] /a
[18/5/2022 2:13:53] /a
[18/5/2022 2:13:53] /a
[18/5/2022 2:13:53] /a
[18/5/2022 2:13:53] /a
[18/5/2022 2:13:56] /a
[18/5/2022 2:13:57] /a
[18/5/2022 2:13:57] /a
[18/5/2022 2:13:57] /a
[18/5/2022 2:13:57] /a
[18/5/2022 2:13:57] /a
[18/5/2022 2:13:57] /a
[18/5/2022 2:13:57] /a
[18/5/2022 2:14:5] /a
[18/5/2022 2:14:6] /a
[18/5/2022 2:14:6] /a
[18/5/2022 2:14:7] /a
[18/5/2022 2:14:7] /a
[18/5/2022 2:14:7] /a
[18/5/2022 2:14:7] /a
[18/5/2022 2:14:7] /a
[18/5/2022 2:14:7] /a
[18/5/2022 2:14:7] /a
[18/5/2022 2:14:7] /a
[18/5/2022 2:14:7] /a
[18/5/2022 2:14:7] /a
[18/5/2022 2:14:7] /a
[18/5/2022 2:14:7] /a
[18/5/2022 2:14:7] /a
[18/5/2022 2:14:7] /a
[18/5/2022 2:14:8] /a
[18/5/2022 2:14:12] /a
[18/5/2022 2:14:12] /a
[18/5/2022 2:14:12] /a
[18/5/2022 2:14:12] /a
[18/5/2022 2:14:12] /a
[18/5/2022 2:14:13] /a
[18/5/2022 2:14:13] /a
[18/5/2022 2:14:13] /a
[18/5/2022 2:14:13] /a
[18/5/2022 2:14:13] /a
[18/5/2022 2:14:13] /a
[18/5/2022 2:14:13] /a
[18/5/2022 2:14:13] /a
[18/5/2022 2:14:14] /a
[18/5/2022 2:14:14] /a
[18/5/2022 2:16:0] /a
[19/5/2022 0:58:18] /goto gordexz dubom
[19/5/2022 1:1:42] /goto gordexz dubom
[19/5/2022 1:3:2] /a
[19/5/2022 1:3:2] /a
[19/5/2022 1:3:4] /a
[19/5/2022 1:4:52] /i machete
[19/5/2022 1:9:54] /t
[19/5/2022 1:10:0] /i skullcraker armor
[19/5/2022 1:10:6] /i skullcracker armor
[19/5/2022 1:10:16] /i koshei's amulet
[19/5/2022 1:10:29] /i koshei amulet
[19/5/2022 1:11:12] /i Koshei's Ancient Amulet
[19/5/2022 1:12:12] /goto gordexz dubom
[19/5/2022 1:12:18] /a
[19/5/2022 1:12:18] /a
[19/5/2022 1:12:19] /a
[19/5/2022 1:12:19] /a
[19/5/2022 1:15:49] /i antiguera shield
[19/5/2022 1:16:36] /i antiguera druid book
[19/5/2022 1:24:50] /a
[19/5/2022 1:24:51] /a
[19/5/2022 1:24:51] /a
[19/5/2022 1:24:51] /a
[19/5/2022 1:24:51] /a
[19/5/2022 1:24:51] /a
[19/5/2022 1:24:51] /a
[19/5/2022 1:24:51] /a
[19/5/2022 1:24:51] /a
[19/5/2022 1:24:51] /a
[19/5/2022 1:24:51] /a
[19/5/2022 1:24:51] /a
[19/5/2022 1:24:51] /a
[19/5/2022 1:24:51] /a
[19/5/2022 1:24:51] /a
[19/5/2022 1:24:51] /a
[19/5/2022 1:24:51] /a
[19/5/2022 1:24:52] /a
[19/5/2022 1:24:52] /a
[19/5/2022 1:24:52] /a
[19/5/2022 1:24:52] /a
[19/5/2022 1:24:52] /a
[19/5/2022 1:24:52] /a
[19/5/2022 1:24:52] /a
[19/5/2022 1:24:52] /a
[19/5/2022 1:24:52] /a
[19/5/2022 1:24:52] /a
[19/5/2022 1:24:52] /a
[19/5/2022 1:24:52] /a
[19/5/2022 1:24:52] /a
[19/5/2022 1:24:52] /a
[19/5/2022 1:24:52] /a
[19/5/2022 1:24:52] /a
[19/5/2022 1:24:52] /a
[19/5/2022 1:24:52] /a
[19/5/2022 1:25:6] /a
[19/5/2022 1:25:7] /a
[19/5/2022 1:25:7] /a
[19/5/2022 1:25:7] /a
[19/5/2022 1:25:7] /a
[19/5/2022 1:25:8] /a
[19/5/2022 1:25:8] /a
[19/5/2022 1:25:9] /a
[19/5/2022 1:25:10] /a
[19/5/2022 1:29:51] /a
[19/5/2022 1:29:52] /a
[19/5/2022 1:29:52] /a
[19/5/2022 1:29:52] /a
[19/5/2022 1:29:52] /a
[19/5/2022 1:29:52] /a
[19/5/2022 1:29:52] /a
[19/5/2022 1:29:52] /a
[19/5/2022 1:29:52] /a
[19/5/2022 1:29:52] /a
[19/5/2022 1:29:52] /a
[19/5/2022 1:29:52] /a
[19/5/2022 1:29:52] /a
[19/5/2022 1:29:53] /a
[19/5/2022 1:29:53] /a
[19/5/2022 1:29:53] /a
[19/5/2022 1:29:53] /a
[19/5/2022 1:29:53] /a
[19/5/2022 1:29:53] /a
[19/5/2022 1:29:53] /a
[19/5/2022 1:29:53] /a
[19/5/2022 1:29:53] /a
[19/5/2022 1:29:53] /a
[19/5/2022 1:29:53] /a
[19/5/2022 1:29:53] /a
[19/5/2022 1:29:56] /a
[19/5/2022 1:29:57] /a
[19/5/2022 1:29:57] /a
[19/5/2022 1:29:57] /a
[19/5/2022 1:29:57] /a
[19/5/2022 1:29:57] /a
[19/5/2022 1:29:57] /a
[19/5/2022 1:29:58] /a
[19/5/2022 1:29:58] /a
[19/5/2022 1:29:58] /a
[19/5/2022 1:29:59] /a
[19/5/2022 1:29:59] /a
[19/5/2022 1:30:1] /a
[19/5/2022 1:30:1] /a
[19/5/2022 1:30:3] /a
[19/5/2022 1:30:37] /a
[19/5/2022 1:30:39] /a
[19/5/2022 1:30:40] /a
[19/5/2022 1:30:40] /a
[19/5/2022 1:30:40] /a
[19/5/2022 1:30:40] /a
[19/5/2022 1:30:40] /a
[19/5/2022 1:32:53] /a
[19/5/2022 1:38:32] /a
[19/5/2022 1:38:32] /a
[19/5/2022 1:40:6] /a
[19/5/2022 1:40:6] /a
[19/5/2022 1:40:7] /a
[19/5/2022 1:40:7] /a
[19/5/2022 1:40:16] /a
[19/5/2022 1:40:16] /a
[19/5/2022 1:40:16] /a
[19/5/2022 1:40:20] /a
[19/5/2022 1:40:21] /a
[19/5/2022 1:40:21] /a
[19/5/2022 1:40:21] /a
[19/5/2022 1:40:21] /a
[19/5/2022 1:40:21] /a
[19/5/2022 1:40:22] /a
[19/5/2022 1:40:22] /a
[19/5/2022 1:40:22] /a
[19/5/2022 1:40:28] /a
[19/5/2022 1:40:29] /a
[19/5/2022 1:40:29] /a
[19/5/2022 1:40:29] /a
[19/5/2022 1:42:16] /t
[19/5/2022 1:48:47] /goto azinhow
[19/5/2022 1:48:58] /i blue legs
[19/5/2022 1:49:13] /i death ring
[19/5/2022 1:49:18] /i death ring
[19/5/2022 2:44:3] /r
[20/5/2022 0:37:0] /i backpack
[20/5/2022 0:37:13] /i vip boots
[20/5/2022 0:37:14] /i vip boots
[20/5/2022 0:37:14] /i vip boots
[20/5/2022 0:37:14] /i vip boots
[20/5/2022 0:37:14] /i vip boots
[20/5/2022 0:37:17] /i vip boots
[20/5/2022 0:37:17] /i vip boots
[20/5/2022 0:37:17] /i vip boots
[20/5/2022 0:37:19] /i vip boots
[20/5/2022 0:37:19] /i vip boots
[20/5/2022 0:37:20] /i vip boots
[20/5/2022 0:37:21] /i vip boots
[20/5/2022 0:37:41] /i vip wand
[20/5/2022 0:37:44] /i vip wand
[20/5/2022 0:37:55] /i special coin
[20/5/2022 0:38:41] /i vip scale helmet
[20/5/2022 0:38:47] /i vip ek shield
[20/5/2022 0:39:17] /i backpack
[20/5/2022 0:40:1] /i vip winged helmet
[20/5/2022 0:40:19] /i vip star
[20/5/2022 0:40:36] /i vip rp shield
[20/5/2022 0:42:35] /i vip sword
[20/5/2022 0:42:45] /i vip axe
[20/5/2022 0:43:4] /i vip club
[20/5/2022 0:46:22] /goto ogum
[20/5/2022 0:46:27] /t
[20/5/2022 1:25:29] /i antiguera fishing
[20/5/2022 1:25:50] /i antiguera amulet
[24/5/2022 0:49:40] /goto azinhow
[24/5/2022 0:49:52] /a 5
[24/5/2022 0:50:56] /goto azinhow
[24/5/2022 0:51:34] /goto azinhow
[24/5/2022 0:56:31] /i antiguera cap backpack
[24/5/2022 0:56:39] /ghost
[24/5/2022 0:58:1] /c Azinhow
[24/5/2022 0:58:20] /t
[24/5/2022 0:58:22] /c azinhow
[24/5/2022 0:59:37] /r
[24/5/2022 0:59:42] /kick Azinhow
[24/5/2022 0:59:49] /ghost
[24/5/2022 1:0:9] /goto its wonkz
[24/5/2022 1:0:15] /c azinhow
[24/5/2022 1:2:21] /goto azinhow
[24/5/2022 1:8:39] /i desintegrate rune
[24/5/2022 1:9:31] /a 3
[24/5/2022 1:9:43] /a
[24/5/2022 1:19:46] /goto uhtred ragnarson
[24/5/2022 1:19:55] /a 2
[24/5/2022 1:33:10] /goto azinhow
[24/5/2022 1:33:20] /a 3
[24/5/2022 1:33:23] /a 5
[24/5/2022 1:59:2] /a 7
[24/5/2022 1:59:16] /i mana potion
[24/5/2022 1:59:18] /i mana potion
[24/5/2022 1:59:19] /i mana potion
[24/5/2022 2:7:43] /a 4
[24/5/2022 2:7:54] /a
[24/5/2022 2:45:10] /goto azinhow
[24/5/2022 2:47:1] /i wand vip
[24/5/2022 2:47:9] /i vip wand
[24/5/2022 2:48:39] /up
[24/5/2022 2:50:57] /a
[24/5/2022 23:14:5] /goto azinhow
[24/5/2022 23:14:11] /a
[24/5/2022 23:14:17] /owner Azinhow
[24/5/2022 23:14:23] /a
[24/5/2022 23:15:10] /i antiguera cap backpack
[24/5/2022 23:15:47] /a
[24/5/2022 23:15:56] /t
[24/5/2022 23:17:12] /i antiguera war broch
[24/5/2022 23:17:27] /i antiguera war brooch
[24/5/2022 23:17:38] /goto azinhow
[24/5/2022 23:18:51] /t
[24/5/2022 23:29:4] /goto ogum
[24/5/2022 23:29:24] /goto macumbeiro
[24/5/2022 23:30:22] /goto malbec
[24/5/2022 23:30:38] /goto respect mrk
[24/5/2022 23:30:46] /t
[24/5/2022 23:37:37] /goto braga
[24/5/2022 23:37:41] /t
