[18/5/2022 2:47:54] /citywar accept
[18/5/2022 2:48:1] /citywar accept
[18/5/2022 2:48:3] /citywar accept
[18/5/2022 2:48:4] /citywar accept
[18/5/2022 2:48:6] /citywar accept
[18/5/2022 2:48:7] /citywar accept
[18/5/2022 2:48:8] /citywar accept
[18/5/2022 2:48:19] !citywar accept
[18/5/2022 2:48:39] !citywar accept
[18/5/2022 2:48:47] !citywar accept, Dubomzera
[18/5/2022 2:49:39] !citywar go
[18/5/2022 3:1:29] !citywar go
[18/5/2022 3:45:19] !citywar exit
[18/5/2022 3:46:48] !citywar exit
[18/5/2022 3:46:51] !citywar exit
[18/5/2022 3:47:51] !citywar exit
[18/5/2022 3:47:53] !citywar exit
[19/5/2022 0:43:50] /citywar aceppt
[19/5/2022 0:43:56] /citywar aceppt
[19/5/2022 0:44:2] /citywar accept
[19/5/2022 0:44:20] /citywar accept, -NUBANK-
[19/5/2022 0:44:56] /citywar invite, -NUBANK-
[19/5/2022 0:48:3] /citywar end, Dubomzera
[19/5/2022 0:48:33] !citywar go
[19/5/2022 0:49:4] /citywar accept, -NUBANK-
[19/5/2022 0:49:29] /citywar invite, -NUBANK-
[19/5/2022 0:49:35] /citywar invite, -NUBANK-
[19/5/2022 0:49:40] /citywar invite, -NUBANK-, darashia
[19/5/2022 0:49:45] /citywar invite, -NUBANK-, darashia
[19/5/2022 0:49:56] /citywar invite, -NUBANK-, darashiab
[19/5/2022 0:50:44] /citywar invite, carlin, 50, disabled, disabled, disabled, 25, enabled, -NUBANK-
[19/5/2022 0:56:44] !citywar go
[19/5/2022 1:15:57] !citywar go
[19/5/2022 1:20:8] !citywar go
[19/5/2022 1:56:55] !citywar go
[21/5/2022 0:19:54] !citywar go
[21/5/2022 1:43:15] !citywar aceept
[21/5/2022 1:43:22] !citywar accept
[21/5/2022 1:43:24] !citywar accept
[21/5/2022 1:43:29] !citywar accept
[21/5/2022 1:43:44] !citywar accept
[21/5/2022 1:43:56] !citywar accept, -NUBANK-
[21/5/2022 1:43:58] !citywar accept, -NUBANK-
[21/5/2022 1:44:4] !citywar accept, -NUBANK-
[21/5/2022 2:10:54] /citywar invite, darashia, 50, disabled, disabled, disabled, 25, enabled, Dubomzera
[21/5/2022 2:11:27] /citywar invite, darashia, 50, disabled, disabled, disabled, 25, enabled, Dubomzera
[21/5/2022 2:12:14] /citywar invite, liberty bay, 50, disabled, disabled, disabled, 25, enabled, Dubomzera
[21/5/2022 2:13:59] !citywar go
[21/5/2022 2:18:2] !citywar go
[23/5/2022 0:58:59] !citywar go
[23/5/2022 1:3:37] !citywar go
[23/5/2022 1:6:34] !citywar go
[23/5/2022 1:48:24] /citywar accept, -NUBANK-
[23/5/2022 1:51:25] /citywar accept, -NUBANK-
[23/5/2022 1:52:8] !citywar go
[23/5/2022 2:9:45] !citywar go
[24/5/2022 1:2:41] !citywar go
[24/5/2022 1:8:10] /citywar go
