[18/5/2022 2:49:11] !citywar go
[18/5/2022 2:54:32] !citywar go
[18/5/2022 3:27:5] !citywar go
[19/5/2022 0:41:38] /citywar accept, -NUBANK-
[19/5/2022 0:41:48] !citywar accept, -NUBANK-
[19/5/2022 0:41:52] !citywar accept, -NUBANK-
[19/5/2022 0:41:55] !citywar accept, -NUBANK-
[19/5/2022 0:42:12] !citywar accept
[19/5/2022 0:42:15] !citywar accept
[19/5/2022 0:42:19] !citywar accept
[19/5/2022 0:42:44] !citywar accept, -NUBANK-
[19/5/2022 0:42:51] /citywar accept, -NUBANK-
[19/5/2022 0:45:8] !citywar go
[19/5/2022 0:46:7] /citywar cancel
[19/5/2022 0:47:12] !citywar cancel, Dubomzera
[19/5/2022 0:47:19] !citywar go
[19/5/2022 0:49:5] /citywar accept, -NUBANK-
[19/5/2022 0:49:9] /citywar accept, -NUBANK-
[19/5/2022 0:52:30] !citywar go
[19/5/2022 1:22:56] !citywar go
[19/5/2022 1:24:30] !citywar go
[19/5/2022 1:30:3] !citywar go
[19/5/2022 1:31:41] !citywar go
[19/5/2022 1:37:58] !citywar go
[19/5/2022 1:44:41] !citywar go
[19/5/2022 1:47:43] !citywar go
[20/5/2022 1:16:37] /citywar accept, -NUBANK-
[20/5/2022 1:18:49] !citywar go
[21/5/2022 0:13:47] /citywar invite, carlin, 50, disabled, disabled, disabled, 25, enabled, -NUBANK-
[21/5/2022 0:14:33] !citywar go
[21/5/2022 0:17:2] !citywar go
[21/5/2022 0:24:43] !citywar go
[21/5/2022 0:41:33] !citywar go
[21/5/2022 0:43:38] !citywar go
[21/5/2022 1:1:21] !citywar go
[21/5/2022 1:43:1] !citywar go
[21/5/2022 2:16:38] !citywar go
[21/5/2022 2:24:8] !citywar go
[21/5/2022 2:29:33] !citywar go
[21/5/2022 2:33:53] !citywar go
[21/5/2022 2:36:51] !citywar go
[21/5/2022 2:37:21] !citywar go
[21/5/2022 2:53:13] !citywar go
[21/5/2022 3:3:56] !citywar go
[21/5/2022 3:10:40] !citywar go
[21/5/2022 3:14:1] !citywar go
[23/5/2022 0:48:39] !citywar accept
[23/5/2022 0:48:44] !citywar accept
[23/5/2022 0:48:56] !citywar accept, -NUBANK-
[23/5/2022 0:49:41] !citywar go
[23/5/2022 1:26:48] !citywar go
[23/5/2022 1:53:1] !citywar go
[23/5/2022 2:0:16] !citywar go
[23/5/2022 2:0:40] !citywar go
[23/5/2022 2:5:29] !citywar go
[23/5/2022 2:9:6] !citywar go
[23/5/2022 2:36:10] !citywar go
[23/5/2022 2:48:0] !citywar go
[23/5/2022 2:48:3] !citywar go
[23/5/2022 2:48:4] !citywar go
[23/5/2022 2:48:5] !citywar go
[23/5/2022 2:48:5] !citywar go
[23/5/2022 2:48:6] !citywar go
[23/5/2022 2:48:9] !citywar go
[23/5/2022 2:48:12] !citywar go
[23/5/2022 2:48:53] !citywar go
[23/5/2022 2:49:6] !citywar go
[23/5/2022 2:51:20] !citywar go
[23/5/2022 2:51:37] !citywar go
[23/5/2022 2:51:46] !citywar go
[23/5/2022 2:51:56] !citywar go
[23/5/2022 2:51:58] !citywar go
[23/5/2022 2:52:1] !citywar go
[23/5/2022 2:52:6] !citywar go
[23/5/2022 2:52:8] !citywar go
[23/5/2022 2:52:12] !citywar go
[23/5/2022 2:52:15] !citywar go
[23/5/2022 2:52:16] !citywar go
[23/5/2022 2:52:19] !citywar go
[23/5/2022 17:20:33] !citywar accept
[23/5/2022 17:20:36] !citywar accept
[23/5/2022 17:20:49] !citywar accept
[23/5/2022 17:21:3] !citywar accept, -NUBANK-
[23/5/2022 17:21:13] !citywar go
[23/5/2022 17:22:46] !citywar go
[23/5/2022 17:25:39] !citywar go
[24/5/2022 0:10:4] /citywar accept, -NUBANK-
[24/5/2022 0:10:12] !citywar go
[24/5/2022 0:10:16] !citywar go
[24/5/2022 0:10:41] !citywar go
[24/5/2022 0:50:2] /citywar accept
[24/5/2022 0:50:16] /citywar accept, -NUBANK-
[24/5/2022 0:51:18] !citywar go
[24/5/2022 0:51:29] !citywar go
[24/5/2022 1:31:43] !citywar go
[24/5/2022 1:32:14] !citywar go
[24/5/2022 1:32:23] !citywar go
[24/5/2022 1:32:34] !citywar go
[24/5/2022 1:32:38] !citywar go
[24/5/2022 1:32:48] !citywar go
[24/5/2022 1:34:7] !citywar go
[24/5/2022 1:35:7] !citywar go
[24/5/2022 1:39:46] !citywar go
[24/5/2022 1:51:25] !citywar go
[24/5/2022 1:58:57] !citywar go
[24/5/2022 2:32:50] !citywar go
